#
# A fatal error has been detected by the Java Runtime Environment:
#
#  SIGSEGV (0xb) at pc=0xb6e13696, pid=3610, tid=833280832
#
# JRE version: 7.0_25-b30
# Java VM: OpenJDK Server VM (23.7-b01 mixed mode linux-x86 )
# Problematic frame:
# V  [libjvm.so+0x654696]  oopDesc* PSPromotionManager::copy_to_survivor_space<false>(oopDesc*)+0x36
#
# Failed to write core dump. Core dumps have been disabled. To enable core dumping, try "ulimit -c unlimited" before starting Java again
#
# If you would like to submit a bug report, please include
# instructions on how to reproduce the bug and visit:
#   https://bugs.launchpad.net/ubuntu/+source/openjdk-7/
#

---------------  T H R E A D  ---------------

Current thread (0xb6511c00):  GCTaskThread [stack: 0x31a2d000,0x31aae000] [id=3618]

siginfo:si_signo=SIGSEGV: si_errno=0, si_code=1 (SEGV_MAPERR), si_addr=0x0000000c

Registers:
EAX=0x00000000, EBX=0xb70f5000, ECX=0x00000041, EDX=0x00000000
ESP=0x31aad130, EBP=0x8b6f1cd0, ESI=0xa2335868, EDI=0xb65fb7d0
EIP=0xb6e13696, EFLAGS=0x00210293, CR2=0x0000000c

Top of Stack: (sp=0x31aad130)
0x31aad130:   321d6ef0 b65fb7d0 a2335850 b6e134d4
0x31aad140:   00000001 00000001 00000008 00cc20d3
0x31aad150:   00000000 00000000 a2334070 00001000
0x31aad160:   b7706000 b6512d00 b6512d28 b70f5000
0x31aad170:   a2335868 b65fb7d0 b7111424 b6e12e04
0x31aad180:   b65fb7d0 8b6f1cd0 00000000 b6cc20d3
0x31aad190:   b6512d28 b6512d28 00000000 b6511620
0x31aad1a0:   b7706000 b6511640 b6511628 b70f5000 

Instructions: (pc=0xb6e13696)
0xb6e13676:   44 8b 55 00 e8 5c 5e a4 ff 81 c3 81 19 2e 00 89
0xb6e13686:   d0 83 e0 03 83 f8 03 0f 84 5d 01 00 00 8b 45 04
0xb6e13696:   8b 48 0c 8d 70 08 83 f9 00 0f 8e eb 01 00 00 f6
0xb6e136a6:   c1 01 0f 85 e8 01 00 00 c1 f9 02 89 4c 24 18 f6 

Register to memory mapping:

EAX=0x00000000 is an unknown value
EBX=0xb70f5000: <offset 0x936000> in /usr/lib/jvm/java-7-openjdk-i386/jre/lib/i386/server/libjvm.so at 0xb67bf000
ECX=0x00000041 is an unknown value
EDX=0x00000000 is an unknown value
ESP=0x31aad130 is an unknown value
EBP=0x8b6f1cd0 is an unknown value
ESI=0xa2335868 is an unknown value
EDI=0xb65fb7d0 is an unknown value


Stack: [0x31a2d000,0x31aae000],  sp=0x31aad130,  free space=512k
Native frames: (J=compiled Java code, j=interpreted, Vv=VM code, C=native code)
V  [libjvm.so+0x654696]  oopDesc* PSPromotionManager::copy_to_survivor_space<false>(oopDesc*)+0x36


---------------  P R O C E S S  ---------------

Java Threads: ( => current thread )
  0x2be18400 JavaThread "pool-2-thread-5" [_thread_blocked, id=3646, stack(0x2a66b000,0x2a6bc000)]
  0x2ae47800 JavaThread "pool-2-thread-4" [_thread_blocked, id=3645, stack(0x2a7af000,0x2a800000)]
  0x2ae44800 JavaThread "pool-2-thread-3" [_thread_blocked, id=3644, stack(0x2a75e000,0x2a7af000)]
  0x2ae44000 JavaThread "pool-2-thread-2" [_thread_blocked, id=3643, stack(0x2a6bc000,0x2a70d000)]
  0x2b1fa000 JavaThread "pool-2-thread-1" [_thread_blocked, id=3642, stack(0x2a70d000,0x2a75e000)]
  0x2b2c8c00 JavaThread "process reaper" daemon [_thread_blocked, id=3631, stack(0x2b859000,0x2b86a000)]
  0x2bf03c00 JavaThread "Service Thread" daemon [_thread_blocked, id=3627, stack(0x2b97b000,0x2b9cc000)]
  0x2bf02000 JavaThread "C2 CompilerThread1" daemon [_thread_blocked, id=3626, stack(0x2b9cc000,0x2ba4d000)]
  0x2bf00400 JavaThread "C2 CompilerThread0" daemon [_thread_blocked, id=3625, stack(0x2ba4d000,0x2bace000)]
  0x2c2fd400 JavaThread "Signal Dispatcher" daemon [_thread_blocked, id=3624, stack(0x3152e000,0x3157f000)]
  0x2c2b8c00 JavaThread "Finalizer" daemon [_thread_blocked, id=3623, stack(0x3182e000,0x3187f000)]
  0x2c2b7000 JavaThread "Reference Handler" daemon [_thread_blocked, id=3622, stack(0x2c12e000,0x2c17f000)]
  0xb6506800 JavaThread "main" [_thread_blocked, id=3616, stack(0xb663b000,0xb668c000)]

Other Threads:
  0x2c2b0800 VMThread [stack: 0x2c17f000,0x2c200000] [id=3621]
  0x2bf05c00 WatcherThread [stack: 0x2b8fa000,0x2b97b000] [id=3628]

=>0xb6511c00 (exited) GCTaskThread [stack: 0x31a2d000,0x31aae000] [id=3618]

VM state:at safepoint (normal execution)

VM Mutex/Monitor currently owned by a thread:  ([mutex/lock_event])
[0xb6503f18] Threads_lock - owner thread: 0x2c2b0800
[0xb6504328] Heap_lock - owner thread: 0x2b1fa000

Heap
 PSYoungGen      total 458752K, used 393216K [0x8a1b0000, 0xaa1b0000, 0xaa1b0000)
  eden space 393216K, 100% used [0x8a1b0000,0xa21b0000,0xa21b0000)
  from space 65536K, 0% used [0xa61b0000,0xa61b0000,0xaa1b0000)
  to   space 65536K, 4% used [0xa21b0000,0xa24d0890,0xa61b0000)
 ParOldGen       total 1048576K, used 8K [0x4a1b0000, 0x8a1b0000, 0x8a1b0000)
  object space 1048576K, 0% used [0x4a1b0000,0x4a1b2000,0x8a1b0000)
 PSPermGen       total 24960K, used 24887K [0x321b0000, 0x33a10000, 0x4a1b0000)
  object space 24960K, 99% used [0x321b0000,0x339fdc80,0x33a10000)

Card table byte_map: [0x31def000,0x321b0000] byte_map_base: 0x31c5e280

Polling page: 0xb770e000

Code Cache  [0xaa4b0000, 0xaa6f0000, 0xb64b0000)
 total_blobs=1002 nmethods=848 adapters=105 free_code_cache=195305Kb largest_free_block=199957376

Compilation events (10 events):
Event: 26.010 Thread 0x2bf02000  890             scala.collection.immutable.VectorBuilder::$plus$eq (6 bytes)
Event: 26.010 Thread 0x2bf00400  891             java.nio.Buffer::limit (62 bytes)
Event: 26.012 Thread 0x2bf00400 nmethod 891 0xaa5eb408 code [0xaa5eb500, 0xaa5eb570]
Event: 26.013 Thread 0x2bf00400  892             java.nio.Buffer::<init> (121 bytes)
Event: 26.017 Thread 0x2bf02000 nmethod 890 0xaa5e9948 code [0xaa5e9a40, 0xaa5e9b5c]
Event: 26.017 Thread 0x2bf00400 nmethod 892 0xaa5f2608 code [0xaa5f2700, 0xaa5f27f0]
Event: 26.030 Thread 0x2bf02000  893             java.nio.Buffer::hasRemaining (17 bytes)
Event: 26.031 Thread 0x2bf02000 nmethod 893 0xaa5e9748 code [0xaa5e9820, 0xaa5e9870]
Event: 26.035 Thread 0x2bf02000  895             scala.collection.mutable.HashTable$$anon$1::next (27 bytes)
Event: 26.035 Thread 0x2bf00400  894             scala.collection.mutable.HashTable$$anon$1::next (5 bytes)

GC Heap History (1 events):
Event: 26.038 GC heap before
{Heap before GC invocations=1 (full 0):
 PSYoungGen      total 458752K, used 393216K [0x8a1b0000, 0xaa1b0000, 0xaa1b0000)
  eden space 393216K, 100% used [0x8a1b0000,0xa21b0000,0xa21b0000)
  from space 65536K, 0% used [0xa61b0000,0xa61b0000,0xaa1b0000)
  to   space 65536K, 0% used [0xa21b0000,0xa21b0000,0xa61b0000)
 ParOldGen       total 1048576K, used 0K [0x4a1b0000, 0x8a1b0000, 0x8a1b0000)
  object space 1048576K, 0% used [0x4a1b0000,0x4a1b0000,0x8a1b0000)
 PSPermGen       total 24960K, used 24887K [0x321b0000, 0x33a10000, 0x4a1b0000)
  object space 24960K, 99% used [0x321b0000,0x339fdc80,0x33a10000)

Deoptimization events (10 events):
Event: 25.180 Thread 0x2b1fa000 Uncommon trap -34 fr.pc 0xaa5be1ec
Event: 25.301 Thread 0x2b1fa000 Uncommon trap -58 fr.pc 0xaa5eb168
Event: 25.302 Thread 0x2b1fa000 Uncommon trap -58 fr.pc 0xaa5eb168
Event: 25.302 Thread 0x2b1fa000 Uncommon trap -58 fr.pc 0xaa5eb168
Event: 25.302 Thread 0x2b1fa000 Uncommon trap -58 fr.pc 0xaa5eb168
Event: 25.339 Thread 0x2b1fa000 Uncommon trap -34 fr.pc 0xaa5be1ec
Event: 25.401 Thread 0x2b1fa000 Uncommon trap -34 fr.pc 0xaa5be1ec
Event: 25.865 Thread 0x2b1fa000 Uncommon trap -34 fr.pc 0xaa5bdd0c
Event: 25.993 Thread 0x2b1fa000 Uncommon trap -83 fr.pc 0xaa5f5ca4
Event: 26.001 Thread 0x2b1fa000 Uncommon trap -83 fr.pc 0xaa572fcc

Internal exceptions (10 events):
Event: 25.763 Thread 0x2b1fa000 Threw 0xa20a7d30 at /build/buildd/openjdk-7-7u25-2.3.10/build/openjdk/hotspot/src/share/vm/prims/jvm.cpp:1235
Event: 25.765 Thread 0x2b1fa000 Threw 0xa20ac0d0 at /build/buildd/openjdk-7-7u25-2.3.10/build/openjdk/hotspot/src/share/vm/prims/jvm.cpp:1235
Event: 25.875 Thread 0x2b1fa000 Threw 0xa20f6550 at /build/buildd/openjdk-7-7u25-2.3.10/build/openjdk/hotspot/src/share/vm/prims/jvm.cpp:1235
Event: 25.896 Thread 0x2b1fa000 Threw 0xa2102520 at /build/buildd/openjdk-7-7u25-2.3.10/build/openjdk/hotspot/src/share/vm/prims/jvm.cpp:1235
Event: 25.993 Thread 0x2b1fa000 Threw 0xa216b608 at /build/buildd/openjdk-7-7u25-2.3.10/build/openjdk/hotspot/src/share/vm/prims/jvm.cpp:1235
Event: 25.995 Thread 0x2b1fa000 Threw 0xa216f060 at /build/buildd/openjdk-7-7u25-2.3.10/build/openjdk/hotspot/src/share/vm/prims/jvm.cpp:1235
Event: 25.999 Thread 0x2b1fa000 Threw 0xa21741b0 at /build/buildd/openjdk-7-7u25-2.3.10/build/openjdk/hotspot/src/share/vm/prims/jvm.cpp:1235
Event: 26.000 Thread 0x2b1fa000 Threw 0xa2177bc8 at /build/buildd/openjdk-7-7u25-2.3.10/build/openjdk/hotspot/src/share/vm/prims/jvm.cpp:1235
Event: 26.002 Thread 0x2b1fa000 Threw 0xa217b860 at /build/buildd/openjdk-7-7u25-2.3.10/build/openjdk/hotspot/src/share/vm/prims/jvm.cpp:1235
Event: 26.004 Thread 0x2b1fa000 Threw 0xa217fff8 at /build/buildd/openjdk-7-7u25-2.3.10/build/openjdk/hotspot/src/share/vm/prims/jvm.cpp:1235

Events (10 events):
Event: 25.401 Thread 0x2b1fa000 DEOPT PACKING pc=0xaa5be1ec sp=0x2a758aa0
Event: 25.401 Thread 0x2b1fa000 DEOPT UNPACKING pc=0xaa4ddefc sp=0x2a758a44 mode 2
Event: 25.865 Thread 0x2b1fa000 DEOPT PACKING pc=0xaa5bdd0c sp=0x2a758a50
Event: 25.865 Thread 0x2b1fa000 DEOPT UNPACKING pc=0xaa4ddefc sp=0x2a758a2c mode 2
Event: 25.931 Thread 0x2bf02000 flushing nmethod 0xaa561288
Event: 25.993 Thread 0x2b1fa000 DEOPT PACKING pc=0xaa5f5ca4 sp=0x2a758c80
Event: 25.993 Thread 0x2b1fa000 DEOPT UNPACKING pc=0xaa4ddefc sp=0x2a758c14 mode 2
Event: 26.001 Thread 0x2b1fa000 DEOPT PACKING pc=0xaa572fcc sp=0x2a758890
Event: 26.001 Thread 0x2b1fa000 DEOPT UNPACKING pc=0xaa4ddefc sp=0x2a758878 mode 2
Event: 26.037 Executing VM operation: ParallelGCFailedAllocation


Dynamic libraries:
08048000-08049000 r-xp 00000000 08:03 1340733    /usr/lib/jvm/java-7-openjdk-i386/jre/bin/java
08049000-0804a000 r--p 00000000 08:03 1340733    /usr/lib/jvm/java-7-openjdk-i386/jre/bin/java
0804a000-0804b000 rw-p 00001000 08:03 1340733    /usr/lib/jvm/java-7-openjdk-i386/jre/bin/java
08306000-08396000 rw-p 00000000 00:00 0          [heap]
29ab6000-29c00000 rw-p 00000000 00:00 0 
29c00000-29cfd000 rw-p 00000000 00:00 0 
29cfd000-29d00000 ---p 00000000 00:00 0 
29d00000-29d9e000 rw-p 00000000 00:00 0 
29d9e000-29e00000 ---p 00000000 00:00 0 
29e00000-29eff000 rw-p 00000000 00:00 0 
29eff000-29f00000 ---p 00000000 00:00 0 
29f00000-2a000000 rw-p 00000000 00:00 0 
2a000000-2a0f5000 rw-p 00000000 00:00 0 
2a0f5000-2a100000 ---p 00000000 00:00 0 
2a13c000-2a1d7000 rw-p 00000000 00:00 0 
2a1d7000-2a1db000 r--s 0002a000 08:03 785606     /home/allen/.ivy2/cache/org.scala-sbt/precompiled-2_10_0/jars/compiler-interface-bin-0.12.2.jar
2a1db000-2a1df000 r--s 00027000 08:03 785602     /home/allen/.ivy2/cache/org.scala-sbt/precompiled-2_8_2/jars/compiler-interface-bin-0.12.2.jar
2a1df000-2a1e3000 r--s 00028000 08:03 785600     /home/allen/.ivy2/cache/org.scala-sbt/compiler-interface/jars/compiler-interface-bin-0.12.2.jar
2a1e3000-2a1e4000 r--s 00005000 08:03 785598     /home/allen/.ivy2/cache/org.scala-sbt/compiler-interface/jars/compiler-interface-src-0.12.2.jar
2a1e4000-2a1e8000 r--s 0002e000 08:03 785616     /home/allen/.ivy2/cache/org.scala-sbt/command/jars/command-0.12.2.jar
2a1e8000-2a1ea000 r--s 00000000 08:03 666845     /home/allen/.ivy2/cache/org.scala-tools.testing/test-interface/jars/test-interface-0.5.jar
2a1ea000-2a1eb000 r--s 00002000 08:03 785648     /home/allen/.ivy2/cache/org.scala-sbt/test-agent/jars/test-agent-0.12.2.jar
2a1eb000-2a1ed000 r--s 00013000 08:03 785632     /home/allen/.ivy2/cache/org.scala-sbt/testing/jars/testing-0.12.2.jar
2a1ed000-2a1f0000 r--s 00019000 08:03 785646     /home/allen/.ivy2/cache/org.scala-sbt/cache/jars/cache-0.12.2.jar
2a1f0000-2a1f2000 r--s 00009000 08:03 785630     /home/allen/.ivy2/cache/org.scala-sbt/tracking/jars/tracking-0.12.2.jar
2a1f2000-2a1f5000 r--s 0001b000 08:03 785628     /home/allen/.ivy2/cache/org.scala-sbt/tasks/jars/tasks-0.12.2.jar
2a1f5000-2a1f8000 r--s 0001c000 08:03 785626     /home/allen/.ivy2/cache/org.scala-sbt/task-system/jars/task-system-0.12.2.jar
2a1f8000-2a1fb000 r--s 00014000 08:03 785614     /home/allen/.ivy2/cache/org.scala-sbt/run/jars/run-0.12.2.jar
2a1fb000-2a201000 r--s 00045000 08:03 666835     /home/allen/.ivy2/cache/commons-httpclient/commons-httpclient/jars/commons-httpclient-3.1.jar
2a201000-2a205000 r--s 00034000 08:03 663182     /home/allen/.ivy2/cache/com.jcraft/jsch/jars/jsch-0.1.46.jar
2a205000-2a21a000 r--s 00114000 08:03 662357     /home/allen/.ivy2/cache/org.apache.ivy/ivy/jars/ivy-2.3.0-rc1.jar
2a21a000-2a225000 r--s 00090000 08:03 785608     /home/allen/.ivy2/cache/org.scala-sbt/ivy/jars/ivy-0.12.2.jar
2a225000-2a227000 r--s 00001000 08:03 785624     /home/allen/.ivy2/cache/org.scala-sbt/compiler-ivy-integration/jars/compiler-ivy-integration-0.12.2.jar
2a227000-2a22a000 r--s 00011000 08:03 785644     /home/allen/.ivy2/cache/org.scala-sbt/classfile/jars/classfile-0.12.2.jar
2a22a000-2a22d000 r--s 00022000 08:03 666829     /home/allen/.ivy2/cache/org.scala-tools.sbinary/sbinary_2.9.0/jars/sbinary_2.9.0-0.4.0.jar
2a22d000-2a231000 r--s 0001c000 08:03 785642     /home/allen/.ivy2/cache/org.scala-sbt/persist/jars/persist-0.12.2.jar
2a231000-2a234000 r--s 0001e000 08:03 785640     /home/allen/.ivy2/cache/org.scala-sbt/compile/jars/compile-0.12.2.jar
2a234000-2a237000 r--s 0001a000 08:03 785612     /home/allen/.ivy2/cache/org.scala-sbt/process/jars/process-0.12.2.jar
2a237000-2a23a000 r--s 00017000 08:03 785610     /home/allen/.ivy2/cache/org.scala-sbt/logging/jars/logging-0.12.2.jar
2a23a000-2a23e000 r--s 00029000 08:03 785638     /home/allen/.ivy2/cache/org.scala-sbt/incremental-compiler/jars/incremental-compiler-0.12.2.jar
2a23e000-2a240000 r--s 0000a000 08:03 785622     /home/allen/.ivy2/cache/org.scala-sbt/compiler-integration/jars/compiler-integration-0.12.2.jar
2a240000-2a248000 r--s 0004d000 08:03 785620     /home/allen/.ivy2/cache/org.scala-sbt/api/jars/api-0.12.2.jar
2a248000-2a24a000 r--s 00015000 08:03 662356     /home/allen/.ivy2/cache/jline/jline/jars/jline-1.0.jar
2a24a000-2a250000 r--s 00044000 08:03 785636     /home/allen/.ivy2/cache/org.scala-sbt/collections/jars/collections-0.12.2.jar
2a250000-2a257000 r--s 0004f000 08:03 785618     /home/allen/.ivy2/cache/org.scala-sbt/completion/jars/completion-0.12.2.jar
2a257000-2a259000 r--s 00002000 08:03 785634     /home/allen/.ivy2/cache/org.scala-sbt/control/jars/control-0.12.2.jar
2a259000-2a25f000 r--s 0003b000 08:03 661707     /home/allen/.ivy2/cache/org.scala-sbt/io/jars/io-0.12.2.jar
2a25f000-2a262000 r--s 00008000 08:03 661687     /home/allen/.ivy2/cache/org.scala-sbt/interface/jars/interface-0.12.2.jar
2a262000-2a264000 r--s 00001000 08:03 524716     /home/allen/.ivy2/cache/org.scala-sbt/launcher-interface/jars/launcher-interface-0.12.2.jar
2a264000-2a266000 r--s 00013000 08:03 525470     /home/allen/.ivy2/cache/org.scala-sbt/classpath/jars/classpath-0.12.2.jar
2a266000-2a26b000 r--s 00041000 08:03 408888     /home/allen/.ivy2/cache/org.scala-sbt/actions/jars/actions-0.12.2.jar
2a26b000-2a28e000 r--s 001cc000 08:03 408886     /home/allen/.ivy2/cache/org.scala-sbt/main/jars/main-0.12.2.jar
2a28e000-2a28f000 r--s 00004000 08:03 261645     /home/allen/.ivy2/cache/org.scala-sbt/sbt/jars/sbt-0.12.2.jar
2a28f000-2a292000 r--s 00024000 08:03 786259     /home/allen/.ivy2/cache/commons-io/commons-io/jars/commons-io-2.0.1.jar
2a292000-2a29a000 r--s 00046000 08:03 786686     /home/allen/.ivy2/cache/scala_2.9.2/sbt_0.12/com.typesafe.sbtidea/sbt-idea/jars/sbt-idea-1.1.1.jar
2a29a000-2a300000 r--s 003df000 08:03 787158     /home/allen/.ivy2/cache/org.scalaz/scalaz-core_2.9.2/jars/scalaz-core_2.9.2-6.0.4.jar
2a300000-2a3fd000 rw-p 00000000 00:00 0 
2a3fd000-2a400000 ---p 00000000 00:00 0 
2a400000-2a4f9000 rw-p 00000000 00:00 0 
2a4f9000-2a500000 ---p 00000000 00:00 0 
2a500000-2a5f9000 rw-p 00000000 00:00 0 
2a5f9000-2a600000 ---p 00000000 00:00 0 
2a611000-2a617000 r--s 00039000 08:03 786795     /home/allen/.ivy2/cache/scala_2.9.2/sbt_0.12/com.typesafe.sbteclipse/sbteclipse-core/jars/sbteclipse-core-2.1.1.jar
2a617000-2a618000 r--s 00001000 08:03 786682     /home/allen/.ivy2/cache/scala_2.9.2/sbt_0.12/com.typesafe.sbteclipse/sbteclipse-plugin/jars/sbteclipse-plugin-2.1.1.jar
2a618000-2a61b000 r--s 0009f000 08:03 786680     /home/allen/.ivy2/cache/net.contentobjects.jnotify/jnotify/jars/jnotify-0.94.jar
2a61b000-2a61c000 r--s 00004000 08:03 786794     /home/allen/.ivy2/cache/asm/asm-analysis/jars/asm-analysis-3.3.1.jar
2a61c000-2a61e000 r--s 00004000 08:03 662189     /home/allen/.ivy2/cache/asm/asm-tree/jars/asm-tree-3.3.1.jar
2a61e000-2a620000 r--s 00008000 08:03 545562     /home/allen/.ivy2/cache/asm/asm-util/jars/asm-util-3.3.1.jar
2a620000-2a621000 r--s 0000a000 08:03 786792     /home/allen/.ivy2/cache/asm/asm/jars/asm-3.3.1.jar
2a621000-2a623000 r--s 00013000 08:03 786789     /home/allen/.ivy2/cache/org.parboiled/parboiled-java/jars/parboiled-java-1.0.2.jar
2a623000-2a628000 r--s 0002f000 08:03 786787     /home/allen/.ivy2/cache/org.parboiled/parboiled-core/jars/parboiled-core-1.0.2.jar
2a628000-2a62a000 r--s 0000d000 08:03 786670     /home/allen/.ivy2/cache/org.pegdown/pegdown/jars/pegdown-1.1.0.jar
2a62a000-2a634000 r--s 0012f000 08:03 786666     /home/allen/.ivy2/cache/com.h2database/h2/jars/h2-1.3.168.jar
2a634000-2a64d000 r--s 0014c000 08:03 786783     /home/allen/.ivy2/cache/org.avaje.ebeanorm/avaje-ebeanorm-server/jars/avaje-ebeanorm-server-3.1.2.jar
2a64d000-2a66b000 r--s 00151000 08:03 786658     /home/allen/.ivy2/cache/com.google.guava/guava/jars/guava-10.0.1.jar
2a66b000-2a66e000 ---p 00000000 00:00 0 
2a66e000-2a6bc000 rw-p 00000000 00:00 0          [stack:3646]
2a6bc000-2a6bf000 ---p 00000000 00:00 0 
2a6bf000-2a70d000 rw-p 00000000 00:00 0          [stack:3643]
2a70d000-2a710000 ---p 00000000 00:00 0 
2a710000-2a75e000 rw-p 00000000 00:00 0          [stack:3642]
2a75e000-2a761000 ---p 00000000 00:00 0 
2a761000-2a7af000 rw-p 00000000 00:00 0          [stack:3644]
2a7af000-2a7b2000 ---p 00000000 00:00 0 
2a7b2000-2a800000 rw-p 00000000 00:00 0          [stack:3645]
2a800000-2a8d9000 rw-p 00000000 00:00 0 
2a8d9000-2a900000 ---p 00000000 00:00 0 
2a900000-2a955000 rw-p 00000000 00:00 0 
2a955000-2aa00000 ---p 00000000 00:00 0 
2aa00000-2aafe000 rw-p 00000000 00:00 0 
2aafe000-2ab00000 ---p 00000000 00:00 0 
2ab00000-2abfa000 rw-p 00000000 00:00 0 
2abfa000-2ac00000 ---p 00000000 00:00 0 
2ac00000-2accb000 rw-p 00000000 00:00 0 
2accb000-2ad00000 ---p 00000000 00:00 0 
2ad03000-2ad06000 r--s 0002a000 08:03 786785     /home/allen/.ivy2/cache/org.avaje.ebeanorm/avaje-ebeanorm-agent/jars/avaje-ebeanorm-agent-3.2.1.jar
2ad06000-2ad0e000 r--s 0003f000 08:03 786781     /home/allen/.ivy2/cache/org.avaje.ebeanorm/avaje-ebeanorm-api/jars/avaje-ebeanorm-api-3.1.1.jar
2ad0e000-2ad3f000 r--s 0030d000 08:03 786656     /home/allen/.ivy2/cache/com.google.javascript/closure-compiler/jars/closure-compiler-rr2079.1.jar
2ad3f000-2ad48000 r--s 000cc000 08:03 786412     /home/allen/.ivy2/cache/rhino/js/jars/js-1.7R2.jar
2ad48000-2ad4c000 r--s 0002a000 08:03 786652     /home/allen/.ivy2/cache/com.typesafe/config/bundles/config-1.0.0.jar
2ad4c000-2ad62000 r--s 00132000 08:03 786779     /home/allen/.ivy2/cache/com.github.scala-incubator.io/scala-io-core_2.9.1/jars/scala-io-core_2.9.1-0.4.0-seq.jar
2ad62000-2ad69000 r--s 00058000 08:03 786710     /home/allen/.ivy2/cache/com.github.scala-incubator.io/scala-io-file_2.9.1/jars/scala-io-file_2.9.1-0.4.0-seq.jar
2ad69000-2ad83000 r--s 0015d000 08:03 786708     /home/allen/.ivy2/cache/org.eclipse.jgit/org.eclipse.jgit/jars/org.eclipse.jgit-1.3.0.201202151440-r.jar
2ad83000-2ad85000 r--s 00002000 08:03 786773     /home/allen/.ivy2/cache/net.databinder/dispatch-futures_2.9.1/jars/dispatch-futures_2.9.1-0.8.6.jar
2ad85000-2ad87000 r--s 0000d000 08:03 662183     /home/allen/.ivy2/cache/commons-codec/commons-codec/jars/commons-codec-1.4.jar
2ad87000-2ad89000 r--s 0000d000 08:03 662181     /home/allen/.ivy2/cache/commons-logging/commons-logging/jars/commons-logging-1.1.1.jar
2ad89000-2ad8e000 r--s 00028000 08:03 786777     /home/allen/.ivy2/cache/org.apache.httpcomponents/httpcore/jars/httpcore-4.1.2.jar
2ad8e000-2ad96000 r--s 0004e000 08:03 786775     /home/allen/.ivy2/cache/org.apache.httpcomponents/httpclient/jars/httpclient-4.1.2.jar
2ad96000-2ad9a000 r--s 0001a000 08:03 786771     /home/allen/.ivy2/cache/net.databinder/dispatch-core_2.9.1/jars/dispatch-core_2.9.1-0.8.6.jar
2ad9a000-2ad9b000 r--s 00007000 08:03 786769     /home/allen/.ivy2/cache/net.databinder/dispatch-http_2.9.1/jars/dispatch-http_2.9.1-0.8.6.jar
2ad9b000-2ad9d000 r--s 0000e000 08:03 786713     /home/allen/.ivy2/cache/me.lessis/ls_2.9.1/jars/ls_2.9.1-0.1.2-RC2.jar
2ad9d000-2ada2000 r--s 00068000 08:03 786751     /home/allen/.ivy2/cache/antlr/antlr/jars/antlr-2.7.7.jar
2ada2000-2ada5000 r--s 00022000 08:03 786729     /home/allen/.ivy2/cache/org.antlr/stringtemplate/jars/stringtemplate-3.2.1.jar
2ada5000-2ada7000 r--s 00005000 08:03 786742     /home/allen/.ivy2/cache/org.slf4j/slf4j-api/jars/slf4j-api-1.6.2.jar
2ada7000-2ada8000 r--s 00001000 08:03 786741     /home/allen/.ivy2/cache/org.clapper/grizzled-slf4j_2.9.1/jars/grizzled-slf4j_2.9.1-0.6.5.jar
2ada8000-2adaa000 r--s 00008000 08:03 786739     /home/allen/.ivy2/cache/asm/asm-commons/jars/asm-commons-3.3.jar
2adaa000-2adad000 r--s 00016000 08:03 786727     /home/allen/.ivy2/cache/org.clapper/classutil_2.9.1/jars/classutil_2.9.1-0.4.2.jar
2adad000-2adb6000 r--s 00065000 08:03 786717     /home/allen/.ivy2/cache/org.clapper/grizzled-scala_2.9.1/jars/grizzled-scala_2.9.1-1.0.8.jar
2adb6000-2adb7000 r--s 00004000 08:03 786705     /home/allen/.ivy2/cache/org.clapper/scalasti_2.9.1/jars/scalasti_2.9.1-0.5.5.jar
2adb7000-2adb9000 r--s 00013000 08:03 786703     /home/allen/.ivy2/cache/net.databinder.giter8/giter8-lib_2.9.1/jars/giter8-lib_2.9.1-0.5.0.jar
2adb9000-2adc3000 r--s 00047000 08:03 409123     /home/allen/.ivy2/cache/play/templates-compiler_2.9.2/jars/templates-compiler_2.9.2-2.1.2.jar
2adc3000-2ade0000 r--s 001a5000 08:03 786698     /home/allen/.ivy2/cache/com.typesafe.akka/akka-actor/jars/akka-actor-2.0.1.jar
2ade0000-2ade2000 r--s 0000f000 08:03 786690     /home/allen/.ivy2/cache/com.github.jsuereth.scala-arm/scala-arm_2.9.1/jars/scala-arm_2.9.1-1.1.jar
2ade2000-2adf9000 r--s 00146000 08:03 662180     /home/allen/.ivy2/cache/com.github.scala-incubator.io/scala-io-core_2.9.2/jars/scala-io-core_2.9.2-0.4.1.jar
2adf9000-2ae00000 r--s 00059000 08:03 545560     /home/allen/.ivy2/cache/com.github.scala-incubator.io/scala-io-file_2.9.2/jars/scala-io-file_2.9.2-0.4.1.jar
2ae00000-2af00000 rw-p 00000000 00:00 0 
2af00000-2afec000 rw-p 00000000 00:00 0 
2afec000-2b000000 ---p 00000000 00:00 0 
2b000000-2b0ff000 rw-p 00000000 00:00 0 
2b0ff000-2b100000 ---p 00000000 00:00 0 
2b100000-2b1fe000 rw-p 00000000 00:00 0 
2b1fe000-2b200000 ---p 00000000 00:00 0 
2b200000-2b300000 rw-p 00000000 00:00 0 
2b300000-2b301000 rw-p 00000000 00:00 0 
2b301000-2b303000 r--s 00005000 08:03 786700     /home/allen/.ivy2/cache/net.databinder.giter8/giter8_2.9.1/jars/giter8_2.9.1-0.5.0.jar
2b303000-2b305000 r--s 0000a000 08:03 545557     /home/allen/.ivy2/cache/play/console_2.9.2/jars/console_2.9.2-2.1.2.jar
2b305000-2b311000 r--s 0005d000 08:03 409121     /home/allen/.ivy2/cache/play/routes-compiler_2.9.2/jars/routes-compiler_2.9.2-2.1.2.jar
2b311000-2b313000 r--s 00000000 08:03 286466     /home/allen/.ivy2/cache/play/play-exceptions/jars/play-exceptions-2.1.2.jar
2b313000-2b31c000 r--s 00098000 08:03 662176     /home/allen/.ivy2/cache/org.javassist/javassist/jars/javassist-3.16.1-GA.jar
2b31c000-2b31e000 r--s 00001000 08:03 286462     /home/allen/.ivy2/cache/play/sbt-link/jars/sbt-link-2.1.2.jar
2b31e000-2b32d000 r--s 000c7000 08:03 786648     /home/allen/.ivy2/cache/scala_2.9.2/sbt_0.12/play/sbt-plugin/jars/sbt-plugin-2.1.2.jar
2b32d000-2b32f000 r--s 00006000 08:03 1700729    /usr/share/java/java-atk-wrapper.jar
2b32f000-2b332000 r--s 00032000 08:03 1314661    /usr/lib/jvm/java-7-openjdk-common/jre/lib/ext/sunjce_provider.jar
2b332000-2b336000 r--s 00085000 08:03 1314583    /usr/lib/jvm/java-7-openjdk-common/jre/lib/ext/localedata.jar
2b336000-2b338000 r--s 00012000 08:03 1314643    /usr/lib/jvm/java-7-openjdk-common/jre/lib/ext/zipfs.jar
2b338000-2b33b000 r--s 0003c000 08:03 1314663    /usr/lib/jvm/java-7-openjdk-common/jre/lib/ext/sunpkcs11.jar
2b33b000-2b33e000 r--s 0000f000 08:03 1311855    /usr/lib/jvm/java-7-openjdk-common/jre/lib/ext/pulse-java.jar
2b33e000-2b34b000 r--s 00107000 08:03 1314670    /usr/lib/jvm/java-7-openjdk-common/jre/lib/rhino.jar
2b34b000-2b356000 r--s 001fb000 08:03 1314669    /usr/lib/jvm/java-7-openjdk-common/jre/lib/charsets.jar
2b356000-2b35b000 r--s 0004c000 08:03 1310129    /usr/lib/jvm/java-7-openjdk-common/jre/lib/jsse.jar
2b35b000-2b360000 r--s 0004c000 08:03 1310129    /usr/lib/jvm/java-7-openjdk-common/jre/lib/jsse.jar
2b360000-2b427000 r--s 00a25000 08:03 787123     /home/allen/.sbt/boot/scala-2.9.2/lib/scala-compiler.jar
2b427000-2b4a5000 r--s 007f5000 08:03 787121     /home/allen/.sbt/boot/scala-2.9.2/lib/scala-library.jar
2b4a5000-2b59f000 r-xp 00000000 08:03 272352     /lib/i386-linux-gnu/libglib-2.0.so.0.3400.1
2b59f000-2b5a0000 r--p 000f9000 08:03 272352     /lib/i386-linux-gnu/libglib-2.0.so.0.3400.1
2b5a0000-2b5a1000 rw-p 000fa000 08:03 272352     /lib/i386-linux-gnu/libglib-2.0.so.0.3400.1
2b5a1000-2b6fc000 r-xp 00000000 08:03 1308524    /usr/lib/i386-linux-gnu/libgio-2.0.so.0.3400.1
2b6fc000-2b6fe000 r--p 0015b000 08:03 1308524    /usr/lib/i386-linux-gnu/libgio-2.0.so.0.3400.1
2b6fe000-2b6ff000 rw-p 0015d000 08:03 1308524    /usr/lib/i386-linux-gnu/libgio-2.0.so.0.3400.1
2b6ff000-2b700000 rw-p 00000000 00:00 0 
2b700000-2b7fa000 rw-p 00000000 00:00 0 
2b7fa000-2b800000 ---p 00000000 00:00 0 
2b800000-2b801000 r--s 00000000 08:03 786662     /home/allen/.ivy2/cache/org.avaje.ebeanorm/avaje-ebeanorm/jars/avaje-ebeanorm-3.1.2.jar
2b801000-2b803000 r--s 00015000 08:03 1314671    /usr/lib/jvm/java-7-openjdk-common/jre/lib/jce.jar
2b803000-2b80c000 r--s 000bc000 08:03 1314681    /usr/lib/jvm/java-7-openjdk-common/jre/lib/resources.jar
2b80c000-2b810000 r--s 00028000 08:03 785695     /home/allen/.sbt/boot/scala-2.9.2/org.scala-sbt/sbt/0.12.2/compiler-interface-bin_2.9.2/compiler-interface-bin-0.12.2.jar
2b810000-2b813000 r--s 00008000 08:03 785673     /home/allen/.sbt/boot/scala-2.9.2/org.scala-sbt/sbt/0.12.2/xsbti/interface-0.12.2.jar
2b813000-2b81a000 r--s 0004f000 08:03 785705     /home/allen/.sbt/boot/scala-2.9.2/org.scala-sbt/sbt/0.12.2/completion-0.12.2.jar
2b81a000-2b81c000 r--s 00013000 08:03 785685     /home/allen/.sbt/boot/scala-2.9.2/org.scala-sbt/sbt/0.12.2/testing-0.12.2.jar
2b81c000-2b81e000 r--s 0000a000 08:03 785658     /home/allen/.sbt/boot/scala-2.9.2/org.scala-sbt/sbt/0.12.2/compiler-integration-0.12.2.jar
2b81e000-2b820000 r--s 00002000 08:03 785725     /home/allen/.sbt/boot/scala-2.9.2/org.scala-sbt/sbt/0.12.2/control-0.12.2.jar
2b820000-2b835000 r--s 00114000 08:03 785661     /home/allen/.sbt/boot/scala-2.9.2/org.scala-sbt/sbt/0.12.2/ivy-2.3.0-rc1.jar
2b835000-2b837000 r--s 00000000 08:03 785699     /home/allen/.sbt/boot/scala-2.9.2/org.scala-sbt/sbt/0.12.2/test-interface-0.5.jar
2b837000-2b83a000 r--s 0001e000 08:03 785737     /home/allen/.sbt/boot/scala-2.9.2/org.scala-sbt/sbt/0.12.2/compile-0.12.2.jar
2b83a000-2b83d000 r--s 00022000 08:03 785711     /home/allen/.sbt/boot/scala-2.9.2/org.scala-sbt/sbt/0.12.2/sbinary_2.9.0-0.4.0.jar
2b83d000-2b83f000 r--s 00015000 08:03 785691     /home/allen/.sbt/boot/scala-2.9.2/org.scala-sbt/sbt/0.12.2/jline-1.0.jar
2b83f000-2b842000 r--s 00011000 08:03 785745     /home/allen/.sbt/boot/scala-2.9.2/org.scala-sbt/sbt/0.12.2/classfile-0.12.2.jar
2b842000-2b84a000 r--s 0004d000 08:03 785719     /home/allen/.sbt/boot/scala-2.9.2/org.scala-sbt/sbt/0.12.2/api-0.12.2.jar
2b84a000-2b850000 r--s 0003b000 08:03 785687     /home/allen/.sbt/boot/scala-2.9.2/org.scala-sbt/sbt/0.12.2/io-0.12.2.jar
2b850000-2b852000 r--s 00001000 08:03 785667     /home/allen/.sbt/boot/scala-2.9.2/org.scala-sbt/sbt/0.12.2/compiler-ivy-integration-0.12.2.jar
2b852000-2b856000 r--s 0001c000 08:03 785707     /home/allen/.sbt/boot/scala-2.9.2/org.scala-sbt/sbt/0.12.2/persist-0.12.2.jar
2b856000-2b859000 r--s 0001a000 08:03 785701     /home/allen/.sbt/boot/scala-2.9.2/org.scala-sbt/sbt/0.12.2/process-0.12.2.jar
2b859000-2b85c000 ---p 00000000 00:00 0 
2b85c000-2b86a000 rw-p 00000000 00:00 0          [stack:3631]
2b86a000-2b8a8000 r-xp 00000000 08:03 262413     /lib/i386-linux-gnu/libpcre.so.3.13.1
2b8a8000-2b8a9000 r--p 0003d000 08:03 262413     /lib/i386-linux-gnu/libpcre.so.3.13.1
2b8a9000-2b8aa000 rw-p 0003e000 08:03 262413     /lib/i386-linux-gnu/libpcre.so.3.13.1
2b8aa000-2b8f8000 r-xp 00000000 08:03 1308548    /usr/lib/i386-linux-gnu/libgobject-2.0.so.0.3400.1
2b8f8000-2b8f9000 r--p 0004d000 08:03 1308548    /usr/lib/i386-linux-gnu/libgobject-2.0.so.0.3400.1
2b8f9000-2b8fa000 rw-p 0004e000 08:03 1308548    /usr/lib/i386-linux-gnu/libgobject-2.0.so.0.3400.1
2b8fa000-2b8fb000 ---p 00000000 00:00 0 
2b8fb000-2b97b000 rw-p 00000000 00:00 0          [stack:3628]
2b97b000-2b97e000 ---p 00000000 00:00 0 
2b97e000-2b9cc000 rw-p 00000000 00:00 0          [stack:3627]
2b9cc000-2b9cf000 ---p 00000000 00:00 0 
2b9cf000-2ba4d000 rw-p 00000000 00:00 0          [stack:3626]
2ba4d000-2ba50000 ---p 00000000 00:00 0 
2ba50000-2bace000 rw-p 00000000 00:00 0          [stack:3625]
2bace000-2bc00000 r--p 004a5000 08:03 1316961    /usr/lib/locale/locale-archive
2bc00000-2be00000 r--p 00000000 08:03 1316961    /usr/lib/locale/locale-archive
2be00000-2befb000 rw-p 00000000 00:00 0 
2befb000-2bf00000 ---p 00000000 00:00 0 
2bf00000-2bffb000 rw-p 00000000 00:00 0 
2bffb000-2c000000 ---p 00000000 00:00 0 
2c000000-2c0f1000 rw-p 00000000 00:00 0 
2c0f1000-2c100000 ---p 00000000 00:00 0 
2c100000-2c103000 r--s 0001b000 08:03 785727     /home/allen/.sbt/boot/scala-2.9.2/org.scala-sbt/sbt/0.12.2/tasks-0.12.2.jar
2c103000-2c105000 r--s 00013000 08:03 785659     /home/allen/.sbt/boot/scala-2.9.2/org.scala-sbt/sbt/0.12.2/classpath-0.12.2.jar
2c105000-2c109000 r--s 00029000 08:03 785741     /home/allen/.sbt/boot/scala-2.9.2/org.scala-sbt/sbt/0.12.2/incremental-compiler-0.12.2.jar
2c109000-2c10b000 r--s 00009000 08:03 785669     /home/allen/.sbt/boot/scala-2.9.2/org.scala-sbt/sbt/0.12.2/tracking-0.12.2.jar
2c10b000-2c12e000 r--s 001cc000 08:03 785703     /home/allen/.sbt/boot/scala-2.9.2/org.scala-sbt/sbt/0.12.2/main-0.12.2.jar
2c12e000-2c131000 ---p 00000000 00:00 0 
2c131000-2c17f000 rw-p 00000000 00:00 0          [stack:3622]
2c17f000-2c180000 ---p 00000000 00:00 0 
2c180000-2c200000 rw-p 00000000 00:00 0          [stack:3621]
2c200000-2c2ff000 rw-p 00000000 00:00 0 
2c2ff000-2c300000 ---p 00000000 00:00 0 
2c300000-2c303000 r--s 00019000 08:03 785739     /home/allen/.sbt/boot/scala-2.9.2/org.scala-sbt/sbt/0.12.2/cache-0.12.2.jar
2c303000-2c305000 r--s 00008000 08:03 785709     /home/allen/.sbt/boot/scala-2.9.2/org.scala-sbt/sbt/0.12.2/commons-logging-1.0.4.jar
2c305000-2c30a000 r--s 00041000 08:03 785679     /home/allen/.sbt/boot/scala-2.9.2/org.scala-sbt/sbt/0.12.2/actions-0.12.2.jar
2c30a000-2c315000 r--s 00090000 08:03 785697     /home/allen/.sbt/boot/scala-2.9.2/org.scala-sbt/sbt/0.12.2/ivy-0.12.2.jar
2c315000-2c316000 r--s 00002000 08:03 785689     /home/allen/.sbt/boot/scala-2.9.2/org.scala-sbt/sbt/0.12.2/test-agent-0.12.2.jar
2c316000-2c319000 r--s 00014000 08:03 785729     /home/allen/.sbt/boot/scala-2.9.2/org.scala-sbt/sbt/0.12.2/run-0.12.2.jar
2c319000-2c31c000 r--s 0001c000 08:03 785723     /home/allen/.sbt/boot/scala-2.9.2/org.scala-sbt/sbt/0.12.2/task-system-0.12.2.jar
2c31c000-2c31f000 r--s 00017000 08:03 785681     /home/allen/.sbt/boot/scala-2.9.2/org.scala-sbt/sbt/0.12.2/logging-0.12.2.jar
2c31f000-2c323000 r--s 0002e000 08:03 785743     /home/allen/.sbt/boot/scala-2.9.2/org.scala-sbt/sbt/0.12.2/command-0.12.2.jar
2c323000-2c325000 r--s 00006000 08:03 785717     /home/allen/.sbt/boot/scala-2.9.2/org.scala-sbt/sbt/0.12.2/commons-codec-1.2.jar
2c325000-2c327000 r--s 00001000 08:03 785663     /home/allen/.sbt/boot/scala-2.9.2/org.scala-sbt/sbt/0.12.2/launcher-interface-0.12.2.jar
2c327000-2c32d000 r--s 00044000 08:03 785665     /home/allen/.sbt/boot/scala-2.9.2/org.scala-sbt/sbt/0.12.2/collections-0.12.2.jar
2c32d000-2c332000 r-xp 00000000 08:03 1313120    /usr/lib/i386-linux-gnu/libffi.so.6.0.0
2c332000-2c333000 r--p 00005000 08:03 1313120    /usr/lib/i386-linux-gnu/libffi.so.6.0.0
2c333000-2c334000 rw-p 00006000 08:03 1313120    /usr/lib/i386-linux-gnu/libffi.so.6.0.0
2c334000-2c347000 r-xp 00000000 08:03 276641     /lib/i386-linux-gnu/libresolv-2.15.so
2c347000-2c348000 r--p 00013000 08:03 276641     /lib/i386-linux-gnu/libresolv-2.15.so
2c348000-2c349000 rw-p 00014000 08:03 276641     /lib/i386-linux-gnu/libresolv-2.15.so
2c349000-2c393000 rw-p 00000000 00:00 0 
2c393000-2c540000 r--s 01cec000 08:03 1349124    /usr/lib/jvm/java-7-openjdk-i386/jre/lib/rt.jar
2c540000-31400000 rw-p 00000000 00:00 0 
31400000-314f0000 rw-p 00000000 00:00 0 
314f0000-31500000 ---p 00000000 00:00 0 
31500000-31504000 r--s 00034000 08:03 785683     /home/allen/.sbt/boot/scala-2.9.2/org.scala-sbt/sbt/0.12.2/jsch-0.1.46.jar
31504000-3150a000 r--s 00045000 08:03 785735     /home/allen/.sbt/boot/scala-2.9.2/org.scala-sbt/sbt/0.12.2/commons-httpclient-3.1.jar
3150a000-31527000 r-xp 00000000 08:03 262432     /lib/i386-linux-gnu/libselinux.so.1
31527000-31528000 r--p 0001c000 08:03 262432     /lib/i386-linux-gnu/libselinux.so.1
31528000-31529000 rw-p 0001d000 08:03 262432     /lib/i386-linux-gnu/libselinux.so.1
31529000-3152c000 r-xp 00000000 08:03 1308543    /usr/lib/i386-linux-gnu/libgmodule-2.0.so.0.3400.1
3152c000-3152d000 r--p 00002000 08:03 1308543    /usr/lib/i386-linux-gnu/libgmodule-2.0.so.0.3400.1
3152d000-3152e000 rw-p 00003000 08:03 1308543    /usr/lib/i386-linux-gnu/libgmodule-2.0.so.0.3400.1
3152e000-31531000 ---p 00000000 00:00 0 
31531000-3157f000 rw-p 00000000 00:00 0          [stack:3624]
3157f000-31580000 ---p 00000000 00:00 0 
31580000-31600000 rw-p 00000000 00:00 0          [stack:3620]
31600000-31621000 rw-p 00000000 00:00 0 
31621000-31700000 ---p 00000000 00:00 0 
31700000-31721000 rw-p 00000000 00:00 0 
31721000-31800000 ---p 00000000 00:00 0 
31800000-31803000 r--s 00024000 08:03 787122     /home/allen/.sbt/boot/scala-2.9.2/lib/jline.jar
31803000-31814000 r-xp 00000000 08:03 1340754    /usr/lib/jvm/java-7-openjdk-i386/jre/lib/i386/libnio.so
31814000-31815000 r--p 00010000 08:03 1340754    /usr/lib/jvm/java-7-openjdk-i386/jre/lib/i386/libnio.so
31815000-31816000 rw-p 00011000 08:03 1340754    /usr/lib/jvm/java-7-openjdk-i386/jre/lib/i386/libnio.so
31816000-3182c000 r-xp 00000000 08:03 1340762    /usr/lib/jvm/java-7-openjdk-i386/jre/lib/i386/libnet.so
3182c000-3182d000 r--p 00015000 08:03 1340762    /usr/lib/jvm/java-7-openjdk-i386/jre/lib/i386/libnet.so
3182d000-3182e000 rw-p 00016000 08:03 1340762    /usr/lib/jvm/java-7-openjdk-i386/jre/lib/i386/libnet.so
3182e000-31831000 ---p 00000000 00:00 0 
31831000-3187f000 rw-p 00000000 00:00 0          [stack:3623]
3187f000-31880000 ---p 00000000 00:00 0 
31880000-31900000 rw-p 00000000 00:00 0          [stack:3619]
31900000-31973000 rw-p 00000000 00:00 0 
31973000-31a00000 ---p 00000000 00:00 0 
31a00000-31a03000 r--s 00018000 08:03 787120     /home/allen/.sbt/boot/scala-2.9.2/lib/jansi.jar
31a03000-31a06000 r--s 000cf000 08:03 160105     /home/allen/.sbt/boot/other/net.java.dev.jna/jna/3.2.3/jna-3.2.3.jar
31a06000-31a0f000 r--s 000bc000 08:03 1314681    /usr/lib/jvm/java-7-openjdk-common/jre/lib/resources.jar
31a0f000-31a26000 r--s 000f8000 08:03 1348990    /usr/lib/sbt/sbt-launch.jar
31a26000-31a29000 r--s 00032000 08:03 1314661    /usr/lib/jvm/java-7-openjdk-common/jre/lib/ext/sunjce_provider.jar
31a29000-31a2d000 r--s 00085000 08:03 1314583    /usr/lib/jvm/java-7-openjdk-common/jre/lib/ext/localedata.jar
31a2d000-31a2e000 ---p 00000000 00:00 0 
31a2e000-31aae000 rw-p 00000000 00:00 0          [stack:3618]
31aae000-31aaf000 ---p 00000000 00:00 0 
31aaf000-31b3c000 rw-p 00000000 00:00 0          [stack:3617]
31b3c000-31bef000 rw-p 00000000 00:00 0 
31bef000-31dfc000 rw-p 00000000 00:00 0 
31dfc000-31eaf000 rw-p 00000000 00:00 0 
31eaf000-33a10000 rw-p 00000000 00:00 0 
33a10000-4a1b0000 rw-p 00000000 00:00 0 
4a1b0000-aa1b9000 rw-p 00000000 00:00 0 
aa1b9000-aa4b0000 rw-p 00000000 00:00 0 
aa4b0000-aa6f0000 rwxp 00000000 00:00 0 
aa6f0000-b64b0000 rw-p 00000000 00:00 0 
b64b0000-b64bb000 r-xp 00000000 08:03 276806     /lib/i386-linux-gnu/libnss_files-2.15.so
b64bb000-b64bc000 r--p 0000a000 08:03 276806     /lib/i386-linux-gnu/libnss_files-2.15.so
b64bc000-b64bd000 rw-p 0000b000 08:03 276806     /lib/i386-linux-gnu/libnss_files-2.15.so
b64bd000-b64c7000 r-xp 00000000 08:03 276813     /lib/i386-linux-gnu/libnss_nis-2.15.so
b64c7000-b64c8000 r--p 00009000 08:03 276813     /lib/i386-linux-gnu/libnss_nis-2.15.so
b64c8000-b64c9000 rw-p 0000a000 08:03 276813     /lib/i386-linux-gnu/libnss_nis-2.15.so
b64c9000-b64df000 r-xp 00000000 08:03 274885     /lib/i386-linux-gnu/libnsl-2.15.so
b64df000-b64e0000 r--p 00015000 08:03 274885     /lib/i386-linux-gnu/libnsl-2.15.so
b64e0000-b64e1000 rw-p 00016000 08:03 274885     /lib/i386-linux-gnu/libnsl-2.15.so
b64e1000-b64e3000 rw-p 00000000 00:00 0 
b64e3000-b64ea000 r-xp 00000000 08:03 276809     /lib/i386-linux-gnu/libnss_compat-2.15.so
b64ea000-b64eb000 r--p 00006000 08:03 276809     /lib/i386-linux-gnu/libnss_compat-2.15.so
b64eb000-b64ec000 rw-p 00007000 08:03 276809     /lib/i386-linux-gnu/libnss_compat-2.15.so
b64ec000-b64ee000 r--s 00006000 08:03 1700729    /usr/share/java/java-atk-wrapper.jar
b64ee000-b64f0000 r--s 00012000 08:03 1314643    /usr/lib/jvm/java-7-openjdk-common/jre/lib/ext/zipfs.jar
b64f0000-b64f3000 r--s 0003c000 08:03 1314663    /usr/lib/jvm/java-7-openjdk-common/jre/lib/ext/sunpkcs11.jar
b64f3000-b64f6000 r--s 0000f000 08:03 1311855    /usr/lib/jvm/java-7-openjdk-common/jre/lib/ext/pulse-java.jar
b64f6000-b64fe000 r-xp 00000000 08:03 1340757    /usr/lib/jvm/java-7-openjdk-i386/jre/lib/i386/libzip.so
b64fe000-b64ff000 r--p 00007000 08:03 1340757    /usr/lib/jvm/java-7-openjdk-i386/jre/lib/i386/libzip.so
b64ff000-b6500000 rw-p 00008000 08:03 1340757    /usr/lib/jvm/java-7-openjdk-i386/jre/lib/i386/libzip.so
b6500000-b65fc000 rw-p 00000000 00:00 0 
b65fc000-b6600000 ---p 00000000 00:00 0 
b6600000-b6601000 r--s 00002000 08:03 1310130    /usr/lib/jvm/java-7-openjdk-common/jre/lib/ext/dnsns.jar
b6601000-b6609000 rw-s 00000000 08:03 1177893    /tmp/hsperfdata_allen/3610
b6609000-b6630000 r-xp 00000000 08:03 1340743    /usr/lib/jvm/java-7-openjdk-i386/jre/lib/i386/libjava.so
b6630000-b6631000 r--p 00026000 08:03 1340743    /usr/lib/jvm/java-7-openjdk-i386/jre/lib/i386/libjava.so
b6631000-b6632000 rw-p 00027000 08:03 1340743    /usr/lib/jvm/java-7-openjdk-i386/jre/lib/i386/libjava.so
b6632000-b6639000 r-xp 00000000 08:03 276812     /lib/i386-linux-gnu/librt-2.15.so
b6639000-b663a000 r--p 00006000 08:03 276812     /lib/i386-linux-gnu/librt-2.15.so
b663a000-b663b000 rw-p 00007000 08:03 276812     /lib/i386-linux-gnu/librt-2.15.so
b663b000-b663e000 ---p 00000000 00:00 0 
b663e000-b668c000 rw-p 00000000 00:00 0          [stack:3616]
b668c000-b66a8000 r-xp 00000000 08:03 262351     /lib/i386-linux-gnu/libgcc_s.so.1
b66a8000-b66a9000 r--p 0001b000 08:03 262351     /lib/i386-linux-gnu/libgcc_s.so.1
b66a9000-b66aa000 rw-p 0001c000 08:03 262351     /lib/i386-linux-gnu/libgcc_s.so.1
b66aa000-b66d4000 r-xp 00000000 08:03 276808     /lib/i386-linux-gnu/libm-2.15.so
b66d4000-b66d5000 r--p 00029000 08:03 276808     /lib/i386-linux-gnu/libm-2.15.so
b66d5000-b66d6000 rw-p 0002a000 08:03 276808     /lib/i386-linux-gnu/libm-2.15.so
b66d6000-b67b2000 r-xp 00000000 08:03 1313565    /usr/lib/i386-linux-gnu/libstdc++.so.6.0.17
b67b2000-b67b3000 ---p 000dc000 08:03 1313565    /usr/lib/i386-linux-gnu/libstdc++.so.6.0.17
b67b3000-b67b7000 r--p 000dc000 08:03 1313565    /usr/lib/i386-linux-gnu/libstdc++.so.6.0.17
b67b7000-b67b8000 rw-p 000e0000 08:03 1313565    /usr/lib/i386-linux-gnu/libstdc++.so.6.0.17
b67b8000-b67bf000 rw-p 00000000 00:00 0 
b67bf000-b70ae000 r-xp 00000000 08:03 1349108    /usr/lib/jvm/java-7-openjdk-i386/jre/lib/i386/server/libjvm.so
b70ae000-b70f5000 r--p 008ee000 08:03 1349108    /usr/lib/jvm/java-7-openjdk-i386/jre/lib/i386/server/libjvm.so
b70f5000-b7109000 rw-p 00935000 08:03 1349108    /usr/lib/jvm/java-7-openjdk-i386/jre/lib/i386/server/libjvm.so
b7109000-b7527000 rw-p 00000000 00:00 0 
b7527000-b753e000 r-xp 00000000 08:03 262460     /lib/i386-linux-gnu/libz.so.1.2.7
b753e000-b753f000 r--p 00016000 08:03 262460     /lib/i386-linux-gnu/libz.so.1.2.7
b753f000-b7540000 rw-p 00017000 08:03 262460     /lib/i386-linux-gnu/libz.so.1.2.7
b7540000-b7557000 r-xp 00000000 08:03 276807     /lib/i386-linux-gnu/libpthread-2.15.so
b7557000-b7558000 r--p 00016000 08:03 276807     /lib/i386-linux-gnu/libpthread-2.15.so
b7558000-b7559000 rw-p 00017000 08:03 276807     /lib/i386-linux-gnu/libpthread-2.15.so
b7559000-b755b000 rw-p 00000000 00:00 0 
b755b000-b755e000 r-xp 00000000 08:03 275465     /lib/i386-linux-gnu/libdl-2.15.so
b755e000-b755f000 r--p 00002000 08:03 275465     /lib/i386-linux-gnu/libdl-2.15.so
b755f000-b7560000 rw-p 00003000 08:03 275465     /lib/i386-linux-gnu/libdl-2.15.so
b7560000-b7703000 r-xp 00000000 08:03 274889     /lib/i386-linux-gnu/libc-2.15.so
b7703000-b7704000 ---p 001a3000 08:03 274889     /lib/i386-linux-gnu/libc-2.15.so
b7704000-b7706000 r--p 001a3000 08:03 274889     /lib/i386-linux-gnu/libc-2.15.so
b7706000-b7707000 rw-p 001a5000 08:03 274889     /lib/i386-linux-gnu/libc-2.15.so
b7707000-b770b000 rw-p 00000000 00:00 0 
b770b000-b770c000 r--s 00004000 08:03 785721     /home/allen/.sbt/boot/scala-2.9.2/org.scala-sbt/sbt/0.12.2/sbt-0.12.2.jar
b770c000-b770d000 r--s 00002000 08:03 1310130    /usr/lib/jvm/java-7-openjdk-common/jre/lib/ext/dnsns.jar
b770d000-b770e000 rw-p 00000000 00:00 0 
b770e000-b770f000 ---p 00000000 00:00 0 
b770f000-b771c000 r-xp 00000000 08:03 1340756    /usr/lib/jvm/java-7-openjdk-i386/jre/lib/i386/libverify.so
b771c000-b771d000 ---p 0000d000 08:03 1340756    /usr/lib/jvm/java-7-openjdk-i386/jre/lib/i386/libverify.so
b771d000-b771e000 r--p 0000d000 08:03 1340756    /usr/lib/jvm/java-7-openjdk-i386/jre/lib/i386/libverify.so
b771e000-b771f000 rw-p 0000e000 08:03 1340756    /usr/lib/jvm/java-7-openjdk-i386/jre/lib/i386/libverify.so
b771f000-b772c000 r-xp 00000000 08:03 1340745    /usr/lib/jvm/java-7-openjdk-i386/jre/lib/i386/jli/libjli.so
b772c000-b772d000 r--p 0000c000 08:03 1340745    /usr/lib/jvm/java-7-openjdk-i386/jre/lib/i386/jli/libjli.so
b772d000-b772e000 rw-p 0000d000 08:03 1340745    /usr/lib/jvm/java-7-openjdk-i386/jre/lib/i386/jli/libjli.so
b772e000-b7730000 rw-p 00000000 00:00 0 
b7730000-b7731000 r-xp 00000000 00:00 0          [vdso]
b7731000-b7751000 r-xp 00000000 08:03 276811     /lib/i386-linux-gnu/ld-2.15.so
b7751000-b7752000 r--p 0001f000 08:03 276811     /lib/i386-linux-gnu/ld-2.15.so
b7752000-b7753000 rw-p 00020000 08:03 276811     /lib/i386-linux-gnu/ld-2.15.so
bf8cf000-bf8f0000 rw-p 00000000 00:00 0          [stack]

VM Arguments:
jvm_args: -Xms1536m -Xmx1536m -XX:MaxPermSize=384m -XX:ReservedCodeCacheSize=192m 
java_command: /usr/lib/sbt/sbt-launch.jar stage
Launcher Type: SUN_STANDARD

Environment Variables:
JAVA_HOME=/opt/java
JRE_HOME=/opt/java/jre
CLASSPATH=.:/opt/java/lib:/opt/java/jre/lib:/opt/scala/lib
PATH=/usr/local/heroku/bin:/home/allen/bin:/usr/lib/lightdm/lightdm:/usr/local/sbin:/usr/local/bin:/usr/sbin:/usr/bin:/sbin:/bin:/usr/games:/usr/local/games:/opt/java/bin:/opt/scala/bin:.
SHELL=/bin/bash
DISPLAY=:0

Signal Handlers:
SIGSEGV: [libjvm.so+0x7564a0], sa_mask[0]=0x7ffbfeff, sa_flags=0x10000004
SIGBUS: [libjvm.so+0x7564a0], sa_mask[0]=0x7ffbfeff, sa_flags=0x10000004
SIGFPE: [libjvm.so+0x5f2c10], sa_mask[0]=0x7ffbfeff, sa_flags=0x10000004
SIGPIPE: [libjvm.so+0x5f2c10], sa_mask[0]=0x7ffbfeff, sa_flags=0x10000004
SIGXFSZ: [libjvm.so+0x5f2c10], sa_mask[0]=0x7ffbfeff, sa_flags=0x10000004
SIGILL: [libjvm.so+0x5f2c10], sa_mask[0]=0x7ffbfeff, sa_flags=0x10000004
SIGUSR1: SIG_DFL, sa_mask[0]=0x00000000, sa_flags=0x00000000
SIGUSR2: [libjvm.so+0x5f2ac0], sa_mask[0]=0x00000000, sa_flags=0x10000004
SIGHUP: [libjvm.so+0x5f3050], sa_mask[0]=0x7ffbfeff, sa_flags=0x10000004
SIGINT: [libjvm.so+0x5f3050], sa_mask[0]=0x7ffbfeff, sa_flags=0x10000004
SIGTERM: [libjvm.so+0x5f3050], sa_mask[0]=0x7ffbfeff, sa_flags=0x10000004
SIGQUIT: [libjvm.so+0x5f3050], sa_mask[0]=0x7ffbfeff, sa_flags=0x10000004


---------------  S Y S T E M  ---------------

OS:Ubuntu 12.10 (quantal)
uname:Linux 3.5.0-36-generic #57-Ubuntu SMP Wed Jun 19 15:11:05 UTC 2013 i686
libc:glibc 2.15 NPTL 2.15 
rlimit: STACK 8192k, CORE 0k, NPROC 15930, NOFILE 4096, AS infinity
load average:1.25 1.06 1.59

/proc/meminfo:
MemTotal:        2054688 kB
MemFree:          838956 kB
Buffers:            9060 kB
Cached:           373832 kB
SwapCached:         1072 kB
Active:           652260 kB
Inactive:         460492 kB
Active(anon):     544668 kB
Inactive(anon):   336512 kB
Active(file):     107592 kB
Inactive(file):   123980 kB
Unevictable:       31108 kB
Mlocked:           31108 kB
HighTotal:       1173064 kB
HighFree:         122536 kB
LowTotal:         881624 kB
LowFree:          716420 kB
SwapTotal:       3905532 kB
SwapFree:        3851344 kB
Dirty:               304 kB
Writeback:             0 kB
AnonPages:        760288 kB
Mapped:            84660 kB
Shmem:            145368 kB
Slab:              36640 kB
SReclaimable:      20104 kB
SUnreclaim:        16536 kB
KernelStack:        4032 kB
PageTables:         9352 kB
NFS_Unstable:          0 kB
Bounce:                0 kB
WritebackTmp:          0 kB
CommitLimit:     4932876 kB
Committed_AS:    5416480 kB
VmallocTotal:     122880 kB
VmallocUsed:       11368 kB
VmallocChunk:     107072 kB
HardwareCorrupted:     0 kB
AnonHugePages:         0 kB
HugePages_Total:       0
HugePages_Free:        0
HugePages_Rsvd:        0
HugePages_Surp:        0
Hugepagesize:       2048 kB
DirectMap4k:       10232 kB
DirectMap2M:      903168 kB


CPU:total 4 (2 cores per cpu, 2 threads per core) family 6 model 28 stepping 10, cmov, cx8, fxsr, mmx, sse, sse2, sse3, ssse3, ht, tsc

/proc/cpuinfo:
processor	: 0
vendor_id	: GenuineIntel
cpu family	: 6
model		: 28
model name	: Intel(R) Atom(TM) CPU D525   @ 1.80GHz
stepping	: 10
microcode	: 0x107
cpu MHz		: 1795.324
cache size	: 512 KB
physical id	: 0
siblings	: 4
core id		: 0
cpu cores	: 2
apicid		: 0
initial apicid	: 0
fdiv_bug	: no
hlt_bug		: no
f00f_bug	: no
coma_bug	: no
fpu		: yes
fpu_exception	: yes
cpuid level	: 10
wp		: yes
flags		: fpu vme de pse tsc msr pae mce cx8 apic sep mtrr pge mca cmov pat pse36 clflush dts acpi mmx fxsr sse sse2 ss ht tm pbe nx lm constant_tsc arch_perfmon pebs bts aperfmperf pni dtes64 monitor ds_cpl tm2 ssse3 cx16 xtpr pdcm movbe lahf_lm dtherm
bogomips	: 3590.64
clflush size	: 64
cache_alignment	: 64
address sizes	: 36 bits physical, 48 bits virtual
power management:

processor	: 1
vendor_id	: GenuineIntel
cpu family	: 6
model		: 28
model name	: Intel(R) Atom(TM) CPU D525   @ 1.80GHz
stepping	: 10
microcode	: 0x107
cpu MHz		: 1795.324
cache size	: 512 KB
physical id	: 0
siblings	: 4
core id		: 1
cpu cores	: 2
apicid		: 2
initial apicid	: 2
fdiv_bug	: no
hlt_bug		: no
f00f_bug	: no
coma_bug	: no
fpu		: yes
fpu_exception	: yes
cpuid level	: 10
wp		: yes
flags		: fpu vme de pse tsc msr pae mce cx8 apic sep mtrr pge mca cmov pat pse36 clflush dts acpi mmx fxsr sse sse2 ss ht tm pbe nx lm constant_tsc arch_perfmon pebs bts aperfmperf pni dtes64 monitor ds_cpl tm2 ssse3 cx16 xtpr pdcm movbe lahf_lm dtherm
bogomips	: 3590.64
clflush size	: 64
cache_alignment	: 64
address sizes	: 36 bits physical, 48 bits virtual
power management:

processor	: 2
vendor_id	: GenuineIntel
cpu family	: 6
model		: 28
model name	: Intel(R) Atom(TM) CPU D525   @ 1.80GHz
stepping	: 10
microcode	: 0x107
cpu MHz		: 1795.324
cache size	: 512 KB
physical id	: 0
siblings	: 4
core id		: 0
cpu cores	: 2
apicid		: 1
initial apicid	: 1
fdiv_bug	: no
hlt_bug		: no
f00f_bug	: no
coma_bug	: no
fpu		: yes
fpu_exception	: yes
cpuid level	: 10
wp		: yes
flags		: fpu vme de pse tsc msr pae mce cx8 apic sep mtrr pge mca cmov pat pse36 clflush dts acpi mmx fxsr sse sse2 ss ht tm pbe nx lm constant_tsc arch_perfmon pebs bts aperfmperf pni dtes64 monitor ds_cpl tm2 ssse3 cx16 xtpr pdcm movbe lahf_lm dtherm
bogomips	: 3590.64
clflush size	: 64
cache_alignment	: 64
address sizes	: 36 bits physical, 48 bits virtual
power management:

processor	: 3
vendor_id	: GenuineIntel
cpu family	: 6
model		: 28
model name	: Intel(R) Atom(TM) CPU D525   @ 1.80GHz
stepping	: 10
microcode	: 0x107
cpu MHz		: 1795.324
cache size	: 512 KB
physical id	: 0
siblings	: 4
core id		: 1
cpu cores	: 2
apicid		: 3
initial apicid	: 3
fdiv_bug	: no
hlt_bug		: no
f00f_bug	: no
coma_bug	: no
fpu		: yes
fpu_exception	: yes
cpuid level	: 10
wp		: yes
flags		: fpu vme de pse tsc msr pae mce cx8 apic sep mtrr pge mca cmov pat pse36 clflush dts acpi mmx fxsr sse sse2 ss ht tm pbe nx lm constant_tsc arch_perfmon pebs bts aperfmperf pni dtes64 monitor ds_cpl tm2 ssse3 cx16 xtpr pdcm movbe lahf_lm dtherm
bogomips	: 3590.64
clflush size	: 64
cache_alignment	: 64
address sizes	: 36 bits physical, 48 bits virtual
power management:



Memory: 4k page, physical 2054688k(838460k free), swap 3905532k(3851344k free)

vm_info: OpenJDK Server VM (23.7-b01) for linux-x86 JRE (1.7.0_25-b30), built on Jul  3 2013 13:57:54 by "buildd" with gcc 4.7.2

time: Sat Jul 20 16:24:36 2013
elapsed time: 26 seconds

