#
# A fatal error has been detected by the Java Runtime Environment:
#
#  SIGSEGV (0xb) at pc=0xb6e74696, pid=4443, tid=986180416
#
# JRE version: 7.0_25-b30
# Java VM: OpenJDK Server VM (23.7-b01 mixed mode linux-x86 )
# Problematic frame:
# V  [libjvm.so+0x654696]  oopDesc* PSPromotionManager::copy_to_survivor_space<false>(oopDesc*)+0x36
#
# Failed to write core dump. Core dumps have been disabled. To enable core dumping, try "ulimit -c unlimited" before starting Java again
#
# If you would like to submit a bug report, please include
# instructions on how to reproduce the bug and visit:
#   https://bugs.launchpad.net/ubuntu/+source/openjdk-7/
#

---------------  T H R E A D  ---------------

Current thread (0xb6410800):  GCTaskThread [stack: 0x3abfe000,0x3ac7f000] [id=4445]

siginfo:si_signo=SIGSEGV: si_errno=0, si_code=1 (SEGV_MAPERR), si_addr=0x0073007e

Registers:
EAX=0x00730072, EBX=0xb7156000, ECX=0x00000047, EDX=0x00650076
ESP=0x3ac7e170, EBP=0x97730368, ESI=0x534a7548, EDI=0xb64fbae8
EIP=0xb6e74696, EFLAGS=0x00210297, CR2=0x0073007e

Top of Stack: (sp=0x3ac7e170)
0x3ac7e170:   3d11bb40 b64fbae8 534a7540 b6e744d4
0x3ac7e180:   b34152a0 00000005 00000006 01150168
0x3ac7e190:   3ac7e154 00000000 534a70b0 00000400
0x3ac7e1a0:   b64fbb1c 533a3520 b6c4af25 b7156000
0x3ac7e1b0:   534a7548 b64fbae8 b7172424 b6e73dec
0x3ac7e1c0:   b64fbae8 97730368 0000004e 00000080
0x3ac7e1d0:   b6de4e24 00004000 0000004e b7156000
0x3ac7e1e0:   b64fbae8 0000004e 9d2d4f88 b6e73685 

Instructions: (pc=0xb6e74696)
0xb6e74676:   44 8b 55 00 e8 5c 5e a4 ff 81 c3 81 19 2e 00 89
0xb6e74686:   d0 83 e0 03 83 f8 03 0f 84 5d 01 00 00 8b 45 04
0xb6e74696:   8b 48 0c 8d 70 08 83 f9 00 0f 8e eb 01 00 00 f6
0xb6e746a6:   c1 01 0f 85 e8 01 00 00 c1 f9 02 89 4c 24 18 f6 

Register to memory mapping:

EAX=0x00730072 is an unknown value
EBX=0xb7156000: <offset 0x936000> in /usr/lib/jvm/java-7-openjdk-i386/jre/lib/i386/server/libjvm.so at 0xb6820000
ECX=0x00000047 is an unknown value
EDX=0x00650076 is an unknown value
ESP=0x3ac7e170 is an unknown value
EBP=0x97730368 is an unknown value
ESI=0x534a7548 is an oop
scala.collection.mutable.DefaultEntry 
 - klass: 'scala/collection/mutable/DefaultEntry'
EDI=0xb64fbae8 is an unknown value


Stack: [0x3abfe000,0x3ac7f000],  sp=0x3ac7e170,  free space=512k
Native frames: (J=compiled Java code, j=interpreted, Vv=VM code, C=native code)
V  [libjvm.so+0x654696]  oopDesc* PSPromotionManager::copy_to_survivor_space<false>(oopDesc*)+0x36


---------------  P R O C E S S  ---------------

Java Threads: ( => current thread )
  0x33b8f000 JavaThread "pool-11-thread-6" [_thread_blocked, id=4512, stack(0x313f5000,0x314f6000)]
  0x3a806000 JavaThread "pool-11-thread-5" [_thread_blocked, id=4511, stack(0x314f6000,0x315f7000)]
  0x34f6c000 JavaThread "pool-11-thread-4" [_thread_blocked, id=4510, stack(0x315f7000,0x316f8000)]
  0x34f6a800 JavaThread "pool-11-thread-3" [_thread_blocked, id=4509, stack(0x316f8000,0x317f9000)]
  0x34f68000 JavaThread "pool-11-thread-2" [_thread_blocked, id=4508, stack(0x317f9000,0x318fa000)]
  0x34f66800 JavaThread "pool-11-thread-1" [_thread_blocked, id=4507, stack(0x318fa000,0x319fb000)]
  0x34f65000 JavaThread "play-internal-execution-context-1" [_thread_blocked, id=4506, stack(0x319fb000,0x31afc000)]
  0x31f6c400 JavaThread "New I/O server boss #9" [_thread_in_native, id=4503, stack(0x31afc000,0x31bfd000)]
  0x31f5a000 JavaThread "New I/O worker #8" [_thread_blocked, id=4502, stack(0x31bfd000,0x31cfe000)]
  0x31f3b800 JavaThread "New I/O worker #7" [_thread_blocked, id=4501, stack(0x31cfe000,0x31dff000)]
  0x31f1d400 JavaThread "New I/O worker #6" [_thread_blocked, id=4500, stack(0x31dff000,0x31f00000)]
  0x32272800 JavaThread "New I/O worker #5" [_thread_blocked, id=4499, stack(0x320ff000,0x32200000)]
  0x32272000 JavaThread "New I/O worker #4" [_thread_blocked, id=4498, stack(0x332fe000,0x333ff000)]
  0x32271800 JavaThread "New I/O worker #3" [_thread_blocked, id=4497, stack(0x330fc000,0x331fd000)]
  0x32276c00 JavaThread "New I/O worker #2" [_thread_in_native, id=4496, stack(0x333ff000,0x33500000)]
  0x32278c00 JavaThread "New I/O worker #1" [_thread_blocked, id=4495, stack(0x32ffb000,0x330fc000)]
  0x32830c00 JavaThread "INotify thread" daemon [_thread_in_native, id=4494, stack(0x331fd000,0x332fe000)]
  0x341a7c00 JavaThread "process reaper" daemon [_thread_blocked, id=4459, stack(0x3504a000,0x3505b000)]
  0x34903000 JavaThread "Service Thread" daemon [_thread_blocked, id=4455, stack(0x346fe000,0x347ff000)]
  0x34901400 JavaThread "C2 CompilerThread1" daemon [_thread_blocked, id=4454, stack(0x34a4c000,0x34acd000)]
  0x354ff400 JavaThread "C2 CompilerThread0" daemon [_thread_blocked, id=4453, stack(0x3507e000,0x350ff000)]
  0x354fd800 JavaThread "Signal Dispatcher" daemon [_thread_blocked, id=4452, stack(0x347ff000,0x34900000)]
  0x354b9000 JavaThread "Finalizer" daemon [_thread_blocked, id=4451, stack(0x34dff000,0x34f00000)]
  0x354b7400 JavaThread "Reference Handler" daemon [_thread_blocked, id=4450, stack(0x350ff000,0x35200000)]
  0xb6406800 JavaThread "main" [_thread_in_native, id=4444, stack(0xb65ec000,0xb66ed000)]

Other Threads:
  0x354b0c00 VMThread [stack: 0x3537f000,0x35400000] [id=4449]
  0x34905000 WatcherThread [stack: 0x3467d000,0x346fe000] [id=4456]

=>0xb6410800 (exited) GCTaskThread [stack: 0x3abfe000,0x3ac7f000] [id=4445]

VM state:at safepoint (normal execution)

VM Mutex/Monitor currently owned by a thread:  ([mutex/lock_event])
[0xb6404308] Threads_lock - owner thread: 0x354b0c00
[0xb6404718] Heap_lock - owner thread: 0x34f66800

Heap
 PSYoungGen      total 152896K, used 152890K [0x93300000, 0x9dda0000, 0xb3300000)
  eden space 131072K, 100% used [0x93300000,0x9b300000,0x9b300000)
  from space 21824K, 99% used [0x9b300000,0x9c84e810,0x9c850000)
  to   space 21824K, 99% used [0x9c850000,0x9dd9f160,0x9dda0000)
 ParOldGen       total 349568K, used 4658K [0x53300000, 0x68860000, 0x93300000)
  object space 349568K, 1% used [0x53300000,0x5378e900,0x68860000)
 PSPermGen       total 41856K, used 41826K [0x3b300000, 0x3dbe0000, 0x53300000)
  object space 41856K, 99% used [0x3b300000,0x3dbd8848,0x3dbe0000)

Card table byte_map: [0x3af3f000,0x3b300000] byte_map_base: 0x3ad65800

Polling page: 0xb776f000

Code Cache  [0xb33c9000, 0xb3609000, 0xb63c9000)
 total_blobs=1203 nmethods=1039 adapters=115 free_code_cache=47668Kb largest_free_block=48762688

Compilation events (10 events):
Event: 40.416 Thread 0x354ff400 nmethod 1116 0xb347fe88 code [0xb347ff80, 0xb3480190]
Event: 40.420 Thread 0x34901400 1117             scala.Function0$class::$init$ (1 bytes)
Event: 40.421 Thread 0x34901400 nmethod 1117 0xb34b5008 code [0xb34b50e0, 0xb34b5110]
Event: 40.422 Thread 0x354ff400 1118             scala.runtime.AbstractFunction0::<init> (9 bytes)
Event: 40.423 Thread 0x354ff400 nmethod 1118 0xb347fc48 code [0xb347fd20, 0xb347fd70]
Event: 40.426 Thread 0x34901400 1119             scala.reflect.internal.Types$Type::scala$reflect$internal$Types$Type$$$outer (8 bytes)
Event: 40.427 Thread 0x34901400 nmethod 1119 0xb3485a48 code [0xb3485b20, 0xb3485b70]
Event: 40.451 Thread 0x354ff400 1120             scala.reflect.internal.Scopes$Scope::scala$reflect$internal$Scopes$Scope$$$outer (5 bytes)
Event: 40.452 Thread 0x354ff400 nmethod 1120 0xb34858c8 code [0xb34859a0, 0xb34859f0]
Event: 40.453 Thread 0x34901400 1121             scala.reflect.internal.Symbols$Symbol::needsFlatClasses (62 bytes)

GC Heap History (7 events):
Event: 12.476 GC heap before
{Heap before GC invocations=1 (full 0):
 PSYoungGen      total 152896K, used 131072K [0x93300000, 0x9dda0000, 0xb3300000)
  eden space 131072K, 100% used [0x93300000,0x9b300000,0x9b300000)
  from space 21824K, 0% used [0x9c850000,0x9c850000,0x9dda0000)
  to   space 21824K, 0% used [0x9b300000,0x9b300000,0x9c850000)
 ParOldGen       total 349568K, used 0K [0x53300000, 0x68860000, 0x93300000)
  object space 349568K, 0% used [0x53300000,0x53300000,0x68860000)
 PSPermGen       total 16384K, used 15621K [0x3b300000, 0x3c300000, 0x53300000)
  object space 16384K, 95% used [0x3b300000,0x3c241658,0x3c300000)
Event: 12.535 GC heap after
Heap after GC invocations=1 (full 0):
 PSYoungGen      total 152896K, used 15619K [0x93300000, 0x9dda0000, 0xb3300000)
  eden space 131072K, 0% used [0x93300000,0x93300000,0x9b300000)
  from space 21824K, 71% used [0x9b300000,0x9c240cc8,0x9c850000)
  to   space 21824K, 0% used [0x9c850000,0x9c850000,0x9dda0000)
 ParOldGen       total 349568K, used 4K [0x53300000, 0x68860000, 0x93300000)
  object space 349568K, 0% used [0x53300000,0x53301000,0x68860000)
 PSPermGen       total 16384K, used 15621K [0x3b300000, 0x3c300000, 0x53300000)
  object space 16384K, 95% used [0x3b300000,0x3c241658,0x3c300000)
}
Event: 18.104 GC heap before
{Heap before GC invocations=2 (full 0):
 PSYoungGen      total 152896K, used 146691K [0x93300000, 0x9dda0000, 0xb3300000)
  eden space 131072K, 100% used [0x93300000,0x9b300000,0x9b300000)
  from space 21824K, 71% used [0x9b300000,0x9c240cc8,0x9c850000)
  to   space 21824K, 0% used [0x9c850000,0x9c850000,0x9dda0000)
 ParOldGen       total 349568K, used 4K [0x53300000, 0x68860000, 0x93300000)
  object space 349568K, 0% used [0x53300000,0x53301000,0x68860000)
 PSPermGen       total 19072K, used 18968K [0x3b300000, 0x3c5a0000, 0x53300000)
  object space 19072K, 99% used [0x3b300000,0x3c586090,0x3c5a0000)
Event: 18.141 GC heap after
Heap after GC invocations=2 (full 0):
 PSYoungGen      total 152896K, used 8653K [0x93300000, 0x9dda0000, 0xb3300000)
  eden space 131072K, 0% used [0x93300000,0x93300000,0x9b300000)
  from space 21824K, 39% used [0x9c850000,0x9d0c3458,0x9dda0000)
  to   space 21824K, 0% used [0x9b300000,0x9b300000,0x9c850000)
 ParOldGen       total 349568K, used 8K [0x53300000, 0x68860000, 0x93300000)
  object space 349568K, 0% used [0x53300000,0x53302000,0x68860000)
 PSPermGen       total 19072K, used 18968K [0x3b300000, 0x3c5a0000, 0x53300000)
  object space 19072K, 99% used [0x3b300000,0x3c586090,0x3c5a0000)
}
Event: 32.423 GC heap before
{Heap before GC invocations=3 (full 0):
 PSYoungGen      total 152896K, used 139725K [0x93300000, 0x9dda0000, 0xb3300000)
  eden space 131072K, 100% used [0x93300000,0x9b300000,0x9b300000)
  from space 21824K, 39% used [0x9c850000,0x9d0c3458,0x9dda0000)
  to   space 21824K, 0% used [0x9b300000,0x9b300000,0x9c850000)
 ParOldGen       total 349568K, used 8K [0x53300000, 0x68860000, 0x93300000)
  object space 349568K, 0% used [0x53300000,0x53302000,0x68860000)
 PSPermGen       total 28672K, used 28661K [0x3b300000, 0x3cf00000, 0x53300000)
  object space 28672K, 99% used [0x3b300000,0x3cefd598,0x3cf00000)
Event: 32.498 GC heap after
Heap after GC invocations=3 (full 0):
 PSYoungGen      total 152896K, used 21818K [0x93300000, 0x9dda0000, 0xb3300000)
  eden space 131072K, 0% used [0x93300000,0x93300000,0x9b300000)
  from space 21824K, 99% used [0x9b300000,0x9c84e810,0x9c850000)
  to   space 21824K, 0% used [0x9c850000,0x9c850000,0x9dda0000)
 ParOldGen       total 349568K, used 520K [0x53300000, 0x68860000, 0x93300000)
  object space 349568K, 0% used [0x53300000,0x533820b0,0x68860000)
 PSPermGen       total 28672K, used 28661K [0x3b300000, 0x3cf00000, 0x53300000)
  object space 28672K, 99% used [0x3b300000,0x3cefd598,0x3cf00000)
}
Event: 40.454 GC heap before
{Heap before GC invocations=4 (full 0):
 PSYoungGen      total 152896K, used 152890K [0x93300000, 0x9dda0000, 0xb3300000)
  eden space 131072K, 100% used [0x93300000,0x9b300000,0x9b300000)
  from space 21824K, 99% used [0x9b300000,0x9c84e810,0x9c850000)
  to   space 21824K, 0% used [0x9c850000,0x9c850000,0x9dda0000)
 ParOldGen       total 349568K, used 520K [0x53300000, 0x68860000, 0x93300000)
  object space 349568K, 0% used [0x53300000,0x533820b0,0x68860000)
 PSPermGen       total 41856K, used 41826K [0x3b300000, 0x3dbe0000, 0x53300000)
  object space 41856K, 99% used [0x3b300000,0x3dbd8848,0x3dbe0000)

Deoptimization events (10 events):
Event: 40.064 Thread 0x34f66800 Uncommon trap -34 fr.pc 0xb34b1478
Event: 40.064 Thread 0x34f66800 Uncommon trap -34 fr.pc 0xb34b1478
Event: 40.064 Thread 0x34f66800 Uncommon trap -34 fr.pc 0xb34b1478
Event: 40.264 Thread 0x34f66800 Uncommon trap -58 fr.pc 0xb353b850
Event: 40.264 Thread 0x34f66800 Uncommon trap -58 fr.pc 0xb3540cf4
Event: 40.264 Thread 0x34f66800 Uncommon trap -58 fr.pc 0xb353b850
Event: 40.265 Thread 0x34f66800 Uncommon trap -58 fr.pc 0xb3540cf4
Event: 40.265 Thread 0x34f66800 Uncommon trap -58 fr.pc 0xb3540cf4
Event: 40.265 Thread 0x34f66800 Uncommon trap -58 fr.pc 0xb3540cf4
Event: 40.279 Thread 0x34f66800 Uncommon trap -34 fr.pc 0xb3540274

Internal exceptions (10 events):
Event: 40.342 Thread 0x34f66800 Threw 0x9b270ac0 at /build/buildd/openjdk-7-7u25-2.3.10/build/openjdk/hotspot/src/share/vm/prims/jvm.cpp:1235
Event: 40.343 Thread 0x34f66800 Threw 0x9b274670 at /build/buildd/openjdk-7-7u25-2.3.10/build/openjdk/hotspot/src/share/vm/prims/jvm.cpp:1235
Event: 40.345 Thread 0x34f66800 Threw 0x9b278530 at /build/buildd/openjdk-7-7u25-2.3.10/build/openjdk/hotspot/src/share/vm/prims/jvm.cpp:1235
Event: 40.384 Thread 0x34f66800 Threw 0x9b29a468 at /build/buildd/openjdk-7-7u25-2.3.10/build/openjdk/hotspot/src/share/vm/prims/jvm.cpp:1235
Event: 40.387 Thread 0x34f66800 Threw 0x9b29df50 at /build/buildd/openjdk-7-7u25-2.3.10/build/openjdk/hotspot/src/share/vm/prims/jvm.cpp:1235
Event: 40.389 Thread 0x34f66800 Threw 0x9b2a1cd8 at /build/buildd/openjdk-7-7u25-2.3.10/build/openjdk/hotspot/src/share/vm/prims/jvm.cpp:1235
Event: 40.390 Thread 0x34f66800 Threw 0x9b2a5590 at /build/buildd/openjdk-7-7u25-2.3.10/build/openjdk/hotspot/src/share/vm/prims/jvm.cpp:1235
Event: 40.393 Thread 0x34f66800 Threw 0x9b2b2010 at /build/buildd/openjdk-7-7u25-2.3.10/build/openjdk/hotspot/src/share/vm/prims/jvm.cpp:1235
Event: 40.395 Thread 0x34f66800 Threw 0x9b2b5a60 at /build/buildd/openjdk-7-7u25-2.3.10/build/openjdk/hotspot/src/share/vm/prims/jvm.cpp:1235
Event: 40.396 Thread 0x34f66800 Threw 0x9b2b9838 at /build/buildd/openjdk-7-7u25-2.3.10/build/openjdk/hotspot/src/share/vm/prims/jvm.cpp:1235

Events (10 events):
Event: 40.264 Thread 0x34f66800 DEOPT UNPACKING pc=0xb33f6efc sp=0x319f88a0 mode 2
Event: 40.265 Thread 0x34f66800 DEOPT PACKING pc=0xb3540cf4 sp=0x319f88a0
Event: 40.265 Thread 0x34f66800 DEOPT UNPACKING pc=0xb33f6efc sp=0x319f8878 mode 2
Event: 40.265 Thread 0x34f66800 DEOPT PACKING pc=0xb3540cf4 sp=0x319f88c0
Event: 40.265 Thread 0x34f66800 DEOPT UNPACKING pc=0xb33f6efc sp=0x319f8898 mode 2
Event: 40.265 Thread 0x34f66800 DEOPT PACKING pc=0xb3540cf4 sp=0x319f8af0
Event: 40.265 Thread 0x34f66800 DEOPT UNPACKING pc=0xb33f6efc sp=0x319f8ac8 mode 2
Event: 40.279 Thread 0x34f66800 DEOPT PACKING pc=0xb3540274 sp=0x319f8a60
Event: 40.279 Thread 0x34f66800 DEOPT UNPACKING pc=0xb33f6efc sp=0x319f8a14 mode 2
Event: 40.453 Executing VM operation: ParallelGCFailedAllocation


Dynamic libraries:
08048000-08049000 r-xp 00000000 08:03 1340733    /usr/lib/jvm/java-7-openjdk-i386/jre/bin/java
08049000-0804a000 r--p 00000000 08:03 1340733    /usr/lib/jvm/java-7-openjdk-i386/jre/bin/java
0804a000-0804b000 rw-p 00001000 08:03 1340733    /usr/lib/jvm/java-7-openjdk-i386/jre/bin/java
09303000-093f4000 rw-p 00000000 00:00 0          [heap]
30cb6000-30e00000 rw-p 00000000 00:00 0 
30e00000-30e8e000 rw-p 00000000 00:00 0 
30e8e000-30f00000 ---p 00000000 00:00 0 
31000000-310f9000 rw-p 00000000 00:00 0 
310f9000-31100000 ---p 00000000 00:00 0 
31100000-31200000 rw-p 00000000 00:00 0 
31200000-312e8000 rw-p 00000000 00:00 0 
312e8000-31300000 ---p 00000000 00:00 0 
3134c000-313e7000 rw-p 00000000 00:00 0 
313e7000-313ed000 r--s 00032000 08:03 1058122    /opt/play-2.1.2/repository/cache/org.mongodb/casbah-query_2.10/jars/casbah-query_2.10-2.6.2.jar
313ed000-313f5000 r--s 0005f000 08:03 1058125    /opt/play-2.1.2/repository/cache/org.mongodb/mongo-java-driver/jars/mongo-java-driver-2.11.2.jar
313f5000-313f8000 ---p 00000000 00:00 0 
313f8000-314f6000 rw-p 00000000 00:00 0          [stack:4512]
314f6000-314f9000 ---p 00000000 00:00 0 
314f9000-315f7000 rw-p 00000000 00:00 0          [stack:4511]
315f7000-315fa000 ---p 00000000 00:00 0 
315fa000-316f8000 rw-p 00000000 00:00 0          [stack:4510]
316f8000-316fb000 ---p 00000000 00:00 0 
316fb000-317f9000 rw-p 00000000 00:00 0          [stack:4509]
317f9000-317fc000 ---p 00000000 00:00 0 
317fc000-318fa000 rw-p 00000000 00:00 0          [stack:4508]
318fa000-318fd000 ---p 00000000 00:00 0 
318fd000-319fb000 rw-p 00000000 00:00 0          [stack:4507]
319fb000-319fe000 ---p 00000000 00:00 0 
319fe000-31afc000 rw-p 00000000 00:00 0          [stack:4506]
31afc000-31aff000 ---p 00000000 00:00 0 
31aff000-31bfd000 rw-p 00000000 00:00 0          [stack:4503]
31bfd000-31c00000 ---p 00000000 00:00 0 
31c00000-31cfe000 rw-p 00000000 00:00 0          [stack:4502]
31cfe000-31d01000 ---p 00000000 00:00 0 
31d01000-31dff000 rw-p 00000000 00:00 0          [stack:4501]
31dff000-31e02000 ---p 00000000 00:00 0 
31e02000-31f00000 rw-p 00000000 00:00 0          [stack:4500]
31f00000-31f9c000 rw-p 00000000 00:00 0 
31f9c000-32000000 ---p 00000000 00:00 0 
32002000-32005000 r--s 00011000 08:03 1058123    /opt/play-2.1.2/repository/cache/org.mongodb/casbah-gridfs_2.10/jars/casbah-gridfs_2.10-2.6.2.jar
32005000-32008000 r--s 0001a000 08:03 1058124    /opt/play-2.1.2/repository/cache/com.github.nscala-time/nscala-time_2.10/jars/nscala-time_2.10-0.2.0.jar
32008000-3200d000 r--s 00022000 08:03 1058120    /opt/play-2.1.2/repository/cache/org.mongodb/casbah-commons_2.10/jars/casbah-commons_2.10-2.6.2.jar
3200d000-3200f000 r--s 0001b000 08:03 1058115    /opt/play-2.1.2/repository/cache/org.webjars/jquery/jars/jquery-1.9.1.jar
3200f000-32014000 r--s 00016000 08:03 1058119    /opt/play-2.1.2/repository/cache/xml-apis/xml-apis/jars/xml-apis-1.0.b2.jar
32014000-32019000 r--s 00048000 08:03 1058118    /opt/play-2.1.2/repository/cache/dom4j/dom4j/jars/dom4j-1.6.1.jar
32019000-32022000 r--s 00095000 08:03 1058117    /opt/play-2.1.2/repository/cache/javassist/javassist/jars/javassist-3.12.1.GA.jar
32022000-32025000 r--s 00006000 08:03 1055491    /opt/play-2.1.2/repository/local/com.google.code.findbugs/jsr305/1.3.9/jars/jsr305.jar
32025000-32046000 r--s 00172000 08:03 1058116    /opt/play-2.1.2/repository/cache/com.google.guava/guava/jars/guava-11.0.2.jar
32046000-32049000 r--s 00017000 08:03 1056483    /opt/play-2.1.2/repository/local/org.reflections/reflections/0.9.8/jars/reflections.jar
32049000-3204a000 r--s 00001000 08:03 1058114    /opt/play-2.1.2/repository/cache/org.webjars/webjars-play/jars/webjars-play-2.1.0.jar
3204a000-3207d000 r--s 002ce000 08:03 1056528    /opt/play-2.1.2/repository/local/org.scala-lang/scala-reflect/2.10.0/jars/scala-reflect.jar
3207d000-3207e000 r--s 00003000 08:03 1055931    /opt/play-2.1.2/repository/local/javax.transaction/jta/1.1/jars/jta.jar
3207e000-32099000 r--s 0012b000 08:03 1056126    /opt/play-2.1.2/repository/local/net.sf.ehcache/ehcache-core/2.6.0/jars/ehcache-core.jar
32099000-320a8000 r--s 000b0000 08:03 1056357    /opt/play-2.1.2/repository/local/org.codehaus.jackson/jackson-mapper-asl/1.9.10/jars/jackson-mapper-asl.jar
320a8000-320ac000 r--s 00035000 08:03 1056351    /opt/play-2.1.2/repository/local/org.codehaus.jackson/jackson-core-asl/1.9.10/jars/jackson-core-asl.jar
320ac000-320ae000 r--s 0000d000 08:03 1055898    /opt/play-2.1.2/repository/local/commons-logging/commons-logging/1.1.1/jars/commons-logging.jar
320ae000-320b6000 r--s 00040000 08:03 1056222    /opt/play-2.1.2/repository/local/org.apache.httpcomponents/httpclient/4.0.1/jars/httpclient.jar
320b6000-320bb000 r--s 00026000 08:03 1056249    /opt/play-2.1.2/repository/local/org.apache.httpcomponents/httpcore/4.0.1/jars/httpcore.jar
320bb000-320bc000 r--s 00001000 08:03 1056162    /opt/play-2.1.2/repository/local/oauth.signpost/signpost-commonshttp4/1.2.1.2/jars/signpost-commonshttp4.jar
320bc000-320be000 r--s 0000a000 08:03 1055816    /opt/play-2.1.2/repository/local/commons-codec/commons-codec/1.3/jars/commons-codec.jar
320be000-320c1000 r--s 00009000 08:03 1056168    /opt/play-2.1.2/repository/local/oauth.signpost/signpost-core/1.2.1.2/jars/signpost-core.jar
320c1000-320ca000 r--s 0006c000 08:03 1055636    /opt/play-2.1.2/repository/local/com.ning/async-http-client/1.7.6/jars/async-http-client.jar
320ca000-320d0000 r--s 00048000 08:03 1056198    /opt/play-2.1.2/repository/local/org.apache.commons/commons-lang3/3.1/jars/commons-lang3.jar
320d0000-320d2000 r--s 00008000 08:03 1056447    /opt/play-2.1.2/repository/local/org.joda/joda-convert/1.2/jars/joda-convert.jar
320d2000-320e2000 r--s 0007c000 08:03 1055973    /opt/play-2.1.2/repository/local/joda-time/joda-time/2.1/jars/joda-time.jar
320e2000-320ff000 r--s 001b2000 08:03 1055707    /opt/play-2.1.2/repository/local/com.typesafe.akka/akka-actor_2.10/2.1.0/bundles/akka-actor_2.10.jar
320ff000-32102000 ---p 00000000 00:00 0 
32102000-32200000 rw-p 00000000 00:00 0          [stack:4499]
32200000-322fd000 rw-p 00000000 00:00 0 
322fd000-32300000 ---p 00000000 00:00 0 
32302000-32306000 r--s 00036000 08:03 1058121    /opt/play-2.1.2/repository/cache/org.mongodb/casbah-core_2.10/jars/casbah-core_2.10-2.6.2.jar
32306000-32308000 r--s 00005000 08:03 1056849    /opt/play-2.1.2/repository/local/org.slf4j/slf4j-api/1.7.2/jars/slf4j-api.jar
32308000-3230e000 r--s 00038000 08:03 1055379    /opt/play-2.1.2/repository/local/ch.qos.logback/logback-classic/1.0.7/jars/logback-classic.jar
3230e000-32316000 r--s 00051000 08:03 1055389    /opt/play-2.1.2/repository/local/ch.qos.logback/logback-core/1.0.7/jars/logback-core.jar
32316000-32318000 r--s 00003000 08:03 1056828    /opt/play-2.1.2/repository/local/org.slf4j/jcl-over-slf4j/1.6.6/jars/jcl-over-slf4j.jar
32318000-32319000 r--s 00001000 08:03 1056834    /opt/play-2.1.2/repository/local/org.slf4j/jul-to-slf4j/1.6.6/jars/jul-to-slf4j.jar
32319000-3231b000 r--s 00009000 08:03 1056408    /opt/play-2.1.2/repository/local/org.hamcrest/hamcrest-core/1.3/jars/hamcrest-core.jar
3231b000-32321000 r--s 00036000 08:03 1055993    /opt/play-2.1.2/repository/local/junit/junit/4.11/jars/junit.jar
32321000-32322000 r--s 00001000 08:03 1055732    /opt/play-2.1.2/repository/local/com.typesafe.netty/netty-http-pipelining/1.0.0/jars/netty-http-pipelining.jar
32322000-3233a000 r--s 0010e000 08:03 1055905    /opt/play-2.1.2/repository/local/io.netty/netty/3.6.3.Final/bundles/netty.jar
3233a000-3233e000 r--s 0002a000 08:03 1055654    /opt/play-2.1.2/repository/local/com.typesafe/config/1.0.0/bundles/config.jar
3233e000-32346000 r--s 0008d000 08:03 1056729    /opt/play-2.1.2/repository/local/org.scala-stm/scala-stm_2.10.0/0.6/jars/scala-stm_2.10.0.jar
32346000-32355000 r--s 0008e000 08:03 1057023    /opt/play-2.1.2/repository/local/play/play-iteratees_2.10/2.1.2/jars/play-iteratees_2.10.jar
32355000-3236a000 r--s 00128000 08:03 1055430    /opt/play-2.1.2/repository/local/com.github.scala-incubator.io/scala-io-core_2.10/0.4.2/jars/scala-io-core_2.10.jar
3236a000-32372000 r--s 00063000 08:03 1055460    /opt/play-2.1.2/repository/local/com.github.scala-incubator.io/scala-io-file_2.10/0.4.2/jars/scala-io-file_2.10.jar
32372000-32375000 r--s 00011000 08:03 1058123    /opt/play-2.1.2/repository/cache/org.mongodb/casbah-gridfs_2.10/jars/casbah-gridfs_2.10-2.6.2.jar
32375000-3237b000 r--s 00032000 08:03 1058122    /opt/play-2.1.2/repository/cache/org.mongodb/casbah-query_2.10/jars/casbah-query_2.10-2.6.2.jar
3237b000-3237f000 r--s 00036000 08:03 1058121    /opt/play-2.1.2/repository/cache/org.mongodb/casbah-core_2.10/jars/casbah-core_2.10-2.6.2.jar
3237f000-32387000 r--s 0005f000 08:03 1058125    /opt/play-2.1.2/repository/cache/org.mongodb/mongo-java-driver/jars/mongo-java-driver-2.11.2.jar
32387000-3238a000 r--s 0001a000 08:03 1058124    /opt/play-2.1.2/repository/cache/com.github.nscala-time/nscala-time_2.10/jars/nscala-time_2.10-0.2.0.jar
3238a000-3238f000 r--s 00022000 08:03 1058120    /opt/play-2.1.2/repository/cache/org.mongodb/casbah-commons_2.10/jars/casbah-commons_2.10-2.6.2.jar
3238f000-32391000 r--s 0001b000 08:03 1058115    /opt/play-2.1.2/repository/cache/org.webjars/jquery/jars/jquery-1.9.1.jar
32391000-32396000 r--s 00016000 08:03 1058119    /opt/play-2.1.2/repository/cache/xml-apis/xml-apis/jars/xml-apis-1.0.b2.jar
32396000-3239b000 r--s 00048000 08:03 1058118    /opt/play-2.1.2/repository/cache/dom4j/dom4j/jars/dom4j-1.6.1.jar
3239b000-323a4000 r--s 00095000 08:03 1058117    /opt/play-2.1.2/repository/cache/javassist/javassist/jars/javassist-3.12.1.GA.jar
323a4000-323a7000 r--s 00006000 08:03 1055491    /opt/play-2.1.2/repository/local/com.google.code.findbugs/jsr305/1.3.9/jars/jsr305.jar
323a7000-323c8000 r--s 00172000 08:03 1058116    /opt/play-2.1.2/repository/cache/com.google.guava/guava/jars/guava-11.0.2.jar
323c8000-323cb000 r--s 00017000 08:03 1056483    /opt/play-2.1.2/repository/local/org.reflections/reflections/0.9.8/jars/reflections.jar
323cb000-323cc000 r--s 00001000 08:03 1058114    /opt/play-2.1.2/repository/cache/org.webjars/webjars-play/jars/webjars-play-2.1.0.jar
323cc000-323ff000 r--s 002ce000 08:03 1056528    /opt/play-2.1.2/repository/local/org.scala-lang/scala-reflect/2.10.0/jars/scala-reflect.jar
323ff000-32400000 r--s 00003000 08:03 1055931    /opt/play-2.1.2/repository/local/javax.transaction/jta/1.1/jars/jta.jar
32400000-324fb000 rw-p 00000000 00:00 0 
324fb000-32500000 ---p 00000000 00:00 0 
32500000-325fd000 rw-p 00000000 00:00 0 
325fd000-32600000 ---p 00000000 00:00 0 
32600000-32602000 r--s 00002000 08:03 1055717    /opt/play-2.1.2/repository/local/com.typesafe.akka/akka-slf4j_2.10/2.1.0/bundles/akka-slf4j_2.10.jar
32602000-32605000 r--s 00010000 08:03 1055625    /opt/play-2.1.2/repository/local/com.jsuereth/scala-arm_2.10/1.3/jars/scala-arm_2.10.jar
32605000-32607000 r--s 00008000 08:03 1057203    /opt/play-2.1.2/repository/local/play/templates_2.10/2.1.2/jars/templates_2.10.jar
32607000-32609000 r--s 00000000 08:03 1056993    /opt/play-2.1.2/repository/local/play/play-exceptions/2.1.2/jars/play-exceptions.jar
32609000-32612000 r--s 00098000 08:03 1056432    /opt/play-2.1.2/repository/local/org.javassist/javassist/3.16.1-GA/jars/javassist.jar
32612000-32614000 r--s 00001000 08:03 1057167    /opt/play-2.1.2/repository/local/play/sbt-link/2.1.2/jars/sbt-link.jar
32614000-3266e000 r--s 0041f000 08:03 1057128    /opt/play-2.1.2/repository/local/play/play_2.10/2.1.2/jars/play_2.10.jar
3266e000-32670000 r--s 00006000 08:03 1700729    /usr/share/java/java-atk-wrapper.jar
32670000-32673000 r--s 00032000 08:03 1314661    /usr/lib/jvm/java-7-openjdk-common/jre/lib/ext/sunjce_provider.jar
32673000-32677000 r--s 00085000 08:03 1314583    /usr/lib/jvm/java-7-openjdk-common/jre/lib/ext/localedata.jar
32677000-32679000 r--s 00012000 08:03 1314643    /usr/lib/jvm/java-7-openjdk-common/jre/lib/ext/zipfs.jar
32679000-3267c000 r--s 0003c000 08:03 1314663    /usr/lib/jvm/java-7-openjdk-common/jre/lib/ext/sunpkcs11.jar
3267c000-3267f000 r--s 0000f000 08:03 1311855    /usr/lib/jvm/java-7-openjdk-common/jre/lib/ext/pulse-java.jar
3267f000-3268c000 r--s 00107000 08:03 1314670    /usr/lib/jvm/java-7-openjdk-common/jre/lib/rhino.jar
3268c000-32697000 r--s 001fb000 08:03 1314669    /usr/lib/jvm/java-7-openjdk-common/jre/lib/charsets.jar
32697000-32699000 r--s 00015000 08:03 1314671    /usr/lib/jvm/java-7-openjdk-common/jre/lib/jce.jar
32699000-3269e000 r--s 0004c000 08:03 1310129    /usr/lib/jvm/java-7-openjdk-common/jre/lib/jsse.jar
3269e000-326b9000 r--s 0012b000 08:03 1056126    /opt/play-2.1.2/repository/local/net.sf.ehcache/ehcache-core/2.6.0/jars/ehcache-core.jar
326b9000-326c8000 r--s 000b0000 08:03 1056357    /opt/play-2.1.2/repository/local/org.codehaus.jackson/jackson-mapper-asl/1.9.10/jars/jackson-mapper-asl.jar
326c8000-326cc000 r--s 00035000 08:03 1056351    /opt/play-2.1.2/repository/local/org.codehaus.jackson/jackson-core-asl/1.9.10/jars/jackson-core-asl.jar
326cc000-326d4000 r--s 00040000 08:03 1056222    /opt/play-2.1.2/repository/local/org.apache.httpcomponents/httpclient/4.0.1/jars/httpclient.jar
326d4000-326d9000 r--s 00026000 08:03 1056249    /opt/play-2.1.2/repository/local/org.apache.httpcomponents/httpcore/4.0.1/jars/httpcore.jar
326d9000-326da000 r--s 00001000 08:03 1056162    /opt/play-2.1.2/repository/local/oauth.signpost/signpost-commonshttp4/1.2.1.2/jars/signpost-commonshttp4.jar
326da000-326dc000 r--s 0000a000 08:03 1055816    /opt/play-2.1.2/repository/local/commons-codec/commons-codec/1.3/jars/commons-codec.jar
326dc000-326df000 r--s 00009000 08:03 1056168    /opt/play-2.1.2/repository/local/oauth.signpost/signpost-core/1.2.1.2/jars/signpost-core.jar
326df000-326e8000 r--s 0006c000 08:03 1055636    /opt/play-2.1.2/repository/local/com.ning/async-http-client/1.7.6/jars/async-http-client.jar
326e8000-326ee000 r--s 00048000 08:03 1056198    /opt/play-2.1.2/repository/local/org.apache.commons/commons-lang3/3.1/jars/commons-lang3.jar
326ee000-326f0000 r--s 00008000 08:03 1056447    /opt/play-2.1.2/repository/local/org.joda/joda-convert/1.2/jars/joda-convert.jar
326f0000-32700000 r--s 0007c000 08:03 1055973    /opt/play-2.1.2/repository/local/joda-time/joda-time/2.1/jars/joda-time.jar
32700000-3274d000 rw-p 00000000 00:00 0 
3274d000-32800000 ---p 00000000 00:00 0 
32800000-328fe000 rw-p 00000000 00:00 0 
328fe000-32900000 ---p 00000000 00:00 0 
32900000-329fb000 rw-p 00000000 00:00 0 
329fb000-32a00000 ---p 00000000 00:00 0 
32a01000-32a0a000 r--s 000bc000 08:03 1314681    /usr/lib/jvm/java-7-openjdk-common/jre/lib/resources.jar
32a0a000-32a0e000 r--s 0002a000 08:03 1057717    /opt/play-2.1.2/framework/sbt/boot/scala-2.9.2/org.scala-sbt/sbt/0.12.2/compiler-interface-bin_2.10.0/compiler-interface-bin-0.12.2.jar
32a0e000-32a10000 r--s 00005000 08:03 1056849    /opt/play-2.1.2/repository/local/org.slf4j/slf4j-api/1.7.2/jars/slf4j-api.jar
32a10000-32a12000 r--s 00002000 08:03 1055717    /opt/play-2.1.2/repository/local/com.typesafe.akka/akka-slf4j_2.10/2.1.0/bundles/akka-slf4j_2.10.jar
32a12000-32a2f000 r--s 001b2000 08:03 1055707    /opt/play-2.1.2/repository/local/com.typesafe.akka/akka-actor_2.10/2.1.0/bundles/akka-actor_2.10.jar
32a2f000-32a35000 r--s 00038000 08:03 1055379    /opt/play-2.1.2/repository/local/ch.qos.logback/logback-classic/1.0.7/jars/logback-classic.jar
32a35000-32a3d000 r--s 00051000 08:03 1055389    /opt/play-2.1.2/repository/local/ch.qos.logback/logback-core/1.0.7/jars/logback-core.jar
32a3d000-32a3f000 r--s 00003000 08:03 1056828    /opt/play-2.1.2/repository/local/org.slf4j/jcl-over-slf4j/1.6.6/jars/jcl-over-slf4j.jar
32a3f000-32a40000 r--s 00001000 08:03 1056834    /opt/play-2.1.2/repository/local/org.slf4j/jul-to-slf4j/1.6.6/jars/jul-to-slf4j.jar
32a40000-32a42000 r--s 00009000 08:03 1056408    /opt/play-2.1.2/repository/local/org.hamcrest/hamcrest-core/1.3/jars/hamcrest-core.jar
32a42000-32a48000 r--s 00036000 08:03 1055993    /opt/play-2.1.2/repository/local/junit/junit/4.11/jars/junit.jar
32a48000-32a4a000 r-xp 00000000 08:03 279596     /home/allen/workspace/hs-test/target/native_libraries/32bits/libjnotify.so
32a4a000-32a4b000 rw-p 00001000 08:03 279596     /home/allen/workspace/hs-test/target/native_libraries/32bits/libjnotify.so
32a4b000-32a63000 r--s 0010e000 08:03 1055905    /opt/play-2.1.2/repository/local/io.netty/netty/3.6.3.Final/bundles/netty.jar
32a63000-32a6b000 r--s 0008d000 08:03 1056729    /opt/play-2.1.2/repository/local/org.scala-stm/scala-stm_2.10.0/0.6/jars/scala-stm_2.10.0.jar
32a6b000-32a80000 r--s 00128000 08:03 1055430    /opt/play-2.1.2/repository/local/com.github.scala-incubator.io/scala-io-core_2.10/0.4.2/jars/scala-io-core_2.10.jar
32a80000-32ada000 r--s 0041f000 08:03 1057128    /opt/play-2.1.2/repository/local/play/play_2.10/2.1.2/jars/play_2.10.jar
32ada000-32b0d000 r--s 002ce000 08:03 1057881    /opt/play-2.1.2/framework/sbt/boot/scala-2.10.0/lib/scala-reflect.jar
32b0d000-32c00000 r--s 00c8c000 08:03 1057885    /opt/play-2.1.2/framework/sbt/boot/scala-2.10.0/lib/scala-compiler.jar
32c00000-32cf6000 rw-p 00000000 00:00 0 
32cf6000-32d00000 ---p 00000000 00:00 0 
32d01000-32d10000 r--s 0008e000 08:03 1057023    /opt/play-2.1.2/repository/local/play/play-iteratees_2.10/2.1.2/jars/play-iteratees_2.10.jar
32d10000-32d14000 r--s 00025000 08:03 1057883    /opt/play-2.1.2/framework/sbt/boot/scala-2.10.0/lib/jline.jar
32d14000-32d17000 r--s 00018000 08:03 1057884    /opt/play-2.1.2/framework/sbt/boot/scala-2.10.0/lib/jansi.jar
32d17000-32d88000 r--s 00658000 08:03 1057882    /opt/play-2.1.2/framework/sbt/boot/scala-2.10.0/lib/scala-library.jar
32d88000-32dee000 r--s 003df000 08:03 1056753    /opt/play-2.1.2/repository/local/org.scalaz/scalaz-core_2.9.2/6.0.4/jars/scalaz-core_2.9.2.jar
32dee000-32df4000 r--s 00039000 08:03 1057871    /opt/play-2.1.2/repository/cache/scala_2.9.2/sbt_0.12/com.typesafe.sbteclipse/sbteclipse-core/jars/sbteclipse-core-2.1.1.jar
32df4000-32df5000 r--s 00001000 08:03 1057869    /opt/play-2.1.2/repository/cache/scala_2.9.2/sbt_0.12/com.typesafe.sbteclipse/sbteclipse-plugin/jars/sbteclipse-plugin-2.1.1.jar
32df5000-32df8000 r--s 0009f000 08:03 1056034    /opt/play-2.1.2/repository/local/net.contentobjects.jnotify/jnotify/0.94/jars/jnotify.jar
32df8000-32df9000 r--s 00004000 08:03 1055298    /opt/play-2.1.2/repository/local/asm/asm-analysis/3.3.1/jars/asm-analysis.jar
32df9000-32dfb000 r--s 00004000 08:03 1055338    /opt/play-2.1.2/repository/local/asm/asm-tree/3.3.1/jars/asm-tree.jar
32dfb000-32dfd000 r--s 00008000 08:03 1055357    /opt/play-2.1.2/repository/local/asm/asm-util/3.3.1/jars/asm-util.jar
32dfd000-32dfe000 r--s 0000a000 08:03 1055288    /opt/play-2.1.2/repository/local/asm/asm/3.3.1/jars/asm.jar
32dfe000-32e00000 r--s 00013000 08:03 1056471    /opt/play-2.1.2/repository/local/org.parboiled/parboiled-java/1.0.2/jars/parboiled-java.jar
32e00000-32f00000 rw-p 00000000 00:00 0 
32f01000-32f06000 r--s 0002f000 08:03 1056465    /opt/play-2.1.2/repository/local/org.parboiled/parboiled-core/1.0.2/jars/parboiled-core.jar
32f06000-32f08000 r--s 0000d000 08:03 1056477    /opt/play-2.1.2/repository/local/org.pegdown/pegdown/1.1.0/jars/pegdown.jar
32f08000-32f12000 r--s 0012f000 08:03 1055567    /opt/play-2.1.2/repository/local/com.h2database/h2/1.3.168/jars/h2.jar
32f12000-32f2b000 r--s 0014c000 08:03 1056309    /opt/play-2.1.2/repository/local/org.avaje.ebeanorm/avaje-ebeanorm-server/3.1.2/jars/avaje-ebeanorm-server.jar
32f2b000-32f2e000 r--s 0002a000 08:03 1056297    /opt/play-2.1.2/repository/local/org.avaje.ebeanorm/avaje-ebeanorm-agent/3.2.1/jars/avaje-ebeanorm-agent.jar
32f2e000-32f36000 r--s 0003f000 08:03 1056303    /opt/play-2.1.2/repository/local/org.avaje.ebeanorm/avaje-ebeanorm-api/3.1.1/jars/avaje-ebeanorm-api.jar
32f36000-32f37000 r--s 00000000 08:03 1056291    /opt/play-2.1.2/repository/local/org.avaje.ebeanorm/avaje-ebeanorm/3.1.2/jars/avaje-ebeanorm.jar
32f37000-32f55000 r--s 00151000 08:03 1055511    /opt/play-2.1.2/repository/local/com.google.guava/guava/10.0.1/jars/guava.jar
32f55000-32f86000 r--s 0030d000 08:03 1055556    /opt/play-2.1.2/repository/local/com.google.javascript/closure-compiler/rr2079.1/jars/closure-compiler.jar
32f86000-32f8f000 r--s 000cc000 08:03 1057218    /opt/play-2.1.2/repository/local/rhino/js/1.7R2/jars/js.jar
32f8f000-32f93000 r--s 0002a000 08:03 1055654    /opt/play-2.1.2/repository/local/com.typesafe/config/1.0.0/bundles/config.jar
32f93000-32fa9000 r--s 00132000 08:03 1055440    /opt/play-2.1.2/repository/local/com.github.scala-incubator.io/scala-io-core_2.9.1/0.4.0-seq/jars/scala-io-core_2.9.1.jar
32fa9000-32fb0000 r--s 00058000 08:03 1055470    /opt/play-2.1.2/repository/local/com.github.scala-incubator.io/scala-io-file_2.9.1/0.4.0-seq/jars/scala-io-file_2.9.1.jar
32fb0000-32fb4000 r--s 00031000 08:03 1055578    /opt/play-2.1.2/repository/local/com.jcraft/jsch/0.1.44-1/jars/jsch.jar
32fb4000-32fce000 r--s 0015d000 08:03 1056378    /opt/play-2.1.2/repository/local/org.eclipse.jgit/org.eclipse.jgit/1.3.0.201202151440-r/jars/org.eclipse.jgit.jar
32fce000-32fd0000 r--s 00002000 08:03 1056055    /opt/play-2.1.2/repository/local/net.databinder/dispatch-futures_2.9.1/0.8.6/jars/dispatch-futures_2.9.1.jar
32fd0000-32fd2000 r--s 0000d000 08:03 1055825    /opt/play-2.1.2/repository/local/commons-codec/commons-codec/1.4/jars/commons-codec.jar
32fd2000-32fd4000 r--s 0000d000 08:03 1055898    /opt/play-2.1.2/repository/local/commons-logging/commons-logging/1.1.1/jars/commons-logging.jar
32fd4000-32fd9000 r--s 00028000 08:03 1056255    /opt/play-2.1.2/repository/local/org.apache.httpcomponents/httpcore/4.1.2/jars/httpcore.jar
32fd9000-32fe1000 r--s 0004e000 08:03 1056228    /opt/play-2.1.2/repository/local/org.apache.httpcomponents/httpclient/4.1.2/jars/httpclient.jar
32fe1000-32fe5000 r--s 0001a000 08:03 1056045    /opt/play-2.1.2/repository/local/net.databinder/dispatch-core_2.9.1/0.8.6/jars/dispatch-core_2.9.1.jar
32fe5000-32fe6000 r--s 00007000 08:03 1056065    /opt/play-2.1.2/repository/local/net.databinder/dispatch-http_2.9.1/0.8.6/jars/dispatch-http_2.9.1.jar
32fe6000-32fe8000 r--s 0000e000 08:03 1056023    /opt/play-2.1.2/repository/local/me.lessis/ls_2.9.1/0.1.2-RC2/jars/ls_2.9.1.jar
32fe8000-32fed000 r--s 00068000 08:03 1055268    /opt/play-2.1.2/repository/local/antlr/antlr/2.7.7/jars/antlr.jar
32fed000-32ff0000 r--s 00022000 08:03 1056174    /opt/play-2.1.2/repository/local/org.antlr/stringtemplate/3.2.1/jars/stringtemplate.jar
32ff0000-32ff2000 r--s 00005000 08:03 1056840    /opt/play-2.1.2/repository/local/org.slf4j/slf4j-api/1.6.2/jars/slf4j-api.jar
32ff2000-32ff3000 r--s 00001000 08:03 1056339    /opt/play-2.1.2/repository/local/org.clapper/grizzled-slf4j_2.9.1/0.6.5/jars/grizzled-slf4j_2.9.1.jar
32ff3000-32ff5000 r--s 00008000 08:03 1055308    /opt/play-2.1.2/repository/local/asm/asm-commons/3.3/jars/asm-commons.jar
32ff5000-32ff8000 r--s 00016000 08:03 1056327    /opt/play-2.1.2/repository/local/org.clapper/classutil_2.9.1/0.4.2/jars/classutil_2.9.1.jar
32ff8000-32ffb000 r--s 0001b000 08:03 1055984    /opt/play-2.1.2/repository/local/junit/junit/3.8.1/jars/junit.jar
32ffb000-32ffe000 ---p 00000000 00:00 0 
32ffe000-330fc000 rw-p 00000000 00:00 0          [stack:4495]
330fc000-330ff000 ---p 00000000 00:00 0 
330ff000-331fd000 rw-p 00000000 00:00 0          [stack:4497]
331fd000-33200000 ---p 00000000 00:00 0 
33200000-332fe000 rw-p 00000000 00:00 0          [stack:4494]
332fe000-33301000 ---p 00000000 00:00 0 
33301000-333ff000 rw-p 00000000 00:00 0          [stack:4498]
333ff000-33402000 ---p 00000000 00:00 0 
33402000-33500000 rw-p 00000000 00:00 0          [stack:4496]
33500000-335fe000 rw-p 00000000 00:00 0 
335fe000-33600000 ---p 00000000 00:00 0 
33600000-336ff000 rw-p 00000000 00:00 0 
336ff000-33700000 ---p 00000000 00:00 0 
33700000-337fb000 rw-p 00000000 00:00 0 
337fb000-33800000 ---p 00000000 00:00 0 
33800000-33900000 rw-p 00000000 00:00 0 
33900000-339fa000 rw-p 00000000 00:00 0 
339fa000-33a00000 ---p 00000000 00:00 0 
33a00000-33b00000 rw-p 00000000 00:00 0 
33b00000-33bf7000 rw-p 00000000 00:00 0 
33bf7000-33c00000 ---p 00000000 00:00 0 
33c00000-33d00000 rw-p 00000000 00:00 0 
33d00000-33df7000 rw-p 00000000 00:00 0 
33df7000-33e00000 ---p 00000000 00:00 0 
33e00000-33efc000 rw-p 00000000 00:00 0 
33efc000-33f00000 ---p 00000000 00:00 0 
33f00000-33ffe000 rw-p 00000000 00:00 0 
33ffe000-34000000 ---p 00000000 00:00 0 
34000000-340fc000 rw-p 00000000 00:00 0 
340fc000-34100000 ---p 00000000 00:00 0 
34100000-341ff000 rw-p 00000000 00:00 0 
341ff000-34200000 ---p 00000000 00:00 0 
34200000-34202000 r--s 00014000 08:03 1055953    /opt/play-2.1.2/repository/local/jline/jline/0.9.94/jars/jline.jar
34202000-3420b000 r--s 00065000 08:03 1056333    /opt/play-2.1.2/repository/local/org.clapper/grizzled-scala_2.9.1/1.0.8/jars/grizzled-scala_2.9.1.jar
3420b000-3420c000 r--s 00004000 08:03 1056345    /opt/play-2.1.2/repository/local/org.clapper/scalasti_2.9.1/0.5.5/jars/scalasti_2.9.1.jar
3420c000-3420e000 r--s 00013000 08:03 1056076    /opt/play-2.1.2/repository/local/net.databinder.giter8/giter8-lib_2.9.1/0.5.0/jars/giter8-lib_2.9.1.jar
3420e000-34210000 r--s 00005000 08:03 1056086    /opt/play-2.1.2/repository/local/net.databinder.giter8/giter8_2.9.1/0.5.0/jars/giter8_2.9.1.jar
34210000-34212000 r--s 0000a000 08:03 1056963    /opt/play-2.1.2/repository/local/play/console_2.9.2/2.1.2/jars/console_2.9.2.jar
34212000-3421c000 r--s 00047000 08:03 1057194    /opt/play-2.1.2/repository/local/play/templates-compiler_2.9.2/2.1.2/jars/templates-compiler_2.9.2.jar
3421c000-34239000 r--s 001a5000 08:03 1055701    /opt/play-2.1.2/repository/local/com.typesafe.akka/akka-actor/2.0.1/jars/akka-actor.jar
34239000-34300000 r--s 00a25000 08:03 1057739    /opt/play-2.1.2/framework/sbt/boot/scala-2.9.2/lib/scala-compiler.jar
34300000-34400000 rw-p 00000000 00:00 0 
34401000-34409000 r--s 00063000 08:03 1055460    /opt/play-2.1.2/repository/local/com.github.scala-incubator.io/scala-io-file_2.10/0.4.2/jars/scala-io-file_2.10.jar
34409000-3440b000 r--s 0000f000 08:03 1055406    /opt/play-2.1.2/repository/local/com.github.jsuereth.scala-arm/scala-arm_2.9.1/1.1/jars/scala-arm_2.9.1.jar
3440b000-34422000 r--s 00146000 08:03 1055450    /opt/play-2.1.2/repository/local/com.github.scala-incubator.io/scala-io-core_2.9.2/0.4.1/jars/scala-io-core_2.9.2.jar
34422000-3451c000 r-xp 00000000 08:03 272352     /lib/i386-linux-gnu/libglib-2.0.so.0.3400.1
3451c000-3451d000 r--p 000f9000 08:03 272352     /lib/i386-linux-gnu/libglib-2.0.so.0.3400.1
3451d000-3451e000 rw-p 000fa000 08:03 272352     /lib/i386-linux-gnu/libglib-2.0.so.0.3400.1
3451e000-34679000 r-xp 00000000 08:03 1308524    /usr/lib/i386-linux-gnu/libgio-2.0.so.0.3400.1
34679000-3467b000 r--p 0015b000 08:03 1308524    /usr/lib/i386-linux-gnu/libgio-2.0.so.0.3400.1
3467b000-3467c000 rw-p 0015d000 08:03 1308524    /usr/lib/i386-linux-gnu/libgio-2.0.so.0.3400.1
3467c000-3467d000 rw-p 00000000 00:00 0 
3467d000-3467e000 ---p 00000000 00:00 0 
3467e000-346fe000 rw-p 00000000 00:00 0          [stack:4456]
346fe000-34701000 ---p 00000000 00:00 0 
34701000-347ff000 rw-p 00000000 00:00 0          [stack:4455]
347ff000-34802000 ---p 00000000 00:00 0 
34802000-34900000 rw-p 00000000 00:00 0          [stack:4452]
34900000-349f7000 rw-p 00000000 00:00 0 
349f7000-34a00000 ---p 00000000 00:00 0 
34a01000-34a04000 r--s 00010000 08:03 1055625    /opt/play-2.1.2/repository/local/com.jsuereth/scala-arm_2.10/1.3/jars/scala-arm_2.10.jar
34a04000-34a06000 r--s 00008000 08:03 1057203    /opt/play-2.1.2/repository/local/play/templates_2.10/2.1.2/jars/templates_2.10.jar
34a06000-34a09000 r--s 00024000 08:03 1055867    /opt/play-2.1.2/repository/local/commons-io/commons-io/2.0.1/jars/commons-io.jar
34a09000-34a11000 r--s 00046000 08:03 1057870    /opt/play-2.1.2/repository/cache/scala_2.9.2/sbt_0.12/com.typesafe.sbtidea/sbt-idea/jars/sbt-idea-1.1.1.jar
34a11000-34a18000 r--s 00059000 08:03 1055480    /opt/play-2.1.2/repository/local/com.github.scala-incubator.io/scala-io-file_2.9.2/0.4.1/jars/scala-io-file_2.9.2.jar
34a18000-34a24000 r--s 0005d000 08:03 1057158    /opt/play-2.1.2/repository/local/play/routes-compiler_2.9.2/2.1.2/jars/routes-compiler_2.9.2.jar
34a24000-34a26000 r--s 00000000 08:03 1056993    /opt/play-2.1.2/repository/local/play/play-exceptions/2.1.2/jars/play-exceptions.jar
34a26000-34a2f000 r--s 00098000 08:03 1056432    /opt/play-2.1.2/repository/local/org.javassist/javassist/3.16.1-GA/jars/javassist.jar
34a2f000-34a3e000 r--s 000c7000 08:03 1057868    /opt/play-2.1.2/repository/cache/scala_2.9.2/sbt_0.12/play/sbt-plugin/jars/sbt-plugin-2.1.2.jar
34a3e000-34a47000 r--s 000bc000 08:03 1314681    /usr/lib/jvm/java-7-openjdk-common/jre/lib/resources.jar
34a47000-34a4c000 r--s 0004c000 08:03 1310129    /usr/lib/jvm/java-7-openjdk-common/jre/lib/jsse.jar
34a4c000-34a4f000 ---p 00000000 00:00 0 
34a4f000-34acd000 rw-p 00000000 00:00 0          [stack:4454]
34acd000-34bff000 r--p 004a5000 08:03 1316961    /usr/lib/locale/locale-archive
34bff000-34dff000 r--p 00000000 08:03 1316961    /usr/lib/locale/locale-archive
34dff000-34e02000 ---p 00000000 00:00 0 
34e02000-34f00000 rw-p 00000000 00:00 0          [stack:4451]
34f00000-34f72000 rw-p 00000000 00:00 0 
34f72000-35000000 ---p 00000000 00:00 0 
35000000-35001000 rw-p 00000000 00:00 0 
35001000-35004000 r--s 00008000 08:03 1057698    /opt/play-2.1.2/framework/sbt/boot/scala-2.9.2/org.scala-sbt/sbt/0.12.2/xsbti/interface-0.12.2.jar
35004000-3500b000 r--s 0004f000 08:03 1057714    /opt/play-2.1.2/framework/sbt/boot/scala-2.9.2/org.scala-sbt/sbt/0.12.2/completion-0.12.2.jar
3500b000-3500d000 r--s 00013000 08:03 1057704    /opt/play-2.1.2/framework/sbt/boot/scala-2.9.2/org.scala-sbt/sbt/0.12.2/testing-0.12.2.jar
3500d000-3500f000 r--s 0000a000 08:03 1057692    /opt/play-2.1.2/framework/sbt/boot/scala-2.9.2/org.scala-sbt/sbt/0.12.2/compiler-integration-0.12.2.jar
3500f000-35011000 r--s 00002000 08:03 1057721    /opt/play-2.1.2/framework/sbt/boot/scala-2.9.2/org.scala-sbt/sbt/0.12.2/control-0.12.2.jar
35011000-35026000 r--s 00114000 08:03 1057716    /opt/play-2.1.2/framework/sbt/boot/scala-2.9.2/org.scala-sbt/sbt/0.12.2/ivy-2.3.0-rc1.jar
35026000-35028000 r--s 00000000 08:03 1057728    /opt/play-2.1.2/framework/sbt/boot/scala-2.9.2/org.scala-sbt/sbt/0.12.2/test-interface-0.5.jar
35028000-3502b000 r--s 0001e000 08:03 1057725    /opt/play-2.1.2/framework/sbt/boot/scala-2.9.2/org.scala-sbt/sbt/0.12.2/compile-0.12.2.jar
3502b000-3502e000 r--s 00022000 08:03 1057730    /opt/play-2.1.2/framework/sbt/boot/scala-2.9.2/org.scala-sbt/sbt/0.12.2/sbinary_2.9.0-0.4.0.jar
3502e000-35030000 r--s 00015000 08:03 1057705    /opt/play-2.1.2/framework/sbt/boot/scala-2.9.2/org.scala-sbt/sbt/0.12.2/jline-1.0.jar
35030000-35033000 r--s 00011000 08:03 1057731    /opt/play-2.1.2/framework/sbt/boot/scala-2.9.2/org.scala-sbt/sbt/0.12.2/classfile-0.12.2.jar
35033000-3503b000 r--s 0004d000 08:03 1057718    /opt/play-2.1.2/framework/sbt/boot/scala-2.9.2/org.scala-sbt/sbt/0.12.2/api-0.12.2.jar
3503b000-35041000 r--s 0003b000 08:03 1057706    /opt/play-2.1.2/framework/sbt/boot/scala-2.9.2/org.scala-sbt/sbt/0.12.2/io-0.12.2.jar
35041000-35043000 r--s 00001000 08:03 1057696    /opt/play-2.1.2/framework/sbt/boot/scala-2.9.2/org.scala-sbt/sbt/0.12.2/compiler-ivy-integration-0.12.2.jar
35043000-35047000 r--s 0001c000 08:03 1057715    /opt/play-2.1.2/framework/sbt/boot/scala-2.9.2/org.scala-sbt/sbt/0.12.2/persist-0.12.2.jar
35047000-3504a000 r--s 0001a000 08:03 1057712    /opt/play-2.1.2/framework/sbt/boot/scala-2.9.2/org.scala-sbt/sbt/0.12.2/process-0.12.2.jar
3504a000-3504d000 ---p 00000000 00:00 0 
3504d000-3505b000 rw-p 00000000 00:00 0          [stack:4459]
3505b000-3507e000 r--s 001cc000 08:03 1057713    /opt/play-2.1.2/framework/sbt/boot/scala-2.9.2/org.scala-sbt/sbt/0.12.2/main-0.12.2.jar
3507e000-35081000 ---p 00000000 00:00 0 
35081000-350ff000 rw-p 00000000 00:00 0          [stack:4453]
350ff000-35102000 ---p 00000000 00:00 0 
35102000-35200000 rw-p 00000000 00:00 0          [stack:4450]
35200000-352f8000 rw-p 00000000 00:00 0 
352f8000-35300000 ---p 00000000 00:00 0 
35300000-35301000 r--s 00002000 08:03 1310130    /usr/lib/jvm/java-7-openjdk-common/jre/lib/ext/dnsns.jar
35301000-3537f000 r--s 007f5000 08:03 1057741    /opt/play-2.1.2/framework/sbt/boot/scala-2.9.2/lib/scala-library.jar
3537f000-35380000 ---p 00000000 00:00 0 
35380000-35400000 rw-p 00000000 00:00 0          [stack:4449]
35400000-35500000 rw-p 00000000 00:00 0 
35500000-35502000 r--s 00001000 08:03 1057167    /opt/play-2.1.2/repository/local/play/sbt-link/2.1.2/jars/sbt-link.jar
35502000-35505000 r--s 0001b000 08:03 1057722    /opt/play-2.1.2/framework/sbt/boot/scala-2.9.2/org.scala-sbt/sbt/0.12.2/tasks-0.12.2.jar
35505000-35507000 r--s 00013000 08:03 1057693    /opt/play-2.1.2/framework/sbt/boot/scala-2.9.2/org.scala-sbt/sbt/0.12.2/classpath-0.12.2.jar
35507000-3550b000 r--s 00029000 08:03 1057727    /opt/play-2.1.2/framework/sbt/boot/scala-2.9.2/org.scala-sbt/sbt/0.12.2/incremental-compiler-0.12.2.jar
3550b000-35549000 r-xp 00000000 08:03 262413     /lib/i386-linux-gnu/libpcre.so.3.13.1
35549000-3554a000 r--p 0003d000 08:03 262413     /lib/i386-linux-gnu/libpcre.so.3.13.1
3554a000-3554b000 rw-p 0003e000 08:03 262413     /lib/i386-linux-gnu/libpcre.so.3.13.1
3554b000-35593000 rw-p 00000000 00:00 0 
35593000-35740000 r--s 01cec000 08:03 1349124    /usr/lib/jvm/java-7-openjdk-i386/jre/lib/rt.jar
35740000-3a600000 rw-p 00000000 00:00 0 
3a600000-3a6f9000 rw-p 00000000 00:00 0 
3a6f9000-3a700000 ---p 00000000 00:00 0 
3a700000-3a702000 r--s 00009000 08:03 1057697    /opt/play-2.1.2/framework/sbt/boot/scala-2.9.2/org.scala-sbt/sbt/0.12.2/tracking-0.12.2.jar
3a702000-3a705000 r--s 00019000 08:03 1057726    /opt/play-2.1.2/framework/sbt/boot/scala-2.9.2/org.scala-sbt/sbt/0.12.2/cache-0.12.2.jar
3a705000-3a707000 r--s 00008000 08:03 1057703    /opt/play-2.1.2/framework/sbt/boot/scala-2.9.2/org.scala-sbt/sbt/0.12.2/commons-logging-1.0.4.jar
3a707000-3a70c000 r--s 00041000 08:03 1057701    /opt/play-2.1.2/framework/sbt/boot/scala-2.9.2/org.scala-sbt/sbt/0.12.2/actions-0.12.2.jar
3a70c000-3a717000 r--s 00090000 08:03 1057711    /opt/play-2.1.2/framework/sbt/boot/scala-2.9.2/org.scala-sbt/sbt/0.12.2/ivy-0.12.2.jar
3a717000-3a718000 r--s 00002000 08:03 1057707    /opt/play-2.1.2/framework/sbt/boot/scala-2.9.2/org.scala-sbt/sbt/0.12.2/test-agent-0.12.2.jar
3a718000-3a71b000 r--s 00014000 08:03 1057723    /opt/play-2.1.2/framework/sbt/boot/scala-2.9.2/org.scala-sbt/sbt/0.12.2/run-0.12.2.jar
3a71b000-3a71e000 r--s 0001c000 08:03 1057720    /opt/play-2.1.2/framework/sbt/boot/scala-2.9.2/org.scala-sbt/sbt/0.12.2/task-system-0.12.2.jar
3a71e000-3a721000 r--s 00017000 08:03 1057702    /opt/play-2.1.2/framework/sbt/boot/scala-2.9.2/org.scala-sbt/sbt/0.12.2/logging-0.12.2.jar
3a721000-3a725000 r--s 0002e000 08:03 1057729    /opt/play-2.1.2/framework/sbt/boot/scala-2.9.2/org.scala-sbt/sbt/0.12.2/command-0.12.2.jar
3a725000-3a727000 r--s 00006000 08:03 1057709    /opt/play-2.1.2/framework/sbt/boot/scala-2.9.2/org.scala-sbt/sbt/0.12.2/commons-codec-1.2.jar
3a727000-3a729000 r--s 00001000 08:03 1057694    /opt/play-2.1.2/framework/sbt/boot/scala-2.9.2/org.scala-sbt/sbt/0.12.2/launcher-interface-0.12.2.jar
3a729000-3a72f000 r--s 00044000 08:03 1057695    /opt/play-2.1.2/framework/sbt/boot/scala-2.9.2/org.scala-sbt/sbt/0.12.2/collections-0.12.2.jar
3a72f000-3a77d000 r-xp 00000000 08:03 1308548    /usr/lib/i386-linux-gnu/libgobject-2.0.so.0.3400.1
3a77d000-3a77e000 r--p 0004d000 08:03 1308548    /usr/lib/i386-linux-gnu/libgobject-2.0.so.0.3400.1
3a77e000-3a77f000 rw-p 0004e000 08:03 1308548    /usr/lib/i386-linux-gnu/libgobject-2.0.so.0.3400.1
3a77f000-3a780000 ---p 00000000 00:00 0 
3a780000-3a800000 rw-p 00000000 00:00 0          [stack:4448]
3a800000-3a821000 rw-p 00000000 00:00 0 
3a821000-3a900000 ---p 00000000 00:00 0 
3a900000-3a964000 rw-p 00000000 00:00 0 
3a964000-3aa00000 ---p 00000000 00:00 0 
3aa00000-3aa21000 rw-p 00000000 00:00 0 
3aa21000-3ab00000 ---p 00000000 00:00 0 
3ab00000-3ab01000 r--s 00001000 08:03 1055732    /opt/play-2.1.2/repository/local/com.typesafe.netty/netty-http-pipelining/1.0.0/jars/netty-http-pipelining.jar
3ab01000-3ab05000 r--s 00034000 08:03 1057708    /opt/play-2.1.2/framework/sbt/boot/scala-2.9.2/org.scala-sbt/sbt/0.12.2/jsch-0.1.46.jar
3ab05000-3ab18000 r-xp 00000000 08:03 276641     /lib/i386-linux-gnu/libresolv-2.15.so
3ab18000-3ab19000 r--p 00013000 08:03 276641     /lib/i386-linux-gnu/libresolv-2.15.so
3ab19000-3ab1a000 rw-p 00014000 08:03 276641     /lib/i386-linux-gnu/libresolv-2.15.so
3ab1a000-3ab1c000 rw-p 00000000 00:00 0 
3ab1c000-3ab39000 r-xp 00000000 08:03 262432     /lib/i386-linux-gnu/libselinux.so.1
3ab39000-3ab3a000 r--p 0001c000 08:03 262432     /lib/i386-linux-gnu/libselinux.so.1
3ab3a000-3ab3b000 rw-p 0001d000 08:03 262432     /lib/i386-linux-gnu/libselinux.so.1
3ab3b000-3ab3c000 r--s 00004000 08:03 1057719    /opt/play-2.1.2/framework/sbt/boot/scala-2.9.2/org.scala-sbt/sbt/0.12.2/sbt-0.12.2.jar
3ab3c000-3ab4d000 r-xp 00000000 08:03 1340754    /usr/lib/jvm/java-7-openjdk-i386/jre/lib/i386/libnio.so
3ab4d000-3ab4e000 r--p 00010000 08:03 1340754    /usr/lib/jvm/java-7-openjdk-i386/jre/lib/i386/libnio.so
3ab4e000-3ab4f000 rw-p 00011000 08:03 1340754    /usr/lib/jvm/java-7-openjdk-i386/jre/lib/i386/libnio.so
3ab4f000-3ab65000 r-xp 00000000 08:03 1340762    /usr/lib/jvm/java-7-openjdk-i386/jre/lib/i386/libnet.so
3ab65000-3ab66000 r--p 00015000 08:03 1340762    /usr/lib/jvm/java-7-openjdk-i386/jre/lib/i386/libnet.so
3ab66000-3ab67000 rw-p 00016000 08:03 1340762    /usr/lib/jvm/java-7-openjdk-i386/jre/lib/i386/libnet.so
3ab67000-3ab7d000 r--s 000f8000 08:03 1054108    /opt/play-2.1.2/framework/sbt/sbt-launch.jar
3ab7d000-3ab7e000 ---p 00000000 00:00 0 
3ab7e000-3abfe000 rw-p 00000000 00:00 0          [stack:4446]
3abfe000-3abff000 ---p 00000000 00:00 0 
3abff000-3ac94000 rw-p 00000000 00:00 0          [stack:4445]
3ac94000-3ad3f000 rw-p 00000000 00:00 0 
3ad3f000-3adea000 rw-p 00000000 00:00 0 
3adea000-3af3f000 rw-p 00000000 00:00 0 
3af3f000-3af54000 rw-p 00000000 00:00 0 
3af54000-3afff000 rw-p 00000000 00:00 0 
3afff000-3b0aa000 rw-p 00000000 00:00 0 
3b0aa000-3b1ff000 rw-p 00000000 00:00 0 
3b1ff000-3b255000 rw-p 00000000 00:00 0 
3b255000-3b2ff000 rw-p 00000000 00:00 0 
3b2ff000-3dbe0000 rw-p 00000000 00:00 0 
3dbe0000-53300000 rw-p 00000000 00:00 0 
53300000-68860000 rw-p 00000000 00:00 0 
68860000-93300000 rw-p 00000000 00:00 0 
93300000-9dda0000 rw-p 00000000 00:00 0 
9dda0000-b3300000 rw-p 00000000 00:00 0 
b3300000-b3306000 r--s 00045000 08:03 1057699    /opt/play-2.1.2/framework/sbt/boot/scala-2.9.2/org.scala-sbt/sbt/0.12.2/commons-httpclient-3.1.jar
b3306000-b3309000 r--s 00024000 08:03 1057740    /opt/play-2.1.2/framework/sbt/boot/scala-2.9.2/lib/jline.jar
b3309000-b3312000 rw-p 00000000 00:00 0 
b3312000-b33c9000 rw-p 00000000 00:00 0 
b33c9000-b3609000 rwxp 00000000 00:00 0 
b3609000-b63c9000 rw-p 00000000 00:00 0 
b63c9000-b63df000 r-xp 00000000 08:03 274885     /lib/i386-linux-gnu/libnsl-2.15.so
b63df000-b63e0000 r--p 00015000 08:03 274885     /lib/i386-linux-gnu/libnsl-2.15.so
b63e0000-b63e1000 rw-p 00016000 08:03 274885     /lib/i386-linux-gnu/libnsl-2.15.so
b63e1000-b63e3000 rw-p 00000000 00:00 0 
b63e3000-b63ea000 r-xp 00000000 08:03 276809     /lib/i386-linux-gnu/libnss_compat-2.15.so
b63ea000-b63eb000 r--p 00006000 08:03 276809     /lib/i386-linux-gnu/libnss_compat-2.15.so
b63eb000-b63ec000 rw-p 00007000 08:03 276809     /lib/i386-linux-gnu/libnss_compat-2.15.so
b63ec000-b63ef000 r--s 00018000 08:03 1057742    /opt/play-2.1.2/framework/sbt/boot/scala-2.9.2/lib/jansi.jar
b63ef000-b63f4000 r-xp 00000000 08:03 1313120    /usr/lib/i386-linux-gnu/libffi.so.6.0.0
b63f4000-b63f5000 r--p 00005000 08:03 1313120    /usr/lib/i386-linux-gnu/libffi.so.6.0.0
b63f5000-b63f6000 rw-p 00006000 08:03 1313120    /usr/lib/i386-linux-gnu/libffi.so.6.0.0
b63f6000-b63f9000 r-xp 00000000 08:03 1308543    /usr/lib/i386-linux-gnu/libgmodule-2.0.so.0.3400.1
b63f9000-b63fa000 r--p 00002000 08:03 1308543    /usr/lib/i386-linux-gnu/libgmodule-2.0.so.0.3400.1
b63fa000-b63fb000 rw-p 00003000 08:03 1308543    /usr/lib/i386-linux-gnu/libgmodule-2.0.so.0.3400.1
b63fb000-b63fe000 r--s 000cf000 08:03 1057605    /opt/play-2.1.2/framework/sbt/boot/other/net.java.dev.jna/jna/3.2.3/jna-3.2.3.jar
b63fe000-b6400000 r--s 00006000 08:03 1700729    /usr/share/java/java-atk-wrapper.jar
b6400000-b64fc000 rw-p 00000000 00:00 0 
b64fc000-b6500000 ---p 00000000 00:00 0 
b6500000-b6501000 r--s 00002000 08:03 1310130    /usr/lib/jvm/java-7-openjdk-common/jre/lib/ext/dnsns.jar
b6501000-b6504000 r--s 00032000 08:03 1314661    /usr/lib/jvm/java-7-openjdk-common/jre/lib/ext/sunjce_provider.jar
b6504000-b6508000 r--s 00085000 08:03 1314583    /usr/lib/jvm/java-7-openjdk-common/jre/lib/ext/localedata.jar
b6508000-b650b000 r--s 0003c000 08:03 1314663    /usr/lib/jvm/java-7-openjdk-common/jre/lib/ext/sunpkcs11.jar
b650b000-b650e000 r--s 0000f000 08:03 1311855    /usr/lib/jvm/java-7-openjdk-common/jre/lib/ext/pulse-java.jar
b650e000-b650f000 ---p 00000000 00:00 0 
b650f000-b658f000 rw-p 00000000 00:00 0          [stack:4447]
b658f000-b6597000 r-xp 00000000 08:03 1340757    /usr/lib/jvm/java-7-openjdk-i386/jre/lib/i386/libzip.so
b6597000-b6598000 r--p 00007000 08:03 1340757    /usr/lib/jvm/java-7-openjdk-i386/jre/lib/i386/libzip.so
b6598000-b6599000 rw-p 00008000 08:03 1340757    /usr/lib/jvm/java-7-openjdk-i386/jre/lib/i386/libzip.so
b6599000-b65a1000 rw-s 00000000 08:03 1177893    /tmp/hsperfdata_allen/4443
b65a1000-b65ac000 r-xp 00000000 08:03 276806     /lib/i386-linux-gnu/libnss_files-2.15.so
b65ac000-b65ad000 r--p 0000a000 08:03 276806     /lib/i386-linux-gnu/libnss_files-2.15.so
b65ad000-b65ae000 rw-p 0000b000 08:03 276806     /lib/i386-linux-gnu/libnss_files-2.15.so
b65ae000-b65b8000 r-xp 00000000 08:03 276813     /lib/i386-linux-gnu/libnss_nis-2.15.so
b65b8000-b65b9000 r--p 00009000 08:03 276813     /lib/i386-linux-gnu/libnss_nis-2.15.so
b65b9000-b65ba000 rw-p 0000a000 08:03 276813     /lib/i386-linux-gnu/libnss_nis-2.15.so
b65ba000-b65e1000 r-xp 00000000 08:03 1340743    /usr/lib/jvm/java-7-openjdk-i386/jre/lib/i386/libjava.so
b65e1000-b65e2000 r--p 00026000 08:03 1340743    /usr/lib/jvm/java-7-openjdk-i386/jre/lib/i386/libjava.so
b65e2000-b65e3000 rw-p 00027000 08:03 1340743    /usr/lib/jvm/java-7-openjdk-i386/jre/lib/i386/libjava.so
b65e3000-b65ea000 r-xp 00000000 08:03 276812     /lib/i386-linux-gnu/librt-2.15.so
b65ea000-b65eb000 r--p 00006000 08:03 276812     /lib/i386-linux-gnu/librt-2.15.so
b65eb000-b65ec000 rw-p 00007000 08:03 276812     /lib/i386-linux-gnu/librt-2.15.so
b65ec000-b65ef000 ---p 00000000 00:00 0 
b65ef000-b66ed000 rw-p 00000000 00:00 0          [stack:4444]
b66ed000-b6709000 r-xp 00000000 08:03 262351     /lib/i386-linux-gnu/libgcc_s.so.1
b6709000-b670a000 r--p 0001b000 08:03 262351     /lib/i386-linux-gnu/libgcc_s.so.1
b670a000-b670b000 rw-p 0001c000 08:03 262351     /lib/i386-linux-gnu/libgcc_s.so.1
b670b000-b6735000 r-xp 00000000 08:03 276808     /lib/i386-linux-gnu/libm-2.15.so
b6735000-b6736000 r--p 00029000 08:03 276808     /lib/i386-linux-gnu/libm-2.15.so
b6736000-b6737000 rw-p 0002a000 08:03 276808     /lib/i386-linux-gnu/libm-2.15.so
b6737000-b6813000 r-xp 00000000 08:03 1313565    /usr/lib/i386-linux-gnu/libstdc++.so.6.0.17
b6813000-b6814000 ---p 000dc000 08:03 1313565    /usr/lib/i386-linux-gnu/libstdc++.so.6.0.17
b6814000-b6818000 r--p 000dc000 08:03 1313565    /usr/lib/i386-linux-gnu/libstdc++.so.6.0.17
b6818000-b6819000 rw-p 000e0000 08:03 1313565    /usr/lib/i386-linux-gnu/libstdc++.so.6.0.17
b6819000-b6820000 rw-p 00000000 00:00 0 
b6820000-b710f000 r-xp 00000000 08:03 1349108    /usr/lib/jvm/java-7-openjdk-i386/jre/lib/i386/server/libjvm.so
b710f000-b7156000 r--p 008ee000 08:03 1349108    /usr/lib/jvm/java-7-openjdk-i386/jre/lib/i386/server/libjvm.so
b7156000-b716a000 rw-p 00935000 08:03 1349108    /usr/lib/jvm/java-7-openjdk-i386/jre/lib/i386/server/libjvm.so
b716a000-b7588000 rw-p 00000000 00:00 0 
b7588000-b759f000 r-xp 00000000 08:03 262460     /lib/i386-linux-gnu/libz.so.1.2.7
b759f000-b75a0000 r--p 00016000 08:03 262460     /lib/i386-linux-gnu/libz.so.1.2.7
b75a0000-b75a1000 rw-p 00017000 08:03 262460     /lib/i386-linux-gnu/libz.so.1.2.7
b75a1000-b75b8000 r-xp 00000000 08:03 276807     /lib/i386-linux-gnu/libpthread-2.15.so
b75b8000-b75b9000 r--p 00016000 08:03 276807     /lib/i386-linux-gnu/libpthread-2.15.so
b75b9000-b75ba000 rw-p 00017000 08:03 276807     /lib/i386-linux-gnu/libpthread-2.15.so
b75ba000-b75bc000 rw-p 00000000 00:00 0 
b75bc000-b75bf000 r-xp 00000000 08:03 275465     /lib/i386-linux-gnu/libdl-2.15.so
b75bf000-b75c0000 r--p 00002000 08:03 275465     /lib/i386-linux-gnu/libdl-2.15.so
b75c0000-b75c1000 rw-p 00003000 08:03 275465     /lib/i386-linux-gnu/libdl-2.15.so
b75c1000-b7764000 r-xp 00000000 08:03 274889     /lib/i386-linux-gnu/libc-2.15.so
b7764000-b7765000 ---p 001a3000 08:03 274889     /lib/i386-linux-gnu/libc-2.15.so
b7765000-b7767000 r--p 001a3000 08:03 274889     /lib/i386-linux-gnu/libc-2.15.so
b7767000-b7768000 rw-p 001a5000 08:03 274889     /lib/i386-linux-gnu/libc-2.15.so
b7768000-b776c000 rw-p 00000000 00:00 0 
b776c000-b776e000 r--s 00012000 08:03 1314643    /usr/lib/jvm/java-7-openjdk-common/jre/lib/ext/zipfs.jar
b776e000-b776f000 rw-p 00000000 00:00 0 
b776f000-b7770000 ---p 00000000 00:00 0 
b7770000-b777d000 r-xp 00000000 08:03 1340756    /usr/lib/jvm/java-7-openjdk-i386/jre/lib/i386/libverify.so
b777d000-b777e000 ---p 0000d000 08:03 1340756    /usr/lib/jvm/java-7-openjdk-i386/jre/lib/i386/libverify.so
b777e000-b777f000 r--p 0000d000 08:03 1340756    /usr/lib/jvm/java-7-openjdk-i386/jre/lib/i386/libverify.so
b777f000-b7780000 rw-p 0000e000 08:03 1340756    /usr/lib/jvm/java-7-openjdk-i386/jre/lib/i386/libverify.so
b7780000-b778d000 r-xp 00000000 08:03 1340745    /usr/lib/jvm/java-7-openjdk-i386/jre/lib/i386/jli/libjli.so
b778d000-b778e000 r--p 0000c000 08:03 1340745    /usr/lib/jvm/java-7-openjdk-i386/jre/lib/i386/jli/libjli.so
b778e000-b778f000 rw-p 0000d000 08:03 1340745    /usr/lib/jvm/java-7-openjdk-i386/jre/lib/i386/jli/libjli.so
b778f000-b7791000 rw-p 00000000 00:00 0 
b7791000-b7792000 r-xp 00000000 00:00 0          [vdso]
b7792000-b77b2000 r-xp 00000000 08:03 276811     /lib/i386-linux-gnu/ld-2.15.so
b77b2000-b77b3000 r--p 0001f000 08:03 276811     /lib/i386-linux-gnu/ld-2.15.so
b77b3000-b77b4000 rw-p 00020000 08:03 276811     /lib/i386-linux-gnu/ld-2.15.so
bfb4c000-bfb6d000 rw-p 00000000 00:00 0          [stack]

VM Arguments:
jvm_args: -Xms512M -Xmx1536M -Xss1M -XX:+CMSClassUnloadingEnabled -XX:MaxPermSize=384M -Dfile.encoding=UTF-8 -Dplay.version=2.1.2 -Dsbt.ivy.home=/opt/play/framework/../repository -Dplay.home=/opt/play/framework -Dsbt.boot.properties=/opt/play/framework/sbt/sbt.boot.properties 
java_command: /opt/play/framework/sbt/sbt-launch.jar run
Launcher Type: SUN_STANDARD

Environment Variables:
JAVA_HOME=/opt/java
JRE_HOME=/opt/java/jre
CLASSPATH=.:/opt/java/lib:/opt/java/jre/lib:/opt/scala/lib
PATH=/usr/local/heroku/bin:/home/allen/bin:/usr/lib/lightdm/lightdm:/usr/local/sbin:/usr/local/bin:/usr/sbin:/usr/bin:/sbin:/bin:/usr/games:/usr/local/games:/opt/java/bin:/opt/scala/bin:.
SHELL=/bin/bash
DISPLAY=:0

Signal Handlers:
SIGSEGV: [libjvm.so+0x7564a0], sa_mask[0]=0x7ffbfeff, sa_flags=0x10000004
SIGBUS: [libjvm.so+0x7564a0], sa_mask[0]=0x7ffbfeff, sa_flags=0x10000004
SIGFPE: [libjvm.so+0x5f2c10], sa_mask[0]=0x7ffbfeff, sa_flags=0x10000004
SIGPIPE: [libjvm.so+0x5f2c10], sa_mask[0]=0x7ffbfeff, sa_flags=0x10000004
SIGXFSZ: [libjvm.so+0x5f2c10], sa_mask[0]=0x7ffbfeff, sa_flags=0x10000004
SIGILL: [libjvm.so+0x5f2c10], sa_mask[0]=0x7ffbfeff, sa_flags=0x10000004
SIGUSR1: SIG_DFL, sa_mask[0]=0x00000000, sa_flags=0x00000000
SIGUSR2: [libjvm.so+0x5f2ac0], sa_mask[0]=0x00000000, sa_flags=0x10000004
SIGHUP: [libjvm.so+0x5f3050], sa_mask[0]=0x7ffbfeff, sa_flags=0x10000004
SIGINT: [libjvm.so+0x5f3050], sa_mask[0]=0x7ffbfeff, sa_flags=0x10000004
SIGTERM: [libjvm.so+0x5f3050], sa_mask[0]=0x7ffbfeff, sa_flags=0x10000004
SIGQUIT: [libjvm.so+0x5f3050], sa_mask[0]=0x7ffbfeff, sa_flags=0x10000004


---------------  S Y S T E M  ---------------

OS:Ubuntu 12.10 (quantal)
uname:Linux 3.5.0-36-generic #57-Ubuntu SMP Wed Jun 19 15:11:05 UTC 2013 i686
libc:glibc 2.15 NPTL 2.15 
rlimit: STACK 8192k, CORE 0k, NPROC 15930, NOFILE 4096, AS infinity
load average:1.11 0.89 2.02

/proc/meminfo:
MemTotal:        2054688 kB
MemFree:          706452 kB
Buffers:           28400 kB
Cached:           539108 kB
SwapCached:         5216 kB
Active:           607248 kB
Inactive:         630604 kB
Active(anon):     406776 kB
Inactive(anon):   424728 kB
Active(file):     200472 kB
Inactive(file):   205876 kB
Unevictable:       31108 kB
Mlocked:           31108 kB
HighTotal:       1173064 kB
HighFree:         237732 kB
LowTotal:         881624 kB
LowFree:          468720 kB
SwapTotal:       3905532 kB
SwapFree:        3807472 kB
Dirty:               180 kB
Writeback:             0 kB
AnonPages:        696488 kB
Mapped:           109268 kB
Shmem:            155360 kB
Slab:              39336 kB
SReclaimable:      21604 kB
SUnreclaim:        17732 kB
KernelStack:        4432 kB
PageTables:        12336 kB
NFS_Unstable:          0 kB
Bounce:                0 kB
WritebackTmp:          0 kB
CommitLimit:     4932876 kB
Committed_AS:    4613528 kB
VmallocTotal:     122880 kB
VmallocUsed:       11356 kB
VmallocChunk:     105604 kB
HardwareCorrupted:     0 kB
AnonHugePages:         0 kB
HugePages_Total:       0
HugePages_Free:        0
HugePages_Rsvd:        0
HugePages_Surp:        0
Hugepagesize:       2048 kB
DirectMap4k:       10232 kB
DirectMap2M:      903168 kB


CPU:total 4 (2 cores per cpu, 2 threads per core) family 6 model 28 stepping 10, cmov, cx8, fxsr, mmx, sse, sse2, sse3, ssse3, ht, tsc

/proc/cpuinfo:
processor	: 0
vendor_id	: GenuineIntel
cpu family	: 6
model		: 28
model name	: Intel(R) Atom(TM) CPU D525   @ 1.80GHz
stepping	: 10
microcode	: 0x107
cpu MHz		: 1795.324
cache size	: 512 KB
physical id	: 0
siblings	: 4
core id		: 0
cpu cores	: 2
apicid		: 0
initial apicid	: 0
fdiv_bug	: no
hlt_bug		: no
f00f_bug	: no
coma_bug	: no
fpu		: yes
fpu_exception	: yes
cpuid level	: 10
wp		: yes
flags		: fpu vme de pse tsc msr pae mce cx8 apic sep mtrr pge mca cmov pat pse36 clflush dts acpi mmx fxsr sse sse2 ss ht tm pbe nx lm constant_tsc arch_perfmon pebs bts aperfmperf pni dtes64 monitor ds_cpl tm2 ssse3 cx16 xtpr pdcm movbe lahf_lm dtherm
bogomips	: 3590.64
clflush size	: 64
cache_alignment	: 64
address sizes	: 36 bits physical, 48 bits virtual
power management:

processor	: 1
vendor_id	: GenuineIntel
cpu family	: 6
model		: 28
model name	: Intel(R) Atom(TM) CPU D525   @ 1.80GHz
stepping	: 10
microcode	: 0x107
cpu MHz		: 1795.324
cache size	: 512 KB
physical id	: 0
siblings	: 4
core id		: 1
cpu cores	: 2
apicid		: 2
initial apicid	: 2
fdiv_bug	: no
hlt_bug		: no
f00f_bug	: no
coma_bug	: no
fpu		: yes
fpu_exception	: yes
cpuid level	: 10
wp		: yes
flags		: fpu vme de pse tsc msr pae mce cx8 apic sep mtrr pge mca cmov pat pse36 clflush dts acpi mmx fxsr sse sse2 ss ht tm pbe nx lm constant_tsc arch_perfmon pebs bts aperfmperf pni dtes64 monitor ds_cpl tm2 ssse3 cx16 xtpr pdcm movbe lahf_lm dtherm
bogomips	: 3590.64
clflush size	: 64
cache_alignment	: 64
address sizes	: 36 bits physical, 48 bits virtual
power management:

processor	: 2
vendor_id	: GenuineIntel
cpu family	: 6
model		: 28
model name	: Intel(R) Atom(TM) CPU D525   @ 1.80GHz
stepping	: 10
microcode	: 0x107
cpu MHz		: 1795.324
cache size	: 512 KB
physical id	: 0
siblings	: 4
core id		: 0
cpu cores	: 2
apicid		: 1
initial apicid	: 1
fdiv_bug	: no
hlt_bug		: no
f00f_bug	: no
coma_bug	: no
fpu		: yes
fpu_exception	: yes
cpuid level	: 10
wp		: yes
flags		: fpu vme de pse tsc msr pae mce cx8 apic sep mtrr pge mca cmov pat pse36 clflush dts acpi mmx fxsr sse sse2 ss ht tm pbe nx lm constant_tsc arch_perfmon pebs bts aperfmperf pni dtes64 monitor ds_cpl tm2 ssse3 cx16 xtpr pdcm movbe lahf_lm dtherm
bogomips	: 3590.64
clflush size	: 64
cache_alignment	: 64
address sizes	: 36 bits physical, 48 bits virtual
power management:

processor	: 3
vendor_id	: GenuineIntel
cpu family	: 6
model		: 28
model name	: Intel(R) Atom(TM) CPU D525   @ 1.80GHz
stepping	: 10
microcode	: 0x107
cpu MHz		: 1795.324
cache size	: 512 KB
physical id	: 0
siblings	: 4
core id		: 1
cpu cores	: 2
apicid		: 3
initial apicid	: 3
fdiv_bug	: no
hlt_bug		: no
f00f_bug	: no
coma_bug	: no
fpu		: yes
fpu_exception	: yes
cpuid level	: 10
wp		: yes
flags		: fpu vme de pse tsc msr pae mce cx8 apic sep mtrr pge mca cmov pat pse36 clflush dts acpi mmx fxsr sse sse2 ss ht tm pbe nx lm constant_tsc arch_perfmon pebs bts aperfmperf pni dtes64 monitor ds_cpl tm2 ssse3 cx16 xtpr pdcm movbe lahf_lm dtherm
bogomips	: 3590.64
clflush size	: 64
cache_alignment	: 64
address sizes	: 36 bits physical, 48 bits virtual
power management:



Memory: 4k page, physical 2054688k(705956k free), swap 3905532k(3807472k free)

vm_info: OpenJDK Server VM (23.7-b01) for linux-x86 JRE (1.7.0_25-b30), built on Jul  3 2013 13:57:54 by "buildd" with gcc 4.7.2

time: Sat Jul 20 16:45:05 2013
elapsed time: 40 seconds

