#
# A fatal error has been detected by the Java Runtime Environment:
#
#  SIGSEGV (0xb) at pc=0xb6e398a8, pid=4583, tid=986180416
#
# JRE version: 7.0_25-b30
# Java VM: OpenJDK Server VM (23.7-b01 mixed mode linux-x86 )
# Problematic frame:
# V  [libjvm.so+0x6548a8]  oopDesc* PSPromotionManager::copy_to_survivor_space<false>(oopDesc*)+0x248
#
# Failed to write core dump. Core dumps have been disabled. To enable core dumping, try "ulimit -c unlimited" before starting Java again
#
# If you would like to submit a bug report, please include
# instructions on how to reproduce the bug and visit:
#   https://bugs.launchpad.net/ubuntu/+source/openjdk-7/
#

---------------  T H R E A D  ---------------

Current thread (0xb6410800):  GCTaskThread [stack: 0x3abfe000,0x3ac7f000] [id=4585]

siginfo:si_signo=SIGSEGV: si_errno=0, si_code=1 (SEGV_MAPERR), si_addr=0x00000054

Registers:
EAX=0x00000000, EBX=0xb711b000, ECX=0x00000000, EDX=0x6f6e6124
ESP=0x3ac7e130, EBP=0x95003838, ESI=0x6e756676, EDI=0xb64fbae8
EIP=0xb6e398a8, EFLAGS=0x00210246, CR2=0x00000054

Top of Stack: (sp=0x3ac7e130)
0x3ac7e130:   6e756676 95003838 9b4a87c0 b6e394d4
0x3ac7e140:   00000001 6f6e6124 00000008 00ce80d3
0x3ac7e150:   00000000 00000000 9b4a6060 00001000
0x3ac7e160:   b772c000 b6411a00 b6411a28 b711b000
0x3ac7e170:   9b4a87d8 b64fbae8 b7137424 b6e38e04
0x3ac7e180:   b64fbae8 95003838 00000000 b6ce80d3
0x3ac7e190:   b6411a28 b6411a28 00000000 b6413020
0x3ac7e1a0:   b772c000 b6413040 b6413028 b711b000 

Instructions: (pc=0xb6e398a8)
0xb6e39888:   fe ff ff 90 8d 74 26 00 0f 85 bb 01 00 00 8b 40
0xb6e39898:   08 8b 6c 24 54 89 54 24 14 89 34 24 89 6c 24 04
0xb6e398a8:   ff 50 54 8b 54 24 14 89 44 24 18 e9 fd fd ff ff
0xb6e398b8:   8b 6c 24 50 80 7d 30 00 0f 85 69 ff ff ff 8b bb 

Register to memory mapping:

EAX=0x00000000 is an unknown value
EBX=0xb711b000: <offset 0x936000> in /usr/lib/jvm/java-7-openjdk-i386/jre/lib/i386/server/libjvm.so at 0xb67e5000
ECX=0x00000000 is an unknown value
EDX=0x6f6e6124 is an unallocated location in the heap
ESP=0x3ac7e130 is an unknown value
EBP=0x95003838 is an unknown value
ESI=0x6e756676 is an unallocated location in the heap
EDI=0xb64fbae8 is an unknown value


Stack: [0x3abfe000,0x3ac7f000],  sp=0x3ac7e130,  free space=512k
Native frames: (J=compiled Java code, j=interpreted, Vv=VM code, C=native code)
V  [libjvm.so+0x6548a8]  oopDesc* PSPromotionManager::copy_to_survivor_space<false>(oopDesc*)+0x248


---------------  P R O C E S S  ---------------

Java Threads: ( => current thread )
  0x33eb8c00 JavaThread "pool-2-thread-5" [_thread_blocked, id=4614, stack(0x32dfb000,0x32efc000)]
  0x33eb5000 JavaThread "pool-2-thread-4" [_thread_blocked, id=4613, stack(0x32efc000,0x32ffd000)]
  0x3488f800 JavaThread "pool-2-thread-3" [_thread_blocked, id=4612, stack(0x330fe000,0x331ff000)]
  0x3341d400 JavaThread "pool-2-thread-2" [_thread_blocked, id=4611, stack(0x32ffd000,0x330fe000)]
  0x3341c400 JavaThread "pool-2-thread-1" [_thread_blocked, id=4610, stack(0x331ff000,0x33300000)]
  0x33fc8c00 JavaThread "process reaper" daemon [_thread_blocked, id=4599, stack(0x3a626000,0x3a637000)]
  0x34803000 JavaThread "Service Thread" daemon [_thread_blocked, id=4595, stack(0x345fe000,0x346ff000)]
  0x34801400 JavaThread "C2 CompilerThread1" daemon [_thread_blocked, id=4594, stack(0x3494c000,0x349cd000)]
  0x353ff400 JavaThread "C2 CompilerThread0" daemon [_thread_blocked, id=4593, stack(0x34f7e000,0x34fff000)]
  0x353fd800 JavaThread "Signal Dispatcher" daemon [_thread_blocked, id=4592, stack(0x346ff000,0x34800000)]
  0x353b9000 JavaThread "Finalizer" daemon [_thread_blocked, id=4591, stack(0x34cff000,0x34e00000)]
  0x353b7400 JavaThread "Reference Handler" daemon [_thread_blocked, id=4590, stack(0x34fff000,0x35100000)]
  0xb6406800 JavaThread "main" [_thread_blocked, id=4584, stack(0xb65b1000,0xb66b2000)]

Other Threads:
  0x353b0c00 VMThread [stack: 0x3527f000,0x35300000] [id=4589]
  0x34805000 WatcherThread [stack: 0x3457d000,0x345fe000] [id=4596]

=>0xb6410800 (exited) GCTaskThread [stack: 0x3abfe000,0x3ac7f000] [id=4585]

VM state:at safepoint (normal execution)

VM Mutex/Monitor currently owned by a thread:  ([mutex/lock_event])
[0xb6404308] Threads_lock - owner thread: 0x353b0c00
[0xb6404718] Heap_lock - owner thread: 0x3341c400

Heap
 PSYoungGen      total 152896K, used 131072K [0x93300000, 0x9dda0000, 0xb3300000)
  eden space 131072K, 100% used [0x93300000,0x9b300000,0x9b300000)
  from space 21824K, 0% used [0x9c850000,0x9c850000,0x9dda0000)
  to   space 21824K, 13% used [0x9b300000,0x9b5e8070,0x9c850000)
 ParOldGen       total 349568K, used 4K [0x53300000, 0x68860000, 0x93300000)
  object space 349568K, 0% used [0x53300000,0x53301000,0x68860000)
 PSPermGen       total 16384K, used 15806K [0x3b300000, 0x3c300000, 0x53300000)
  object space 16384K, 96% used [0x3b300000,0x3c26fad8,0x3c300000)

Card table byte_map: [0x3af3f000,0x3b300000] byte_map_base: 0x3ad65800

Polling page: 0xb7734000

Code Cache  [0xb33c9000, 0xb3609000, 0xb63c9000)
 total_blobs=587 nmethods=434 adapters=104 free_code_cache=48384Kb largest_free_block=49514880

Compilation events (10 events):
Event: 10.674 Thread 0x353ff400 nmethod 442 0xb3462b88 code [0xb3462c60, 0xb3462cb0]
Event: 10.675 Thread 0x353ff400  445   !         java.net.URLClassLoader$1::run (73 bytes)
Event: 10.702 Thread 0x34801400 nmethod 444 0xb347bec8 code [0xb347c040, 0xb347c504]
Event: 10.705 Thread 0x353ff400 nmethod 445 0xb348b608 code [0xb348b780, 0xb348bc84]
Event: 10.866 Thread 0x34801400  446             java.lang.ClassNotFoundException::<init> (7 bytes)
Event: 10.866 Thread 0x353ff400  447             java.lang.ReflectiveOperationException::<init> (7 bytes)
Event: 10.873 Thread 0x353ff400 nmethod 447 0xb347b9c8 code [0xb347bae0, 0xb347bd5c]
Event: 10.873 Thread 0x34801400 nmethod 446 0xb345ce08 code [0xb345cf20, 0xb345d19c]
Event: 10.873 Thread 0x34801400  448             java.lang.Exception::<init> (7 bytes)
Event: 10.878 Thread 0x34801400 nmethod 448 0xb3463d08 code [0xb3463e20, 0xb346409c]

GC Heap History (1 events):
Event: 10.908 GC heap before
{Heap before GC invocations=1 (full 0):
 PSYoungGen      total 152896K, used 131072K [0x93300000, 0x9dda0000, 0xb3300000)
  eden space 131072K, 100% used [0x93300000,0x9b300000,0x9b300000)
  from space 21824K, 0% used [0x9c850000,0x9c850000,0x9dda0000)
  to   space 21824K, 0% used [0x9b300000,0x9b300000,0x9c850000)
 ParOldGen       total 349568K, used 0K [0x53300000, 0x68860000, 0x93300000)
  object space 349568K, 0% used [0x53300000,0x53300000,0x68860000)
 PSPermGen       total 16384K, used 15806K [0x3b300000, 0x3c300000, 0x53300000)
  object space 16384K, 96% used [0x3b300000,0x3c26fad8,0x3c300000)

Deoptimization events (10 events):
Event: 9.984 Thread 0xb6406800 Uncommon trap -58 fr.pc 0xb3454ef8
Event: 9.985 Thread 0xb6406800 Uncommon trap -58 fr.pc 0xb3454ef8
Event: 9.985 Thread 0xb6406800 Uncommon trap -58 fr.pc 0xb3457078
Event: 10.172 Thread 0xb6406800 Uncommon trap -34 fr.pc 0xb346cdd4
Event: 10.172 Thread 0xb6406800 Uncommon trap -34 fr.pc 0xb346cdd4
Event: 10.172 Thread 0xb6406800 Uncommon trap -34 fr.pc 0xb346cdd4
Event: 10.172 Thread 0xb6406800 Uncommon trap -34 fr.pc 0xb346cdd4
Event: 10.363 Thread 0x3341c400 Uncommon trap -34 fr.pc 0xb347b5f0
Event: 10.734 Thread 0xb6406800 Uncommon trap -122 fr.pc 0xb347a3d0
Event: 10.844 Thread 0x3341c400 Uncommon trap -58 fr.pc 0xb3469794

Internal exceptions (10 events):
Event: 10.904 Thread 0x3341c400 Threw 0x9a3e5f78 at /build/buildd/openjdk-7-7u25-2.3.10/build/openjdk/hotspot/src/share/vm/prims/jvm.cpp:1235
Event: 10.904 Thread 0x3341c400 Threw 0x9a3e67e0 at /build/buildd/openjdk-7-7u25-2.3.10/build/openjdk/hotspot/src/share/vm/prims/jvm.cpp:1235
Event: 10.905 Thread 0x3341c400 Threw 0x9a3ea530 at /build/buildd/openjdk-7-7u25-2.3.10/build/openjdk/hotspot/src/share/vm/prims/jvm.cpp:1235
Event: 10.905 Thread 0x3341c400 Threw 0x9a3eab30 at /build/buildd/openjdk-7-7u25-2.3.10/build/openjdk/hotspot/src/share/vm/prims/jvm.cpp:1235
Event: 10.905 Thread 0x3341c400 Threw 0x9a3eb340 at /build/buildd/openjdk-7-7u25-2.3.10/build/openjdk/hotspot/src/share/vm/prims/jvm.cpp:1235
Event: 10.905 Thread 0x3341c400 Threw 0x9a3ebc40 at /build/buildd/openjdk-7-7u25-2.3.10/build/openjdk/hotspot/src/share/vm/prims/jvm.cpp:1235
Event: 10.907 Thread 0x3341c400 Threw 0x9a3ef3e8 at /build/buildd/openjdk-7-7u25-2.3.10/build/openjdk/hotspot/src/share/vm/prims/jvm.cpp:1235
Event: 10.907 Thread 0x3341c400 Threw 0x9a3ef9e8 at /build/buildd/openjdk-7-7u25-2.3.10/build/openjdk/hotspot/src/share/vm/prims/jvm.cpp:1235
Event: 10.907 Thread 0x3341c400 Threw 0x9a3f01f8 at /build/buildd/openjdk-7-7u25-2.3.10/build/openjdk/hotspot/src/share/vm/prims/jvm.cpp:1235
Event: 10.907 Thread 0x3341c400 Threw 0x9a3f0af8 at /build/buildd/openjdk-7-7u25-2.3.10/build/openjdk/hotspot/src/share/vm/prims/jvm.cpp:1235

Events (10 events):
Event: 10.900 loading class 0x34e24268 done
Event: 10.902 loading class 0x348c88e8
Event: 10.902 loading class 0x348c88e8 done
Event: 10.903 loading class 0x34e241d8
Event: 10.903 loading class 0x34e241d8 done
Event: 10.905 loading class 0x34e23b58
Event: 10.905 loading class 0x34e23b58 done
Event: 10.907 loading class 0x34e25308
Event: 10.907 loading class 0x34e25308 done
Event: 10.908 Executing VM operation: ParallelGCFailedAllocation


Dynamic libraries:
08048000-08049000 r-xp 00000000 08:03 1340733    /usr/lib/jvm/java-7-openjdk-i386/jre/bin/java
08049000-0804a000 r--p 00000000 08:03 1340733    /usr/lib/jvm/java-7-openjdk-i386/jre/bin/java
0804a000-0804b000 rw-p 00001000 08:03 1340733    /usr/lib/jvm/java-7-openjdk-i386/jre/bin/java
090fb000-0911c000 rw-p 00000000 00:00 0          [heap]
32cb1000-32dfb000 rw-p 00000000 00:00 0 
32dfb000-32dfe000 ---p 00000000 00:00 0 
32dfe000-32efc000 rw-p 00000000 00:00 0          [stack:4614]
32efc000-32eff000 ---p 00000000 00:00 0 
32eff000-32ffd000 rw-p 00000000 00:00 0          [stack:4613]
32ffd000-33000000 ---p 00000000 00:00 0 
33000000-330fe000 rw-p 00000000 00:00 0          [stack:4611]
330fe000-33101000 ---p 00000000 00:00 0 
33101000-331ff000 rw-p 00000000 00:00 0          [stack:4612]
331ff000-33202000 ---p 00000000 00:00 0 
33202000-33300000 rw-p 00000000 00:00 0          [stack:4610]
33300000-333ab000 rw-p 00000000 00:00 0 
333ab000-33400000 ---p 00000000 00:00 0 
33400000-33433000 rw-p 00000000 00:00 0 
33433000-33500000 ---p 00000000 00:00 0 
33500000-335fe000 rw-p 00000000 00:00 0 
335fe000-33600000 ---p 00000000 00:00 0 
33600000-336fa000 rw-p 00000000 00:00 0 
336fa000-33700000 ---p 00000000 00:00 0 
33700000-33770000 rw-p 00000000 00:00 0 
33770000-33800000 ---p 00000000 00:00 0 
33800000-338fa000 rw-p 00000000 00:00 0 
338fa000-33900000 ---p 00000000 00:00 0 
33900000-33a00000 rw-p 00000000 00:00 0 
33a65000-33b00000 rw-p 00000000 00:00 0 
33b00000-33bfc000 rw-p 00000000 00:00 0 
33bfc000-33c00000 ---p 00000000 00:00 0 
33c00000-33cfc000 rw-p 00000000 00:00 0 
33cfc000-33d00000 ---p 00000000 00:00 0 
33d00000-33dff000 rw-p 00000000 00:00 0 
33dff000-33e00000 ---p 00000000 00:00 0 
33e00000-33efe000 rw-p 00000000 00:00 0 
33efe000-33f00000 ---p 00000000 00:00 0 
33f00000-34000000 rw-p 00000000 00:00 0 
3408e000-34155000 r--s 00a25000 08:03 1057739    /opt/play-2.1.2/framework/sbt/boot/scala-2.9.2/lib/scala-compiler.jar
34155000-3424f000 r-xp 00000000 08:03 272352     /lib/i386-linux-gnu/libglib-2.0.so.0.3400.1
3424f000-34250000 r--p 000f9000 08:03 272352     /lib/i386-linux-gnu/libglib-2.0.so.0.3400.1
34250000-34251000 rw-p 000fa000 08:03 272352     /lib/i386-linux-gnu/libglib-2.0.so.0.3400.1
34251000-3429f000 r-xp 00000000 08:03 1308548    /usr/lib/i386-linux-gnu/libgobject-2.0.so.0.3400.1
3429f000-342a0000 r--p 0004d000 08:03 1308548    /usr/lib/i386-linux-gnu/libgobject-2.0.so.0.3400.1
342a0000-342a1000 rw-p 0004e000 08:03 1308548    /usr/lib/i386-linux-gnu/libgobject-2.0.so.0.3400.1
342a1000-343fc000 r-xp 00000000 08:03 1308524    /usr/lib/i386-linux-gnu/libgio-2.0.so.0.3400.1
343fc000-343fe000 r--p 0015b000 08:03 1308524    /usr/lib/i386-linux-gnu/libgio-2.0.so.0.3400.1
343fe000-343ff000 rw-p 0015d000 08:03 1308524    /usr/lib/i386-linux-gnu/libgio-2.0.so.0.3400.1
343ff000-34400000 rw-p 00000000 00:00 0 
34400000-344ff000 rw-p 00000000 00:00 0 
344ff000-34500000 ---p 00000000 00:00 0 
3457d000-3457e000 ---p 00000000 00:00 0 
3457e000-345fe000 rw-p 00000000 00:00 0          [stack:4596]
345fe000-34601000 ---p 00000000 00:00 0 
34601000-346ff000 rw-p 00000000 00:00 0          [stack:4595]
346ff000-34702000 ---p 00000000 00:00 0 
34702000-34800000 rw-p 00000000 00:00 0          [stack:4592]
34800000-348ff000 rw-p 00000000 00:00 0 
348ff000-34900000 ---p 00000000 00:00 0 
3494c000-3494f000 ---p 00000000 00:00 0 
3494f000-349cd000 rw-p 00000000 00:00 0          [stack:4594]
349cd000-34aff000 r--p 004a5000 08:03 1316961    /usr/lib/locale/locale-archive
34aff000-34cff000 r--p 00000000 08:03 1316961    /usr/lib/locale/locale-archive
34cff000-34d02000 ---p 00000000 00:00 0 
34d02000-34e00000 rw-p 00000000 00:00 0          [stack:4591]
34e00000-34e3c000 rw-p 00000000 00:00 0 
34e3c000-34f00000 ---p 00000000 00:00 0 
34f7e000-34f81000 ---p 00000000 00:00 0 
34f81000-34fff000 rw-p 00000000 00:00 0          [stack:4593]
34fff000-35002000 ---p 00000000 00:00 0 
35002000-35100000 rw-p 00000000 00:00 0          [stack:4590]
35100000-351e0000 rw-p 00000000 00:00 0 
351e0000-35200000 ---p 00000000 00:00 0 
3527f000-35280000 ---p 00000000 00:00 0 
35280000-35300000 rw-p 00000000 00:00 0          [stack:4589]
35300000-35400000 rw-p 00000000 00:00 0 
3540b000-35414000 r--s 000bc000 08:03 1314681    /usr/lib/jvm/java-7-openjdk-common/jre/lib/resources.jar
35414000-35419000 r--s 0004c000 08:03 1310129    /usr/lib/jvm/java-7-openjdk-common/jre/lib/jsse.jar
35419000-3541c000 r--s 00008000 08:03 1057698    /opt/play-2.1.2/framework/sbt/boot/scala-2.9.2/org.scala-sbt/sbt/0.12.2/xsbti/interface-0.12.2.jar
3541c000-35423000 r--s 0004f000 08:03 1057714    /opt/play-2.1.2/framework/sbt/boot/scala-2.9.2/org.scala-sbt/sbt/0.12.2/completion-0.12.2.jar
35423000-35425000 r--s 00013000 08:03 1057704    /opt/play-2.1.2/framework/sbt/boot/scala-2.9.2/org.scala-sbt/sbt/0.12.2/testing-0.12.2.jar
35425000-35427000 r--s 0000a000 08:03 1057692    /opt/play-2.1.2/framework/sbt/boot/scala-2.9.2/org.scala-sbt/sbt/0.12.2/compiler-integration-0.12.2.jar
35427000-35429000 r--s 00002000 08:03 1057721    /opt/play-2.1.2/framework/sbt/boot/scala-2.9.2/org.scala-sbt/sbt/0.12.2/control-0.12.2.jar
35429000-3543e000 r--s 00114000 08:03 1057716    /opt/play-2.1.2/framework/sbt/boot/scala-2.9.2/org.scala-sbt/sbt/0.12.2/ivy-2.3.0-rc1.jar
3543e000-35440000 r--s 00000000 08:03 1057728    /opt/play-2.1.2/framework/sbt/boot/scala-2.9.2/org.scala-sbt/sbt/0.12.2/test-interface-0.5.jar
35440000-35443000 r--s 0001e000 08:03 1057725    /opt/play-2.1.2/framework/sbt/boot/scala-2.9.2/org.scala-sbt/sbt/0.12.2/compile-0.12.2.jar
35443000-35446000 r--s 00022000 08:03 1057730    /opt/play-2.1.2/framework/sbt/boot/scala-2.9.2/org.scala-sbt/sbt/0.12.2/sbinary_2.9.0-0.4.0.jar
35446000-35448000 r--s 00015000 08:03 1057705    /opt/play-2.1.2/framework/sbt/boot/scala-2.9.2/org.scala-sbt/sbt/0.12.2/jline-1.0.jar
35448000-3544b000 r--s 00011000 08:03 1057731    /opt/play-2.1.2/framework/sbt/boot/scala-2.9.2/org.scala-sbt/sbt/0.12.2/classfile-0.12.2.jar
3544b000-35493000 rw-p 00000000 00:00 0 
35493000-35640000 r--s 01cec000 08:03 1349124    /usr/lib/jvm/java-7-openjdk-i386/jre/lib/rt.jar
35640000-3a500000 rw-p 00000000 00:00 0 
3a500000-3a5f9000 rw-p 00000000 00:00 0 
3a5f9000-3a600000 ---p 00000000 00:00 0 
3a601000-3a609000 r--s 0004d000 08:03 1057718    /opt/play-2.1.2/framework/sbt/boot/scala-2.9.2/org.scala-sbt/sbt/0.12.2/api-0.12.2.jar
3a609000-3a60f000 r--s 0003b000 08:03 1057706    /opt/play-2.1.2/framework/sbt/boot/scala-2.9.2/org.scala-sbt/sbt/0.12.2/io-0.12.2.jar
3a60f000-3a611000 r--s 00001000 08:03 1057696    /opt/play-2.1.2/framework/sbt/boot/scala-2.9.2/org.scala-sbt/sbt/0.12.2/compiler-ivy-integration-0.12.2.jar
3a611000-3a615000 r--s 0001c000 08:03 1057715    /opt/play-2.1.2/framework/sbt/boot/scala-2.9.2/org.scala-sbt/sbt/0.12.2/persist-0.12.2.jar
3a615000-3a618000 r--s 0001a000 08:03 1057712    /opt/play-2.1.2/framework/sbt/boot/scala-2.9.2/org.scala-sbt/sbt/0.12.2/process-0.12.2.jar
3a618000-3a61b000 r--s 0001b000 08:03 1057722    /opt/play-2.1.2/framework/sbt/boot/scala-2.9.2/org.scala-sbt/sbt/0.12.2/tasks-0.12.2.jar
3a61b000-3a61d000 r--s 00013000 08:03 1057693    /opt/play-2.1.2/framework/sbt/boot/scala-2.9.2/org.scala-sbt/sbt/0.12.2/classpath-0.12.2.jar
3a61d000-3a621000 r--s 00029000 08:03 1057727    /opt/play-2.1.2/framework/sbt/boot/scala-2.9.2/org.scala-sbt/sbt/0.12.2/incremental-compiler-0.12.2.jar
3a621000-3a623000 r--s 00009000 08:03 1057697    /opt/play-2.1.2/framework/sbt/boot/scala-2.9.2/org.scala-sbt/sbt/0.12.2/tracking-0.12.2.jar
3a623000-3a626000 r--s 00019000 08:03 1057726    /opt/play-2.1.2/framework/sbt/boot/scala-2.9.2/org.scala-sbt/sbt/0.12.2/cache-0.12.2.jar
3a626000-3a629000 ---p 00000000 00:00 0 
3a629000-3a637000 rw-p 00000000 00:00 0          [stack:4599]
3a637000-3a65a000 r--s 001cc000 08:03 1057713    /opt/play-2.1.2/framework/sbt/boot/scala-2.9.2/org.scala-sbt/sbt/0.12.2/main-0.12.2.jar
3a65a000-3a65c000 r--s 00008000 08:03 1057703    /opt/play-2.1.2/framework/sbt/boot/scala-2.9.2/org.scala-sbt/sbt/0.12.2/commons-logging-1.0.4.jar
3a65c000-3a661000 r--s 00041000 08:03 1057701    /opt/play-2.1.2/framework/sbt/boot/scala-2.9.2/org.scala-sbt/sbt/0.12.2/actions-0.12.2.jar
3a661000-3a66c000 r--s 00090000 08:03 1057711    /opt/play-2.1.2/framework/sbt/boot/scala-2.9.2/org.scala-sbt/sbt/0.12.2/ivy-0.12.2.jar
3a66c000-3a66f000 r--s 00014000 08:03 1057723    /opt/play-2.1.2/framework/sbt/boot/scala-2.9.2/org.scala-sbt/sbt/0.12.2/run-0.12.2.jar
3a66f000-3a672000 r--s 0001c000 08:03 1057720    /opt/play-2.1.2/framework/sbt/boot/scala-2.9.2/org.scala-sbt/sbt/0.12.2/task-system-0.12.2.jar
3a672000-3a675000 r--s 00017000 08:03 1057702    /opt/play-2.1.2/framework/sbt/boot/scala-2.9.2/org.scala-sbt/sbt/0.12.2/logging-0.12.2.jar
3a675000-3a679000 r--s 0002e000 08:03 1057729    /opt/play-2.1.2/framework/sbt/boot/scala-2.9.2/org.scala-sbt/sbt/0.12.2/command-0.12.2.jar
3a679000-3a67f000 r--s 00044000 08:03 1057695    /opt/play-2.1.2/framework/sbt/boot/scala-2.9.2/org.scala-sbt/sbt/0.12.2/collections-0.12.2.jar
3a67f000-3a680000 ---p 00000000 00:00 0 
3a680000-3a700000 rw-p 00000000 00:00 0          [stack:4588]
3a700000-3a721000 rw-p 00000000 00:00 0 
3a721000-3a800000 ---p 00000000 00:00 0 
3a800000-3a821000 rw-p 00000000 00:00 0 
3a821000-3a900000 ---p 00000000 00:00 0 
3a901000-3a97f000 r--s 007f5000 08:03 1057741    /opt/play-2.1.2/framework/sbt/boot/scala-2.9.2/lib/scala-library.jar
3a97f000-3a980000 ---p 00000000 00:00 0 
3a980000-3aa00000 rw-p 00000000 00:00 0          [stack:4587]
3aa00000-3aa21000 rw-p 00000000 00:00 0 
3aa21000-3ab00000 ---p 00000000 00:00 0 
3ab00000-3ab3e000 r-xp 00000000 08:03 262413     /lib/i386-linux-gnu/libpcre.so.3.13.1
3ab3e000-3ab3f000 r--p 0003d000 08:03 262413     /lib/i386-linux-gnu/libpcre.so.3.13.1
3ab3f000-3ab40000 rw-p 0003e000 08:03 262413     /lib/i386-linux-gnu/libpcre.so.3.13.1
3ab40000-3ab45000 r-xp 00000000 08:03 1313120    /usr/lib/i386-linux-gnu/libffi.so.6.0.0
3ab45000-3ab46000 r--p 00005000 08:03 1313120    /usr/lib/i386-linux-gnu/libffi.so.6.0.0
3ab46000-3ab47000 rw-p 00006000 08:03 1313120    /usr/lib/i386-linux-gnu/libffi.so.6.0.0
3ab47000-3ab5a000 r-xp 00000000 08:03 276641     /lib/i386-linux-gnu/libresolv-2.15.so
3ab5a000-3ab5b000 r--p 00013000 08:03 276641     /lib/i386-linux-gnu/libresolv-2.15.so
3ab5b000-3ab5c000 rw-p 00014000 08:03 276641     /lib/i386-linux-gnu/libresolv-2.15.so
3ab5c000-3ab5e000 rw-p 00000000 00:00 0 
3ab5e000-3ab7b000 r-xp 00000000 08:03 262432     /lib/i386-linux-gnu/libselinux.so.1
3ab7b000-3ab7c000 r--p 0001c000 08:03 262432     /lib/i386-linux-gnu/libselinux.so.1
3ab7c000-3ab7d000 rw-p 0001d000 08:03 262432     /lib/i386-linux-gnu/libselinux.so.1
3ab7d000-3ab7e000 ---p 00000000 00:00 0 
3ab7e000-3abfe000 rw-p 00000000 00:00 0          [stack:4586]
3abfe000-3abff000 ---p 00000000 00:00 0 
3abff000-3ac87000 rw-p 00000000 00:00 0          [stack:4585]
3ac87000-3ad3f000 rw-p 00000000 00:00 0 
3ad3f000-3adea000 rw-p 00000000 00:00 0 
3adea000-3af3f000 rw-p 00000000 00:00 0 
3af3f000-3af47000 rw-p 00000000 00:00 0 
3af47000-3afff000 rw-p 00000000 00:00 0 
3afff000-3b0aa000 rw-p 00000000 00:00 0 
3b0aa000-3b1ff000 rw-p 00000000 00:00 0 
3b1ff000-3b255000 rw-p 00000000 00:00 0 
3b255000-3b2ff000 rw-p 00000000 00:00 0 
3b2ff000-3c300000 rw-p 00000000 00:00 0 
3c300000-53300000 rw-p 00000000 00:00 0 
53300000-68860000 rw-p 00000000 00:00 0 
68860000-93300000 rw-p 00000000 00:00 0 
93300000-9dda0000 rw-p 00000000 00:00 0 
9dda0000-b3300000 rw-p 00000000 00:00 0 
b3301000-b3303000 r--s 00006000 08:03 1057709    /opt/play-2.1.2/framework/sbt/boot/scala-2.9.2/org.scala-sbt/sbt/0.12.2/commons-codec-1.2.jar
b3303000-b3305000 r--s 00001000 08:03 1057694    /opt/play-2.1.2/framework/sbt/boot/scala-2.9.2/org.scala-sbt/sbt/0.12.2/launcher-interface-0.12.2.jar
b3305000-b3309000 r--s 00034000 08:03 1057708    /opt/play-2.1.2/framework/sbt/boot/scala-2.9.2/org.scala-sbt/sbt/0.12.2/jsch-0.1.46.jar
b3309000-b3312000 rw-p 00000000 00:00 0 
b3312000-b33c9000 rw-p 00000000 00:00 0 
b33c9000-b3609000 rwxp 00000000 00:00 0 
b3609000-b63c9000 rw-p 00000000 00:00 0 
b63c9000-b63df000 r-xp 00000000 08:03 274885     /lib/i386-linux-gnu/libnsl-2.15.so
b63df000-b63e0000 r--p 00015000 08:03 274885     /lib/i386-linux-gnu/libnsl-2.15.so
b63e0000-b63e1000 rw-p 00016000 08:03 274885     /lib/i386-linux-gnu/libnsl-2.15.so
b63e1000-b63e3000 rw-p 00000000 00:00 0 
b63e3000-b63ea000 r-xp 00000000 08:03 276809     /lib/i386-linux-gnu/libnss_compat-2.15.so
b63ea000-b63eb000 r--p 00006000 08:03 276809     /lib/i386-linux-gnu/libnss_compat-2.15.so
b63eb000-b63ec000 rw-p 00007000 08:03 276809     /lib/i386-linux-gnu/libnss_compat-2.15.so
b63ec000-b63ed000 rw-p 00000000 00:00 0 
b63ed000-b63fe000 r-xp 00000000 08:03 1340754    /usr/lib/jvm/java-7-openjdk-i386/jre/lib/i386/libnio.so
b63fe000-b63ff000 r--p 00010000 08:03 1340754    /usr/lib/jvm/java-7-openjdk-i386/jre/lib/i386/libnio.so
b63ff000-b6400000 rw-p 00011000 08:03 1340754    /usr/lib/jvm/java-7-openjdk-i386/jre/lib/i386/libnio.so
b6400000-b64fc000 rw-p 00000000 00:00 0 
b64fc000-b6500000 ---p 00000000 00:00 0 
b6500000-b6501000 r--s 00004000 08:03 1057719    /opt/play-2.1.2/framework/sbt/boot/scala-2.9.2/org.scala-sbt/sbt/0.12.2/sbt-0.12.2.jar
b6501000-b6507000 r--s 00045000 08:03 1057699    /opt/play-2.1.2/framework/sbt/boot/scala-2.9.2/org.scala-sbt/sbt/0.12.2/commons-httpclient-3.1.jar
b6507000-b650a000 r--s 00024000 08:03 1057740    /opt/play-2.1.2/framework/sbt/boot/scala-2.9.2/lib/jline.jar
b650a000-b650d000 r--s 00018000 08:03 1057742    /opt/play-2.1.2/framework/sbt/boot/scala-2.9.2/lib/jansi.jar
b650d000-b6510000 r-xp 00000000 08:03 1308543    /usr/lib/i386-linux-gnu/libgmodule-2.0.so.0.3400.1
b6510000-b6511000 r--p 00002000 08:03 1308543    /usr/lib/i386-linux-gnu/libgmodule-2.0.so.0.3400.1
b6511000-b6512000 rw-p 00003000 08:03 1308543    /usr/lib/i386-linux-gnu/libgmodule-2.0.so.0.3400.1
b6512000-b6528000 r-xp 00000000 08:03 1340762    /usr/lib/jvm/java-7-openjdk-i386/jre/lib/i386/libnet.so
b6528000-b6529000 r--p 00015000 08:03 1340762    /usr/lib/jvm/java-7-openjdk-i386/jre/lib/i386/libnet.so
b6529000-b652a000 rw-p 00016000 08:03 1340762    /usr/lib/jvm/java-7-openjdk-i386/jre/lib/i386/libnet.so
b652a000-b652d000 r--s 000cf000 08:03 1057605    /opt/play-2.1.2/framework/sbt/boot/other/net.java.dev.jna/jna/3.2.3/jna-3.2.3.jar
b652d000-b6543000 r--s 000f8000 08:03 1054108    /opt/play-2.1.2/framework/sbt/sbt-launch.jar
b6543000-b6545000 r--s 00006000 08:03 1700729    /usr/share/java/java-atk-wrapper.jar
b6545000-b6548000 r--s 00032000 08:03 1314661    /usr/lib/jvm/java-7-openjdk-common/jre/lib/ext/sunjce_provider.jar
b6548000-b654c000 r--s 00085000 08:03 1314583    /usr/lib/jvm/java-7-openjdk-common/jre/lib/ext/localedata.jar
b654c000-b654e000 r--s 00012000 08:03 1314643    /usr/lib/jvm/java-7-openjdk-common/jre/lib/ext/zipfs.jar
b654e000-b6551000 r--s 0003c000 08:03 1314663    /usr/lib/jvm/java-7-openjdk-common/jre/lib/ext/sunpkcs11.jar
b6551000-b6554000 r--s 0000f000 08:03 1311855    /usr/lib/jvm/java-7-openjdk-common/jre/lib/ext/pulse-java.jar
b6554000-b655c000 r-xp 00000000 08:03 1340757    /usr/lib/jvm/java-7-openjdk-i386/jre/lib/i386/libzip.so
b655c000-b655d000 r--p 00007000 08:03 1340757    /usr/lib/jvm/java-7-openjdk-i386/jre/lib/i386/libzip.so
b655d000-b655e000 rw-p 00008000 08:03 1340757    /usr/lib/jvm/java-7-openjdk-i386/jre/lib/i386/libzip.so
b655e000-b6566000 rw-s 00000000 08:03 1177681    /tmp/hsperfdata_allen/4583
b6566000-b6571000 r-xp 00000000 08:03 276806     /lib/i386-linux-gnu/libnss_files-2.15.so
b6571000-b6572000 r--p 0000a000 08:03 276806     /lib/i386-linux-gnu/libnss_files-2.15.so
b6572000-b6573000 rw-p 0000b000 08:03 276806     /lib/i386-linux-gnu/libnss_files-2.15.so
b6573000-b657d000 r-xp 00000000 08:03 276813     /lib/i386-linux-gnu/libnss_nis-2.15.so
b657d000-b657e000 r--p 00009000 08:03 276813     /lib/i386-linux-gnu/libnss_nis-2.15.so
b657e000-b657f000 rw-p 0000a000 08:03 276813     /lib/i386-linux-gnu/libnss_nis-2.15.so
b657f000-b65a6000 r-xp 00000000 08:03 1340743    /usr/lib/jvm/java-7-openjdk-i386/jre/lib/i386/libjava.so
b65a6000-b65a7000 r--p 00026000 08:03 1340743    /usr/lib/jvm/java-7-openjdk-i386/jre/lib/i386/libjava.so
b65a7000-b65a8000 rw-p 00027000 08:03 1340743    /usr/lib/jvm/java-7-openjdk-i386/jre/lib/i386/libjava.so
b65a8000-b65af000 r-xp 00000000 08:03 276812     /lib/i386-linux-gnu/librt-2.15.so
b65af000-b65b0000 r--p 00006000 08:03 276812     /lib/i386-linux-gnu/librt-2.15.so
b65b0000-b65b1000 rw-p 00007000 08:03 276812     /lib/i386-linux-gnu/librt-2.15.so
b65b1000-b65b4000 ---p 00000000 00:00 0 
b65b4000-b66b2000 rw-p 00000000 00:00 0          [stack:4584]
b66b2000-b66ce000 r-xp 00000000 08:03 262351     /lib/i386-linux-gnu/libgcc_s.so.1
b66ce000-b66cf000 r--p 0001b000 08:03 262351     /lib/i386-linux-gnu/libgcc_s.so.1
b66cf000-b66d0000 rw-p 0001c000 08:03 262351     /lib/i386-linux-gnu/libgcc_s.so.1
b66d0000-b66fa000 r-xp 00000000 08:03 276808     /lib/i386-linux-gnu/libm-2.15.so
b66fa000-b66fb000 r--p 00029000 08:03 276808     /lib/i386-linux-gnu/libm-2.15.so
b66fb000-b66fc000 rw-p 0002a000 08:03 276808     /lib/i386-linux-gnu/libm-2.15.so
b66fc000-b67d8000 r-xp 00000000 08:03 1313565    /usr/lib/i386-linux-gnu/libstdc++.so.6.0.17
b67d8000-b67d9000 ---p 000dc000 08:03 1313565    /usr/lib/i386-linux-gnu/libstdc++.so.6.0.17
b67d9000-b67dd000 r--p 000dc000 08:03 1313565    /usr/lib/i386-linux-gnu/libstdc++.so.6.0.17
b67dd000-b67de000 rw-p 000e0000 08:03 1313565    /usr/lib/i386-linux-gnu/libstdc++.so.6.0.17
b67de000-b67e5000 rw-p 00000000 00:00 0 
b67e5000-b70d4000 r-xp 00000000 08:03 1349108    /usr/lib/jvm/java-7-openjdk-i386/jre/lib/i386/server/libjvm.so
b70d4000-b711b000 r--p 008ee000 08:03 1349108    /usr/lib/jvm/java-7-openjdk-i386/jre/lib/i386/server/libjvm.so
b711b000-b712f000 rw-p 00935000 08:03 1349108    /usr/lib/jvm/java-7-openjdk-i386/jre/lib/i386/server/libjvm.so
b712f000-b754d000 rw-p 00000000 00:00 0 
b754d000-b7564000 r-xp 00000000 08:03 262460     /lib/i386-linux-gnu/libz.so.1.2.7
b7564000-b7565000 r--p 00016000 08:03 262460     /lib/i386-linux-gnu/libz.so.1.2.7
b7565000-b7566000 rw-p 00017000 08:03 262460     /lib/i386-linux-gnu/libz.so.1.2.7
b7566000-b757d000 r-xp 00000000 08:03 276807     /lib/i386-linux-gnu/libpthread-2.15.so
b757d000-b757e000 r--p 00016000 08:03 276807     /lib/i386-linux-gnu/libpthread-2.15.so
b757e000-b757f000 rw-p 00017000 08:03 276807     /lib/i386-linux-gnu/libpthread-2.15.so
b757f000-b7581000 rw-p 00000000 00:00 0 
b7581000-b7584000 r-xp 00000000 08:03 275465     /lib/i386-linux-gnu/libdl-2.15.so
b7584000-b7585000 r--p 00002000 08:03 275465     /lib/i386-linux-gnu/libdl-2.15.so
b7585000-b7586000 rw-p 00003000 08:03 275465     /lib/i386-linux-gnu/libdl-2.15.so
b7586000-b7729000 r-xp 00000000 08:03 274889     /lib/i386-linux-gnu/libc-2.15.so
b7729000-b772a000 ---p 001a3000 08:03 274889     /lib/i386-linux-gnu/libc-2.15.so
b772a000-b772c000 r--p 001a3000 08:03 274889     /lib/i386-linux-gnu/libc-2.15.so
b772c000-b772d000 rw-p 001a5000 08:03 274889     /lib/i386-linux-gnu/libc-2.15.so
b772d000-b7731000 rw-p 00000000 00:00 0 
b7731000-b7732000 r--s 00002000 08:03 1057707    /opt/play-2.1.2/framework/sbt/boot/scala-2.9.2/org.scala-sbt/sbt/0.12.2/test-agent-0.12.2.jar
b7732000-b7733000 r--s 00002000 08:03 1310130    /usr/lib/jvm/java-7-openjdk-common/jre/lib/ext/dnsns.jar
b7733000-b7734000 rw-p 00000000 00:00 0 
b7734000-b7735000 ---p 00000000 00:00 0 
b7735000-b7742000 r-xp 00000000 08:03 1340756    /usr/lib/jvm/java-7-openjdk-i386/jre/lib/i386/libverify.so
b7742000-b7743000 ---p 0000d000 08:03 1340756    /usr/lib/jvm/java-7-openjdk-i386/jre/lib/i386/libverify.so
b7743000-b7744000 r--p 0000d000 08:03 1340756    /usr/lib/jvm/java-7-openjdk-i386/jre/lib/i386/libverify.so
b7744000-b7745000 rw-p 0000e000 08:03 1340756    /usr/lib/jvm/java-7-openjdk-i386/jre/lib/i386/libverify.so
b7745000-b7752000 r-xp 00000000 08:03 1340745    /usr/lib/jvm/java-7-openjdk-i386/jre/lib/i386/jli/libjli.so
b7752000-b7753000 r--p 0000c000 08:03 1340745    /usr/lib/jvm/java-7-openjdk-i386/jre/lib/i386/jli/libjli.so
b7753000-b7754000 rw-p 0000d000 08:03 1340745    /usr/lib/jvm/java-7-openjdk-i386/jre/lib/i386/jli/libjli.so
b7754000-b7756000 rw-p 00000000 00:00 0 
b7756000-b7757000 r-xp 00000000 00:00 0          [vdso]
b7757000-b7777000 r-xp 00000000 08:03 276811     /lib/i386-linux-gnu/ld-2.15.so
b7777000-b7778000 r--p 0001f000 08:03 276811     /lib/i386-linux-gnu/ld-2.15.so
b7778000-b7779000 rw-p 00020000 08:03 276811     /lib/i386-linux-gnu/ld-2.15.so
bfc19000-bfc3a000 rw-p 00000000 00:00 0          [stack]

VM Arguments:
jvm_args: -Xms512M -Xmx1536M -Xss1M -XX:+CMSClassUnloadingEnabled -XX:MaxPermSize=384M -Dfile.encoding=UTF-8 -Dplay.version=2.1.2 -Dsbt.ivy.home=/opt/play/framework/../repository -Dplay.home=/opt/play/framework -Dsbt.boot.properties=/opt/play/framework/sbt/sbt.boot.properties 
java_command: /opt/play/framework/sbt/sbt-launch.jar run
Launcher Type: SUN_STANDARD

Environment Variables:
JAVA_HOME=/opt/java
JRE_HOME=/opt/java/jre
CLASSPATH=.:/opt/java/lib:/opt/java/jre/lib:/opt/scala/lib
PATH=/usr/local/heroku/bin:/home/allen/bin:/usr/lib/lightdm/lightdm:/usr/local/sbin:/usr/local/bin:/usr/sbin:/usr/bin:/sbin:/bin:/usr/games:/usr/local/games:/opt/java/bin:/opt/scala/bin:.
SHELL=/bin/bash
DISPLAY=:0

Signal Handlers:
SIGSEGV: [libjvm.so+0x7564a0], sa_mask[0]=0x7ffbfeff, sa_flags=0x10000004
SIGBUS: [libjvm.so+0x7564a0], sa_mask[0]=0x7ffbfeff, sa_flags=0x10000004
SIGFPE: [libjvm.so+0x5f2c10], sa_mask[0]=0x7ffbfeff, sa_flags=0x10000004
SIGPIPE: [libjvm.so+0x5f2c10], sa_mask[0]=0x7ffbfeff, sa_flags=0x10000004
SIGXFSZ: [libjvm.so+0x5f2c10], sa_mask[0]=0x7ffbfeff, sa_flags=0x10000004
SIGILL: [libjvm.so+0x5f2c10], sa_mask[0]=0x7ffbfeff, sa_flags=0x10000004
SIGUSR1: SIG_DFL, sa_mask[0]=0x00000000, sa_flags=0x00000000
SIGUSR2: [libjvm.so+0x5f2ac0], sa_mask[0]=0x00000000, sa_flags=0x10000004
SIGHUP: [libjvm.so+0x5f3050], sa_mask[0]=0x7ffbfeff, sa_flags=0x10000004
SIGINT: [libjvm.so+0x5f3050], sa_mask[0]=0x7ffbfeff, sa_flags=0x10000004
SIGTERM: [libjvm.so+0x5f3050], sa_mask[0]=0x7ffbfeff, sa_flags=0x10000004
SIGQUIT: [libjvm.so+0x5f3050], sa_mask[0]=0x7ffbfeff, sa_flags=0x10000004


---------------  S Y S T E M  ---------------

OS:Ubuntu 12.10 (quantal)
uname:Linux 3.5.0-36-generic #57-Ubuntu SMP Wed Jun 19 15:11:05 UTC 2013 i686
libc:glibc 2.15 NPTL 2.15 
rlimit: STACK 8192k, CORE 0k, NPROC 15930, NOFILE 4096, AS infinity
load average:0.29 0.39 1.41

/proc/meminfo:
MemTotal:        2054688 kB
MemFree:          839224 kB
Buffers:           30296 kB
Cached:           531636 kB
SwapCached:         5288 kB
Active:           483728 kB
Inactive:         622448 kB
Active(anon):     273360 kB
Inactive(anon):   415004 kB
Active(file):     210368 kB
Inactive(file):   207444 kB
Unevictable:       31108 kB
Mlocked:           31108 kB
HighTotal:       1173064 kB
HighFree:         354912 kB
LowTotal:         881624 kB
LowFree:          484312 kB
SwapTotal:       3905532 kB
SwapFree:        3807832 kB
Dirty:               228 kB
Writeback:             0 kB
AnonPages:        570520 kB
Mapped:           103088 kB
Shmem:            138324 kB
Slab:              39536 kB
SReclaimable:      21588 kB
SUnreclaim:        17948 kB
KernelStack:        4272 kB
PageTables:        11684 kB
NFS_Unstable:          0 kB
Bounce:                0 kB
WritebackTmp:          0 kB
CommitLimit:     4932876 kB
Committed_AS:    4503776 kB
VmallocTotal:     122880 kB
VmallocUsed:       11380 kB
VmallocChunk:     105292 kB
HardwareCorrupted:     0 kB
AnonHugePages:         0 kB
HugePages_Total:       0
HugePages_Free:        0
HugePages_Rsvd:        0
HugePages_Surp:        0
Hugepagesize:       2048 kB
DirectMap4k:       10232 kB
DirectMap2M:      903168 kB


CPU:total 4 (2 cores per cpu, 2 threads per core) family 6 model 28 stepping 10, cmov, cx8, fxsr, mmx, sse, sse2, sse3, ssse3, ht, tsc

/proc/cpuinfo:
processor	: 0
vendor_id	: GenuineIntel
cpu family	: 6
model		: 28
model name	: Intel(R) Atom(TM) CPU D525   @ 1.80GHz
stepping	: 10
microcode	: 0x107
cpu MHz		: 1795.324
cache size	: 512 KB
physical id	: 0
siblings	: 4
core id		: 0
cpu cores	: 2
apicid		: 0
initial apicid	: 0
fdiv_bug	: no
hlt_bug		: no
f00f_bug	: no
coma_bug	: no
fpu		: yes
fpu_exception	: yes
cpuid level	: 10
wp		: yes
flags		: fpu vme de pse tsc msr pae mce cx8 apic sep mtrr pge mca cmov pat pse36 clflush dts acpi mmx fxsr sse sse2 ss ht tm pbe nx lm constant_tsc arch_perfmon pebs bts aperfmperf pni dtes64 monitor ds_cpl tm2 ssse3 cx16 xtpr pdcm movbe lahf_lm dtherm
bogomips	: 3590.64
clflush size	: 64
cache_alignment	: 64
address sizes	: 36 bits physical, 48 bits virtual
power management:

processor	: 1
vendor_id	: GenuineIntel
cpu family	: 6
model		: 28
model name	: Intel(R) Atom(TM) CPU D525   @ 1.80GHz
stepping	: 10
microcode	: 0x107
cpu MHz		: 1795.324
cache size	: 512 KB
physical id	: 0
siblings	: 4
core id		: 1
cpu cores	: 2
apicid		: 2
initial apicid	: 2
fdiv_bug	: no
hlt_bug		: no
f00f_bug	: no
coma_bug	: no
fpu		: yes
fpu_exception	: yes
cpuid level	: 10
wp		: yes
flags		: fpu vme de pse tsc msr pae mce cx8 apic sep mtrr pge mca cmov pat pse36 clflush dts acpi mmx fxsr sse sse2 ss ht tm pbe nx lm constant_tsc arch_perfmon pebs bts aperfmperf pni dtes64 monitor ds_cpl tm2 ssse3 cx16 xtpr pdcm movbe lahf_lm dtherm
bogomips	: 3590.64
clflush size	: 64
cache_alignment	: 64
address sizes	: 36 bits physical, 48 bits virtual
power management:

processor	: 2
vendor_id	: GenuineIntel
cpu family	: 6
model		: 28
model name	: Intel(R) Atom(TM) CPU D525   @ 1.80GHz
stepping	: 10
microcode	: 0x107
cpu MHz		: 1795.324
cache size	: 512 KB
physical id	: 0
siblings	: 4
core id		: 0
cpu cores	: 2
apicid		: 1
initial apicid	: 1
fdiv_bug	: no
hlt_bug		: no
f00f_bug	: no
coma_bug	: no
fpu		: yes
fpu_exception	: yes
cpuid level	: 10
wp		: yes
flags		: fpu vme de pse tsc msr pae mce cx8 apic sep mtrr pge mca cmov pat pse36 clflush dts acpi mmx fxsr sse sse2 ss ht tm pbe nx lm constant_tsc arch_perfmon pebs bts aperfmperf pni dtes64 monitor ds_cpl tm2 ssse3 cx16 xtpr pdcm movbe lahf_lm dtherm
bogomips	: 3590.64
clflush size	: 64
cache_alignment	: 64
address sizes	: 36 bits physical, 48 bits virtual
power management:

processor	: 3
vendor_id	: GenuineIntel
cpu family	: 6
model		: 28
model name	: Intel(R) Atom(TM) CPU D525   @ 1.80GHz
stepping	: 10
microcode	: 0x107
cpu MHz		: 1795.324
cache size	: 512 KB
physical id	: 0
siblings	: 4
core id		: 1
cpu cores	: 2
apicid		: 3
initial apicid	: 3
fdiv_bug	: no
hlt_bug		: no
f00f_bug	: no
coma_bug	: no
fpu		: yes
fpu_exception	: yes
cpuid level	: 10
wp		: yes
flags		: fpu vme de pse tsc msr pae mce cx8 apic sep mtrr pge mca cmov pat pse36 clflush dts acpi mmx fxsr sse sse2 ss ht tm pbe nx lm constant_tsc arch_perfmon pebs bts aperfmperf pni dtes64 monitor ds_cpl tm2 ssse3 cx16 xtpr pdcm movbe lahf_lm dtherm
bogomips	: 3590.64
clflush size	: 64
cache_alignment	: 64
address sizes	: 36 bits physical, 48 bits virtual
power management:



Memory: 4k page, physical 2054688k(839224k free), swap 3905532k(3807832k free)

vm_info: OpenJDK Server VM (23.7-b01) for linux-x86 JRE (1.7.0_25-b30), built on Jul  3 2013 13:57:54 by "buildd" with gcc 4.7.2

time: Sat Jul 20 16:51:21 2013
elapsed time: 10 seconds

