#
# A fatal error has been detected by the Java Runtime Environment:
#
#  SIGSEGV (0xb) at pc=0xb6c6193b, pid=2875, tid=3060562752
#
# JRE version: 7.0_25-b30
# Java VM: OpenJDK Server VM (23.7-b01 mixed mode linux-x86 )
# Problematic frame:
# V  [libjvm.so+0x46693b]  JVM_GetMethodIxExceptionTableLength+0x8b
#
# Failed to write core dump. Core dumps have been disabled. To enable core dumping, try "ulimit -c unlimited" before starting Java again
#
# If you would like to submit a bug report, please include
# instructions on how to reproduce the bug and visit:
#   https://bugs.launchpad.net/ubuntu/+source/openjdk-7/
#

---------------  T H R E A D  ---------------

Current thread (0xb6406800):  JavaThread "main" [_thread_in_vm, id=2876, stack(0xb65c7000,0xb66c8000)]

siginfo:si_signo=SIGSEGV: si_errno=0, si_code=1 (SEGV_MAPERR), si_addr=0x02bc0096

Registers:
EAX=0x02bc008e, EBX=0xb7131000, ECX=0xb7131000, EDX=0x00000129
ESP=0xb66c3ff8, EBP=0xb66c44f0, ESI=0xb6406800, EDI=0x3488833c
EIP=0xb6c6193b, EFLAGS=0x00210246, CR2=0x02bc0096

Top of Stack: (sp=0xb66c3ff8)
0xb66c3ff8:   93f770c0 00000006 00000004 b775a000
0xb66c4008:   b775a000 b6406928 3488833c b77529b7
0xb66c4018:   b6406928 3488833c 00000129 33feda60
0xb66c4028:   b64046b0 b6406e18 b6407204 b6dc1c94
0xb66c4038:   b64046b0 b6406928 00000000 33fd8838
0xb66c4048:   000000b0 b7131000 b64925c0 b6e7e464
0xb66c4058:   b64046b0 00000006 33fbeb90 b6406928
0xb66c4068:   00000000 00000001 00000000 ffffffff 

Instructions: (pc=0xb6c6193b)
0xb6c6191b:   c9 74 0c 8b 09 85 c9 74 5c 8b 09 39 c8 74 46 8b
0xb6c6192b:   40 70 8b 54 24 28 8b 44 90 0c 8b 40 08 8b 40 1c
0xb6c6193b:   8b 40 08 89 34 24 c7 44 24 08 04 00 00 00 c7 44
0xb6c6194b:   24 04 06 00 00 00 85 c0 8d 78 03 0f 49 f8 c1 ff 

Register to memory mapping:

EAX=0x02bc008e is an unknown value
EBX=0xb7131000: <offset 0x936000> in /usr/lib/jvm/java-7-openjdk-i386/jre/lib/i386/server/libjvm.so at 0xb67fb000
ECX=0xb7131000: <offset 0x936000> in /usr/lib/jvm/java-7-openjdk-i386/jre/lib/i386/server/libjvm.so at 0xb67fb000
EDX=0x00000129 is an unknown value
ESP=0xb66c3ff8 is pointing into the stack for thread: 0xb6406800
EBP=0xb66c44f0 is pointing into the stack for thread: 0xb6406800
ESI=0xb6406800 is a thread
EDI=0x3488833c is an unknown value


Stack: [0xb65c7000,0xb66c8000],  sp=0xb66c3ff8,  free space=1011k
Native frames: (J=compiled Java code, j=interpreted, Vv=VM code, C=native code)
V  [libjvm.so+0x46693b]  JVM_GetMethodIxExceptionTableLength+0x8b
C  [libjava.so+0x10959]  VerifyClassCodesForMajorVersion+0x39

Java frames: (J=compiled Java code, j=interpreted, Vv=VM code)
j  scala.sys.SystemProperties$.propertyHelp()Lscala/collection/mutable/Map;+28
j  scala.sys.SystemProperties$.addHelp(Lscala/sys/Prop;Ljava/lang/String;)Lscala/sys/Prop;+1
j  scala.sys.SystemProperties$.bool(Ljava/lang/String;Ljava/lang/String;)Lscala/sys/BooleanProp;+28
j  scala.sys.SystemProperties$.noTraceSupression()Lscala/sys/BooleanProp;+32
j  scala.util.control.NoStackTrace$.<init>()V+12
j  scala.util.control.NoStackTrace$.<clinit>()V+3
v  ~StubRoutines::call_stub
j  scala.util.control.NoStackTrace$class.fillInStackTrace(Lscala/util/control/NoStackTrace;)Ljava/lang/Throwable;+0
j  scala.util.control.BreakControl.fillInStackTrace()Ljava/lang/Throwable;+1
j  java.lang.Throwable.<init>()V+24
j  scala.util.control.BreakControl.<init>()V+1
j  scala.util.control.Breaks.<init>()V+9
j  scala.collection.Traversable$.<init>()V+21
j  scala.collection.Traversable$.<clinit>()V+3
v  ~StubRoutines::call_stub
j  scala.package$.<init>()V+9
j  scala.package$.<clinit>()V+3
v  ~StubRoutines::call_stub
j  scala.Predef$.<init>()V+8
j  scala.Predef$.<clinit>()V+3
v  ~StubRoutines::call_stub
j  sbt.ConsoleLogger$.<init>()V+61
j  sbt.ConsoleLogger$.<clinit>()V+3
v  ~StubRoutines::call_stub
j  sbt.StandardMain$.<init>()V+9
j  sbt.StandardMain$.<clinit>()V+3
v  ~StubRoutines::call_stub
j  sbt.xMain.run(Lxsbti/AppConfiguration;)Lxsbti/MainResult;+3
j  xsbt.boot.Launch$.run(Lxsbti/Launcher;Lxsbt/boot/RunConfiguration;)Lxsbti/MainResult;+60
j  xsbt.boot.Launch$$anonfun$explicit$1.apply(Ljava/lang/Object;)Ljava/lang/Object;+12
j  xsbt.boot.Launch$.launch(Lscala/Function1;Lxsbt/boot/RunConfiguration;)Lscala/Option;+2
j  xsbt.boot.Launch$.apply(Lscala/collection/immutable/List;)Lscala/Option;+328
j  xsbt.boot.Boot$.runImpl([Ljava/lang/String;)Lscala/Option;+15
j  xsbt.boot.Boot$.main([Ljava/lang/String;)V+192
j  xsbt.boot.Boot.main([Ljava/lang/String;)V+4
v  ~StubRoutines::call_stub

---------------  P R O C E S S  ---------------

Java Threads: ( => current thread )
  0x33fb0c00 JavaThread "process reaper" daemon [_thread_blocked, id=2891, stack(0x3a639000,0x3a64a000)]
  0x34803000 JavaThread "Service Thread" daemon [_thread_blocked, id=2887, stack(0x345fe000,0x346ff000)]
  0x34801400 JavaThread "C2 CompilerThread1" daemon [_thread_blocked, id=2886, stack(0x3494c000,0x349cd000)]
  0x353ff400 JavaThread "C2 CompilerThread0" daemon [_thread_blocked, id=2885, stack(0x34f7e000,0x34fff000)]
  0x353fd800 JavaThread "Signal Dispatcher" daemon [_thread_blocked, id=2884, stack(0x346ff000,0x34800000)]
  0x353b9000 JavaThread "Finalizer" daemon [_thread_blocked, id=2883, stack(0x34cff000,0x34e00000)]
  0x353b7400 JavaThread "Reference Handler" daemon [_thread_blocked, id=2882, stack(0x34fff000,0x35100000)]
=>0xb6406800 JavaThread "main" [_thread_in_vm, id=2876, stack(0xb65c7000,0xb66c8000)]

Other Threads:
  0x353b0c00 VMThread [stack: 0x3527f000,0x35300000] [id=2881]
  0x34805000 WatcherThread [stack: 0x3457d000,0x345fe000] [id=2888]

VM state:not at safepoint (normal execution)

VM Mutex/Monitor currently owned by a thread: None

Heap
 PSYoungGen      total 152896K, used 13180K [0x93300000, 0x9dda0000, 0xb3300000)
  eden space 131072K, 10% used [0x93300000,0x93fdf030,0x9b300000)
  from space 21824K, 0% used [0x9c850000,0x9c850000,0x9dda0000)
  to   space 21824K, 0% used [0x9b300000,0x9b300000,0x9c850000)
 ParOldGen       total 349568K, used 0K [0x53300000, 0x68860000, 0x93300000)
  object space 349568K, 0% used [0x53300000,0x53300000,0x68860000)
 PSPermGen       total 16384K, used 4495K [0x3b300000, 0x3c300000, 0x53300000)
  object space 16384K, 27% used [0x3b300000,0x3b763cb8,0x3c300000)

Card table byte_map: [0x3af3f000,0x3b300000] byte_map_base: 0x3ad65800

Polling page: 0xb774a000

Code Cache  [0xb33c9000, 0xb3609000, 0xb63c9000)
 total_blobs=147 nmethods=14 adapters=86 free_code_cache=48831Kb largest_free_block=49993344

Compilation events (10 events):
Event: 0.698 Thread 0x353ff400   10             java.lang.String::equals (81 bytes)
Event: 0.708 Thread 0x353ff400 nmethod 10 0xb3413688 code [0xb3413780, 0xb3413990]
Event: 0.729 Thread 0x34801400   11             sun.net.www.ParseUtil::encodePath (336 bytes)
Event: 0.813 Thread 0x34801400 nmethod 11 0xb3419fc8 code [0xb341a1c0, 0xb341afa8]
Event: 0.835 Thread 0x353ff400   12             java.lang.Math::min (11 bytes)
Event: 0.836 Thread 0x353ff400 nmethod 12 0xb3413548 code [0xb3413620, 0xb3413650]
Event: 0.864 Thread 0x34801400   13             java.lang.String::length (6 bytes)
Event: 0.865 Thread 0x34801400 nmethod 13 0xb3413388 code [0xb3413480, 0xb34134d0]
Event: 1.142 Thread 0x353ff400   14             java.lang.String::indexOf (7 bytes)
Event: 1.149 Thread 0x353ff400 nmethod 14 0xb3416f88 code [0xb3417080, 0xb34171dc]

GC Heap History (0 events):
No events

Deoptimization events (0 events):
No events

Internal exceptions (10 events):
Event: 1.361 Thread 0xb6406800 Threw 0x93f6fd08 at /build/buildd/openjdk-7-7u25-2.3.10/build/openjdk/hotspot/src/share/vm/prims/jvm.cpp:1235
Event: 1.368 Thread 0xb6406800 Threw 0x93f72a00 at /build/buildd/openjdk-7-7u25-2.3.10/build/openjdk/hotspot/src/share/vm/prims/jvm.cpp:1235
Event: 1.390 Thread 0xb6406800 Threw 0x93f77e28 at /build/buildd/openjdk-7-7u25-2.3.10/build/openjdk/hotspot/src/share/vm/prims/jvm.cpp:1235
Event: 1.391 Thread 0xb6406800 Threw 0x93f79f68 at /build/buildd/openjdk-7-7u25-2.3.10/build/openjdk/hotspot/src/share/vm/prims/jvm.cpp:1235
Event: 1.395 Thread 0xb6406800 Threw 0x93fae390 at /build/buildd/openjdk-7-7u25-2.3.10/build/openjdk/hotspot/src/share/vm/prims/jvm.cpp:1235
Event: 1.396 Thread 0xb6406800 Threw 0x93fb1018 at /build/buildd/openjdk-7-7u25-2.3.10/build/openjdk/hotspot/src/share/vm/prims/jvm.cpp:1235
Event: 1.397 Thread 0xb6406800 Threw 0x93fb6c38 at /build/buildd/openjdk-7-7u25-2.3.10/build/openjdk/hotspot/src/share/vm/prims/jvm.cpp:1235
Event: 1.402 Thread 0xb6406800 Threw 0x93fb9318 at /build/buildd/openjdk-7-7u25-2.3.10/build/openjdk/hotspot/src/share/vm/prims/jvm.cpp:1235
Event: 1.403 Thread 0xb6406800 Threw 0x93fbe140 at /build/buildd/openjdk-7-7u25-2.3.10/build/openjdk/hotspot/src/share/vm/prims/jvm.cpp:1235
Event: 1.404 Thread 0xb6406800 Threw 0x93fc1218 at /build/buildd/openjdk-7-7u25-2.3.10/build/openjdk/hotspot/src/share/vm/prims/jvm.cpp:1235

Events (10 events):
Event: 1.183 loading class 0x33fb1d80
Event: 1.184 loading class 0x33fb1d80 done
Event: 1.184 loading class 0xb6434fc8
Event: 1.184 loading class 0xb6434fc8 done
Event: 1.184 loading class 0x33fb1bd0
Event: 1.184 loading class 0x33fb1bd0 done
Event: 1.184 loading class 0xb645fff8
Event: 1.185 loading class 0xb645fff8 done
Event: 1.190 loading class 0x33fa4f20
Event: 1.190 loading class 0x33fa4f20 done


Dynamic libraries:
08048000-08049000 r-xp 00000000 08:03 1340733    /usr/lib/jvm/java-7-openjdk-i386/jre/bin/java
08049000-0804a000 r--p 00000000 08:03 1340733    /usr/lib/jvm/java-7-openjdk-i386/jre/bin/java
0804a000-0804b000 rw-p 00001000 08:03 1340733    /usr/lib/jvm/java-7-openjdk-i386/jre/bin/java
09fb8000-09fd9000 rw-p 00000000 00:00 0          [heap]
33d00000-33d21000 rw-p 00000000 00:00 0 
33d21000-33e00000 ---p 00000000 00:00 0 
33f00000-34000000 rw-p 00000000 00:00 0 
3408e000-34155000 r--s 00a25000 08:03 159298     /opt/play-2.1.2/framework/sbt/boot/scala-2.9.2/lib/scala-compiler.jar
34155000-3424f000 r-xp 00000000 08:03 272352     /lib/i386-linux-gnu/libglib-2.0.so.0.3400.1
3424f000-34250000 r--p 000f9000 08:03 272352     /lib/i386-linux-gnu/libglib-2.0.so.0.3400.1
34250000-34251000 rw-p 000fa000 08:03 272352     /lib/i386-linux-gnu/libglib-2.0.so.0.3400.1
34251000-3429f000 r-xp 00000000 08:03 1308548    /usr/lib/i386-linux-gnu/libgobject-2.0.so.0.3400.1
3429f000-342a0000 r--p 0004d000 08:03 1308548    /usr/lib/i386-linux-gnu/libgobject-2.0.so.0.3400.1
342a0000-342a1000 rw-p 0004e000 08:03 1308548    /usr/lib/i386-linux-gnu/libgobject-2.0.so.0.3400.1
342a1000-343fc000 r-xp 00000000 08:03 1308524    /usr/lib/i386-linux-gnu/libgio-2.0.so.0.3400.1
343fc000-343fe000 r--p 0015b000 08:03 1308524    /usr/lib/i386-linux-gnu/libgio-2.0.so.0.3400.1
343fe000-343ff000 rw-p 0015d000 08:03 1308524    /usr/lib/i386-linux-gnu/libgio-2.0.so.0.3400.1
343ff000-34400000 rw-p 00000000 00:00 0 
34400000-344ff000 rw-p 00000000 00:00 0 
344ff000-34500000 ---p 00000000 00:00 0 
3457d000-3457e000 ---p 00000000 00:00 0 
3457e000-345fe000 rw-p 00000000 00:00 0          [stack:2888]
345fe000-34601000 ---p 00000000 00:00 0 
34601000-346ff000 rw-p 00000000 00:00 0          [stack:2887]
346ff000-34702000 ---p 00000000 00:00 0 
34702000-34800000 rw-p 00000000 00:00 0          [stack:2884]
34800000-348ff000 rw-p 00000000 00:00 0 
348ff000-34900000 ---p 00000000 00:00 0 
3494c000-3494f000 ---p 00000000 00:00 0 
3494f000-349cd000 rw-p 00000000 00:00 0          [stack:2886]
349cd000-34aff000 r--p 004a5000 08:03 1316961    /usr/lib/locale/locale-archive
34aff000-34cff000 r--p 00000000 08:03 1316961    /usr/lib/locale/locale-archive
34cff000-34d02000 ---p 00000000 00:00 0 
34d02000-34e00000 rw-p 00000000 00:00 0          [stack:2883]
34e00000-34e21000 rw-p 00000000 00:00 0 
34e21000-34f00000 ---p 00000000 00:00 0 
34f7e000-34f81000 ---p 00000000 00:00 0 
34f81000-34fff000 rw-p 00000000 00:00 0          [stack:2885]
34fff000-35002000 ---p 00000000 00:00 0 
35002000-35100000 rw-p 00000000 00:00 0          [stack:2882]
35100000-3518c000 rw-p 00000000 00:00 0 
3518c000-35200000 ---p 00000000 00:00 0 
3527f000-35280000 ---p 00000000 00:00 0 
35280000-35300000 rw-p 00000000 00:00 0          [stack:2881]
35300000-35400000 rw-p 00000000 00:00 0 
3544b000-35493000 rw-p 00000000 00:00 0 
35493000-35640000 r--s 01cec000 08:03 1349124    /usr/lib/jvm/java-7-openjdk-i386/jre/lib/rt.jar
35640000-3a500000 rw-p 00000000 00:00 0 
3a500000-3a599000 rw-p 00000000 00:00 0 
3a599000-3a600000 ---p 00000000 00:00 0 
3a639000-3a63c000 ---p 00000000 00:00 0 
3a63c000-3a64a000 rw-p 00000000 00:00 0          [stack:2891]
3a64a000-3a66d000 r--s 001cc000 08:03 159454     /opt/play-2.1.2/framework/sbt/boot/scala-2.9.2/org.scala-sbt/sbt/0.12.2/main-0.12.2.jar
3a66d000-3a66f000 r--s 00008000 08:03 159444     /opt/play-2.1.2/framework/sbt/boot/scala-2.9.2/org.scala-sbt/sbt/0.12.2/commons-logging-1.0.4.jar
3a66f000-3a674000 r--s 00041000 08:03 159442     /opt/play-2.1.2/framework/sbt/boot/scala-2.9.2/org.scala-sbt/sbt/0.12.2/actions-0.12.2.jar
3a674000-3a67f000 r--s 00090000 08:03 159452     /opt/play-2.1.2/framework/sbt/boot/scala-2.9.2/org.scala-sbt/sbt/0.12.2/ivy-0.12.2.jar
3a67f000-3a680000 ---p 00000000 00:00 0 
3a680000-3a700000 rw-p 00000000 00:00 0          [stack:2880]
3a700000-3a721000 rw-p 00000000 00:00 0 
3a721000-3a800000 ---p 00000000 00:00 0 
3a800000-3a821000 rw-p 00000000 00:00 0 
3a821000-3a900000 ---p 00000000 00:00 0 
3a900000-3a901000 r--s 00002000 08:03 159448     /opt/play-2.1.2/framework/sbt/boot/scala-2.9.2/org.scala-sbt/sbt/0.12.2/test-agent-0.12.2.jar
3a901000-3a97f000 r--s 007f5000 08:03 159300     /opt/play-2.1.2/framework/sbt/boot/scala-2.9.2/lib/scala-library.jar
3a97f000-3a980000 ---p 00000000 00:00 0 
3a980000-3aa00000 rw-p 00000000 00:00 0          [stack:2879]
3aa00000-3aa21000 rw-p 00000000 00:00 0 
3aa21000-3ab00000 ---p 00000000 00:00 0 
3ab00000-3ab3e000 r-xp 00000000 08:03 262413     /lib/i386-linux-gnu/libpcre.so.3.13.1
3ab3e000-3ab3f000 r--p 0003d000 08:03 262413     /lib/i386-linux-gnu/libpcre.so.3.13.1
3ab3f000-3ab40000 rw-p 0003e000 08:03 262413     /lib/i386-linux-gnu/libpcre.so.3.13.1
3ab40000-3ab45000 r-xp 00000000 08:03 1313120    /usr/lib/i386-linux-gnu/libffi.so.6.0.0
3ab45000-3ab46000 r--p 00005000 08:03 1313120    /usr/lib/i386-linux-gnu/libffi.so.6.0.0
3ab46000-3ab47000 rw-p 00006000 08:03 1313120    /usr/lib/i386-linux-gnu/libffi.so.6.0.0
3ab47000-3ab5a000 r-xp 00000000 08:03 276641     /lib/i386-linux-gnu/libresolv-2.15.so
3ab5a000-3ab5b000 r--p 00013000 08:03 276641     /lib/i386-linux-gnu/libresolv-2.15.so
3ab5b000-3ab5c000 rw-p 00014000 08:03 276641     /lib/i386-linux-gnu/libresolv-2.15.so
3ab5c000-3ab5e000 rw-p 00000000 00:00 0 
3ab5e000-3ab7b000 r-xp 00000000 08:03 262432     /lib/i386-linux-gnu/libselinux.so.1
3ab7b000-3ab7c000 r--p 0001c000 08:03 262432     /lib/i386-linux-gnu/libselinux.so.1
3ab7c000-3ab7d000 rw-p 0001d000 08:03 262432     /lib/i386-linux-gnu/libselinux.so.1
3ab7d000-3ab7e000 ---p 00000000 00:00 0 
3ab7e000-3abfe000 rw-p 00000000 00:00 0          [stack:2878]
3abfe000-3abff000 ---p 00000000 00:00 0 
3abff000-3ac87000 rw-p 00000000 00:00 0          [stack:2877]
3ac87000-3ad3f000 rw-p 00000000 00:00 0 
3ad3f000-3adea000 rw-p 00000000 00:00 0 
3adea000-3af3f000 rw-p 00000000 00:00 0 
3af3f000-3af47000 rw-p 00000000 00:00 0 
3af47000-3afff000 rw-p 00000000 00:00 0 
3afff000-3b0aa000 rw-p 00000000 00:00 0 
3b0aa000-3b1ff000 rw-p 00000000 00:00 0 
3b1ff000-3b255000 rw-p 00000000 00:00 0 
3b255000-3b2ff000 rw-p 00000000 00:00 0 
3b2ff000-3c300000 rw-p 00000000 00:00 0 
3c300000-53300000 rw-p 00000000 00:00 0 
53300000-68860000 rw-p 00000000 00:00 0 
68860000-93300000 rw-p 00000000 00:00 0 
93300000-9dda0000 rw-p 00000000 00:00 0 
9dda0000-b3300000 rw-p 00000000 00:00 0 
b3300000-b3303000 r--s 00014000 08:03 159464     /opt/play-2.1.2/framework/sbt/boot/scala-2.9.2/org.scala-sbt/sbt/0.12.2/run-0.12.2.jar
b3303000-b3306000 r--s 0001c000 08:03 159461     /opt/play-2.1.2/framework/sbt/boot/scala-2.9.2/org.scala-sbt/sbt/0.12.2/task-system-0.12.2.jar
b3306000-b3309000 r--s 00017000 08:03 159443     /opt/play-2.1.2/framework/sbt/boot/scala-2.9.2/org.scala-sbt/sbt/0.12.2/logging-0.12.2.jar
b3309000-b3312000 rw-p 00000000 00:00 0 
b3312000-b33c9000 rw-p 00000000 00:00 0 
b33c9000-b3609000 rwxp 00000000 00:00 0 
b3609000-b63c9000 rw-p 00000000 00:00 0 
b63c9000-b63df000 r-xp 00000000 08:03 274885     /lib/i386-linux-gnu/libnsl-2.15.so
b63df000-b63e0000 r--p 00015000 08:03 274885     /lib/i386-linux-gnu/libnsl-2.15.so
b63e0000-b63e1000 rw-p 00016000 08:03 274885     /lib/i386-linux-gnu/libnsl-2.15.so
b63e1000-b63e3000 rw-p 00000000 00:00 0 
b63e3000-b63ea000 r-xp 00000000 08:03 276809     /lib/i386-linux-gnu/libnss_compat-2.15.so
b63ea000-b63eb000 r--p 00006000 08:03 276809     /lib/i386-linux-gnu/libnss_compat-2.15.so
b63eb000-b63ec000 rw-p 00007000 08:03 276809     /lib/i386-linux-gnu/libnss_compat-2.15.so
b63ee000-b63f2000 r--s 0002e000 08:03 159470     /opt/play-2.1.2/framework/sbt/boot/scala-2.9.2/org.scala-sbt/sbt/0.12.2/command-0.12.2.jar
b63f2000-b63f4000 r--s 00006000 08:03 159450     /opt/play-2.1.2/framework/sbt/boot/scala-2.9.2/org.scala-sbt/sbt/0.12.2/commons-codec-1.2.jar
b63f4000-b63f6000 r--s 00001000 08:03 159435     /opt/play-2.1.2/framework/sbt/boot/scala-2.9.2/org.scala-sbt/sbt/0.12.2/launcher-interface-0.12.2.jar
b63f6000-b63fc000 r--s 00044000 08:03 159436     /opt/play-2.1.2/framework/sbt/boot/scala-2.9.2/org.scala-sbt/sbt/0.12.2/collections-0.12.2.jar
b63fc000-b6400000 r--s 00034000 08:03 159449     /opt/play-2.1.2/framework/sbt/boot/scala-2.9.2/org.scala-sbt/sbt/0.12.2/jsch-0.1.46.jar
b6400000-b64fc000 rw-p 00000000 00:00 0 
b64fc000-b6500000 ---p 00000000 00:00 0 
b6503000-b6509000 r--s 00045000 08:03 159440     /opt/play-2.1.2/framework/sbt/boot/scala-2.9.2/org.scala-sbt/sbt/0.12.2/commons-httpclient-3.1.jar
b6509000-b650c000 r--s 00024000 08:03 159299     /opt/play-2.1.2/framework/sbt/boot/scala-2.9.2/lib/jline.jar
b650c000-b650f000 r--s 00018000 08:03 159301     /opt/play-2.1.2/framework/sbt/boot/scala-2.9.2/lib/jansi.jar
b650f000-b6512000 r-xp 00000000 08:03 1308543    /usr/lib/i386-linux-gnu/libgmodule-2.0.so.0.3400.1
b6512000-b6513000 r--p 00002000 08:03 1308543    /usr/lib/i386-linux-gnu/libgmodule-2.0.so.0.3400.1
b6513000-b6514000 rw-p 00003000 08:03 1308543    /usr/lib/i386-linux-gnu/libgmodule-2.0.so.0.3400.1
b6515000-b6526000 r-xp 00000000 08:03 1340754    /usr/lib/jvm/java-7-openjdk-i386/jre/lib/i386/libnio.so
b6526000-b6527000 r--p 00010000 08:03 1340754    /usr/lib/jvm/java-7-openjdk-i386/jre/lib/i386/libnio.so
b6527000-b6528000 rw-p 00011000 08:03 1340754    /usr/lib/jvm/java-7-openjdk-i386/jre/lib/i386/libnio.so
b6528000-b653e000 r-xp 00000000 08:03 1340762    /usr/lib/jvm/java-7-openjdk-i386/jre/lib/i386/libnet.so
b653e000-b653f000 r--p 00015000 08:03 1340762    /usr/lib/jvm/java-7-openjdk-i386/jre/lib/i386/libnet.so
b653f000-b6540000 rw-p 00016000 08:03 1340762    /usr/lib/jvm/java-7-openjdk-i386/jre/lib/i386/libnet.so
b6540000-b6543000 r--s 000cf000 08:03 139385     /opt/play-2.1.2/framework/sbt/boot/other/net.java.dev.jna/jna/3.2.3/jna-3.2.3.jar
b6543000-b6559000 r--s 000f8000 08:03 162684     /opt/play-2.1.2/framework/sbt/sbt-launch.jar
b6559000-b655b000 r--s 00006000 08:03 1700729    /usr/share/java/java-atk-wrapper.jar
b655b000-b655e000 r--s 00032000 08:03 1314661    /usr/lib/jvm/java-7-openjdk-common/jre/lib/ext/sunjce_provider.jar
b655e000-b6562000 r--s 00085000 08:03 1314583    /usr/lib/jvm/java-7-openjdk-common/jre/lib/ext/localedata.jar
b6562000-b6564000 r--s 00012000 08:03 1314643    /usr/lib/jvm/java-7-openjdk-common/jre/lib/ext/zipfs.jar
b6564000-b6567000 r--s 0003c000 08:03 1314663    /usr/lib/jvm/java-7-openjdk-common/jre/lib/ext/sunpkcs11.jar
b6567000-b656a000 r--s 0000f000 08:03 1311855    /usr/lib/jvm/java-7-openjdk-common/jre/lib/ext/pulse-java.jar
b656a000-b6572000 r-xp 00000000 08:03 1340757    /usr/lib/jvm/java-7-openjdk-i386/jre/lib/i386/libzip.so
b6572000-b6573000 r--p 00007000 08:03 1340757    /usr/lib/jvm/java-7-openjdk-i386/jre/lib/i386/libzip.so
b6573000-b6574000 rw-p 00008000 08:03 1340757    /usr/lib/jvm/java-7-openjdk-i386/jre/lib/i386/libzip.so
b6574000-b657c000 rw-s 00000000 08:03 1177675    /tmp/hsperfdata_allen/2875
b657c000-b6587000 r-xp 00000000 08:03 276806     /lib/i386-linux-gnu/libnss_files-2.15.so
b6587000-b6588000 r--p 0000a000 08:03 276806     /lib/i386-linux-gnu/libnss_files-2.15.so
b6588000-b6589000 rw-p 0000b000 08:03 276806     /lib/i386-linux-gnu/libnss_files-2.15.so
b6589000-b6593000 r-xp 00000000 08:03 276813     /lib/i386-linux-gnu/libnss_nis-2.15.so
b6593000-b6594000 r--p 00009000 08:03 276813     /lib/i386-linux-gnu/libnss_nis-2.15.so
b6594000-b6595000 rw-p 0000a000 08:03 276813     /lib/i386-linux-gnu/libnss_nis-2.15.so
b6595000-b65bc000 r-xp 00000000 08:03 1340743    /usr/lib/jvm/java-7-openjdk-i386/jre/lib/i386/libjava.so
b65bc000-b65bd000 r--p 00026000 08:03 1340743    /usr/lib/jvm/java-7-openjdk-i386/jre/lib/i386/libjava.so
b65bd000-b65be000 rw-p 00027000 08:03 1340743    /usr/lib/jvm/java-7-openjdk-i386/jre/lib/i386/libjava.so
b65be000-b65c5000 r-xp 00000000 08:03 276812     /lib/i386-linux-gnu/librt-2.15.so
b65c5000-b65c6000 r--p 00006000 08:03 276812     /lib/i386-linux-gnu/librt-2.15.so
b65c6000-b65c7000 rw-p 00007000 08:03 276812     /lib/i386-linux-gnu/librt-2.15.so
b65c7000-b65ca000 ---p 00000000 00:00 0 
b65ca000-b66c8000 rw-p 00000000 00:00 0          [stack:2876]
b66c8000-b66e4000 r-xp 00000000 08:03 262351     /lib/i386-linux-gnu/libgcc_s.so.1
b66e4000-b66e5000 r--p 0001b000 08:03 262351     /lib/i386-linux-gnu/libgcc_s.so.1
b66e5000-b66e6000 rw-p 0001c000 08:03 262351     /lib/i386-linux-gnu/libgcc_s.so.1
b66e6000-b6710000 r-xp 00000000 08:03 276808     /lib/i386-linux-gnu/libm-2.15.so
b6710000-b6711000 r--p 00029000 08:03 276808     /lib/i386-linux-gnu/libm-2.15.so
b6711000-b6712000 rw-p 0002a000 08:03 276808     /lib/i386-linux-gnu/libm-2.15.so
b6712000-b67ee000 r-xp 00000000 08:03 1313565    /usr/lib/i386-linux-gnu/libstdc++.so.6.0.17
b67ee000-b67ef000 ---p 000dc000 08:03 1313565    /usr/lib/i386-linux-gnu/libstdc++.so.6.0.17
b67ef000-b67f3000 r--p 000dc000 08:03 1313565    /usr/lib/i386-linux-gnu/libstdc++.so.6.0.17
b67f3000-b67f4000 rw-p 000e0000 08:03 1313565    /usr/lib/i386-linux-gnu/libstdc++.so.6.0.17
b67f4000-b67fb000 rw-p 00000000 00:00 0 
b67fb000-b70ea000 r-xp 00000000 08:03 1349108    /usr/lib/jvm/java-7-openjdk-i386/jre/lib/i386/server/libjvm.so
b70ea000-b7131000 r--p 008ee000 08:03 1349108    /usr/lib/jvm/java-7-openjdk-i386/jre/lib/i386/server/libjvm.so
b7131000-b7145000 rw-p 00935000 08:03 1349108    /usr/lib/jvm/java-7-openjdk-i386/jre/lib/i386/server/libjvm.so
b7145000-b7563000 rw-p 00000000 00:00 0 
b7563000-b757a000 r-xp 00000000 08:03 262460     /lib/i386-linux-gnu/libz.so.1.2.7
b757a000-b757b000 r--p 00016000 08:03 262460     /lib/i386-linux-gnu/libz.so.1.2.7
b757b000-b757c000 rw-p 00017000 08:03 262460     /lib/i386-linux-gnu/libz.so.1.2.7
b757c000-b7593000 r-xp 00000000 08:03 276807     /lib/i386-linux-gnu/libpthread-2.15.so
b7593000-b7594000 r--p 00016000 08:03 276807     /lib/i386-linux-gnu/libpthread-2.15.so
b7594000-b7595000 rw-p 00017000 08:03 276807     /lib/i386-linux-gnu/libpthread-2.15.so
b7595000-b7597000 rw-p 00000000 00:00 0 
b7597000-b759a000 r-xp 00000000 08:03 275465     /lib/i386-linux-gnu/libdl-2.15.so
b759a000-b759b000 r--p 00002000 08:03 275465     /lib/i386-linux-gnu/libdl-2.15.so
b759b000-b759c000 rw-p 00003000 08:03 275465     /lib/i386-linux-gnu/libdl-2.15.so
b759c000-b773f000 r-xp 00000000 08:03 274889     /lib/i386-linux-gnu/libc-2.15.so
b773f000-b7740000 ---p 001a3000 08:03 274889     /lib/i386-linux-gnu/libc-2.15.so
b7740000-b7742000 r--p 001a3000 08:03 274889     /lib/i386-linux-gnu/libc-2.15.so
b7742000-b7743000 rw-p 001a5000 08:03 274889     /lib/i386-linux-gnu/libc-2.15.so
b7743000-b7747000 rw-p 00000000 00:00 0 
b7748000-b7749000 r--s 00002000 08:03 1310130    /usr/lib/jvm/java-7-openjdk-common/jre/lib/ext/dnsns.jar
b7749000-b774a000 rw-p 00000000 00:00 0 
b774a000-b774b000 r--p 00000000 00:00 0 
b774b000-b7758000 r-xp 00000000 08:03 1340756    /usr/lib/jvm/java-7-openjdk-i386/jre/lib/i386/libverify.so
b7758000-b7759000 ---p 0000d000 08:03 1340756    /usr/lib/jvm/java-7-openjdk-i386/jre/lib/i386/libverify.so
b7759000-b775a000 r--p 0000d000 08:03 1340756    /usr/lib/jvm/java-7-openjdk-i386/jre/lib/i386/libverify.so
b775a000-b775b000 rw-p 0000e000 08:03 1340756    /usr/lib/jvm/java-7-openjdk-i386/jre/lib/i386/libverify.so
b775b000-b7768000 r-xp 00000000 08:03 1340745    /usr/lib/jvm/java-7-openjdk-i386/jre/lib/i386/jli/libjli.so
b7768000-b7769000 r--p 0000c000 08:03 1340745    /usr/lib/jvm/java-7-openjdk-i386/jre/lib/i386/jli/libjli.so
b7769000-b776a000 rw-p 0000d000 08:03 1340745    /usr/lib/jvm/java-7-openjdk-i386/jre/lib/i386/jli/libjli.so
b776a000-b776c000 rw-p 00000000 00:00 0 
b776c000-b776d000 r-xp 00000000 00:00 0          [vdso]
b776d000-b778d000 r-xp 00000000 08:03 276811     /lib/i386-linux-gnu/ld-2.15.so
b778d000-b778e000 r--p 0001f000 08:03 276811     /lib/i386-linux-gnu/ld-2.15.so
b778e000-b778f000 rw-p 00020000 08:03 276811     /lib/i386-linux-gnu/ld-2.15.so
bfce1000-bfd02000 rw-p 00000000 00:00 0          [stack]

VM Arguments:
jvm_args: -Xms512M -Xmx1536M -Xss1M -XX:+CMSClassUnloadingEnabled -XX:MaxPermSize=384M -Dfile.encoding=UTF-8 -Dplay.version=2.1.2 -Dsbt.ivy.home=/opt/play/framework/../repository -Dplay.home=/opt/play/framework -Dsbt.boot.properties=/opt/play/framework/sbt/sbt.boot.properties 
java_command: /opt/play/framework/sbt/sbt-launch.jar play
Launcher Type: SUN_STANDARD

Environment Variables:
JAVA_HOME=/opt/java
JRE_HOME=/opt/java/jre
CLASSPATH=.:/opt/java/lib:/opt/java/jre/lib:/opt/scala/lib
PATH=/usr/local/heroku/bin:/home/allen/bin:/usr/lib/lightdm/lightdm:/usr/local/sbin:/usr/local/bin:/usr/sbin:/usr/bin:/sbin:/bin:/usr/games:/usr/local/games:/opt/java/bin:/opt/scala/bin:.
SHELL=/bin/bash
DISPLAY=:0

Signal Handlers:
SIGSEGV: [libjvm.so+0x7564a0], sa_mask[0]=0x7ffbfeff, sa_flags=0x10000004
SIGBUS: [libjvm.so+0x7564a0], sa_mask[0]=0x7ffbfeff, sa_flags=0x10000004
SIGFPE: [libjvm.so+0x5f2c10], sa_mask[0]=0x7ffbfeff, sa_flags=0x10000004
SIGPIPE: [libjvm.so+0x5f2c10], sa_mask[0]=0x7ffbfeff, sa_flags=0x10000004
SIGXFSZ: [libjvm.so+0x5f2c10], sa_mask[0]=0x7ffbfeff, sa_flags=0x10000004
SIGILL: [libjvm.so+0x5f2c10], sa_mask[0]=0x7ffbfeff, sa_flags=0x10000004
SIGUSR1: SIG_DFL, sa_mask[0]=0x00000000, sa_flags=0x00000000
SIGUSR2: [libjvm.so+0x5f2ac0], sa_mask[0]=0x00000000, sa_flags=0x10000004
SIGHUP: [libjvm.so+0x5f3050], sa_mask[0]=0x7ffbfeff, sa_flags=0x10000004
SIGINT: [libjvm.so+0x5f3050], sa_mask[0]=0x7ffbfeff, sa_flags=0x10000004
SIGTERM: [libjvm.so+0x5f3050], sa_mask[0]=0x7ffbfeff, sa_flags=0x10000004
SIGQUIT: [libjvm.so+0x5f3050], sa_mask[0]=0x7ffbfeff, sa_flags=0x10000004


---------------  S Y S T E M  ---------------

OS:Ubuntu 12.10 (quantal)
uname:Linux 3.5.0-36-generic #57-Ubuntu SMP Wed Jun 19 15:11:05 UTC 2013 i686
libc:glibc 2.15 NPTL 2.15 
rlimit: STACK 8192k, CORE 0k, NPROC 15930, NOFILE 4096, AS infinity
load average:1.88 1.59 0.81

/proc/meminfo:
MemTotal:        2054688 kB
MemFree:          771732 kB
Buffers:          118284 kB
Cached:           788372 kB
SwapCached:            0 kB
Active:           501088 kB
Inactive:         680484 kB
Active(anon):     281976 kB
Inactive(anon):   164340 kB
Active(file):     219112 kB
Inactive(file):   516144 kB
Unevictable:       31200 kB
Mlocked:           31200 kB
HighTotal:       1173064 kB
HighFree:         151800 kB
LowTotal:         881624 kB
LowFree:          619932 kB
SwapTotal:       3905532 kB
SwapFree:        3905532 kB
Dirty:              2308 kB
Writeback:             0 kB
AnonPages:        306208 kB
Mapped:           101116 kB
Shmem:            165612 kB
Slab:              36936 kB
SReclaimable:      21936 kB
SUnreclaim:        15000 kB
KernelStack:        3688 kB
PageTables:         7648 kB
NFS_Unstable:          0 kB
Bounce:                0 kB
WritebackTmp:          0 kB
CommitLimit:     4932876 kB
Committed_AS:    3680752 kB
VmallocTotal:     122880 kB
VmallocUsed:       11356 kB
VmallocChunk:     109360 kB
HardwareCorrupted:     0 kB
AnonHugePages:         0 kB
HugePages_Total:       0
HugePages_Free:        0
HugePages_Rsvd:        0
HugePages_Surp:        0
Hugepagesize:       2048 kB
DirectMap4k:       10232 kB
DirectMap2M:      903168 kB


CPU:total 4 (2 cores per cpu, 2 threads per core) family 6 model 28 stepping 10, cmov, cx8, fxsr, mmx, sse, sse2, sse3, ssse3, ht, tsc

/proc/cpuinfo:
processor	: 0
vendor_id	: GenuineIntel
cpu family	: 6
model		: 28
model name	: Intel(R) Atom(TM) CPU D525   @ 1.80GHz
stepping	: 10
microcode	: 0x107
cpu MHz		: 1795.531
cache size	: 512 KB
physical id	: 0
siblings	: 4
core id		: 0
cpu cores	: 2
apicid		: 0
initial apicid	: 0
fdiv_bug	: no
hlt_bug		: no
f00f_bug	: no
coma_bug	: no
fpu		: yes
fpu_exception	: yes
cpuid level	: 10
wp		: yes
flags		: fpu vme de pse tsc msr pae mce cx8 apic sep mtrr pge mca cmov pat pse36 clflush dts acpi mmx fxsr sse sse2 ss ht tm pbe nx lm constant_tsc arch_perfmon pebs bts aperfmperf pni dtes64 monitor ds_cpl tm2 ssse3 cx16 xtpr pdcm movbe lahf_lm dtherm
bogomips	: 3591.06
clflush size	: 64
cache_alignment	: 64
address sizes	: 36 bits physical, 48 bits virtual
power management:

processor	: 1
vendor_id	: GenuineIntel
cpu family	: 6
model		: 28
model name	: Intel(R) Atom(TM) CPU D525   @ 1.80GHz
stepping	: 10
microcode	: 0x107
cpu MHz		: 1795.531
cache size	: 512 KB
physical id	: 0
siblings	: 4
core id		: 1
cpu cores	: 2
apicid		: 2
initial apicid	: 2
fdiv_bug	: no
hlt_bug		: no
f00f_bug	: no
coma_bug	: no
fpu		: yes
fpu_exception	: yes
cpuid level	: 10
wp		: yes
flags		: fpu vme de pse tsc msr pae mce cx8 apic sep mtrr pge mca cmov pat pse36 clflush dts acpi mmx fxsr sse sse2 ss ht tm pbe nx lm constant_tsc arch_perfmon pebs bts aperfmperf pni dtes64 monitor ds_cpl tm2 ssse3 cx16 xtpr pdcm movbe lahf_lm dtherm
bogomips	: 3591.06
clflush size	: 64
cache_alignment	: 64
address sizes	: 36 bits physical, 48 bits virtual
power management:

processor	: 2
vendor_id	: GenuineIntel
cpu family	: 6
model		: 28
model name	: Intel(R) Atom(TM) CPU D525   @ 1.80GHz
stepping	: 10
microcode	: 0x107
cpu MHz		: 1795.531
cache size	: 512 KB
physical id	: 0
siblings	: 4
core id		: 0
cpu cores	: 2
apicid		: 1
initial apicid	: 1
fdiv_bug	: no
hlt_bug		: no
f00f_bug	: no
coma_bug	: no
fpu		: yes
fpu_exception	: yes
cpuid level	: 10
wp		: yes
flags		: fpu vme de pse tsc msr pae mce cx8 apic sep mtrr pge mca cmov pat pse36 clflush dts acpi mmx fxsr sse sse2 ss ht tm pbe nx lm constant_tsc arch_perfmon pebs bts aperfmperf pni dtes64 monitor ds_cpl tm2 ssse3 cx16 xtpr pdcm movbe lahf_lm dtherm
bogomips	: 3591.06
clflush size	: 64
cache_alignment	: 64
address sizes	: 36 bits physical, 48 bits virtual
power management:

processor	: 3
vendor_id	: GenuineIntel
cpu family	: 6
model		: 28
model name	: Intel(R) Atom(TM) CPU D525   @ 1.80GHz
stepping	: 10
microcode	: 0x107
cpu MHz		: 1795.531
cache size	: 512 KB
physical id	: 0
siblings	: 4
core id		: 1
cpu cores	: 2
apicid		: 3
initial apicid	: 3
fdiv_bug	: no
hlt_bug		: no
f00f_bug	: no
coma_bug	: no
fpu		: yes
fpu_exception	: yes
cpuid level	: 10
wp		: yes
flags		: fpu vme de pse tsc msr pae mce cx8 apic sep mtrr pge mca cmov pat pse36 clflush dts acpi mmx fxsr sse sse2 ss ht tm pbe nx lm constant_tsc arch_perfmon pebs bts aperfmperf pni dtes64 monitor ds_cpl tm2 ssse3 cx16 xtpr pdcm movbe lahf_lm dtherm
bogomips	: 3591.06
clflush size	: 64
cache_alignment	: 64
address sizes	: 36 bits physical, 48 bits virtual
power management:



Memory: 4k page, physical 2054688k(771732k free), swap 3905532k(3905532k free)

vm_info: OpenJDK Server VM (23.7-b01) for linux-x86 JRE (1.7.0_25-b30), built on Jul  3 2013 13:57:54 by "buildd" with gcc 4.7.2

time: Sat Jul 20 17:37:38 2013
elapsed time: 1 seconds

