#
# A fatal error has been detected by the Java Runtime Environment:
#
#  SIGSEGV (0xb) at pc=0xb6e761ff, pid=3677, tid=3060210496
#
# JRE version: 7.0_25-b30
# Java VM: OpenJDK Server VM (23.7-b01 mixed mode linux-x86 )
# Problematic frame:
# V  [libjvm.so+0x6d11ff]  Symbol::decrement_refcount()+0xf
#
# Failed to write core dump. Core dumps have been disabled. To enable core dumping, try "ulimit -c unlimited" before starting Java again
#
# If you would like to submit a bug report, please include
# instructions on how to reproduce the bug and visit:
#   https://bugs.launchpad.net/ubuntu/+source/openjdk-7/
#

---------------  T H R E A D  ---------------

Current thread (0xb6506800):  JavaThread "main" [_thread_in_vm, id=3683, stack(0xb6621000,0xb6672000)]

siginfo:si_signo=SIGSEGV: si_errno=0, si_code=1 (SEGV_MAPERR), si_addr=0x00000012

Registers:
EAX=0x00000012, EBX=0xb70db000, ECX=0xb70db000, EDX=0x00000012
ESP=0xb666e77c, EBP=0x35d2e210, ESI=0x00000015, EDI=0x35d2e28c
EIP=0xb6e761ff, EFLAGS=0x00210296, CR2=0x00000012

Top of Stack: (sp=0xb666e77c)
0xb666e77c:   b6a933ad 00000012 b6506800 f62308cc
0xb666e78c:   b6a109d4 079ca2ac 45dabdd9 b6e7b2e5
0xb666e79c:   00000012 00000001 b6504ef4 b666eb3c
0xb666e7ac:   b70db000 b666eb3c b6506800 b666ea1c
0xb666e7bc:   b6a200f9 35d2e210 38cad882 0c5b55b1
0xb666e7cc:   b70db000 b70db000 b666eb3c b70db000
0xb666e7dc:   b6a1d63c b666e91c b666ea1c 29aa24e8
0xb666e7ec:   00000002 29aa24d0 29aa24d4 2be2b000 

Instructions: (pc=0xb6e761ff)
0xb6e761df:   9f c2 0f b6 d2 83 fa 00 74 01 f0 83 00 01 f3 c3
0xb6e761ef:   90 8b 44 24 04 e8 12 08 a1 ff 81 c1 07 4e 26 00
0xb6e761ff:   8b 10 85 d2 78 18 8b 91 c0 fe ff ff 83 3a 01 0f
0xb6e7620f:   9f c2 0f b6 d2 83 fa 00 74 01 f0 83 28 01 f3 c3 

Register to memory mapping:

EAX=0x00000012 is an unknown value
EBX=0xb70db000: <offset 0x936000> in /usr/lib/jvm/java-7-openjdk-i386/jre/lib/i386/server/libjvm.so at 0xb67a5000
ECX=0xb70db000: <offset 0x936000> in /usr/lib/jvm/java-7-openjdk-i386/jre/lib/i386/server/libjvm.so at 0xb67a5000
EDX=0x00000012 is an unknown value
ESP=0xb666e77c is pointing into the stack for thread: 0xb6506800
EBP=0x35d2e210 is an oop

[error occurred during error reporting (printing register info), id 0xe0000000]

Stack: [0xb6621000,0xb6672000],  sp=0xb666e77c,  free space=309k
Native frames: (J=compiled Java code, j=interpreted, Vv=VM code, C=native code)
V  [libjvm.so+0x6d11ff]  Symbol::decrement_refcount()+0xf

Java frames: (J=compiled Java code, j=interpreted, Vv=VM code)
j  java.lang.ClassLoader.defineClass1(Ljava/lang/String;[BIILjava/security/ProtectionDomain;Ljava/lang/String;)Ljava/lang/Class;+0
j  java.lang.ClassLoader.defineClass(Ljava/lang/String;[BIILjava/security/ProtectionDomain;)Ljava/lang/Class;+30
j  java.security.SecureClassLoader.defineClass(Ljava/lang/String;[BIILjava/security/CodeSource;)Ljava/lang/Class;+12
j  java.net.URLClassLoader.defineClass(Ljava/lang/String;Lsun/misc/Resource;)Ljava/lang/Class;+206
J  java.net.URLClassLoader$1.run()Ljava/lang/Object;
v  ~StubRoutines::call_stub
J  java.security.AccessController.doPrivileged(Ljava/security/PrivilegedExceptionAction;Ljava/security/AccessControlContext;)Ljava/lang/Object;
j  java.net.URLClassLoader.findClass(Ljava/lang/String;)Ljava/lang/Class;+13
J  java.lang.ClassLoader.loadClass(Ljava/lang/String;Z)Ljava/lang/Class;
j  java.lang.ClassLoader.loadClass(Ljava/lang/String;)Ljava/lang/Class;+3
j  sbt.PlayCommands$$anonfun$53$$anonfun$55$$anon$2.loadClass(Ljava/lang/String;)Ljava/lang/Class;+29
v  ~StubRoutines::call_stub
j  play.core.server.NettyServer.<init>(Lplay/core/ApplicationProvider;ILscala/Option;Ljava/lang/String;Lscala/Enumeration$Value;)V+22
j  play.core.server.NettyServer$$anonfun$mainDev$1.apply()Lplay/core/server/NettyServer;+73
j  play.core.server.NettyServer$$anonfun$mainDev$1.apply()Ljava/lang/Object;+1
j  play.utils.Threads$.withContextClassLoader(Ljava/lang/ClassLoader;Lscala/Function0;)Ljava/lang/Object;+16
j  play.core.server.NettyServer$.mainDev(Lplay/core/SBTLink;I)Lplay/core/server/NettyServer;+19
j  play.core.server.NettyServer.mainDev(Lplay/core/SBTLink;I)Lplay/core/server/NettyServer;+5
v  ~StubRoutines::call_stub
j  sun.reflect.NativeMethodAccessorImpl.invoke0(Ljava/lang/reflect/Method;Ljava/lang/Object;[Ljava/lang/Object;)Ljava/lang/Object;+0
j  sun.reflect.NativeMethodAccessorImpl.invoke(Ljava/lang/Object;[Ljava/lang/Object;)Ljava/lang/Object;+87
j  sun.reflect.DelegatingMethodAccessorImpl.invoke(Ljava/lang/Object;[Ljava/lang/Object;)Ljava/lang/Object;+6
j  java.lang.reflect.Method.invoke(Ljava/lang/Object;[Ljava/lang/Object;)Ljava/lang/Object;+57
j  sbt.PlayCommands$$anonfun$53$$anonfun$55.apply(Lscala/collection/Seq;)Lsbt/State;+165
j  sbt.PlayCommands$$anonfun$53$$anonfun$55.apply(Ljava/lang/Object;)Ljava/lang/Object;+5
j  scala.Either$RightProjection.map(Lscala/Function1;)Lscala/Either;+48
j  sbt.PlayCommands$$anonfun$53.apply(Lsbt/State;Lscala/collection/Seq;)Lsbt/State;+216
j  sbt.PlayCommands$$anonfun$53.apply(Ljava/lang/Object;Ljava/lang/Object;)Ljava/lang/Object;+9
j  sbt.Command$$anonfun$sbt$Command$$apply1$1$$anonfun$apply$6.apply()Ljava/lang/Object;+18
j  sbt.Command$.process(Ljava/lang/String;Lsbt/State;)Lsbt/State;+49
j  sbt.MainLoop$$anonfun$next$1$$anonfun$apply$1.apply(Ljava/lang/String;Lsbt/State;)Lsbt/State;+5
j  sbt.MainLoop$$anonfun$next$1$$anonfun$apply$1.apply(Ljava/lang/Object;Ljava/lang/Object;)Ljava/lang/Object;+9
j  sbt.State$$anon$2.process(Lscala/Function2;)Lsbt/State;+205
j  sbt.MainLoop$$anonfun$next$1.apply()Lsbt/State;+18
j  sbt.MainLoop$$anonfun$next$1.apply()Ljava/lang/Object;+1
j  sbt.ErrorHandling$.wideConvert(Lscala/Function0;)Lscala/Either;+7
j  sbt.MainLoop$.next(Lsbt/State;)Lsbt/State;+11
j  sbt.MainLoop$.run(Lsbt/State;)Lsbt/MainLoop$RunNext;+34
j  sbt.MainLoop$$anonfun$runWithNewLog$1.apply(Ljava/io/BufferedWriter;)Lsbt/MainLoop$RunNext;+136
j  sbt.MainLoop$$anonfun$runWithNewLog$1.apply(Ljava/lang/Object;)Ljava/lang/Object;+5
j  sbt.Using.apply(Ljava/lang/Object;Lscala/Function1;)Ljava/lang/Object;+11
j  sbt.MainLoop$.runWithNewLog(Lsbt/State;Lsbt/GlobalLogBacking;)Lsbt/MainLoop$RunNext;+35
j  sbt.MainLoop$.runAndClearLast(Lsbt/State;Lsbt/GlobalLogBacking;)Lsbt/MainLoop$RunNext;+5
j  sbt.MainLoop$.runLoggedLoop(Lsbt/State;Lsbt/GlobalLogBacking;)Lxsbti/MainResult;+3
j  sbt.MainLoop$.runLogged(Lsbt/State;)Lxsbti/MainResult;+9
j  sbt.xMain.run(Lxsbti/AppConfiguration;)Lxsbti/MainResult;+88
j  xsbt.boot.Launch$.run(Lxsbti/Launcher;Lxsbt/boot/RunConfiguration;)Lxsbti/MainResult;+60
j  xsbt.boot.Launch$$anonfun$explicit$1.apply(Ljava/lang/Object;)Ljava/lang/Object;+10
j  xsbt.boot.Launch$.launch(Lscala/Function1;Lxsbt/boot/RunConfiguration;)Lscala/Option;+2
j  xsbt.boot.Launch$.apply(Lscala/collection/immutable/List;)Lscala/Option;+328
j  xsbt.boot.Boot$.runImpl([Ljava/lang/String;)Lscala/Option;+15
j  xsbt.boot.Boot$.main([Ljava/lang/String;)V+192
j  xsbt.boot.Boot.main([Ljava/lang/String;)V+4
v  ~StubRoutines::call_stub

---------------  P R O C E S S  ---------------

Java Threads: ( => current thread )
  0x2ad2e800 JavaThread "INotify thread" daemon [_thread_in_native, id=4059, stack(0x2aeaf000,0x2af00000)]
  0x26f99000 JavaThread "process reaper" daemon [_thread_blocked, id=4004, stack(0x2b836000,0x2b847000)]
  0x2bf03c00 JavaThread "Service Thread" daemon [_thread_blocked, id=3694, stack(0x2b97b000,0x2b9cc000)]
  0x2bf02000 JavaThread "C2 CompilerThread1" daemon [_thread_blocked, id=3693, stack(0x2b9cc000,0x2ba4d000)]
  0x2bf00400 JavaThread "C2 CompilerThread0" daemon [_thread_blocked, id=3692, stack(0x2ba4d000,0x2bace000)]
  0x2c2fd400 JavaThread "Signal Dispatcher" daemon [_thread_blocked, id=3691, stack(0x3152e000,0x3157f000)]
  0x2c2b8c00 JavaThread "Finalizer" daemon [_thread_blocked, id=3690, stack(0x3182e000,0x3187f000)]
  0x2c2b7000 JavaThread "Reference Handler" daemon [_thread_blocked, id=3689, stack(0x2c12e000,0x2c17f000)]
=>0xb6506800 JavaThread "main" [_thread_in_vm, id=3683, stack(0xb6621000,0xb6672000)]

Other Threads:
  0x2c2b0800 VMThread [stack: 0x2c17f000,0x2c200000] [id=3688]
  0x2bf05c00 WatcherThread [stack: 0x2b8fa000,0x2b97b000] [id=3695]

VM state:not at safepoint (normal execution)

VM Mutex/Monitor currently owned by a thread: None

Heap
 PSYoungGen      total 458752K, used 353423K [0x8a190000, 0xaa190000, 0xaa190000)
  eden space 393216K, 79% used [0x8a190000,0x9d2f0038,0xa2190000)
  from space 65536K, 62% used [0xa2190000,0xa4953e48,0xa6190000)
  to   space 65536K, 0% used [0xa6190000,0xa6190000,0xaa190000)
 ParOldGen       total 1048576K, used 84K [0x4a190000, 0x8a190000, 0x8a190000)
  object space 1048576K, 0% used [0x4a190000,0x4a1a5010,0x8a190000)
 PSPermGen       total 61184K, used 61056K [0x32190000, 0x35d50000, 0x4a190000)
  object space 61184K, 99% used [0x32190000,0x35d30310,0x35d50000)

Card table byte_map: [0x31dcf000,0x32190000] byte_map_base: 0x31c3e380

Polling page: 0xb76f4000

Code Cache  [0xaa49b000, 0xaab93000, 0xb649b000)
 total_blobs=3422 nmethods=3253 adapters=117 free_code_cache=189607Kb largest_free_block=194021568

Compilation events (10 events):
Event: 193.239 Thread 0x2bf00400 3788             sbinary.DefaultProtocol$::IntFormat (7 bytes)
Event: 193.241 Thread 0x2bf00400 nmethod 3788 0xaaa17f08 code [0xaaa18000, 0xaaa18070]
Event: 193.249 Thread 0x2bf02000 3789             sbinary.Generic$$anon$5::writes (22 bytes)
Event: 193.251 Thread 0x2bf02000 nmethod 3789 0xaaa17cc8 code [0xaaa17dc0, 0xaaa17e30]
Event: 193.275 Thread 0x2bf00400 3790             sbinary.JavaUTF$StringFormat$::writes (10 bytes)
Event: 193.277 Thread 0x2bf00400 nmethod 3790 0xaaa17a48 code [0xaaa17b40, 0xaaa17bdc]
Event: 193.340 Thread 0x2bf02000 3791             java.util.jar.Attributes$Name::isValid (45 bytes)
Event: 193.346 Thread 0x2bf02000 nmethod 3791 0xaaa10d48 code [0xaaa10e40, 0xaaa10fdc]
Event: 193.386 Thread 0x2bf00400 3792             sun.misc.ASCIICaseInsensitiveComparator::lowerCaseHashCode (36 bytes)
Event: 193.396 Thread 0x2bf00400 nmethod 3792 0xaaa10908 code [0xaaa10a00, 0xaaa10c50]

GC Heap History (6 events):
Event: 31.059 GC heap before
{Heap before GC invocations=1 (full 0):
 PSYoungGen      total 458752K, used 393216K [0x8a190000, 0xaa190000, 0xaa190000)
  eden space 393216K, 100% used [0x8a190000,0xa2190000,0xa2190000)
  from space 65536K, 0% used [0xa6190000,0xa6190000,0xaa190000)
  to   space 65536K, 0% used [0xa2190000,0xa2190000,0xa6190000)
 ParOldGen       total 1048576K, used 0K [0x4a190000, 0x8a190000, 0x8a190000)
  object space 1048576K, 0% used [0x4a190000,0x4a190000,0x8a190000)
 PSPermGen       total 23424K, used 23311K [0x32190000, 0x33870000, 0x4a190000)
  object space 23424K, 99% used [0x32190000,0x33853c08,0x33870000)
Event: 31.277 GC heap after
Heap after GC invocations=1 (full 0):
 PSYoungGen      total 458752K, used 55837K [0x8a190000, 0xaa190000, 0xaa190000)
  eden space 393216K, 0% used [0x8a190000,0x8a190000,0xa2190000)
  from space 65536K, 85% used [0xa2190000,0xa5817438,0xa6190000)
  to   space 65536K, 0% used [0xa6190000,0xa6190000,0xaa190000)
 ParOldGen       total 1048576K, used 76K [0x4a190000, 0x8a190000, 0x8a190000)
  object space 1048576K, 0% used [0x4a190000,0x4a1a3010,0x8a190000)
 PSPermGen       total 23424K, used 23311K [0x32190000, 0x33870000, 0x4a190000)
  object space 23424K, 99% used [0x32190000,0x33853c08,0x33870000)
}
Event: 85.133 GC heap before
{Heap before GC invocations=2 (full 0):
 PSYoungGen      total 458752K, used 449053K [0x8a190000, 0xaa190000, 0xaa190000)
  eden space 393216K, 100% used [0x8a190000,0xa2190000,0xa2190000)
  from space 65536K, 85% used [0xa2190000,0xa5817438,0xa6190000)
  to   space 65536K, 0% used [0xa6190000,0xa6190000,0xaa190000)
 ParOldGen       total 1048576K, used 76K [0x4a190000, 0x8a190000, 0x8a190000)
  object space 1048576K, 0% used [0x4a190000,0x4a1a3010,0x8a190000)
 PSPermGen       total 36608K, used 36504K [0x32190000, 0x34550000, 0x4a190000)
  object space 36608K, 99% used [0x32190000,0x34536260,0x34550000)
Event: 85.405 GC heap after
Heap after GC invocations=2 (full 0):
 PSYoungGen      total 458752K, used 28802K [0x8a190000, 0xaa190000, 0xaa190000)
  eden space 393216K, 0% used [0x8a190000,0x8a190000,0xa2190000)
  from space 65536K, 43% used [0xa6190000,0xa7db0b98,0xaa190000)
  to   space 65536K, 0% used [0xa2190000,0xa2190000,0xa6190000)
 ParOldGen       total 1048576K, used 80K [0x4a190000, 0x8a190000, 0x8a190000)
  object space 1048576K, 0% used [0x4a190000,0x4a1a4010,0x8a190000)
 PSPermGen       total 36608K, used 36504K [0x32190000, 0x34550000, 0x4a190000)
  object space 36608K, 99% used [0x32190000,0x34536260,0x34550000)
}
Event: 103.534 GC heap before
{Heap before GC invocations=3 (full 0):
 PSYoungGen      total 458752K, used 422018K [0x8a190000, 0xaa190000, 0xaa190000)
  eden space 393216K, 100% used [0x8a190000,0xa2190000,0xa2190000)
  from space 65536K, 43% used [0xa6190000,0xa7db0b98,0xaa190000)
  to   space 65536K, 0% used [0xa2190000,0xa2190000,0xa6190000)
 ParOldGen       total 1048576K, used 80K [0x4a190000, 0x8a190000, 0x8a190000)
  object space 1048576K, 0% used [0x4a190000,0x4a1a4010,0x8a190000)
 PSPermGen       total 44544K, used 44498K [0x32190000, 0x34d10000, 0x4a190000)
  object space 44544K, 99% used [0x32190000,0x34d049a0,0x34d10000)
Event: 103.725 GC heap after
Heap after GC invocations=3 (full 0):
 PSYoungGen      total 458752K, used 40719K [0x8a190000, 0xaa190000, 0xaa190000)
  eden space 393216K, 0% used [0x8a190000,0x8a190000,0xa2190000)
  from space 65536K, 62% used [0xa2190000,0xa4953e48,0xa6190000)
  to   space 65536K, 0% used [0xa6190000,0xa6190000,0xaa190000)
 ParOldGen       total 1048576K, used 84K [0x4a190000, 0x8a190000, 0x8a190000)
  object space 1048576K, 0% used [0x4a190000,0x4a1a5010,0x8a190000)
 PSPermGen       total 44544K, used 44498K [0x32190000, 0x34d10000, 0x4a190000)
  object space 44544K, 99% used [0x32190000,0x34d049a0,0x34d10000)
}

Deoptimization events (10 events):
Event: 161.050 Thread 0x27b1c800 Uncommon trap -34 fr.pc 0xaa8706a8
Event: 161.057 Thread 0x27b1c800 Uncommon trap -34 fr.pc 0xaa8706a8
Event: 161.082 Thread 0x27b1c800 Uncommon trap -34 fr.pc 0xaa8706a8
Event: 164.914 Thread 0x27b1c800 Uncommon trap -58 fr.pc 0xaa51e484
Event: 165.208 Thread 0x27b1c800 Uncommon trap -58 fr.pc 0xaa51e484
Event: 165.697 Thread 0xb6506800 Uncommon trap -34 fr.pc 0xaa76fc10
Event: 190.714 Thread 0xb6506800 Uncommon trap -34 fr.pc 0xaa76fc10
Event: 190.827 Thread 0xb6506800 Uncommon trap -34 fr.pc 0xaa76fc10
Event: 192.598 Thread 0xb6506800 Uncommon trap -34 fr.pc 0xaa76fc10
Event: 192.703 Thread 0xb6506800 Uncommon trap -34 fr.pc 0xaa870ef8

Internal exceptions (10 events):
Event: 194.914 Thread 0xb6506800 Threw 0x9d0ff478 at /build/buildd/openjdk-7-7u25-2.3.10/build/openjdk/hotspot/src/share/vm/prims/jvm.cpp:1235
Event: 194.917 Thread 0xb6506800 Threw 0x9d1081b0 at /build/buildd/openjdk-7-7u25-2.3.10/build/openjdk/hotspot/src/share/vm/prims/jvm.cpp:1235
Event: 194.918 Thread 0xb6506800 Threw 0x9d10ac30 at /build/buildd/openjdk-7-7u25-2.3.10/build/openjdk/hotspot/src/share/vm/prims/jvm.cpp:1235
Event: 194.932 Thread 0xb6506800 Threw 0x9d10c708 at /build/buildd/openjdk-7-7u25-2.3.10/build/openjdk/hotspot/src/share/vm/prims/jvm.cpp:1235
Event: 194.934 Thread 0xb6506800 Threw 0x9d116a10 at /build/buildd/openjdk-7-7u25-2.3.10/build/openjdk/hotspot/src/share/vm/prims/jvm.cpp:1235
Event: 194.937 Thread 0xb6506800 Threw 0x9d11a0d0 at /build/buildd/openjdk-7-7u25-2.3.10/build/openjdk/hotspot/src/share/vm/prims/jvm.cpp:1235
Event: 194.962 Thread 0xb6506800 Threw 0x9d11fce0 at /build/buildd/openjdk-7-7u25-2.3.10/build/openjdk/hotspot/src/share/vm/prims/jvm.cpp:1235
Event: 194.963 Thread 0xb6506800 Threw 0x9d122f28 at /build/buildd/openjdk-7-7u25-2.3.10/build/openjdk/hotspot/src/share/vm/prims/jvm.cpp:1235
Event: 195.104 Thread 0xb6506800 Threw 0x9d14f358 at /build/buildd/openjdk-7-7u25-2.3.10/build/openjdk/hotspot/src/share/vm/prims/jvm.cpp:1235
Event: 195.125 Thread 0xb6506800 Threw 0x9d1521d8 at /build/buildd/openjdk-7-7u25-2.3.10/build/openjdk/hotspot/src/share/vm/classfile/classFileError.cpp:40

Events (10 events):
Event: 194.934 loading class 0x295de630
Event: 194.934 loading class 0x295de630 done
Event: 194.937 loading class 0x2bfbfed8
Event: 194.937 loading class 0x2bfbfed8 done
Event: 194.962 loading class 0x2ad238e0
Event: 194.962 loading class 0x2ad238e0 done
Event: 194.963 loading class 0x2be2b000
Event: 194.963 loading class 0x2be2b000 done
Event: 195.104 loading class 0x2be42bc0
Event: 195.104 loading class 0x2be42bc0 done


Dynamic libraries:
08048000-08049000 r-xp 00000000 08:03 1340733    /usr/lib/jvm/java-7-openjdk-i386/jre/bin/java
08049000-0804a000 r--p 00000000 08:03 1340733    /usr/lib/jvm/java-7-openjdk-i386/jre/bin/java
0804a000-0804b000 rw-p 00001000 08:03 1340733    /usr/lib/jvm/java-7-openjdk-i386/jre/bin/java
08866000-089a8000 rw-p 00000000 00:00 0          [heap]
266b6000-26800000 rw-p 00000000 00:00 0 
26800000-268fe000 rw-p 00000000 00:00 0 
268fe000-26900000 ---p 00000000 00:00 0 
26900000-269fb000 rw-p 00000000 00:00 0 
269fb000-26a00000 ---p 00000000 00:00 0 
26a00000-26af7000 rw-p 00000000 00:00 0 
26af7000-26b00000 ---p 00000000 00:00 0 
26b00000-26bfc000 rw-p 00000000 00:00 0 
26bfc000-26c00000 ---p 00000000 00:00 0 
26c00000-26cf9000 rw-p 00000000 00:00 0 
26cf9000-26d00000 ---p 00000000 00:00 0 
26d00000-26dfd000 rw-p 00000000 00:00 0 
26dfd000-26e00000 ---p 00000000 00:00 0 
26e00000-26efb000 rw-p 00000000 00:00 0 
26efb000-26f00000 ---p 00000000 00:00 0 
26f00000-26ffb000 rw-p 00000000 00:00 0 
26ffb000-27000000 ---p 00000000 00:00 0 
27000000-270fd000 rw-p 00000000 00:00 0 
270fd000-27100000 ---p 00000000 00:00 0 
27100000-271f3000 rw-p 00000000 00:00 0 
271f3000-27200000 ---p 00000000 00:00 0 
27300000-273fe000 rw-p 00000000 00:00 0 
273fe000-27400000 ---p 00000000 00:00 0 
27400000-274ff000 rw-p 00000000 00:00 0 
274ff000-27500000 ---p 00000000 00:00 0 
27600000-276e5000 rw-p 00000000 00:00 0 
276e5000-27700000 ---p 00000000 00:00 0 
27700000-277f0000 rw-p 00000000 00:00 0 
277f0000-27800000 ---p 00000000 00:00 0 
27800000-278fb000 rw-p 00000000 00:00 0 
278fb000-27900000 ---p 00000000 00:00 0 
27900000-279dc000 rw-p 00000000 00:00 0 
279dc000-27a00000 ---p 00000000 00:00 0 
27a00000-27afa000 rw-p 00000000 00:00 0 
27afa000-27b00000 ---p 00000000 00:00 0 
27b00000-27b47000 rw-p 00000000 00:00 0 
27b47000-27c00000 ---p 00000000 00:00 0 
27c00000-27cf5000 rw-p 00000000 00:00 0 
27cf5000-27d00000 ---p 00000000 00:00 0 
27e00000-27f00000 rw-p 00000000 00:00 0 
27f00000-27fff000 rw-p 00000000 00:00 0 
27fff000-28000000 ---p 00000000 00:00 0 
28100000-281ff000 rw-p 00000000 00:00 0 
281ff000-28200000 ---p 00000000 00:00 0 
28200000-28300000 rw-p 00000000 00:00 0 
28300000-283db000 rw-p 00000000 00:00 0 
283db000-28400000 ---p 00000000 00:00 0 
28500000-285c4000 rw-p 00000000 00:00 0 
285c4000-28600000 ---p 00000000 00:00 0 
28600000-286fe000 rw-p 00000000 00:00 0 
286fe000-28700000 ---p 00000000 00:00 0 
28700000-287e7000 rw-p 00000000 00:00 0 
287e7000-28800000 ---p 00000000 00:00 0 
28900000-289ef000 rw-p 00000000 00:00 0 
289ef000-28a00000 ---p 00000000 00:00 0 
28a00000-28afa000 rw-p 00000000 00:00 0 
28afa000-28b00000 ---p 00000000 00:00 0 
28b00000-28bfc000 rw-p 00000000 00:00 0 
28bfc000-28c00000 ---p 00000000 00:00 0 
28c00000-28cce000 rw-p 00000000 00:00 0 
28cce000-28d00000 ---p 00000000 00:00 0 
28d00000-28df4000 rw-p 00000000 00:00 0 
28df4000-28e00000 ---p 00000000 00:00 0 
28e00000-28f00000 rw-p 00000000 00:00 0 
28f00000-28fff000 rw-p 00000000 00:00 0 
28fff000-29000000 ---p 00000000 00:00 0 
29100000-291ff000 rw-p 00000000 00:00 0 
291ff000-29200000 ---p 00000000 00:00 0 
29200000-292fa000 rw-p 00000000 00:00 0 
292fa000-29300000 ---p 00000000 00:00 0 
29300000-293fd000 rw-p 00000000 00:00 0 
293fd000-29400000 ---p 00000000 00:00 0 
29400000-294fe000 rw-p 00000000 00:00 0 
294fe000-29500000 ---p 00000000 00:00 0 
29500000-295fd000 rw-p 00000000 00:00 0 
295fd000-29600000 ---p 00000000 00:00 0 
29600000-296fc000 rw-p 00000000 00:00 0 
296fc000-29700000 ---p 00000000 00:00 0 
29700000-297f2000 rw-p 00000000 00:00 0 
297f2000-29800000 ---p 00000000 00:00 0 
29800000-298fa000 rw-p 00000000 00:00 0 
298fa000-29900000 ---p 00000000 00:00 0 
29900000-299f8000 rw-p 00000000 00:00 0 
299f8000-29a00000 ---p 00000000 00:00 0 
29a00000-29afd000 rw-p 00000000 00:00 0 
29afd000-29b00000 ---p 00000000 00:00 0 
29b00000-29bf6000 rw-p 00000000 00:00 0 
29bf6000-29c00000 ---p 00000000 00:00 0 
29c03000-29c9e000 rw-p 00000000 00:00 0 
29c9e000-29ca1000 r--s 00011000 08:03 785728     /home/allen/.ivy2/cache/org.mongodb/casbah-gridfs_2.10/jars/casbah-gridfs_2.10-2.6.2.jar
29ca1000-29ca7000 r--s 00032000 08:03 785726     /home/allen/.ivy2/cache/org.mongodb/casbah-query_2.10/jars/casbah-query_2.10-2.6.2.jar
29ca7000-29cab000 r--s 00036000 08:03 785724     /home/allen/.ivy2/cache/org.mongodb/casbah-core_2.10/jars/casbah-core_2.10-2.6.2.jar
29cab000-29cb3000 r--s 0005f000 08:03 785730     /home/allen/.ivy2/cache/org.mongodb/mongo-java-driver/jars/mongo-java-driver-2.11.2.jar
29cb3000-29cb6000 r--s 0001a000 08:03 279197     /home/allen/.ivy2/cache/com.github.nscala-time/nscala-time_2.10/jars/nscala-time_2.10-0.2.0.jar
29cb6000-29cbb000 r--s 00022000 08:03 785722     /home/allen/.ivy2/cache/org.mongodb/casbah-commons_2.10/jars/casbah-commons_2.10-2.6.2.jar
29cbb000-29cbd000 r--s 0001b000 08:03 279194     /home/allen/.ivy2/cache/org.webjars/jquery/jars/jquery-1.9.1.jar
29cbd000-29cc2000 r--s 00016000 08:03 787547     /home/allen/.ivy2/cache/xml-apis/xml-apis/jars/xml-apis-1.0.b2.jar
29cc2000-29cc7000 r--s 00048000 08:03 787545     /home/allen/.ivy2/cache/dom4j/dom4j/jars/dom4j-1.6.1.jar
29cc7000-29cd0000 r--s 00095000 08:03 279195     /home/allen/.ivy2/cache/javassist/javassist/jars/javassist-3.12.1.GA.jar
29cd0000-29cd3000 r--s 00006000 08:03 785720     /home/allen/.ivy2/cache/com.google.code.findbugs/jsr305/jars/jsr305-1.3.9.jar
29cd3000-29cf4000 r--s 00172000 08:03 785718     /home/allen/.ivy2/cache/com.google.guava/guava/jars/guava-11.0.2.jar
29cf4000-29d27000 r--s 002ce000 08:03 786817     /home/allen/.ivy2/cache/org.scala-lang/scala-reflect/jars/scala-reflect-2.10.0.jar
29d27000-29d42000 r--s 0012b000 08:03 787505     /home/allen/.ivy2/cache/net.sf.ehcache/ehcache-core/jars/ehcache-core-2.6.0.jar
29d42000-29d51000 r--s 000b0000 08:03 787503     /home/allen/.ivy2/cache/org.codehaus.jackson/jackson-mapper-asl/jars/jackson-mapper-asl-1.9.10.jar
29d51000-29d57000 r--s 00048000 08:03 787493     /home/allen/.ivy2/cache/org.apache.commons/commons-lang3/jars/commons-lang3-3.1.jar
29d57000-29d59000 r--s 00008000 08:03 787491     /home/allen/.ivy2/cache/org.joda/joda-convert/jars/joda-convert-1.2.jar
29d59000-29d69000 r--s 0007c000 08:03 409188     /home/allen/.ivy2/cache/joda-time/joda-time/jars/joda-time-2.1.jar
29d69000-29d6b000 r--s 00002000 08:03 787487     /home/allen/.ivy2/cache/com.typesafe.akka/akka-slf4j_2.10/bundles/akka-slf4j_2.10-2.1.0.jar
29d6b000-29d88000 r--s 001b2000 08:03 787485     /home/allen/.ivy2/cache/com.typesafe.akka/akka-actor_2.10/bundles/akka-actor_2.10-2.1.0.jar
29d88000-29dbb000 r--s 002ce000 08:03 159177     /home/allen/.sbt/boot/scala-2.10.0/lib/scala-reflect.jar
29dbb000-29e82000 r--s 00a25000 08:03 159173     /home/allen/.sbt/boot/scala-2.9.2/lib/scala-compiler.jar
29e82000-29f00000 r--s 007f5000 08:03 159171     /home/allen/.sbt/boot/scala-2.9.2/lib/scala-library.jar
29f00000-29fcb000 rw-p 00000000 00:00 0 
29fcb000-2a000000 ---p 00000000 00:00 0 
2a000000-2a0fe000 rw-p 00000000 00:00 0 
2a0fe000-2a100000 ---p 00000000 00:00 0 
2a100000-2a1f3000 rw-p 00000000 00:00 0 
2a1f3000-2a200000 ---p 00000000 00:00 0 
2a20d000-2a300000 r--s 00c8c000 08:03 159178     /home/allen/.sbt/boot/scala-2.10.0/lib/scala-compiler.jar
2a300000-2a3fd000 rw-p 00000000 00:00 0 
2a3fd000-2a400000 ---p 00000000 00:00 0 
2a402000-2a404000 r-xp 00000000 08:03 279596     /home/allen/workspace/hs-test/target/native_libraries/32bits/libjnotify.so
2a404000-2a405000 rw-p 00001000 08:03 279596     /home/allen/workspace/hs-test/target/native_libraries/32bits/libjnotify.so
2a405000-2a408000 r--s 00017000 08:03 787534     /home/allen/.ivy2/cache/org.reflections/reflections/jars/reflections-0.9.8.jar
2a408000-2a40c000 r--s 00035000 08:03 787501     /home/allen/.ivy2/cache/org.codehaus.jackson/jackson-core-asl/jars/jackson-core-asl-1.9.10.jar
2a40c000-2a414000 r--s 00040000 08:03 787516     /home/allen/.ivy2/cache/org.apache.httpcomponents/httpclient/jars/httpclient-4.0.1.jar
2a414000-2a485000 r--s 00658000 08:03 159179     /home/allen/.sbt/boot/scala-2.10.0/lib/scala-library.jar
2a485000-2a488000 ---p 00000000 00:00 0 
2a488000-2a4d6000 rw-p 00000000 00:00 0 
2a4d7000-2a4dc000 r--s 00026000 08:03 787515     /home/allen/.ivy2/cache/org.apache.httpcomponents/httpcore/jars/httpcore-4.0.1.jar
2a4dc000-2a4e5000 r--s 0006c000 08:03 787495     /home/allen/.ivy2/cache/com.ning/async-http-client/jars/async-http-client-1.7.6.jar
2a4e5000-2a4eb000 r--s 00038000 08:03 787481     /home/allen/.ivy2/cache/ch.qos.logback/logback-classic/jars/logback-classic-1.0.7.jar
2a4eb000-2a4f3000 r--s 00051000 08:03 787480     /home/allen/.ivy2/cache/ch.qos.logback/logback-core/jars/logback-core-1.0.7.jar
2a4f3000-2a4f5000 r--s 00003000 08:03 787479     /home/allen/.ivy2/cache/org.slf4j/jcl-over-slf4j/jars/jcl-over-slf4j-1.6.6.jar
2a4f5000-2a4f6000 r--s 00001000 08:03 787477     /home/allen/.ivy2/cache/org.slf4j/jul-to-slf4j/jars/jul-to-slf4j-1.6.6.jar
2a4f6000-2a4f8000 r--s 00005000 08:03 787475     /home/allen/.ivy2/cache/org.slf4j/slf4j-api/jars/slf4j-api-1.6.6.jar
2a4f8000-2a4fa000 r--s 00009000 08:03 787514     /home/allen/.ivy2/cache/org.hamcrest/hamcrest-core/jars/hamcrest-core-1.3.jar
2a4fa000-2a500000 r--s 00036000 08:03 787512     /home/allen/.ivy2/cache/junit/junit/jars/junit-4.11.jar
2a500000-2a5fe000 rw-p 00000000 00:00 0 
2a5fe000-2a600000 ---p 00000000 00:00 0 
2a602000-2a605000 r--s 00009000 08:03 787497     /home/allen/.ivy2/cache/oauth.signpost/signpost-core/jars/signpost-core-1.2.1.2.jar
2a605000-2a606000 r--s 00001000 08:03 787474     /home/allen/.ivy2/cache/com.typesafe.netty/netty-http-pipelining/jars/netty-http-pipelining-1.0.0.jar
2a606000-2a61e000 r--s 0010e000 08:03 787472     /home/allen/.ivy2/cache/io.netty/netty/bundles/netty-3.6.3.Final.jar
2a61e000-2a626000 r--s 0008d000 08:03 787489     /home/allen/.ivy2/cache/org.scala-stm/scala-stm_2.10.0/jars/scala-stm_2.10.0-0.6.jar
2a626000-2a635000 r--s 0008e000 08:03 787470     /home/allen/.ivy2/cache/play/play-iteratees_2.10/jars/play-iteratees_2.10-2.1.2.jar
2a635000-2a68f000 r--s 0041f000 08:03 286715     /home/allen/.ivy2/cache/play/play_2.10/jars/play_2.10-2.1.2.jar
2a68f000-2a692000 r--s 00024000 08:03 786259     /home/allen/.ivy2/cache/commons-io/commons-io/jars/commons-io-2.0.1.jar
2a692000-2a69a000 r--s 00046000 08:03 786686     /home/allen/.ivy2/cache/scala_2.9.2/sbt_0.12/com.typesafe.sbtidea/sbt-idea/jars/sbt-idea-1.1.1.jar
2a69a000-2a700000 r--s 003df000 08:03 787158     /home/allen/.ivy2/cache/org.scalaz/scalaz-core_2.9.2/jars/scalaz-core_2.9.2-6.0.4.jar
2a700000-2a7f8000 rw-p 00000000 00:00 0 
2a7f8000-2a800000 ---p 00000000 00:00 0 
2a800000-2a8f1000 rw-p 00000000 00:00 0 
2a8f1000-2a900000 ---p 00000000 00:00 0 
2a900000-2a9fa000 rw-p 00000000 00:00 0 
2a9fa000-2aa00000 ---p 00000000 00:00 0 
2aa02000-2aa05000 r--s 00010000 08:03 787511     /home/allen/.ivy2/cache/com.jsuereth/scala-arm_2.10/jars/scala-arm_2.10-1.3.jar
2aa05000-2aa1a000 r--s 00128000 08:03 787509     /home/allen/.ivy2/cache/com.github.scala-incubator.io/scala-io-core_2.10/jars/scala-io-core_2.10-0.4.2.jar
2aa1a000-2aa22000 r--s 00063000 08:03 787483     /home/allen/.ivy2/cache/com.github.scala-incubator.io/scala-io-file_2.10/jars/scala-io-file_2.10-0.4.2.jar
2aa22000-2aa25000 r--s 00032000 08:03 1314661    /usr/lib/jvm/java-7-openjdk-common/jre/lib/ext/sunjce_provider.jar
2aa25000-2aa2b000 r--s 00039000 08:03 786795     /home/allen/.ivy2/cache/scala_2.9.2/sbt_0.12/com.typesafe.sbteclipse/sbteclipse-core/jars/sbteclipse-core-2.1.1.jar
2aa2b000-2aa2c000 r--s 00001000 08:03 786682     /home/allen/.ivy2/cache/scala_2.9.2/sbt_0.12/com.typesafe.sbteclipse/sbteclipse-plugin/jars/sbteclipse-plugin-2.1.1.jar
2aa2c000-2aa2f000 r--s 0009f000 08:03 786680     /home/allen/.ivy2/cache/net.contentobjects.jnotify/jnotify/jars/jnotify-0.94.jar
2aa2f000-2aa30000 r--s 00004000 08:03 786794     /home/allen/.ivy2/cache/asm/asm-analysis/jars/asm-analysis-3.3.1.jar
2aa30000-2aa32000 r--s 00004000 08:03 662189     /home/allen/.ivy2/cache/asm/asm-tree/jars/asm-tree-3.3.1.jar
2aa32000-2aa34000 r--s 00008000 08:03 545562     /home/allen/.ivy2/cache/asm/asm-util/jars/asm-util-3.3.1.jar
2aa34000-2aa35000 r--s 0000a000 08:03 786792     /home/allen/.ivy2/cache/asm/asm/jars/asm-3.3.1.jar
2aa35000-2aa37000 r--s 00013000 08:03 786789     /home/allen/.ivy2/cache/org.parboiled/parboiled-java/jars/parboiled-java-1.0.2.jar
2aa37000-2aa3c000 r--s 0002f000 08:03 786787     /home/allen/.ivy2/cache/org.parboiled/parboiled-core/jars/parboiled-core-1.0.2.jar
2aa3c000-2aa3e000 r--s 0000d000 08:03 786670     /home/allen/.ivy2/cache/org.pegdown/pegdown/jars/pegdown-1.1.0.jar
2aa3e000-2aa48000 r--s 0012f000 08:03 786666     /home/allen/.ivy2/cache/com.h2database/h2/jars/h2-1.3.168.jar
2aa48000-2aa61000 r--s 0014c000 08:03 786783     /home/allen/.ivy2/cache/org.avaje.ebeanorm/avaje-ebeanorm-server/jars/avaje-ebeanorm-server-3.1.2.jar
2aa61000-2aa64000 r--s 0002a000 08:03 786785     /home/allen/.ivy2/cache/org.avaje.ebeanorm/avaje-ebeanorm-agent/jars/avaje-ebeanorm-agent-3.2.1.jar
2aa64000-2aa6c000 r--s 0003f000 08:03 786781     /home/allen/.ivy2/cache/org.avaje.ebeanorm/avaje-ebeanorm-api/jars/avaje-ebeanorm-api-3.1.1.jar
2aa6d000-2aa8b000 r--s 00151000 08:03 786658     /home/allen/.ivy2/cache/com.google.guava/guava/jars/guava-10.0.1.jar
2aa8b000-2aabc000 r--s 0030d000 08:03 786656     /home/allen/.ivy2/cache/com.google.javascript/closure-compiler/jars/closure-compiler-rr2079.1.jar
2aabc000-2aac5000 r--s 000cc000 08:03 786412     /home/allen/.ivy2/cache/rhino/js/jars/js-1.7R2.jar
2aac5000-2aac9000 r--s 0002a000 08:03 786652     /home/allen/.ivy2/cache/com.typesafe/config/bundles/config-1.0.0.jar
2aac9000-2aadf000 r--s 00132000 08:03 786779     /home/allen/.ivy2/cache/com.github.scala-incubator.io/scala-io-core_2.9.1/jars/scala-io-core_2.9.1-0.4.0-seq.jar
2aadf000-2aae6000 r--s 00058000 08:03 786710     /home/allen/.ivy2/cache/com.github.scala-incubator.io/scala-io-file_2.9.1/jars/scala-io-file_2.9.1-0.4.0-seq.jar
2aae6000-2ab00000 r--s 0015d000 08:03 786708     /home/allen/.ivy2/cache/org.eclipse.jgit/org.eclipse.jgit/jars/org.eclipse.jgit-1.3.0.201202151440-r.jar
2ab00000-2ac00000 rw-p 00000000 00:00 0 
2ac00000-2ac01000 r--s 00001000 08:03 787499     /home/allen/.ivy2/cache/oauth.signpost/signpost-commonshttp4/jars/signpost-commonshttp4-1.2.1.2.jar
2ac01000-2ac05000 r--s 00085000 08:03 1314583    /usr/lib/jvm/java-7-openjdk-common/jre/lib/ext/localedata.jar
2ac05000-2ac09000 r--s 00025000 08:03 159176     /home/allen/.sbt/boot/scala-2.10.0/lib/jline.jar
2ac09000-2ac0c000 r--s 00018000 08:03 159175     /home/allen/.sbt/boot/scala-2.10.0/lib/jansi.jar
2ac0c000-2ac10000 r--s 00031000 08:03 662185     /home/allen/.ivy2/cache/com.jcraft/jsch/jars/jsch-0.1.44-1.jar
2ac10000-2ac13000 r--s 0001b000 08:03 786731     /home/allen/.ivy2/cache/junit/junit/jars/junit-3.8.1.jar
2ac13000-2ac15000 r--s 00002000 08:03 786773     /home/allen/.ivy2/cache/net.databinder/dispatch-futures_2.9.1/jars/dispatch-futures_2.9.1-0.8.6.jar
2ac15000-2ac17000 r--s 0000d000 08:03 662183     /home/allen/.ivy2/cache/commons-codec/commons-codec/jars/commons-codec-1.4.jar
2ac17000-2ac19000 r--s 0000d000 08:03 662181     /home/allen/.ivy2/cache/commons-logging/commons-logging/jars/commons-logging-1.1.1.jar
2ac19000-2ac1e000 r--s 00028000 08:03 786777     /home/allen/.ivy2/cache/org.apache.httpcomponents/httpcore/jars/httpcore-4.1.2.jar
2ac1e000-2ac26000 r--s 0004e000 08:03 786775     /home/allen/.ivy2/cache/org.apache.httpcomponents/httpclient/jars/httpclient-4.1.2.jar
2ac26000-2ac2a000 r--s 0001a000 08:03 786771     /home/allen/.ivy2/cache/net.databinder/dispatch-core_2.9.1/jars/dispatch-core_2.9.1-0.8.6.jar
2ac2a000-2ac2b000 r--s 00007000 08:03 786769     /home/allen/.ivy2/cache/net.databinder/dispatch-http_2.9.1/jars/dispatch-http_2.9.1-0.8.6.jar
2ac2b000-2ac2d000 r--s 0000e000 08:03 786713     /home/allen/.ivy2/cache/me.lessis/ls_2.9.1/jars/ls_2.9.1-0.1.2-RC2.jar
2ac2d000-2ac32000 r--s 00068000 08:03 786751     /home/allen/.ivy2/cache/antlr/antlr/jars/antlr-2.7.7.jar
2ac32000-2ac35000 r--s 00022000 08:03 786729     /home/allen/.ivy2/cache/org.antlr/stringtemplate/jars/stringtemplate-3.2.1.jar
2ac35000-2ac37000 r--s 00005000 08:03 786742     /home/allen/.ivy2/cache/org.slf4j/slf4j-api/jars/slf4j-api-1.6.2.jar
2ac37000-2ac38000 r--s 00001000 08:03 786741     /home/allen/.ivy2/cache/org.clapper/grizzled-slf4j_2.9.1/jars/grizzled-slf4j_2.9.1-0.6.5.jar
2ac38000-2ac3a000 r--s 00008000 08:03 786739     /home/allen/.ivy2/cache/asm/asm-commons/jars/asm-commons-3.3.jar
2ac3a000-2ac3d000 r--s 00016000 08:03 786727     /home/allen/.ivy2/cache/org.clapper/classutil_2.9.1/jars/classutil_2.9.1-0.4.2.jar
2ac3d000-2ac46000 r--s 00065000 08:03 786717     /home/allen/.ivy2/cache/org.clapper/grizzled-scala_2.9.1/jars/grizzled-scala_2.9.1-1.0.8.jar
2ac46000-2ac47000 r--s 00004000 08:03 786705     /home/allen/.ivy2/cache/org.clapper/scalasti_2.9.1/jars/scalasti_2.9.1-0.5.5.jar
2ac47000-2ac49000 r--s 00013000 08:03 786703     /home/allen/.ivy2/cache/net.databinder.giter8/giter8-lib_2.9.1/jars/giter8-lib_2.9.1-0.5.0.jar
2ac49000-2ac4b000 r--s 00005000 08:03 786700     /home/allen/.ivy2/cache/net.databinder.giter8/giter8_2.9.1/jars/giter8_2.9.1-0.5.0.jar
2ac4b000-2ac4d000 r--s 0000a000 08:03 545557     /home/allen/.ivy2/cache/play/console_2.9.2/jars/console_2.9.2-2.1.2.jar
2ac4d000-2ac57000 r--s 00047000 08:03 409123     /home/allen/.ivy2/cache/play/templates-compiler_2.9.2/jars/templates-compiler_2.9.2-2.1.2.jar
2ac57000-2ac74000 r--s 001a5000 08:03 786698     /home/allen/.ivy2/cache/com.typesafe.akka/akka-actor/jars/akka-actor-2.0.1.jar
2ac74000-2ac76000 r--s 0000f000 08:03 786690     /home/allen/.ivy2/cache/com.github.jsuereth.scala-arm/scala-arm_2.9.1/jars/scala-arm_2.9.1-1.1.jar
2ac76000-2ac8d000 r--s 00146000 08:03 662180     /home/allen/.ivy2/cache/com.github.scala-incubator.io/scala-io-core_2.9.2/jars/scala-io-core_2.9.2-0.4.1.jar
2ac8d000-2ac94000 r--s 00059000 08:03 545560     /home/allen/.ivy2/cache/com.github.scala-incubator.io/scala-io-file_2.9.2/jars/scala-io-file_2.9.2-0.4.1.jar
2ac94000-2aca0000 r--s 0005d000 08:03 409121     /home/allen/.ivy2/cache/play/routes-compiler_2.9.2/jars/routes-compiler_2.9.2-2.1.2.jar
2aca0000-2acaf000 r--s 000c7000 08:03 786648     /home/allen/.ivy2/cache/scala_2.9.2/sbt_0.12/play/sbt-plugin/jars/sbt-plugin-2.1.2.jar
2acaf000-2acb2000 ---p 00000000 00:00 0 
2acb2000-2ad00000 rw-p 00000000 00:00 0 
2ad00000-2adf7000 rw-p 00000000 00:00 0 
2adf7000-2ae00000 ---p 00000000 00:00 0 
2ae00000-2ae02000 r--s 0000a000 08:03 662211     /home/allen/.ivy2/cache/commons-codec/commons-codec/jars/commons-codec-1.3.jar
2ae02000-2ae04000 r--s 00014000 08:03 666841     /home/allen/.ivy2/cache/jline/jline/jars/jline-0.9.94.jar
2ae04000-2ae0d000 r--s 00098000 08:03 662176     /home/allen/.ivy2/cache/org.javassist/javassist/jars/javassist-3.16.1-GA.jar
2ae0d000-2ae10000 ---p 00000000 00:00 0 
2ae10000-2ae5e000 rw-p 00000000 00:00 0 
2ae5e000-2ae61000 ---p 00000000 00:00 0 
2ae61000-2aeaf000 rw-p 00000000 00:00 0 
2aeaf000-2aeb2000 ---p 00000000 00:00 0 
2aeb2000-2af00000 rw-p 00000000 00:00 0          [stack:4059]
2af00000-2afe3000 rw-p 00000000 00:00 0 
2afe3000-2b000000 ---p 00000000 00:00 0 
2b000000-2b100000 rw-p 00000000 00:00 0 
2b100000-2b1fd000 rw-p 00000000 00:00 0 
2b1fd000-2b200000 ---p 00000000 00:00 0 
2b200000-2b2fd000 rw-p 00000000 00:00 0 
2b2fd000-2b300000 ---p 00000000 00:00 0 
2b300000-2b3f5000 rw-p 00000000 00:00 0 
2b3f5000-2b400000 ---p 00000000 00:00 0 
2b401000-2b403000 r--s 00000000 08:03 286466     /home/allen/.ivy2/cache/play/play-exceptions/jars/play-exceptions-2.1.2.jar
2b403000-2b404000 rw-p 00000000 00:00 0 
2b404000-2b406000 r--s 00012000 08:03 1314643    /usr/lib/jvm/java-7-openjdk-common/jre/lib/ext/zipfs.jar
2b406000-2b409000 r--s 0003c000 08:03 1314663    /usr/lib/jvm/java-7-openjdk-common/jre/lib/ext/sunpkcs11.jar
2b409000-2b40c000 r--s 0000f000 08:03 1311855    /usr/lib/jvm/java-7-openjdk-common/jre/lib/ext/pulse-java.jar
2b40c000-2b419000 r--s 00107000 08:03 1314670    /usr/lib/jvm/java-7-openjdk-common/jre/lib/rhino.jar
2b419000-2b424000 r--s 001fb000 08:03 1314669    /usr/lib/jvm/java-7-openjdk-common/jre/lib/charsets.jar
2b424000-2b426000 r--s 00015000 08:03 1314671    /usr/lib/jvm/java-7-openjdk-common/jre/lib/jce.jar
2b426000-2b42f000 r--s 000bc000 08:03 1314681    /usr/lib/jvm/java-7-openjdk-common/jre/lib/resources.jar
2b42f000-2b432000 ---p 00000000 00:00 0 
2b432000-2b480000 rw-p 00000000 00:00 0 
2b480000-2b483000 r--s 00008000 08:03 146386     /home/allen/.sbt/boot/scala-2.9.2/org.scala-sbt/sbt/0.12.2/xsbti/interface-0.12.2.jar
2b483000-2b48a000 r--s 0004f000 08:03 158925     /home/allen/.sbt/boot/scala-2.9.2/org.scala-sbt/sbt/0.12.2/completion-0.12.2.jar
2b48a000-2b48c000 r--s 00013000 08:03 149062     /home/allen/.sbt/boot/scala-2.9.2/org.scala-sbt/sbt/0.12.2/testing-0.12.2.jar
2b48c000-2b48e000 r--s 0000a000 08:03 146374     /home/allen/.sbt/boot/scala-2.9.2/org.scala-sbt/sbt/0.12.2/compiler-integration-0.12.2.jar
2b48e000-2b490000 r--s 00002000 08:03 159160     /home/allen/.sbt/boot/scala-2.9.2/org.scala-sbt/sbt/0.12.2/control-0.12.2.jar
2b490000-2b4a5000 r--s 00114000 08:03 146379     /home/allen/.sbt/boot/scala-2.9.2/org.scala-sbt/sbt/0.12.2/ivy-2.3.0-rc1.jar
2b4a5000-2b59f000 r-xp 00000000 08:03 272352     /lib/i386-linux-gnu/libglib-2.0.so.0.3400.1
2b59f000-2b5a0000 r--p 000f9000 08:03 272352     /lib/i386-linux-gnu/libglib-2.0.so.0.3400.1
2b5a0000-2b5a1000 rw-p 000fa000 08:03 272352     /lib/i386-linux-gnu/libglib-2.0.so.0.3400.1
2b5a1000-2b6fc000 r-xp 00000000 08:03 1308524    /usr/lib/i386-linux-gnu/libgio-2.0.so.0.3400.1
2b6fc000-2b6fe000 r--p 0015b000 08:03 1308524    /usr/lib/i386-linux-gnu/libgio-2.0.so.0.3400.1
2b6fe000-2b6ff000 rw-p 0015d000 08:03 1308524    /usr/lib/i386-linux-gnu/libgio-2.0.so.0.3400.1
2b6ff000-2b700000 rw-p 00000000 00:00 0 
2b700000-2b7ff000 rw-p 00000000 00:00 0 
2b7ff000-2b800000 ---p 00000000 00:00 0 
2b800000-2b802000 r--s 00001000 08:03 286462     /home/allen/.ivy2/cache/play/sbt-link/jars/sbt-link-2.1.2.jar
2b802000-2b807000 r--s 0004c000 08:03 1310129    /usr/lib/jvm/java-7-openjdk-common/jre/lib/jsse.jar
2b807000-2b80b000 r--s 0002a000 08:03 159155     /home/allen/.sbt/boot/scala-2.9.2/org.scala-sbt/sbt/0.12.2/compiler-interface-bin_2.10.0/compiler-interface-bin-0.12.2.jar
2b80b000-2b80d000 r--s 00000000 08:03 158854     /home/allen/.sbt/boot/scala-2.9.2/org.scala-sbt/sbt/0.12.2/test-interface-0.5.jar
2b80d000-2b810000 r--s 0001e000 08:03 159165     /home/allen/.sbt/boot/scala-2.9.2/org.scala-sbt/sbt/0.12.2/compile-0.12.2.jar
2b810000-2b813000 r--s 00022000 08:03 159154     /home/allen/.sbt/boot/scala-2.9.2/org.scala-sbt/sbt/0.12.2/sbinary_2.9.0-0.4.0.jar
2b813000-2b815000 r--s 00015000 08:03 158845     /home/allen/.sbt/boot/scala-2.9.2/org.scala-sbt/sbt/0.12.2/jline-1.0.jar
2b815000-2b818000 r--s 00011000 08:03 159169     /home/allen/.sbt/boot/scala-2.9.2/org.scala-sbt/sbt/0.12.2/classfile-0.12.2.jar
2b818000-2b820000 r--s 0004d000 08:03 159157     /home/allen/.sbt/boot/scala-2.9.2/org.scala-sbt/sbt/0.12.2/api-0.12.2.jar
2b820000-2b824000 r--s 0001c000 08:03 158926     /home/allen/.sbt/boot/scala-2.9.2/org.scala-sbt/sbt/0.12.2/persist-0.12.2.jar
2b824000-2b827000 r--s 0001a000 08:03 158863     /home/allen/.sbt/boot/scala-2.9.2/org.scala-sbt/sbt/0.12.2/process-0.12.2.jar
2b827000-2b82a000 r--s 0001b000 08:03 159161     /home/allen/.sbt/boot/scala-2.9.2/org.scala-sbt/sbt/0.12.2/tasks-0.12.2.jar
2b82a000-2b82c000 r--s 00013000 08:03 146376     /home/allen/.sbt/boot/scala-2.9.2/org.scala-sbt/sbt/0.12.2/classpath-0.12.2.jar
2b82c000-2b830000 r--s 00029000 08:03 159167     /home/allen/.sbt/boot/scala-2.9.2/org.scala-sbt/sbt/0.12.2/incremental-compiler-0.12.2.jar
2b830000-2b832000 r--s 00009000 08:03 146385     /home/allen/.sbt/boot/scala-2.9.2/org.scala-sbt/sbt/0.12.2/tracking-0.12.2.jar
2b832000-2b835000 r--s 00019000 08:03 159166     /home/allen/.sbt/boot/scala-2.9.2/org.scala-sbt/sbt/0.12.2/cache-0.12.2.jar
2b835000-2b836000 r--s 00004000 08:03 159158     /home/allen/.sbt/boot/scala-2.9.2/org.scala-sbt/sbt/0.12.2/sbt-0.12.2.jar
2b836000-2b839000 ---p 00000000 00:00 0 
2b839000-2b847000 rw-p 00000000 00:00 0          [stack:4004]
2b847000-2b86a000 r--s 001cc000 08:03 158898     /home/allen/.sbt/boot/scala-2.9.2/org.scala-sbt/sbt/0.12.2/main-0.12.2.jar
2b86a000-2b8a8000 r-xp 00000000 08:03 262413     /lib/i386-linux-gnu/libpcre.so.3.13.1
2b8a8000-2b8a9000 r--p 0003d000 08:03 262413     /lib/i386-linux-gnu/libpcre.so.3.13.1
2b8a9000-2b8aa000 rw-p 0003e000 08:03 262413     /lib/i386-linux-gnu/libpcre.so.3.13.1
2b8aa000-2b8f8000 r-xp 00000000 08:03 1308548    /usr/lib/i386-linux-gnu/libgobject-2.0.so.0.3400.1
2b8f8000-2b8f9000 r--p 0004d000 08:03 1308548    /usr/lib/i386-linux-gnu/libgobject-2.0.so.0.3400.1
2b8f9000-2b8fa000 rw-p 0004e000 08:03 1308548    /usr/lib/i386-linux-gnu/libgobject-2.0.so.0.3400.1
2b8fa000-2b8fb000 ---p 00000000 00:00 0 
2b8fb000-2b97b000 rw-p 00000000 00:00 0          [stack:3695]
2b97b000-2b97e000 ---p 00000000 00:00 0 
2b97e000-2b9cc000 rw-p 00000000 00:00 0          [stack:3694]
2b9cc000-2b9cf000 ---p 00000000 00:00 0 
2b9cf000-2ba4d000 rw-p 00000000 00:00 0          [stack:3693]
2ba4d000-2ba50000 ---p 00000000 00:00 0 
2ba50000-2bace000 rw-p 00000000 00:00 0          [stack:3692]
2bace000-2bc00000 r--p 004a5000 08:03 1316961    /usr/lib/locale/locale-archive
2bc00000-2be00000 r--p 00000000 08:03 1316961    /usr/lib/locale/locale-archive
2be00000-2befb000 rw-p 00000000 00:00 0 
2befb000-2bf00000 ---p 00000000 00:00 0 
2bf00000-2c000000 rw-p 00000000 00:00 0 
2c000000-2c0ed000 rw-p 00000000 00:00 0 
2c0ed000-2c100000 ---p 00000000 00:00 0 
2c100000-2c102000 r--s 00008000 08:03 409187     /home/allen/.ivy2/cache/play/templates_2.10/jars/templates_2.10-2.1.2.jar
2c102000-2c106000 r--s 00028000 08:03 158847     /home/allen/.sbt/boot/scala-2.9.2/org.scala-sbt/sbt/0.12.2/compiler-interface-bin_2.9.2/compiler-interface-bin-0.12.2.jar
2c106000-2c10c000 r--s 0003b000 08:03 149064     /home/allen/.sbt/boot/scala-2.9.2/org.scala-sbt/sbt/0.12.2/io-0.12.2.jar
2c10c000-2c10e000 r--s 00008000 08:03 159153     /home/allen/.sbt/boot/scala-2.9.2/org.scala-sbt/sbt/0.12.2/commons-logging-1.0.4.jar
2c10e000-2c113000 r--s 00041000 08:03 146392     /home/allen/.sbt/boot/scala-2.9.2/org.scala-sbt/sbt/0.12.2/actions-0.12.2.jar
2c113000-2c11e000 r--s 00090000 08:03 158851     /home/allen/.sbt/boot/scala-2.9.2/org.scala-sbt/sbt/0.12.2/ivy-0.12.2.jar
2c11e000-2c11f000 r--s 00002000 08:03 149065     /home/allen/.sbt/boot/scala-2.9.2/org.scala-sbt/sbt/0.12.2/test-agent-0.12.2.jar
2c11f000-2c122000 r--s 00014000 08:03 159162     /home/allen/.sbt/boot/scala-2.9.2/org.scala-sbt/sbt/0.12.2/run-0.12.2.jar
2c122000-2c125000 r--s 0001c000 08:03 159159     /home/allen/.sbt/boot/scala-2.9.2/org.scala-sbt/sbt/0.12.2/task-system-0.12.2.jar
2c125000-2c128000 r--s 00017000 08:03 146405     /home/allen/.sbt/boot/scala-2.9.2/org.scala-sbt/sbt/0.12.2/logging-0.12.2.jar
2c128000-2c12c000 r--s 0002e000 08:03 159168     /home/allen/.sbt/boot/scala-2.9.2/org.scala-sbt/sbt/0.12.2/command-0.12.2.jar
2c12c000-2c12e000 r--s 00006000 08:03 159156     /home/allen/.sbt/boot/scala-2.9.2/org.scala-sbt/sbt/0.12.2/commons-codec-1.2.jar
2c12e000-2c131000 ---p 00000000 00:00 0 
2c131000-2c17f000 rw-p 00000000 00:00 0          [stack:3689]
2c17f000-2c180000 ---p 00000000 00:00 0 
2c180000-2c200000 rw-p 00000000 00:00 0          [stack:3688]
2c200000-2c2ff000 rw-p 00000000 00:00 0 
2c2ff000-2c300000 ---p 00000000 00:00 0 
2c300000-2c301000 r--s 00001000 08:03 279188     /home/allen/.ivy2/cache/org.webjars/webjars-play/jars/webjars-play-2.1.0.jar
2c301000-2c303000 r--s 00001000 08:03 146381     /home/allen/.sbt/boot/scala-2.9.2/org.scala-sbt/sbt/0.12.2/launcher-interface-0.12.2.jar
2c303000-2c309000 r--s 00044000 08:03 146383     /home/allen/.sbt/boot/scala-2.9.2/org.scala-sbt/sbt/0.12.2/collections-0.12.2.jar
2c309000-2c30e000 r-xp 00000000 08:03 1313120    /usr/lib/i386-linux-gnu/libffi.so.6.0.0
2c30e000-2c30f000 r--p 00005000 08:03 1313120    /usr/lib/i386-linux-gnu/libffi.so.6.0.0
2c30f000-2c310000 rw-p 00006000 08:03 1313120    /usr/lib/i386-linux-gnu/libffi.so.6.0.0
2c310000-2c323000 r-xp 00000000 08:03 276641     /lib/i386-linux-gnu/libresolv-2.15.so
2c323000-2c324000 r--p 00013000 08:03 276641     /lib/i386-linux-gnu/libresolv-2.15.so
2c324000-2c325000 rw-p 00014000 08:03 276641     /lib/i386-linux-gnu/libresolv-2.15.so
2c325000-2c327000 rw-p 00000000 00:00 0 
2c327000-2c344000 r-xp 00000000 08:03 262432     /lib/i386-linux-gnu/libselinux.so.1
2c344000-2c345000 r--p 0001c000 08:03 262432     /lib/i386-linux-gnu/libselinux.so.1
2c345000-2c346000 rw-p 0001d000 08:03 262432     /lib/i386-linux-gnu/libselinux.so.1
2c346000-2c349000 r-xp 00000000 08:03 1308543    /usr/lib/i386-linux-gnu/libgmodule-2.0.so.0.3400.1
2c349000-2c34a000 r--p 00002000 08:03 1308543    /usr/lib/i386-linux-gnu/libgmodule-2.0.so.0.3400.1
2c34a000-2c34b000 rw-p 00003000 08:03 1308543    /usr/lib/i386-linux-gnu/libgmodule-2.0.so.0.3400.1
2c34b000-2c393000 rw-p 00000000 00:00 0 
2c393000-2c540000 r--s 01cec000 08:03 1349124    /usr/lib/jvm/java-7-openjdk-i386/jre/lib/rt.jar
2c540000-31400000 rw-p 00000000 00:00 0 
31400000-314fe000 rw-p 00000000 00:00 0 
314fe000-31500000 ---p 00000000 00:00 0 
31500000-31502000 r--s 00006000 08:03 1700729    /usr/share/java/java-atk-wrapper.jar
31502000-31504000 r--s 00001000 08:03 146384     /home/allen/.sbt/boot/scala-2.9.2/org.scala-sbt/sbt/0.12.2/compiler-ivy-integration-0.12.2.jar
31504000-31508000 r--s 00034000 08:03 149014     /home/allen/.sbt/boot/scala-2.9.2/org.scala-sbt/sbt/0.12.2/jsch-0.1.46.jar
31508000-3150e000 r--s 00045000 08:03 159164     /home/allen/.sbt/boot/scala-2.9.2/org.scala-sbt/sbt/0.12.2/commons-httpclient-3.1.jar
3150e000-31511000 r--s 00024000 08:03 159172     /home/allen/.sbt/boot/scala-2.9.2/lib/jline.jar
31511000-31516000 r--s 0004c000 08:03 1310129    /usr/lib/jvm/java-7-openjdk-common/jre/lib/jsse.jar
31516000-3152c000 r-xp 00000000 08:03 1340762    /usr/lib/jvm/java-7-openjdk-i386/jre/lib/i386/libnet.so
3152c000-3152d000 r--p 00015000 08:03 1340762    /usr/lib/jvm/java-7-openjdk-i386/jre/lib/i386/libnet.so
3152d000-3152e000 rw-p 00016000 08:03 1340762    /usr/lib/jvm/java-7-openjdk-i386/jre/lib/i386/libnet.so
3152e000-31531000 ---p 00000000 00:00 0 
31531000-3157f000 rw-p 00000000 00:00 0          [stack:3691]
3157f000-31580000 ---p 00000000 00:00 0 
31580000-31600000 rw-p 00000000 00:00 0          [stack:3687]
31600000-31621000 rw-p 00000000 00:00 0 
31621000-31700000 ---p 00000000 00:00 0 
31700000-31721000 rw-p 00000000 00:00 0 
31721000-31800000 ---p 00000000 00:00 0 
31800000-31801000 r--s 00003000 08:03 787507     /home/allen/.ivy2/cache/javax.transaction/jta/jars/jta-1.1.jar
31801000-31804000 r--s 00018000 08:03 159170     /home/allen/.sbt/boot/scala-2.9.2/lib/jansi.jar
31804000-31815000 r-xp 00000000 08:03 1340754    /usr/lib/jvm/java-7-openjdk-i386/jre/lib/i386/libnio.so
31815000-31816000 r--p 00010000 08:03 1340754    /usr/lib/jvm/java-7-openjdk-i386/jre/lib/i386/libnio.so
31816000-31817000 rw-p 00011000 08:03 1340754    /usr/lib/jvm/java-7-openjdk-i386/jre/lib/i386/libnio.so
31817000-3182e000 r--s 000f8000 08:03 1348990    /usr/lib/sbt/sbt-launch.jar
3182e000-31831000 ---p 00000000 00:00 0 
31831000-3187f000 rw-p 00000000 00:00 0          [stack:3690]
3187f000-31880000 ---p 00000000 00:00 0 
31880000-31900000 rw-p 00000000 00:00 0          [stack:3686]
31900000-31921000 rw-p 00000000 00:00 0 
31921000-31a00000 ---p 00000000 00:00 0 
31a00000-31a01000 r--s 00000000 08:03 786662     /home/allen/.ivy2/cache/org.avaje.ebeanorm/avaje-ebeanorm/jars/avaje-ebeanorm-3.1.2.jar
31a01000-31a04000 r--s 000cf000 08:03 146371     /home/allen/.sbt/boot/other/net.java.dev.jna/jna/3.2.3/jna-3.2.3.jar
31a04000-31a0d000 r--s 000bc000 08:03 1314681    /usr/lib/jvm/java-7-openjdk-common/jre/lib/resources.jar
31a0d000-31a0e000 ---p 00000000 00:00 0 
31a0e000-31a8e000 rw-p 00000000 00:00 0          [stack:3685]
31a8e000-31a8f000 ---p 00000000 00:00 0 
31a8f000-31b2d000 rw-p 00000000 00:00 0          [stack:3684]
31b2d000-31bcf000 rw-p 00000000 00:00 0 
31bcf000-31ded000 rw-p 00000000 00:00 0 
31ded000-31e8f000 rw-p 00000000 00:00 0 
31e8f000-35d50000 rw-p 00000000 00:00 0 
35d50000-4a190000 rw-p 00000000 00:00 0 
4a190000-aa190000 rw-p 00000000 00:00 0 
aa190000-aa192000 r--s 00006000 08:03 1700729    /usr/share/java/java-atk-wrapper.jar
aa192000-aa195000 r--s 00032000 08:03 1314661    /usr/lib/jvm/java-7-openjdk-common/jre/lib/ext/sunjce_provider.jar
aa195000-aa199000 r--s 00085000 08:03 1314583    /usr/lib/jvm/java-7-openjdk-common/jre/lib/ext/localedata.jar
aa199000-aa19b000 r--s 00012000 08:03 1314643    /usr/lib/jvm/java-7-openjdk-common/jre/lib/ext/zipfs.jar
aa19b000-aa1b7000 rw-p 00000000 00:00 0 
aa1b7000-aa49b000 rw-p 00000000 00:00 0 
aa49b000-aab93000 rwxp 00000000 00:00 0 
aab93000-b649b000 rw-p 00000000 00:00 0 
b649b000-b64a6000 r-xp 00000000 08:03 276806     /lib/i386-linux-gnu/libnss_files-2.15.so
b64a6000-b64a7000 r--p 0000a000 08:03 276806     /lib/i386-linux-gnu/libnss_files-2.15.so
b64a7000-b64a8000 rw-p 0000b000 08:03 276806     /lib/i386-linux-gnu/libnss_files-2.15.so
b64a8000-b64b2000 r-xp 00000000 08:03 276813     /lib/i386-linux-gnu/libnss_nis-2.15.so
b64b2000-b64b3000 r--p 00009000 08:03 276813     /lib/i386-linux-gnu/libnss_nis-2.15.so
b64b3000-b64b4000 rw-p 0000a000 08:03 276813     /lib/i386-linux-gnu/libnss_nis-2.15.so
b64b4000-b64ca000 r-xp 00000000 08:03 274885     /lib/i386-linux-gnu/libnsl-2.15.so
b64ca000-b64cb000 r--p 00015000 08:03 274885     /lib/i386-linux-gnu/libnsl-2.15.so
b64cb000-b64cc000 rw-p 00016000 08:03 274885     /lib/i386-linux-gnu/libnsl-2.15.so
b64cc000-b64ce000 rw-p 00000000 00:00 0 
b64ce000-b64d5000 r-xp 00000000 08:03 276809     /lib/i386-linux-gnu/libnss_compat-2.15.so
b64d5000-b64d6000 r--p 00006000 08:03 276809     /lib/i386-linux-gnu/libnss_compat-2.15.so
b64d6000-b64d7000 rw-p 00007000 08:03 276809     /lib/i386-linux-gnu/libnss_compat-2.15.so
b64d7000-b64fe000 r-xp 00000000 08:03 1340743    /usr/lib/jvm/java-7-openjdk-i386/jre/lib/i386/libjava.so
b64fe000-b64ff000 r--p 00026000 08:03 1340743    /usr/lib/jvm/java-7-openjdk-i386/jre/lib/i386/libjava.so
b64ff000-b6500000 rw-p 00027000 08:03 1340743    /usr/lib/jvm/java-7-openjdk-i386/jre/lib/i386/libjava.so
b6500000-b65fc000 rw-p 00000000 00:00 0 
b65fc000-b6600000 ---p 00000000 00:00 0 
b6600000-b6603000 r--s 0003c000 08:03 1314663    /usr/lib/jvm/java-7-openjdk-common/jre/lib/ext/sunpkcs11.jar
b6603000-b6606000 r--s 0000f000 08:03 1311855    /usr/lib/jvm/java-7-openjdk-common/jre/lib/ext/pulse-java.jar
b6606000-b660e000 r-xp 00000000 08:03 1340757    /usr/lib/jvm/java-7-openjdk-i386/jre/lib/i386/libzip.so
b660e000-b660f000 r--p 00007000 08:03 1340757    /usr/lib/jvm/java-7-openjdk-i386/jre/lib/i386/libzip.so
b660f000-b6610000 rw-p 00008000 08:03 1340757    /usr/lib/jvm/java-7-openjdk-i386/jre/lib/i386/libzip.so
b6610000-b6618000 rw-s 00000000 08:03 1177893    /tmp/hsperfdata_allen/3677
b6618000-b661f000 r-xp 00000000 08:03 276812     /lib/i386-linux-gnu/librt-2.15.so
b661f000-b6620000 r--p 00006000 08:03 276812     /lib/i386-linux-gnu/librt-2.15.so
b6620000-b6621000 rw-p 00007000 08:03 276812     /lib/i386-linux-gnu/librt-2.15.so
b6621000-b6624000 ---p 00000000 00:00 0 
b6624000-b6672000 rw-p 00000000 00:00 0          [stack:3683]
b6672000-b668e000 r-xp 00000000 08:03 262351     /lib/i386-linux-gnu/libgcc_s.so.1
b668e000-b668f000 r--p 0001b000 08:03 262351     /lib/i386-linux-gnu/libgcc_s.so.1
b668f000-b6690000 rw-p 0001c000 08:03 262351     /lib/i386-linux-gnu/libgcc_s.so.1
b6690000-b66ba000 r-xp 00000000 08:03 276808     /lib/i386-linux-gnu/libm-2.15.so
b66ba000-b66bb000 r--p 00029000 08:03 276808     /lib/i386-linux-gnu/libm-2.15.so
b66bb000-b66bc000 rw-p 0002a000 08:03 276808     /lib/i386-linux-gnu/libm-2.15.so
b66bc000-b6798000 r-xp 00000000 08:03 1313565    /usr/lib/i386-linux-gnu/libstdc++.so.6.0.17
b6798000-b6799000 ---p 000dc000 08:03 1313565    /usr/lib/i386-linux-gnu/libstdc++.so.6.0.17
b6799000-b679d000 r--p 000dc000 08:03 1313565    /usr/lib/i386-linux-gnu/libstdc++.so.6.0.17
b679d000-b679e000 rw-p 000e0000 08:03 1313565    /usr/lib/i386-linux-gnu/libstdc++.so.6.0.17
b679e000-b67a5000 rw-p 00000000 00:00 0 
b67a5000-b7094000 r-xp 00000000 08:03 1349108    /usr/lib/jvm/java-7-openjdk-i386/jre/lib/i386/server/libjvm.so
b7094000-b70db000 r--p 008ee000 08:03 1349108    /usr/lib/jvm/java-7-openjdk-i386/jre/lib/i386/server/libjvm.so
b70db000-b70ef000 rw-p 00935000 08:03 1349108    /usr/lib/jvm/java-7-openjdk-i386/jre/lib/i386/server/libjvm.so
b70ef000-b750d000 rw-p 00000000 00:00 0 
b750d000-b7524000 r-xp 00000000 08:03 262460     /lib/i386-linux-gnu/libz.so.1.2.7
b7524000-b7525000 r--p 00016000 08:03 262460     /lib/i386-linux-gnu/libz.so.1.2.7
b7525000-b7526000 rw-p 00017000 08:03 262460     /lib/i386-linux-gnu/libz.so.1.2.7
b7526000-b753d000 r-xp 00000000 08:03 276807     /lib/i386-linux-gnu/libpthread-2.15.so
b753d000-b753e000 r--p 00016000 08:03 276807     /lib/i386-linux-gnu/libpthread-2.15.so
b753e000-b753f000 rw-p 00017000 08:03 276807     /lib/i386-linux-gnu/libpthread-2.15.so
b753f000-b7541000 rw-p 00000000 00:00 0 
b7541000-b7544000 r-xp 00000000 08:03 275465     /lib/i386-linux-gnu/libdl-2.15.so
b7544000-b7545000 r--p 00002000 08:03 275465     /lib/i386-linux-gnu/libdl-2.15.so
b7545000-b7546000 rw-p 00003000 08:03 275465     /lib/i386-linux-gnu/libdl-2.15.so
b7546000-b76e9000 r-xp 00000000 08:03 274889     /lib/i386-linux-gnu/libc-2.15.so
b76e9000-b76ea000 ---p 001a3000 08:03 274889     /lib/i386-linux-gnu/libc-2.15.so
b76ea000-b76ec000 r--p 001a3000 08:03 274889     /lib/i386-linux-gnu/libc-2.15.so
b76ec000-b76ed000 rw-p 001a5000 08:03 274889     /lib/i386-linux-gnu/libc-2.15.so
b76ed000-b76f1000 rw-p 00000000 00:00 0 
b76f1000-b76f2000 r--s 00002000 08:03 1310130    /usr/lib/jvm/java-7-openjdk-common/jre/lib/ext/dnsns.jar
b76f2000-b76f3000 r--s 00002000 08:03 1310130    /usr/lib/jvm/java-7-openjdk-common/jre/lib/ext/dnsns.jar
b76f3000-b76f4000 rw-p 00000000 00:00 0 
b76f4000-b76f5000 r--p 00000000 00:00 0 
b76f5000-b7702000 r-xp 00000000 08:03 1340756    /usr/lib/jvm/java-7-openjdk-i386/jre/lib/i386/libverify.so
b7702000-b7703000 ---p 0000d000 08:03 1340756    /usr/lib/jvm/java-7-openjdk-i386/jre/lib/i386/libverify.so
b7703000-b7704000 r--p 0000d000 08:03 1340756    /usr/lib/jvm/java-7-openjdk-i386/jre/lib/i386/libverify.so
b7704000-b7705000 rw-p 0000e000 08:03 1340756    /usr/lib/jvm/java-7-openjdk-i386/jre/lib/i386/libverify.so
b7705000-b7712000 r-xp 00000000 08:03 1340745    /usr/lib/jvm/java-7-openjdk-i386/jre/lib/i386/jli/libjli.so
b7712000-b7713000 r--p 0000c000 08:03 1340745    /usr/lib/jvm/java-7-openjdk-i386/jre/lib/i386/jli/libjli.so
b7713000-b7714000 rw-p 0000d000 08:03 1340745    /usr/lib/jvm/java-7-openjdk-i386/jre/lib/i386/jli/libjli.so
b7714000-b7716000 rw-p 00000000 00:00 0 
b7716000-b7717000 r-xp 00000000 00:00 0          [vdso]
b7717000-b7737000 r-xp 00000000 08:03 276811     /lib/i386-linux-gnu/ld-2.15.so
b7737000-b7738000 r--p 0001f000 08:03 276811     /lib/i386-linux-gnu/ld-2.15.so
b7738000-b7739000 rw-p 00020000 08:03 276811     /lib/i386-linux-gnu/ld-2.15.so
bfae5000-bfb06000 rw-p 00000000 00:00 0          [stack]

VM Arguments:
jvm_args: -Xms1536m -Xmx1536m -XX:MaxPermSize=384m -XX:ReservedCodeCacheSize=192m 
java_command: /usr/lib/sbt/sbt-launch.jar
Launcher Type: SUN_STANDARD

Environment Variables:
JAVA_HOME=/opt/java
JRE_HOME=/opt/java/jre
CLASSPATH=.:/opt/java/lib:/opt/java/jre/lib:/opt/scala/lib
PATH=/usr/local/heroku/bin:/home/allen/bin:/usr/lib/lightdm/lightdm:/usr/local/sbin:/usr/local/bin:/usr/sbin:/usr/bin:/sbin:/bin:/usr/games:/usr/local/games:/opt/java/bin:/opt/scala/bin:.
SHELL=/bin/bash
DISPLAY=:0

Signal Handlers:
SIGSEGV: [libjvm.so+0x7564a0], sa_mask[0]=0x7ffbfeff, sa_flags=0x10000004
SIGBUS: [libjvm.so+0x7564a0], sa_mask[0]=0x7ffbfeff, sa_flags=0x10000004
SIGFPE: [libjvm.so+0x5f2c10], sa_mask[0]=0x7ffbfeff, sa_flags=0x10000004
SIGPIPE: [libjvm.so+0x5f2c10], sa_mask[0]=0x7ffbfeff, sa_flags=0x10000004
SIGXFSZ: [libjvm.so+0x5f2c10], sa_mask[0]=0x7ffbfeff, sa_flags=0x10000004
SIGILL: [libjvm.so+0x5f2c10], sa_mask[0]=0x7ffbfeff, sa_flags=0x10000004
SIGUSR1: SIG_DFL, sa_mask[0]=0x00000000, sa_flags=0x00000000
SIGUSR2: [libjvm.so+0x5f2ac0], sa_mask[0]=0x00000000, sa_flags=0x10000004
SIGHUP: [libjvm.so+0x5f3050], sa_mask[0]=0x7ffbfeff, sa_flags=0x10000004
SIGINT: [libjvm.so+0x5f3050], sa_mask[0]=0x7ffbfeff, sa_flags=0x10000004
SIGTERM: [libjvm.so+0x5f3050], sa_mask[0]=0x7ffbfeff, sa_flags=0x10000004
SIGQUIT: [libjvm.so+0x5f3050], sa_mask[0]=0x7ffbfeff, sa_flags=0x10000004


---------------  S Y S T E M  ---------------

OS:Ubuntu 12.10 (quantal)
uname:Linux 3.5.0-36-generic #57-Ubuntu SMP Wed Jun 19 15:11:05 UTC 2013 i686
libc:glibc 2.15 NPTL 2.15 
rlimit: STACK 8192k, CORE 0k, NPROC 15930, NOFILE 4096, AS infinity
load average:13.60 9.05 4.75

/proc/meminfo:
MemTotal:        2054688 kB
MemFree:          199924 kB
Buffers:           23816 kB
Cached:           631800 kB
SwapCached:         1004 kB
Active:           896316 kB
Inactive:         849944 kB
Active(anon):     651792 kB
Inactive(anon):   608068 kB
Active(file):     244524 kB
Inactive(file):   241876 kB
Unevictable:       31108 kB
Mlocked:           31108 kB
HighTotal:       1173064 kB
HighFree:          64256 kB
LowTotal:         881624 kB
LowFree:          135668 kB
SwapTotal:       3905532 kB
SwapFree:        3847384 kB
Dirty:              1936 kB
Writeback:             0 kB
AnonPages:       1120888 kB
Mapped:           129616 kB
Shmem:            163300 kB
Slab:              38388 kB
SReclaimable:      21108 kB
SUnreclaim:        17280 kB
KernelStack:        4352 kB
PageTables:        12268 kB
NFS_Unstable:          0 kB
Bounce:                0 kB
WritebackTmp:          0 kB
CommitLimit:     4932876 kB
Committed_AS:    5759604 kB
VmallocTotal:     122880 kB
VmallocUsed:       11356 kB
VmallocChunk:     106976 kB
HardwareCorrupted:     0 kB
AnonHugePages:         0 kB
HugePages_Total:       0
HugePages_Free:        0
HugePages_Rsvd:        0
HugePages_Surp:        0
Hugepagesize:       2048 kB
DirectMap4k:       10232 kB
DirectMap2M:      903168 kB


CPU:total 4 (2 cores per cpu, 2 threads per core) family 6 model 28 stepping 10, cmov, cx8, fxsr, mmx, sse, sse2, sse3, ssse3, ht, tsc

/proc/cpuinfo:
processor	: 0
vendor_id	: GenuineIntel
cpu family	: 6
model		: 28
model name	: Intel(R) Atom(TM) CPU D525   @ 1.80GHz
stepping	: 10
microcode	: 0x107
cpu MHz		: 1795.324
cache size	: 512 KB
physical id	: 0
siblings	: 4
core id		: 0
cpu cores	: 2
apicid		: 0
initial apicid	: 0
fdiv_bug	: no
hlt_bug		: no
f00f_bug	: no
coma_bug	: no
fpu		: yes
fpu_exception	: yes
cpuid level	: 10
wp		: yes
flags		: fpu vme de pse tsc msr pae mce cx8 apic sep mtrr pge mca cmov pat pse36 clflush dts acpi mmx fxsr sse sse2 ss ht tm pbe nx lm constant_tsc arch_perfmon pebs bts aperfmperf pni dtes64 monitor ds_cpl tm2 ssse3 cx16 xtpr pdcm movbe lahf_lm dtherm
bogomips	: 3590.64
clflush size	: 64
cache_alignment	: 64
address sizes	: 36 bits physical, 48 bits virtual
power management:

processor	: 1
vendor_id	: GenuineIntel
cpu family	: 6
model		: 28
model name	: Intel(R) Atom(TM) CPU D525   @ 1.80GHz
stepping	: 10
microcode	: 0x107
cpu MHz		: 1795.324
cache size	: 512 KB
physical id	: 0
siblings	: 4
core id		: 1
cpu cores	: 2
apicid		: 2
initial apicid	: 2
fdiv_bug	: no
hlt_bug		: no
f00f_bug	: no
coma_bug	: no
fpu		: yes
fpu_exception	: yes
cpuid level	: 10
wp		: yes
flags		: fpu vme de pse tsc msr pae mce cx8 apic sep mtrr pge mca cmov pat pse36 clflush dts acpi mmx fxsr sse sse2 ss ht tm pbe nx lm constant_tsc arch_perfmon pebs bts aperfmperf pni dtes64 monitor ds_cpl tm2 ssse3 cx16 xtpr pdcm movbe lahf_lm dtherm
bogomips	: 3590.64
clflush size	: 64
cache_alignment	: 64
address sizes	: 36 bits physical, 48 bits virtual
power management:

processor	: 2
vendor_id	: GenuineIntel
cpu family	: 6
model		: 28
model name	: Intel(R) Atom(TM) CPU D525   @ 1.80GHz
stepping	: 10
microcode	: 0x107
cpu MHz		: 1795.324
cache size	: 512 KB
physical id	: 0
siblings	: 4
core id		: 0
cpu cores	: 2
apicid		: 1
initial apicid	: 1
fdiv_bug	: no
hlt_bug		: no
f00f_bug	: no
coma_bug	: no
fpu		: yes
fpu_exception	: yes
cpuid level	: 10
wp		: yes
flags		: fpu vme de pse tsc msr pae mce cx8 apic sep mtrr pge mca cmov pat pse36 clflush dts acpi mmx fxsr sse sse2 ss ht tm pbe nx lm constant_tsc arch_perfmon pebs bts aperfmperf pni dtes64 monitor ds_cpl tm2 ssse3 cx16 xtpr pdcm movbe lahf_lm dtherm
bogomips	: 3590.64
clflush size	: 64
cache_alignment	: 64
address sizes	: 36 bits physical, 48 bits virtual
power management:

processor	: 3
vendor_id	: GenuineIntel
cpu family	: 6
model		: 28
model name	: Intel(R) Atom(TM) CPU D525   @ 1.80GHz
stepping	: 10
microcode	: 0x107
cpu MHz		: 1795.324
cache size	: 512 KB
physical id	: 0
siblings	: 4
core id		: 1
cpu cores	: 2
apicid		: 3
initial apicid	: 3
fdiv_bug	: no
hlt_bug		: no
f00f_bug	: no
coma_bug	: no
fpu		: yes
fpu_exception	: yes
cpuid level	: 10
wp		: yes
flags		: fpu vme de pse tsc msr pae mce cx8 apic sep mtrr pge mca cmov pat pse36 clflush dts acpi mmx fxsr sse sse2 ss ht tm pbe nx lm constant_tsc arch_perfmon pebs bts aperfmperf pni dtes64 monitor ds_cpl tm2 ssse3 cx16 xtpr pdcm movbe lahf_lm dtherm
bogomips	: 3590.64
clflush size	: 64
cache_alignment	: 64
address sizes	: 36 bits physical, 48 bits virtual
power management:



Memory: 4k page, physical 2054688k(199924k free), swap 3905532k(3847384k free)

vm_info: OpenJDK Server VM (23.7-b01) for linux-x86 JRE (1.7.0_25-b30), built on Jul  3 2013 13:57:54 by "buildd" with gcc 4.7.2

time: Sat Jul 20 16:28:08 2013
elapsed time: 195 seconds

