#
# A fatal error has been detected by the Java Runtime Environment:
#
#  SIGSEGV (0xb) at pc=0xb6cc23c4, pid=2557, tid=3060325184
#
# JRE version: 7.0_25-b30
# Java VM: OpenJDK Server VM (23.7-b01 mixed mode linux-x86 )
# Problematic frame:
# V  [libjvm.so+0x5013c4]  Klass::search_secondary_supers(klassOopDesc*) const+0x24
#
# Failed to write core dump. Core dumps have been disabled. To enable core dumping, try "ulimit -c unlimited" before starting Java again
#
# If you would like to submit a bug report, please include
# instructions on how to reproduce the bug and visit:
#   https://bugs.launchpad.net/ubuntu/+source/openjdk-7/
#

---------------  T H R E A D  ---------------

Current thread (0xb6506800):  JavaThread "main" [_thread_in_vm, id=2563, stack(0xb663d000,0xb668e000)]

siginfo:si_signo=SIGSEGV: si_errno=0, si_code=1 (SEGV_MAPERR), si_addr=0x00000006

Registers:
EAX=0x32b5c668, EBX=0xb70f7000, ECX=0x32b5c670, EDX=0xfffffffe
ESP=0xb668ba34, EBP=0xb6506e84, ESI=0x32b3a468, EDI=0x32b5c670
EIP=0xb6cc23c4, EFLAGS=0x00210287, CR2=0x00000006

Top of Stack: (sp=0xb668ba34)
0xb668ba34:   b668bac0 b6506e8c b6506e90 00000001
0xb668ba44:   b6506800 b653a599 b695c50f b70f7000
0xb668ba54:   00000001 b6506800 b6506e84 b6ceb04f
0xb668ba64:   32b5c670 32b3a468 b6e58edf 2af78e18
0xb668ba74:   00000003 00000018 b668bc20 00000001
0xb668ba84:   00000001 b6506e8c 00000000 b6506e60
0xb668ba94:   00000001 b6e58e01 b70f7000 b668bbf4
0xb668baa4:   b668bc78 00000002 b6e59f19 b6504be0 

Instructions: (pc=0xb6cc23c4)
0xb6cc23a4:   83 ec 1c 8b 7c 24 30 8b 74 24 34 e8 27 91 b9 ff
0xb6cc23b4:   81 c3 4c 4c 43 00 8d 47 f8 39 c6 74 4f 8b 57 14
0xb6cc23c4:   8b 4a 08 85 c9 7e 1a 3b 72 0c 74 20 31 c0 eb 0a
0xb6cc23d4:   8d 74 26 00 3b 74 82 0c 74 12 83 c0 01 39 c8 75 

Register to memory mapping:

EAX=0x32b5c668 is an oop
{method} 
 - klass: {other class}
EBX=0xb70f7000: <offset 0x936000> in /usr/lib/jvm/java-7-openjdk-i386/jre/lib/i386/server/libjvm.so at 0xb67c1000
ECX=0x32b5c670 is an oop
{method} 
 - klass: {other class}
EDX=0xfffffffe is an unknown value
ESP=0xb668ba34 is pointing into the stack for thread: 0xb6506800
EBP=0xb6506e84 is an unknown value
ESI=0x32b3a468 is an oop
{instance class} 
 - klass: {other class}
EDI=0x32b5c670 is an oop
{method} 
 - klass: {other class}


Stack: [0xb663d000,0xb668e000],  sp=0xb668ba34,  free space=314k
Native frames: (J=compiled Java code, j=interpreted, Vv=VM code, C=native code)
V  [libjvm.so+0x5013c4]  Klass::search_secondary_supers(klassOopDesc*) const+0x24

Java frames: (J=compiled Java code, j=interpreted, Vv=VM code)
j  sbt.Project$$anonfun$settings$2.apply()Lscala/collection/Seq;+4
j  sbt.Project$$anonfun$settings$2.apply()Ljava/lang/Object;+1
j  sbt.Project$$anonfun$settings$5.apply()Lscala/collection/Seq;+4
j  sbt.Project$$anonfun$settings$5.apply()Ljava/lang/Object;+1
j  sbt.Project$ProjectDef.aggregate()Lscala/collection/Seq;+29
j  sbt.Project$class.copy$default$3(Lsbt/Project;)Lscala/collection/Seq;+1
j  sbt.Project$$anon$1.copy$default$3()Lscala/collection/Seq;+1
j  sbt.Load$$anonfun$resolveBase$1$$anonfun$apply$14.apply()Lscala/collection/Seq;+4
j  sbt.Load$$anonfun$resolveBase$1$$anonfun$apply$14.apply()Ljava/lang/Object;+1
j  sbt.Load$$anonfun$resolveBase$1$$anonfun$apply$18.apply()Lscala/collection/Seq;+4
j  sbt.Load$$anonfun$resolveBase$1$$anonfun$apply$18.apply()Ljava/lang/Object;+1
j  sbt.Project$ProjectDef.aggregate()Lscala/collection/Seq;+29
j  sbt.Project$$anonfun$resolveBuild$1.apply()Lscala/collection/Seq;+8
j  sbt.Project$$anonfun$resolveBuild$1.apply()Ljava/lang/Object;+1
j  sbt.Project$ProjectDef.aggregate()Lscala/collection/Seq;+29
j  sbt.ProjectDefinition$class.uses(Lsbt/ProjectDefinition;)Lscala/collection/Seq;+1
j  sbt.Project$ProjectDef.uses()Lscala/collection/Seq;+1
j  sbt.ProjectDefinition$class.referenced(Lsbt/ProjectDefinition;)Lscala/collection/Seq;+7
j  sbt.Project$ProjectDef.referenced()Lscala/collection/Seq;+1
j  sbt.Load$$anonfun$referenced$1.apply(Lsbt/ProjectDefinition;)Lscala/collection/Seq;+1
j  sbt.Load$$anonfun$referenced$1.apply(Ljava/lang/Object;)Ljava/lang/Object;+5
j  scala.collection.TraversableLike$$anonfun$flatMap$1.apply(Ljava/lang/Object;)Lscala/collection/mutable/Builder;+9
j  scala.collection.TraversableLike$$anonfun$flatMap$1.apply(Ljava/lang/Object;)Ljava/lang/Object;+2
j  scala.collection.LinearSeqOptimized$class.foreach(Lscala/collection/LinearSeqOptimized;Lscala/Function1;)V+19
j  scala.collection.immutable.List.foreach(Lscala/Function1;)V+2
j  scala.collection.TraversableLike$class.flatMap(Lscala/collection/TraversableLike;Lscala/Function1;Lscala/collection/generic/CanBuildFrom;)Ljava/lang/Object;+24
j  scala.collection.immutable.List.flatMap(Lscala/Function1;Lscala/collection/generic/CanBuildFrom;)Ljava/lang/Object;+3
j  sbt.Load$.referenced(Lscala/collection/Seq;)Lscala/collection/Seq;+14
j  sbt.Load$.loaded(Lsbt/Load$BuildUnit;)Lscala/Tuple2;+44
j  sbt.Load$.loadAll(Lscala/collection/immutable/List;Lscala/collection/immutable/Map;Lsbt/BuildLoader;Lscala/collection/immutable/Map;)Lscala/Tuple3;+68
j  sbt.Load$.loadURI(Ljava/net/URI;Lsbt/BuildLoader;Lscala/collection/immutable/List;)Lsbt/Load$PartBuild;+36
j  sbt.Load$.load(Ljava/io/File;Lsbt/BuildLoader;Lscala/collection/immutable/List;)Lsbt/Load$PartBuild;+10
j  sbt.Load$.load(Ljava/io/File;Lsbt/State;Lsbt/Load$LoadBuildConfiguration;)Lsbt/Load$PartBuild;+126
j  sbt.Load$.apply(Ljava/io/File;Lsbt/State;Lsbt/Load$LoadBuildConfiguration;)Lscala/Tuple2;+27
j  sbt.Load$.buildPluginDefinition(Ljava/io/File;Lsbt/State;Lsbt/Load$LoadBuildConfiguration;)Lsbt/PluginData;+4
j  sbt.Load$.buildPlugins(Ljava/io/File;Lsbt/State;Lsbt/Load$LoadBuildConfiguration;)Lsbt/Load$LoadedPlugins;+7
j  sbt.Load$.plugins(Ljava/io/File;Lsbt/State;Lsbt/Load$LoadBuildConfiguration;)Lsbt/Load$LoadedPlugins;+20
j  sbt.Load$.loadUnitNew(Ljava/io/File;Lsbt/State;Lsbt/Load$LoadBuildConfiguration;)Lscala/Tuple2;+4
j  sbt.Load$.loadUnit(Ljava/net/URI;Ljava/io/File;Lsbt/State;Lsbt/Load$LoadBuildConfiguration;)Lsbt/Load$BuildUnit;+129
j  sbt.Load$$anonfun$13$$anonfun$apply$11.apply()Lsbt/Load$BuildUnit;+31
j  sbt.Load$$anonfun$13$$anonfun$apply$11.apply()Ljava/lang/Object;+1
j  sbt.BuildLoader$$anonfun$componentLoader$1$$anonfun$apply$4$$anonfun$apply$5$$anonfun$apply$6.apply()Lsbt/Load$BuildUnit;+4
j  sbt.BuildLoader$$anonfun$componentLoader$1$$anonfun$apply$4$$anonfun$apply$5$$anonfun$apply$6.apply()Ljava/lang/Object;+1
j  sbt.BuildLoader.apply(Ljava/net/URI;)Lsbt/Load$BuildUnit;+53
j  sbt.Load$.loadAll(Lscala/collection/immutable/List;Lscala/collection/immutable/Map;Lsbt/BuildLoader;Lscala/collection/immutable/Map;)Lscala/Tuple3;+65
j  sbt.Load$.loadURI(Ljava/net/URI;Lsbt/BuildLoader;Lscala/collection/immutable/List;)Lsbt/Load$PartBuild;+36
j  sbt.Load$.load(Ljava/io/File;Lsbt/BuildLoader;Lscala/collection/immutable/List;)Lsbt/Load$PartBuild;+10
j  sbt.Load$.load(Ljava/io/File;Lsbt/State;Lsbt/Load$LoadBuildConfiguration;)Lsbt/Load$PartBuild;+126
j  sbt.Load$.apply(Ljava/io/File;Lsbt/State;Lsbt/Load$LoadBuildConfiguration;)Lscala/Tuple2;+27
j  sbt.Load$.defaultLoad(Lsbt/State;Ljava/io/File;Lsbt/Logger;ZLscala/collection/immutable/List;)Lscala/Tuple2;+204
j  sbt.BuiltinCommands$.doLoadProject(Lsbt/State;Lscala/Enumeration$Value;)Lsbt/State;+136
j  sbt.BuiltinCommands$$anonfun$loadProjectImpl$2.apply(Lsbt/State;Lscala/Enumeration$Value;)Lsbt/State;+5
j  sbt.BuiltinCommands$$anonfun$loadProjectImpl$2.apply(Ljava/lang/Object;Ljava/lang/Object;)Ljava/lang/Object;+9
j  sbt.Command$$anonfun$applyEffect$1$$anonfun$apply$2.apply(Ljava/lang/Object;)Lsbt/State;+12
j  sbt.Command$$anonfun$applyEffect$1$$anonfun$apply$2.apply(Ljava/lang/Object;)Ljava/lang/Object;+2
j  sbt.Command$$anonfun$applyEffect$2$$anonfun$apply$3.apply()Lsbt/State;+11
j  sbt.Command$$anonfun$applyEffect$2$$anonfun$apply$3.apply()Ljava/lang/Object;+1
j  sbt.Command$.process(Ljava/lang/String;Lsbt/State;)Lsbt/State;+49
j  sbt.MainLoop$$anonfun$next$1$$anonfun$apply$1.apply(Ljava/lang/String;Lsbt/State;)Lsbt/State;+5
j  sbt.MainLoop$$anonfun$next$1$$anonfun$apply$1.apply(Ljava/lang/Object;Ljava/lang/Object;)Ljava/lang/Object;+9
j  sbt.State$$anon$2.process(Lscala/Function2;)Lsbt/State;+205
j  sbt.MainLoop$$anonfun$next$1.apply()Lsbt/State;+18
j  sbt.MainLoop$$anonfun$next$1.apply()Ljava/lang/Object;+1
j  sbt.ErrorHandling$.wideConvert(Lscala/Function0;)Lscala/Either;+7
j  sbt.MainLoop$.next(Lsbt/State;)Lsbt/State;+11
j  sbt.MainLoop$.run(Lsbt/State;)Lsbt/MainLoop$RunNext;+34
j  sbt.MainLoop$$anonfun$runWithNewLog$1.apply(Ljava/io/BufferedWriter;)Lsbt/MainLoop$RunNext;+136
j  sbt.MainLoop$$anonfun$runWithNewLog$1.apply(Ljava/lang/Object;)Ljava/lang/Object;+5
j  sbt.Using.apply(Ljava/lang/Object;Lscala/Function1;)Ljava/lang/Object;+11
j  sbt.MainLoop$.runWithNewLog(Lsbt/State;Lsbt/GlobalLogBacking;)Lsbt/MainLoop$RunNext;+35
j  sbt.MainLoop$.runAndClearLast(Lsbt/State;Lsbt/GlobalLogBacking;)Lsbt/MainLoop$RunNext;+5
j  sbt.MainLoop$.runLoggedLoop(Lsbt/State;Lsbt/GlobalLogBacking;)Lxsbti/MainResult;+3
j  sbt.MainLoop$.runLogged(Lsbt/State;)Lxsbti/MainResult;+9
j  sbt.xMain.run(Lxsbti/AppConfiguration;)Lxsbti/MainResult;+88
j  xsbt.boot.Launch$.run(Lxsbti/Launcher;Lxsbt/boot/RunConfiguration;)Lxsbti/MainResult;+60
j  xsbt.boot.Launch$$anonfun$explicit$1.apply(Ljava/lang/Object;)Ljava/lang/Object;+10
j  xsbt.boot.Launch$.launch(Lscala/Function1;Lxsbt/boot/RunConfiguration;)Lscala/Option;+2
j  xsbt.boot.Launch$.apply(Lscala/collection/immutable/List;)Lscala/Option;+328
j  xsbt.boot.Boot$.runImpl([Ljava/lang/String;)Lscala/Option;+15
j  xsbt.boot.Boot$.main([Ljava/lang/String;)V+192
j  xsbt.boot.Boot.main([Ljava/lang/String;)V+4
v  ~StubRoutines::call_stub

---------------  P R O C E S S  ---------------

Java Threads: ( => current thread )
  0x2b1dc800 JavaThread "process reaper" daemon [_thread_blocked, id=2578, stack(0x2b859000,0x2b86a000)]
  0x2bf03c00 JavaThread "Service Thread" daemon [_thread_blocked, id=2574, stack(0x2b97b000,0x2b9cc000)]
  0x2bf02000 JavaThread "C2 CompilerThread1" daemon [_thread_blocked, id=2573, stack(0x2b9cc000,0x2ba4d000)]
  0x2bf00400 JavaThread "C2 CompilerThread0" daemon [_thread_blocked, id=2572, stack(0x2ba4d000,0x2bace000)]
  0x2c2fd400 JavaThread "Signal Dispatcher" daemon [_thread_blocked, id=2571, stack(0x3152e000,0x3157f000)]
  0x2c2b8c00 JavaThread "Finalizer" daemon [_thread_blocked, id=2570, stack(0x3182e000,0x3187f000)]
  0x2c2b7000 JavaThread "Reference Handler" daemon [_thread_blocked, id=2569, stack(0x2c12e000,0x2c17f000)]
=>0xb6506800 JavaThread "main" [_thread_in_vm, id=2563, stack(0xb663d000,0xb668e000)]

Other Threads:
  0x2c2b0800 VMThread [stack: 0x2c17f000,0x2c200000] [id=2568]
  0x2bf05c00 WatcherThread [stack: 0x2b8fa000,0x2b97b000] [id=2575]

VM state:not at safepoint (normal execution)

VM Mutex/Monitor currently owned by a thread: None

Heap
 PSYoungGen      total 458752K, used 55067K [0x8a1b0000, 0xaa1b0000, 0xaa1b0000)
  eden space 393216K, 14% used [0x8a1b0000,0x8d776fa0,0xa21b0000)
  from space 65536K, 0% used [0xa61b0000,0xa61b0000,0xaa1b0000)
  to   space 65536K, 0% used [0xa21b0000,0xa21b0000,0xa61b0000)
 ParOldGen       total 1048576K, used 0K [0x4a1b0000, 0x8a1b0000, 0x8a1b0000)
  object space 1048576K, 0% used [0x4a1b0000,0x4a1b0000,0x8a1b0000)
 PSPermGen       total 16384K, used 11001K [0x321b0000, 0x331b0000, 0x4a1b0000)
  object space 16384K, 67% used [0x321b0000,0x32c6e768,0x331b0000)

Card table byte_map: [0x31def000,0x321b0000] byte_map_base: 0x31c5e280

Polling page: 0xb7710000

Code Cache  [0xaa4b0000, 0xaa6f0000, 0xb64b0000)
 total_blobs=204 nmethods=59 adapters=98 free_code_cache=196193Kb largest_free_block=200882240

Compilation events (10 events):
Event: 4.377 Thread 0x2bf02000   55             java.net.URI$Parser::charAt (9 bytes)
Event: 4.379 Thread 0x2bf00400   56             java.net.URI::match (56 bytes)
Event: 4.379 Thread 0x2bf02000 nmethod 55 0xaa512288 code [0xaa512380, 0xaa512430]
Event: 4.380 Thread 0x2bf00400 nmethod 56 0xaa50f7c8 code [0xaa50f8a0, 0xaa50f950]
Event: 4.387 Thread 0x2bf02000   57             java.net.URL::getProtocol (5 bytes)
Event: 4.388 Thread 0x2bf02000 nmethod 57 0xaa50f648 code [0xaa50f720, 0xaa50f770]
Event: 4.438 Thread 0x2bf00400   58             java.util.HashMap::indexFor (6 bytes)
Event: 4.439 Thread 0x2bf00400 nmethod 58 0xaa4ff2c8 code [0xaa4ff3a0, 0xaa4ff3d0]
Event: 4.523 Thread 0x2bf02000   59             java.lang.StringBuilder::append (8 bytes)
Event: 4.531 Thread 0x2bf02000 nmethod 59 0xaa50d7c8 code [0xaa50d8e0, 0xaa50da9c]

GC Heap History (0 events):
No events

Deoptimization events (1 events):
Event: 3.012 Thread 0xb6506800 Uncommon trap -83 fr.pc 0xaa504268

Internal exceptions (10 events):
Event: 4.565 Thread 0xb6506800 Threw 0x8d424ce0 at /build/buildd/openjdk-7-7u25-2.3.10/build/openjdk/hotspot/src/share/vm/prims/jvm.cpp:1235
Event: 4.565 Thread 0xb6506800 Threw 0x8d425868 at /build/buildd/openjdk-7-7u25-2.3.10/build/openjdk/hotspot/src/share/vm/prims/jvm.cpp:1235
Event: 4.567 Thread 0xb6506800 Threw 0x8d429b48 at /build/buildd/openjdk-7-7u25-2.3.10/build/openjdk/hotspot/src/share/vm/prims/jvm.cpp:1235
Event: 4.567 Thread 0xb6506800 Threw 0x8d42a370 at /build/buildd/openjdk-7-7u25-2.3.10/build/openjdk/hotspot/src/share/vm/prims/jvm.cpp:1235
Event: 4.567 Thread 0xb6506800 Threw 0x8d42aea0 at /build/buildd/openjdk-7-7u25-2.3.10/build/openjdk/hotspot/src/share/vm/prims/jvm.cpp:1235
Event: 4.567 Thread 0xb6506800 Threw 0x8d42ba28 at /build/buildd/openjdk-7-7u25-2.3.10/build/openjdk/hotspot/src/share/vm/prims/jvm.cpp:1235
Event: 4.571 Thread 0xb6506800 Threw 0x8d4324c0 at /build/buildd/openjdk-7-7u25-2.3.10/build/openjdk/hotspot/src/share/vm/prims/jvm.cpp:1235
Event: 4.571 Thread 0xb6506800 Threw 0x8d432cb0 at /build/buildd/openjdk-7-7u25-2.3.10/build/openjdk/hotspot/src/share/vm/prims/jvm.cpp:1235
Event: 4.571 Thread 0xb6506800 Threw 0x8d4334c0 at /build/buildd/openjdk-7-7u25-2.3.10/build/openjdk/hotspot/src/share/vm/prims/jvm.cpp:1235
Event: 4.571 Thread 0xb6506800 Threw 0x8d433dc0 at /build/buildd/openjdk-7-7u25-2.3.10/build/openjdk/hotspot/src/share/vm/prims/jvm.cpp:1235

Events (10 events):
Event: 4.561 loading class 0x2a88b0b0
Event: 4.561 loading class 0x2a88b0b0 done
Event: 4.563 loading class 0x2a88b0e8
Event: 4.563 loading class 0x2a88b0e8 done
Event: 4.565 loading class 0x2a88b120
Event: 4.565 loading class 0x2a88b120 done
Event: 4.566 loading class 0x2a88b158
Event: 4.566 loading class 0x2a88b158 done
Event: 4.570 loading class 0x2a892db0
Event: 4.570 loading class 0x2a892db0 done


Dynamic libraries:
08048000-08049000 r-xp 00000000 08:03 1340733    /usr/lib/jvm/java-7-openjdk-i386/jre/bin/java
08049000-0804a000 r--p 00000000 08:03 1340733    /usr/lib/jvm/java-7-openjdk-i386/jre/bin/java
0804a000-0804b000 rw-p 00001000 08:03 1340733    /usr/lib/jvm/java-7-openjdk-i386/jre/bin/java
09c2b000-09c4c000 rw-p 00000000 00:00 0          [heap]
2a4b6000-2a600000 rw-p 00000000 00:00 0 
2a600000-2a672000 rw-p 00000000 00:00 0 
2a672000-2a700000 ---p 00000000 00:00 0 
2a800000-2a8fc000 rw-p 00000000 00:00 0 
2a8fc000-2a900000 ---p 00000000 00:00 0 
2a900000-2a9fc000 rw-p 00000000 00:00 0 
2a9fc000-2aa00000 ---p 00000000 00:00 0 
2aa00000-2aa8a000 rw-p 00000000 00:00 0 
2aa8a000-2ab00000 ---p 00000000 00:00 0 
2ab00000-2ab57000 rw-p 00000000 00:00 0 
2ab57000-2ac00000 ---p 00000000 00:00 0 
2ac00000-2ad00000 rw-p 00000000 00:00 0 
2adc1000-2adc6000 r--s 0004c000 08:03 1310129    /usr/lib/jvm/java-7-openjdk-common/jre/lib/jsse.jar
2adc6000-2adc9000 r--s 00008000 08:03 785673     /home/allen/.sbt/boot/scala-2.9.2/org.scala-sbt/sbt/0.12.2/xsbti/interface-0.12.2.jar
2adc9000-2add0000 r--s 0004f000 08:03 785705     /home/allen/.sbt/boot/scala-2.9.2/org.scala-sbt/sbt/0.12.2/completion-0.12.2.jar
2add0000-2add2000 r--s 00013000 08:03 785685     /home/allen/.sbt/boot/scala-2.9.2/org.scala-sbt/sbt/0.12.2/testing-0.12.2.jar
2add2000-2add4000 r--s 0000a000 08:03 785658     /home/allen/.sbt/boot/scala-2.9.2/org.scala-sbt/sbt/0.12.2/compiler-integration-0.12.2.jar
2add4000-2add6000 r--s 00002000 08:03 785725     /home/allen/.sbt/boot/scala-2.9.2/org.scala-sbt/sbt/0.12.2/control-0.12.2.jar
2add6000-2adeb000 r--s 00114000 08:03 785661     /home/allen/.sbt/boot/scala-2.9.2/org.scala-sbt/sbt/0.12.2/ivy-2.3.0-rc1.jar
2adeb000-2aded000 r--s 00000000 08:03 785699     /home/allen/.sbt/boot/scala-2.9.2/org.scala-sbt/sbt/0.12.2/test-interface-0.5.jar
2aded000-2adf0000 r--s 0001e000 08:03 785737     /home/allen/.sbt/boot/scala-2.9.2/org.scala-sbt/sbt/0.12.2/compile-0.12.2.jar
2adf0000-2adf3000 r--s 00022000 08:03 785711     /home/allen/.sbt/boot/scala-2.9.2/org.scala-sbt/sbt/0.12.2/sbinary_2.9.0-0.4.0.jar
2adf3000-2adf5000 r--s 00015000 08:03 785691     /home/allen/.sbt/boot/scala-2.9.2/org.scala-sbt/sbt/0.12.2/jline-1.0.jar
2adf5000-2adf8000 r--s 00011000 08:03 785745     /home/allen/.sbt/boot/scala-2.9.2/org.scala-sbt/sbt/0.12.2/classfile-0.12.2.jar
2adf8000-2ae00000 r--s 0004d000 08:03 785719     /home/allen/.sbt/boot/scala-2.9.2/org.scala-sbt/sbt/0.12.2/api-0.12.2.jar
2ae00000-2aefc000 rw-p 00000000 00:00 0 
2aefc000-2af00000 ---p 00000000 00:00 0 
2af00000-2affd000 rw-p 00000000 00:00 0 
2affd000-2b000000 ---p 00000000 00:00 0 
2b047000-2b0e2000 rw-p 00000000 00:00 0 
2b0e2000-2b0e8000 r--s 0003b000 08:03 785687     /home/allen/.sbt/boot/scala-2.9.2/org.scala-sbt/sbt/0.12.2/io-0.12.2.jar
2b0e8000-2b0ea000 r--s 00001000 08:03 785667     /home/allen/.sbt/boot/scala-2.9.2/org.scala-sbt/sbt/0.12.2/compiler-ivy-integration-0.12.2.jar
2b0ea000-2b0ee000 r--s 0001c000 08:03 785707     /home/allen/.sbt/boot/scala-2.9.2/org.scala-sbt/sbt/0.12.2/persist-0.12.2.jar
2b0ee000-2b0f1000 r--s 0001a000 08:03 785701     /home/allen/.sbt/boot/scala-2.9.2/org.scala-sbt/sbt/0.12.2/process-0.12.2.jar
2b0f1000-2b0f4000 r--s 0001b000 08:03 785727     /home/allen/.sbt/boot/scala-2.9.2/org.scala-sbt/sbt/0.12.2/tasks-0.12.2.jar
2b0f4000-2b0f6000 r--s 00013000 08:03 785659     /home/allen/.sbt/boot/scala-2.9.2/org.scala-sbt/sbt/0.12.2/classpath-0.12.2.jar
2b0f6000-2b0fa000 r--s 00029000 08:03 785741     /home/allen/.sbt/boot/scala-2.9.2/org.scala-sbt/sbt/0.12.2/incremental-compiler-0.12.2.jar
2b0fa000-2b0fc000 r--s 00009000 08:03 785669     /home/allen/.sbt/boot/scala-2.9.2/org.scala-sbt/sbt/0.12.2/tracking-0.12.2.jar
2b0fc000-2b0ff000 r--s 00019000 08:03 785739     /home/allen/.sbt/boot/scala-2.9.2/org.scala-sbt/sbt/0.12.2/cache-0.12.2.jar
2b0ff000-2b100000 r--s 00004000 08:03 785721     /home/allen/.sbt/boot/scala-2.9.2/org.scala-sbt/sbt/0.12.2/sbt-0.12.2.jar
2b100000-2b200000 rw-p 00000000 00:00 0 
2b25c000-2b323000 r--s 00a25000 08:03 787123     /home/allen/.sbt/boot/scala-2.9.2/lib/scala-compiler.jar
2b323000-2b3a1000 r--s 007f5000 08:03 787121     /home/allen/.sbt/boot/scala-2.9.2/lib/scala-library.jar
2b3a1000-2b4fc000 r-xp 00000000 08:03 1308524    /usr/lib/i386-linux-gnu/libgio-2.0.so.0.3400.1
2b4fc000-2b4fe000 r--p 0015b000 08:03 1308524    /usr/lib/i386-linux-gnu/libgio-2.0.so.0.3400.1
2b4fe000-2b4ff000 rw-p 0015d000 08:03 1308524    /usr/lib/i386-linux-gnu/libgio-2.0.so.0.3400.1
2b4ff000-2b500000 rw-p 00000000 00:00 0 
2b500000-2b5f6000 rw-p 00000000 00:00 0 
2b5f6000-2b600000 ---p 00000000 00:00 0 
2b604000-2b6fe000 r-xp 00000000 08:03 272352     /lib/i386-linux-gnu/libglib-2.0.so.0.3400.1
2b6fe000-2b6ff000 r--p 000f9000 08:03 272352     /lib/i386-linux-gnu/libglib-2.0.so.0.3400.1
2b6ff000-2b700000 rw-p 000fa000 08:03 272352     /lib/i386-linux-gnu/libglib-2.0.so.0.3400.1
2b700000-2b7fc000 rw-p 00000000 00:00 0 
2b7fc000-2b800000 ---p 00000000 00:00 0 
2b859000-2b85c000 ---p 00000000 00:00 0 
2b85c000-2b86a000 rw-p 00000000 00:00 0          [stack:2578]
2b86a000-2b8a8000 r-xp 00000000 08:03 262413     /lib/i386-linux-gnu/libpcre.so.3.13.1
2b8a8000-2b8a9000 r--p 0003d000 08:03 262413     /lib/i386-linux-gnu/libpcre.so.3.13.1
2b8a9000-2b8aa000 rw-p 0003e000 08:03 262413     /lib/i386-linux-gnu/libpcre.so.3.13.1
2b8aa000-2b8f8000 r-xp 00000000 08:03 1308548    /usr/lib/i386-linux-gnu/libgobject-2.0.so.0.3400.1
2b8f8000-2b8f9000 r--p 0004d000 08:03 1308548    /usr/lib/i386-linux-gnu/libgobject-2.0.so.0.3400.1
2b8f9000-2b8fa000 rw-p 0004e000 08:03 1308548    /usr/lib/i386-linux-gnu/libgobject-2.0.so.0.3400.1
2b8fa000-2b8fb000 ---p 00000000 00:00 0 
2b8fb000-2b97b000 rw-p 00000000 00:00 0          [stack:2575]
2b97b000-2b97e000 ---p 00000000 00:00 0 
2b97e000-2b9cc000 rw-p 00000000 00:00 0          [stack:2574]
2b9cc000-2b9cf000 ---p 00000000 00:00 0 
2b9cf000-2ba4d000 rw-p 00000000 00:00 0          [stack:2573]
2ba4d000-2ba50000 ---p 00000000 00:00 0 
2ba50000-2bace000 rw-p 00000000 00:00 0          [stack:2572]
2bace000-2bc00000 r--p 004a5000 08:03 1316961    /usr/lib/locale/locale-archive
2bc00000-2be00000 r--p 00000000 08:03 1316961    /usr/lib/locale/locale-archive
2be00000-2be21000 rw-p 00000000 00:00 0 
2be21000-2bf00000 ---p 00000000 00:00 0 
2bf00000-2bffb000 rw-p 00000000 00:00 0 
2bffb000-2c000000 ---p 00000000 00:00 0 
2c000000-2c0fd000 rw-p 00000000 00:00 0 
2c0fd000-2c100000 ---p 00000000 00:00 0 
2c10b000-2c12e000 r--s 001cc000 08:03 785703     /home/allen/.sbt/boot/scala-2.9.2/org.scala-sbt/sbt/0.12.2/main-0.12.2.jar
2c12e000-2c131000 ---p 00000000 00:00 0 
2c131000-2c17f000 rw-p 00000000 00:00 0          [stack:2569]
2c17f000-2c180000 ---p 00000000 00:00 0 
2c180000-2c200000 rw-p 00000000 00:00 0          [stack:2568]
2c200000-2c2ff000 rw-p 00000000 00:00 0 
2c2ff000-2c300000 ---p 00000000 00:00 0 
2c303000-2c305000 r--s 00008000 08:03 785709     /home/allen/.sbt/boot/scala-2.9.2/org.scala-sbt/sbt/0.12.2/commons-logging-1.0.4.jar
2c305000-2c30a000 r--s 00041000 08:03 785679     /home/allen/.sbt/boot/scala-2.9.2/org.scala-sbt/sbt/0.12.2/actions-0.12.2.jar
2c30a000-2c315000 r--s 00090000 08:03 785697     /home/allen/.sbt/boot/scala-2.9.2/org.scala-sbt/sbt/0.12.2/ivy-0.12.2.jar
2c315000-2c316000 r--s 00002000 08:03 785689     /home/allen/.sbt/boot/scala-2.9.2/org.scala-sbt/sbt/0.12.2/test-agent-0.12.2.jar
2c316000-2c319000 r--s 00014000 08:03 785729     /home/allen/.sbt/boot/scala-2.9.2/org.scala-sbt/sbt/0.12.2/run-0.12.2.jar
2c319000-2c31c000 r--s 0001c000 08:03 785723     /home/allen/.sbt/boot/scala-2.9.2/org.scala-sbt/sbt/0.12.2/task-system-0.12.2.jar
2c31c000-2c31f000 r--s 00017000 08:03 785681     /home/allen/.sbt/boot/scala-2.9.2/org.scala-sbt/sbt/0.12.2/logging-0.12.2.jar
2c31f000-2c323000 r--s 0002e000 08:03 785743     /home/allen/.sbt/boot/scala-2.9.2/org.scala-sbt/sbt/0.12.2/command-0.12.2.jar
2c323000-2c325000 r--s 00006000 08:03 785717     /home/allen/.sbt/boot/scala-2.9.2/org.scala-sbt/sbt/0.12.2/commons-codec-1.2.jar
2c325000-2c327000 r--s 00001000 08:03 785663     /home/allen/.sbt/boot/scala-2.9.2/org.scala-sbt/sbt/0.12.2/launcher-interface-0.12.2.jar
2c327000-2c32d000 r--s 00044000 08:03 785665     /home/allen/.sbt/boot/scala-2.9.2/org.scala-sbt/sbt/0.12.2/collections-0.12.2.jar
2c32d000-2c332000 r-xp 00000000 08:03 1313120    /usr/lib/i386-linux-gnu/libffi.so.6.0.0
2c332000-2c333000 r--p 00005000 08:03 1313120    /usr/lib/i386-linux-gnu/libffi.so.6.0.0
2c333000-2c334000 rw-p 00006000 08:03 1313120    /usr/lib/i386-linux-gnu/libffi.so.6.0.0
2c334000-2c347000 r-xp 00000000 08:03 276641     /lib/i386-linux-gnu/libresolv-2.15.so
2c347000-2c348000 r--p 00013000 08:03 276641     /lib/i386-linux-gnu/libresolv-2.15.so
2c348000-2c349000 rw-p 00014000 08:03 276641     /lib/i386-linux-gnu/libresolv-2.15.so
2c349000-2c393000 rw-p 00000000 00:00 0 
2c393000-2c540000 r--s 01cec000 08:03 1349124    /usr/lib/jvm/java-7-openjdk-i386/jre/lib/rt.jar
2c540000-31400000 rw-p 00000000 00:00 0 
31400000-314f9000 rw-p 00000000 00:00 0 
314f9000-31500000 ---p 00000000 00:00 0 
31502000-31506000 r--s 00034000 08:03 785683     /home/allen/.sbt/boot/scala-2.9.2/org.scala-sbt/sbt/0.12.2/jsch-0.1.46.jar
31506000-3150c000 r--s 00045000 08:03 785735     /home/allen/.sbt/boot/scala-2.9.2/org.scala-sbt/sbt/0.12.2/commons-httpclient-3.1.jar
3150c000-3150f000 r--s 00024000 08:03 787122     /home/allen/.sbt/boot/scala-2.9.2/lib/jline.jar
3150f000-3152c000 r-xp 00000000 08:03 262432     /lib/i386-linux-gnu/libselinux.so.1
3152c000-3152d000 r--p 0001c000 08:03 262432     /lib/i386-linux-gnu/libselinux.so.1
3152d000-3152e000 rw-p 0001d000 08:03 262432     /lib/i386-linux-gnu/libselinux.so.1
3152e000-31531000 ---p 00000000 00:00 0 
31531000-3157f000 rw-p 00000000 00:00 0          [stack:2571]
3157f000-31580000 ---p 00000000 00:00 0 
31580000-31600000 rw-p 00000000 00:00 0          [stack:2567]
31600000-31621000 rw-p 00000000 00:00 0 
31621000-31700000 ---p 00000000 00:00 0 
31700000-31721000 rw-p 00000000 00:00 0 
31721000-31800000 ---p 00000000 00:00 0 
31800000-31803000 r--s 00018000 08:03 787120     /home/allen/.sbt/boot/scala-2.9.2/lib/jansi.jar
31803000-31814000 r-xp 00000000 08:03 1340754    /usr/lib/jvm/java-7-openjdk-i386/jre/lib/i386/libnio.so
31814000-31815000 r--p 00010000 08:03 1340754    /usr/lib/jvm/java-7-openjdk-i386/jre/lib/i386/libnio.so
31815000-31816000 rw-p 00011000 08:03 1340754    /usr/lib/jvm/java-7-openjdk-i386/jre/lib/i386/libnio.so
31816000-3182c000 r-xp 00000000 08:03 1340762    /usr/lib/jvm/java-7-openjdk-i386/jre/lib/i386/libnet.so
3182c000-3182d000 r--p 00015000 08:03 1340762    /usr/lib/jvm/java-7-openjdk-i386/jre/lib/i386/libnet.so
3182d000-3182e000 rw-p 00016000 08:03 1340762    /usr/lib/jvm/java-7-openjdk-i386/jre/lib/i386/libnet.so
3182e000-31831000 ---p 00000000 00:00 0 
31831000-3187f000 rw-p 00000000 00:00 0          [stack:2570]
3187f000-31880000 ---p 00000000 00:00 0 
31880000-31900000 rw-p 00000000 00:00 0          [stack:2566]
31900000-31921000 rw-p 00000000 00:00 0 
31921000-31a00000 ---p 00000000 00:00 0 
31a00000-31a03000 r-xp 00000000 08:03 1308543    /usr/lib/i386-linux-gnu/libgmodule-2.0.so.0.3400.1
31a03000-31a04000 r--p 00002000 08:03 1308543    /usr/lib/i386-linux-gnu/libgmodule-2.0.so.0.3400.1
31a04000-31a05000 rw-p 00003000 08:03 1308543    /usr/lib/i386-linux-gnu/libgmodule-2.0.so.0.3400.1
31a05000-31a08000 r--s 000cf000 08:03 160105     /home/allen/.sbt/boot/other/net.java.dev.jna/jna/3.2.3/jna-3.2.3.jar
31a08000-31a11000 r--s 000bc000 08:03 1314681    /usr/lib/jvm/java-7-openjdk-common/jre/lib/resources.jar
31a11000-31a28000 r--s 000f8000 08:03 1348990    /usr/lib/sbt/sbt-launch.jar
31a28000-31a2a000 r--s 00006000 08:03 1700729    /usr/share/java/java-atk-wrapper.jar
31a2a000-31a2d000 r--s 00032000 08:03 1314661    /usr/lib/jvm/java-7-openjdk-common/jre/lib/ext/sunjce_provider.jar
31a2d000-31a2e000 ---p 00000000 00:00 0 
31a2e000-31aae000 rw-p 00000000 00:00 0          [stack:2565]
31aae000-31aaf000 ---p 00000000 00:00 0 
31aaf000-31b37000 rw-p 00000000 00:00 0          [stack:2564]
31b37000-31bef000 rw-p 00000000 00:00 0 
31bef000-31df7000 rw-p 00000000 00:00 0 
31df7000-31eaf000 rw-p 00000000 00:00 0 
31eaf000-331b0000 rw-p 00000000 00:00 0 
331b0000-4a1b0000 rw-p 00000000 00:00 0 
4a1b0000-aa1b9000 rw-p 00000000 00:00 0 
aa1b9000-aa4b0000 rw-p 00000000 00:00 0 
aa4b0000-aa6f0000 rwxp 00000000 00:00 0 
aa6f0000-b64b0000 rw-p 00000000 00:00 0 
b64b0000-b64bb000 r-xp 00000000 08:03 276806     /lib/i386-linux-gnu/libnss_files-2.15.so
b64bb000-b64bc000 r--p 0000a000 08:03 276806     /lib/i386-linux-gnu/libnss_files-2.15.so
b64bc000-b64bd000 rw-p 0000b000 08:03 276806     /lib/i386-linux-gnu/libnss_files-2.15.so
b64bd000-b64c7000 r-xp 00000000 08:03 276813     /lib/i386-linux-gnu/libnss_nis-2.15.so
b64c7000-b64c8000 r--p 00009000 08:03 276813     /lib/i386-linux-gnu/libnss_nis-2.15.so
b64c8000-b64c9000 rw-p 0000a000 08:03 276813     /lib/i386-linux-gnu/libnss_nis-2.15.so
b64c9000-b64df000 r-xp 00000000 08:03 274885     /lib/i386-linux-gnu/libnsl-2.15.so
b64df000-b64e0000 r--p 00015000 08:03 274885     /lib/i386-linux-gnu/libnsl-2.15.so
b64e0000-b64e1000 rw-p 00016000 08:03 274885     /lib/i386-linux-gnu/libnsl-2.15.so
b64e1000-b64e3000 rw-p 00000000 00:00 0 
b64e3000-b64ea000 r-xp 00000000 08:03 276809     /lib/i386-linux-gnu/libnss_compat-2.15.so
b64ea000-b64eb000 r--p 00006000 08:03 276809     /lib/i386-linux-gnu/libnss_compat-2.15.so
b64eb000-b64ec000 rw-p 00007000 08:03 276809     /lib/i386-linux-gnu/libnss_compat-2.15.so
b64ed000-b64f1000 r--s 00085000 08:03 1314583    /usr/lib/jvm/java-7-openjdk-common/jre/lib/ext/localedata.jar
b64f1000-b64f3000 r--s 00012000 08:03 1314643    /usr/lib/jvm/java-7-openjdk-common/jre/lib/ext/zipfs.jar
b64f3000-b64f6000 r--s 0003c000 08:03 1314663    /usr/lib/jvm/java-7-openjdk-common/jre/lib/ext/sunpkcs11.jar
b64f6000-b64fe000 r-xp 00000000 08:03 1340757    /usr/lib/jvm/java-7-openjdk-i386/jre/lib/i386/libzip.so
b64fe000-b64ff000 r--p 00007000 08:03 1340757    /usr/lib/jvm/java-7-openjdk-i386/jre/lib/i386/libzip.so
b64ff000-b6500000 rw-p 00008000 08:03 1340757    /usr/lib/jvm/java-7-openjdk-i386/jre/lib/i386/libzip.so
b6500000-b65fc000 rw-p 00000000 00:00 0 
b65fc000-b6600000 ---p 00000000 00:00 0 
b6600000-b6603000 r--s 0000f000 08:03 1311855    /usr/lib/jvm/java-7-openjdk-common/jre/lib/ext/pulse-java.jar
b6603000-b660b000 rw-s 00000000 08:03 1177681    /tmp/hsperfdata_allen/2557
b660b000-b6632000 r-xp 00000000 08:03 1340743    /usr/lib/jvm/java-7-openjdk-i386/jre/lib/i386/libjava.so
b6632000-b6633000 r--p 00026000 08:03 1340743    /usr/lib/jvm/java-7-openjdk-i386/jre/lib/i386/libjava.so
b6633000-b6634000 rw-p 00027000 08:03 1340743    /usr/lib/jvm/java-7-openjdk-i386/jre/lib/i386/libjava.so
b6634000-b663b000 r-xp 00000000 08:03 276812     /lib/i386-linux-gnu/librt-2.15.so
b663b000-b663c000 r--p 00006000 08:03 276812     /lib/i386-linux-gnu/librt-2.15.so
b663c000-b663d000 rw-p 00007000 08:03 276812     /lib/i386-linux-gnu/librt-2.15.so
b663d000-b6640000 ---p 00000000 00:00 0 
b6640000-b668e000 rw-p 00000000 00:00 0          [stack:2563]
b668e000-b66aa000 r-xp 00000000 08:03 262351     /lib/i386-linux-gnu/libgcc_s.so.1
b66aa000-b66ab000 r--p 0001b000 08:03 262351     /lib/i386-linux-gnu/libgcc_s.so.1
b66ab000-b66ac000 rw-p 0001c000 08:03 262351     /lib/i386-linux-gnu/libgcc_s.so.1
b66ac000-b66d6000 r-xp 00000000 08:03 276808     /lib/i386-linux-gnu/libm-2.15.so
b66d6000-b66d7000 r--p 00029000 08:03 276808     /lib/i386-linux-gnu/libm-2.15.so
b66d7000-b66d8000 rw-p 0002a000 08:03 276808     /lib/i386-linux-gnu/libm-2.15.so
b66d8000-b67b4000 r-xp 00000000 08:03 1313565    /usr/lib/i386-linux-gnu/libstdc++.so.6.0.17
b67b4000-b67b5000 ---p 000dc000 08:03 1313565    /usr/lib/i386-linux-gnu/libstdc++.so.6.0.17
b67b5000-b67b9000 r--p 000dc000 08:03 1313565    /usr/lib/i386-linux-gnu/libstdc++.so.6.0.17
b67b9000-b67ba000 rw-p 000e0000 08:03 1313565    /usr/lib/i386-linux-gnu/libstdc++.so.6.0.17
b67ba000-b67c1000 rw-p 00000000 00:00 0 
b67c1000-b70b0000 r-xp 00000000 08:03 1349108    /usr/lib/jvm/java-7-openjdk-i386/jre/lib/i386/server/libjvm.so
b70b0000-b70f7000 r--p 008ee000 08:03 1349108    /usr/lib/jvm/java-7-openjdk-i386/jre/lib/i386/server/libjvm.so
b70f7000-b710b000 rw-p 00935000 08:03 1349108    /usr/lib/jvm/java-7-openjdk-i386/jre/lib/i386/server/libjvm.so
b710b000-b7529000 rw-p 00000000 00:00 0 
b7529000-b7540000 r-xp 00000000 08:03 262460     /lib/i386-linux-gnu/libz.so.1.2.7
b7540000-b7541000 r--p 00016000 08:03 262460     /lib/i386-linux-gnu/libz.so.1.2.7
b7541000-b7542000 rw-p 00017000 08:03 262460     /lib/i386-linux-gnu/libz.so.1.2.7
b7542000-b7559000 r-xp 00000000 08:03 276807     /lib/i386-linux-gnu/libpthread-2.15.so
b7559000-b755a000 r--p 00016000 08:03 276807     /lib/i386-linux-gnu/libpthread-2.15.so
b755a000-b755b000 rw-p 00017000 08:03 276807     /lib/i386-linux-gnu/libpthread-2.15.so
b755b000-b755d000 rw-p 00000000 00:00 0 
b755d000-b7560000 r-xp 00000000 08:03 275465     /lib/i386-linux-gnu/libdl-2.15.so
b7560000-b7561000 r--p 00002000 08:03 275465     /lib/i386-linux-gnu/libdl-2.15.so
b7561000-b7562000 rw-p 00003000 08:03 275465     /lib/i386-linux-gnu/libdl-2.15.so
b7562000-b7705000 r-xp 00000000 08:03 274889     /lib/i386-linux-gnu/libc-2.15.so
b7705000-b7706000 ---p 001a3000 08:03 274889     /lib/i386-linux-gnu/libc-2.15.so
b7706000-b7708000 r--p 001a3000 08:03 274889     /lib/i386-linux-gnu/libc-2.15.so
b7708000-b7709000 rw-p 001a5000 08:03 274889     /lib/i386-linux-gnu/libc-2.15.so
b7709000-b770e000 rw-p 00000000 00:00 0 
b770e000-b770f000 r--s 00002000 08:03 1310130    /usr/lib/jvm/java-7-openjdk-common/jre/lib/ext/dnsns.jar
b770f000-b7710000 rw-p 00000000 00:00 0 
b7710000-b7711000 r--p 00000000 00:00 0 
b7711000-b771e000 r-xp 00000000 08:03 1340756    /usr/lib/jvm/java-7-openjdk-i386/jre/lib/i386/libverify.so
b771e000-b771f000 ---p 0000d000 08:03 1340756    /usr/lib/jvm/java-7-openjdk-i386/jre/lib/i386/libverify.so
b771f000-b7720000 r--p 0000d000 08:03 1340756    /usr/lib/jvm/java-7-openjdk-i386/jre/lib/i386/libverify.so
b7720000-b7721000 rw-p 0000e000 08:03 1340756    /usr/lib/jvm/java-7-openjdk-i386/jre/lib/i386/libverify.so
b7721000-b772e000 r-xp 00000000 08:03 1340745    /usr/lib/jvm/java-7-openjdk-i386/jre/lib/i386/jli/libjli.so
b772e000-b772f000 r--p 0000c000 08:03 1340745    /usr/lib/jvm/java-7-openjdk-i386/jre/lib/i386/jli/libjli.so
b772f000-b7730000 rw-p 0000d000 08:03 1340745    /usr/lib/jvm/java-7-openjdk-i386/jre/lib/i386/jli/libjli.so
b7730000-b7732000 rw-p 00000000 00:00 0 
b7732000-b7733000 r-xp 00000000 00:00 0          [vdso]
b7733000-b7753000 r-xp 00000000 08:03 276811     /lib/i386-linux-gnu/ld-2.15.so
b7753000-b7754000 r--p 0001f000 08:03 276811     /lib/i386-linux-gnu/ld-2.15.so
b7754000-b7755000 rw-p 00020000 08:03 276811     /lib/i386-linux-gnu/ld-2.15.so
bfa9c000-bfabd000 rw-p 00000000 00:00 0          [stack]

VM Arguments:
jvm_args: -Xms1536m -Xmx1536m -XX:MaxPermSize=384m -XX:ReservedCodeCacheSize=192m 
java_command: /usr/lib/sbt/sbt-launch.jar stage
Launcher Type: SUN_STANDARD

Environment Variables:
JAVA_HOME=/opt/java
JRE_HOME=/opt/java/jre
CLASSPATH=.:/opt/java/lib:/opt/java/jre/lib:/opt/scala/lib
PATH=/usr/local/heroku/bin:/home/allen/bin:/usr/lib/lightdm/lightdm:/usr/local/sbin:/usr/local/bin:/usr/sbin:/usr/bin:/sbin:/bin:/usr/games:/usr/local/games:/opt/java/bin:/opt/scala/bin:.
SHELL=/bin/bash
DISPLAY=:0

Signal Handlers:
SIGSEGV: [libjvm.so+0x7564a0], sa_mask[0]=0x7ffbfeff, sa_flags=0x10000004
SIGBUS: [libjvm.so+0x7564a0], sa_mask[0]=0x7ffbfeff, sa_flags=0x10000004
SIGFPE: [libjvm.so+0x5f2c10], sa_mask[0]=0x7ffbfeff, sa_flags=0x10000004
SIGPIPE: [libjvm.so+0x5f2c10], sa_mask[0]=0x7ffbfeff, sa_flags=0x10000004
SIGXFSZ: [libjvm.so+0x5f2c10], sa_mask[0]=0x7ffbfeff, sa_flags=0x10000004
SIGILL: [libjvm.so+0x5f2c10], sa_mask[0]=0x7ffbfeff, sa_flags=0x10000004
SIGUSR1: SIG_DFL, sa_mask[0]=0x00000000, sa_flags=0x00000000
SIGUSR2: [libjvm.so+0x5f2ac0], sa_mask[0]=0x00000000, sa_flags=0x10000004
SIGHUP: [libjvm.so+0x5f3050], sa_mask[0]=0x7ffbfeff, sa_flags=0x10000004
SIGINT: [libjvm.so+0x5f3050], sa_mask[0]=0x7ffbfeff, sa_flags=0x10000004
SIGTERM: [libjvm.so+0x5f3050], sa_mask[0]=0x7ffbfeff, sa_flags=0x10000004
SIGQUIT: [libjvm.so+0x5f3050], sa_mask[0]=0x7ffbfeff, sa_flags=0x10000004


---------------  S Y S T E M  ---------------

OS:Ubuntu 12.10 (quantal)
uname:Linux 3.5.0-36-generic #57-Ubuntu SMP Wed Jun 19 15:11:05 UTC 2013 i686
libc:glibc 2.15 NPTL 2.15 
rlimit: STACK 8192k, CORE 0k, NPROC 15930, NOFILE 4096, AS infinity
load average:0.85 0.49 0.19

/proc/meminfo:
MemTotal:        2054688 kB
MemFree:         1071364 kB
Buffers:           80200 kB
Cached:           497648 kB
SwapCached:            0 kB
Active:           405548 kB
Inactive:         483096 kB
Active(anon):     317472 kB
Inactive(anon):   146472 kB
Active(file):      88076 kB
Inactive(file):   336624 kB
Unevictable:       31108 kB
Mlocked:           31108 kB
HighTotal:       1173064 kB
HighFree:         319076 kB
LowTotal:         881624 kB
LowFree:          752288 kB
SwapTotal:       3905532 kB
SwapFree:        3905532 kB
Dirty:               108 kB
Writeback:             0 kB
AnonPages:        341984 kB
Mapped:           100408 kB
Shmem:            147356 kB
Slab:              30364 kB
SReclaimable:      16428 kB
SUnreclaim:        13936 kB
KernelStack:        3696 kB
PageTables:         7668 kB
NFS_Unstable:          0 kB
Bounce:                0 kB
WritebackTmp:          0 kB
CommitLimit:     4932876 kB
Committed_AS:    4657856 kB
VmallocTotal:     122880 kB
VmallocUsed:       11356 kB
VmallocChunk:     110280 kB
HardwareCorrupted:     0 kB
AnonHugePages:         0 kB
HugePages_Total:       0
HugePages_Free:        0
HugePages_Rsvd:        0
HugePages_Surp:        0
Hugepagesize:       2048 kB
DirectMap4k:       10232 kB
DirectMap2M:      903168 kB


CPU:total 4 (2 cores per cpu, 2 threads per core) family 6 model 28 stepping 10, cmov, cx8, fxsr, mmx, sse, sse2, sse3, ssse3, ht, tsc

/proc/cpuinfo:
processor	: 0
vendor_id	: GenuineIntel
cpu family	: 6
model		: 28
model name	: Intel(R) Atom(TM) CPU D525   @ 1.80GHz
stepping	: 10
microcode	: 0x107
cpu MHz		: 1795.324
cache size	: 512 KB
physical id	: 0
siblings	: 4
core id		: 0
cpu cores	: 2
apicid		: 0
initial apicid	: 0
fdiv_bug	: no
hlt_bug		: no
f00f_bug	: no
coma_bug	: no
fpu		: yes
fpu_exception	: yes
cpuid level	: 10
wp		: yes
flags		: fpu vme de pse tsc msr pae mce cx8 apic sep mtrr pge mca cmov pat pse36 clflush dts acpi mmx fxsr sse sse2 ss ht tm pbe nx lm constant_tsc arch_perfmon pebs bts aperfmperf pni dtes64 monitor ds_cpl tm2 ssse3 cx16 xtpr pdcm movbe lahf_lm dtherm
bogomips	: 3590.64
clflush size	: 64
cache_alignment	: 64
address sizes	: 36 bits physical, 48 bits virtual
power management:

processor	: 1
vendor_id	: GenuineIntel
cpu family	: 6
model		: 28
model name	: Intel(R) Atom(TM) CPU D525   @ 1.80GHz
stepping	: 10
microcode	: 0x107
cpu MHz		: 1795.324
cache size	: 512 KB
physical id	: 0
siblings	: 4
core id		: 1
cpu cores	: 2
apicid		: 2
initial apicid	: 2
fdiv_bug	: no
hlt_bug		: no
f00f_bug	: no
coma_bug	: no
fpu		: yes
fpu_exception	: yes
cpuid level	: 10
wp		: yes
flags		: fpu vme de pse tsc msr pae mce cx8 apic sep mtrr pge mca cmov pat pse36 clflush dts acpi mmx fxsr sse sse2 ss ht tm pbe nx lm constant_tsc arch_perfmon pebs bts aperfmperf pni dtes64 monitor ds_cpl tm2 ssse3 cx16 xtpr pdcm movbe lahf_lm dtherm
bogomips	: 3590.64
clflush size	: 64
cache_alignment	: 64
address sizes	: 36 bits physical, 48 bits virtual
power management:

processor	: 2
vendor_id	: GenuineIntel
cpu family	: 6
model		: 28
model name	: Intel(R) Atom(TM) CPU D525   @ 1.80GHz
stepping	: 10
microcode	: 0x107
cpu MHz		: 1795.324
cache size	: 512 KB
physical id	: 0
siblings	: 4
core id		: 0
cpu cores	: 2
apicid		: 1
initial apicid	: 1
fdiv_bug	: no
hlt_bug		: no
f00f_bug	: no
coma_bug	: no
fpu		: yes
fpu_exception	: yes
cpuid level	: 10
wp		: yes
flags		: fpu vme de pse tsc msr pae mce cx8 apic sep mtrr pge mca cmov pat pse36 clflush dts acpi mmx fxsr sse sse2 ss ht tm pbe nx lm constant_tsc arch_perfmon pebs bts aperfmperf pni dtes64 monitor ds_cpl tm2 ssse3 cx16 xtpr pdcm movbe lahf_lm dtherm
bogomips	: 3590.64
clflush size	: 64
cache_alignment	: 64
address sizes	: 36 bits physical, 48 bits virtual
power management:

processor	: 3
vendor_id	: GenuineIntel
cpu family	: 6
model		: 28
model name	: Intel(R) Atom(TM) CPU D525   @ 1.80GHz
stepping	: 10
microcode	: 0x107
cpu MHz		: 1795.324
cache size	: 512 KB
physical id	: 0
siblings	: 4
core id		: 1
cpu cores	: 2
apicid		: 3
initial apicid	: 3
fdiv_bug	: no
hlt_bug		: no
f00f_bug	: no
coma_bug	: no
fpu		: yes
fpu_exception	: yes
cpuid level	: 10
wp		: yes
flags		: fpu vme de pse tsc msr pae mce cx8 apic sep mtrr pge mca cmov pat pse36 clflush dts acpi mmx fxsr sse sse2 ss ht tm pbe nx lm constant_tsc arch_perfmon pebs bts aperfmperf pni dtes64 monitor ds_cpl tm2 ssse3 cx16 xtpr pdcm movbe lahf_lm dtherm
bogomips	: 3590.64
clflush size	: 64
cache_alignment	: 64
address sizes	: 36 bits physical, 48 bits virtual
power management:



Memory: 4k page, physical 2054688k(1071364k free), swap 3905532k(3905532k free)

vm_info: OpenJDK Server VM (23.7-b01) for linux-x86 JRE (1.7.0_25-b30), built on Jul  3 2013 13:57:54 by "buildd" with gcc 4.7.2

time: Sat Jul 20 15:42:42 2013
elapsed time: 4 seconds

