#
# A fatal error has been detected by the Java Runtime Environment:
#
#  SIGSEGV (0xb) at pc=0xb6c9cfd7, pid=4810, tid=3060022080
#
# JRE version: 7.0_25-b30
# Java VM: OpenJDK Server VM (23.7-b01 mixed mode linux-x86 )
# Problematic frame:
# V  [libjvm.so+0x525fd7]  LinkResolver::resolve_method(methodHandle&, KlassHandle, Symbol*, Symbol*, KlassHandle, bool, Thread*)+0x2c7
#
# Failed to write core dump. Core dumps have been disabled. To enable core dumping, try "ulimit -c unlimited" before starting Java again
#
# If you would like to submit a bug report, please include
# instructions on how to reproduce the bug and visit:
#   https://bugs.launchpad.net/ubuntu/+source/openjdk-7/
#

---------------  T H R E A D  ---------------

Current thread (0xb6406800):  JavaThread "main" [_thread_in_vm, id=4816, stack(0xb65f3000,0xb6644000)]

siginfo:si_signo=SIGSEGV: si_errno=0, si_code=1 (SEGV_MAPERR), si_addr=0x00000038

Registers:
EAX=0x00000000, EBX=0xb70ad000, ECX=0xb6436ea8, EDX=0xb6406800
ESP=0xb664230c, EBP=0x3220a7b0, ESI=0x3269f408, EDI=0x2c2e5390
EIP=0xb6c9cfd7, EFLAGS=0x00210292, CR2=0x00000038

Top of Stack: (sp=0xb664230c)
0xb664230c:   3269f408 b6406800 00000000 b6406ff4
0xb664231c:   b6406800 b6642478 b6642374 b66423ec
0xb664232c:   b6406800 b6642494 b644f390 0000000e
0xb664233c:   b6b9fead b6ba00d0 b6642478 b6406800
0xb664234c:   b6436ea8 b6406800 00000000 b6404c18
0xb664235c:   b6406ff8 3269f400 b6406ffc b6406800
0xb664236c:   b6bb6f80 b66423b8 8a0f2858 b66423ec
0xb664237c:   b6406800 b70ad000 b770a000 00000000 

Instructions: (pc=0xb6c9cfd7)
0xb6c9cfb7:   08 8d 44 24 7c 89 04 24 e8 3c 4f d5 ff 8b 06 8b
0xb6c9cfc7:   00 8b 40 0c 8b 40 10 8d 70 08 8b 40 08 89 34 24
0xb6c9cfd7:   ff 50 38 8b 54 24 3c 89 54 24 04 89 44 24 08 8d
0xb6c9cfe7:   84 24 80 00 00 00 89 04 24 e8 0b 4f d5 ff 8b 54 

Register to memory mapping:

EAX=0x00000000 is an unknown value
EBX=0xb70ad000: <offset 0x936000> in /usr/lib/jvm/java-7-openjdk-i386/jre/lib/i386/server/libjvm.so at 0xb6777000
ECX=0xb6436ea8 is an unknown value
EDX=0xb6406800 is a thread
ESP=0xb664230c is pointing into the stack for thread: 0xb6406800
EBP=0x3220a7b0 is an oop
{instance class} 
 - klass: {other class}
ESI=
[error occurred during error reporting (printing register info), id 0xb]

Stack: [0xb65f3000,0xb6644000],  sp=0xb664230c,  free space=316k
Native frames: (J=compiled Java code, j=interpreted, Vv=VM code, C=native code)
V  [libjvm.so+0x525fd7]  LinkResolver::resolve_method(methodHandle&, KlassHandle, Symbol*, Symbol*, KlassHandle, bool, Thread*)+0x2c7

Java frames: (J=compiled Java code, j=interpreted, Vv=VM code)
j  sun.misc.Launcher$ExtClassLoader$1.run()Lsun/misc/Launcher$ExtClassLoader;+36
j  sun.misc.Launcher$ExtClassLoader$1.run()Ljava/lang/Object;+1
v  ~StubRoutines::call_stub
j  java.security.AccessController.doPrivileged(Ljava/security/PrivilegedExceptionAction;)Ljava/lang/Object;+0

[error occurred during error reporting (printing Java stack), id 0xb]


---------------  P R O C E S S  ---------------

Java Threads: ( => current thread )
  0x2c2b8c00 JavaThread "Finalizer" daemon [_thread_blocked, id=4823, stack(0x3152e000,0x3157f000)]
  0x2c2b7000 JavaThread "Reference Handler" daemon [_thread_blocked, id=4822, stack(0x2c12e000,0x2c17f000)]
=>0xb6406800 JavaThread "main" [_thread_in_vm, id=4816, stack(0xb65f3000,0xb6644000)]

Other Threads:
  0x2c2b0800 VMThread [stack: 0x2c17f000,0x2c200000] [id=4821]

VM state:not at safepoint (normal execution)

VM Mutex/Monitor currently owned by a thread: None

Heap
 PSYoungGen      total 458752K, used 7864K [0x8a0c0000, 0xaa0c0000, 0xaa0c0000)
  eden space 393216K, 2% used [0x8a0c0000,0x8a86e1b8,0xa20c0000)
  from space 65536K, 0% used [0xa60c0000,0xa60c0000,0xaa0c0000)
  to   space 65536K, 0% used [0xa20c0000,0xa20c0000,0xa60c0000)
 ParOldGen       total 1048576K, used 0K [0x4a0c0000, 0x8a0c0000, 0x8a0c0000)
  object space 1048576K, 0% used [0x4a0c0000,0x4a0c0000,0x8a0c0000)
 PSPermGen       total 16384K, used 1384K [0x320c0000, 0x330c0000, 0x4a0c0000)
  object space 16384K, 8% used [0x320c0000,0x3221a000,0x330c0000)

Card table byte_map: [0x31cff000,0x320c0000] byte_map_base: 0x31b6ea00

Polling page: 0xb76c6000

Code Cache  [0xaa3c9000, 0xaa609000, 0xb63c9000)
 total_blobs=91 nmethods=0 adapters=59 free_code_cache=196321Kb largest_free_block=201033472

Compilation events (0 events):
No events

GC Heap History (0 events):
No events

Deoptimization events (0 events):
No events

Internal exceptions (1 events):
Event: 0.101 Thread 0xb6406800 Threw 0x8a0c5fe8 at /build/buildd/openjdk-7-7u25-2.3.10/build/openjdk/hotspot/src/share/vm/prims/jni.cpp:3994

Events (10 events):
Event: 0.192 loading class 0x2c2d2c18
Event: 0.192 loading class 0x2c2d2c18 done
Event: 0.193 loading class 0x2c2eb130
Event: 0.193 loading class 0x2c2eb1a0
Event: 0.193 loading class 0x2c2eb1a0 done
Event: 0.193 loading class 0x2c2eb130 done
Event: 0.193 loading class 0x2c2eb168
Event: 0.193 loading class 0x2c2eb168 done
Event: 0.194 loading class 0xb6434e18
Event: 0.195 loading class 0xb6434e18 done


Dynamic libraries:
08048000-08049000 r-xp 00000000 08:03 1340733    /usr/lib/jvm/java-7-openjdk-i386/jre/bin/java
08049000-0804a000 r--p 00000000 08:03 1340733    /usr/lib/jvm/java-7-openjdk-i386/jre/bin/java
0804a000-0804b000 rw-p 00001000 08:03 1340733    /usr/lib/jvm/java-7-openjdk-i386/jre/bin/java
08def000-08e10000 rw-p 00000000 00:00 0          [heap]
2b984000-2bace000 rw-p 00000000 00:00 0 
2bace000-2bc00000 r--p 004a5000 08:03 1316961    /usr/lib/locale/locale-archive
2bc00000-2be00000 r--p 00000000 08:03 1316961    /usr/lib/locale/locale-archive
2be00000-2be21000 rw-p 00000000 00:00 0 
2be21000-2bf00000 ---p 00000000 00:00 0 
2bf65000-2c000000 rw-p 00000000 00:00 0 
2c000000-2c021000 rw-p 00000000 00:00 0 
2c021000-2c100000 ---p 00000000 00:00 0 
2c12e000-2c131000 ---p 00000000 00:00 0 
2c131000-2c17f000 rw-p 00000000 00:00 0          [stack:4822]
2c17f000-2c180000 ---p 00000000 00:00 0 
2c180000-2c200000 rw-p 00000000 00:00 0          [stack:4821]
2c200000-2c2f6000 rw-p 00000000 00:00 0 
2c2f6000-2c300000 ---p 00000000 00:00 0 
2c34b000-2c393000 rw-p 00000000 00:00 0 
2c393000-2c540000 r--s 01cec000 08:03 1349124    /usr/lib/jvm/java-7-openjdk-i386/jre/lib/rt.jar
2c540000-31400000 rw-p 00000000 00:00 0 
31400000-31421000 rw-p 00000000 00:00 0 
31421000-31500000 ---p 00000000 00:00 0 
3152e000-31531000 ---p 00000000 00:00 0 
31531000-3157f000 rw-p 00000000 00:00 0          [stack:4823]
3157f000-31580000 ---p 00000000 00:00 0 
31580000-31600000 rw-p 00000000 00:00 0          [stack:4820]
31600000-31621000 rw-p 00000000 00:00 0 
31621000-31700000 ---p 00000000 00:00 0 
31700000-31721000 rw-p 00000000 00:00 0 
31721000-31800000 ---p 00000000 00:00 0 
31800000-31821000 rw-p 00000000 00:00 0 
31821000-31900000 ---p 00000000 00:00 0 
3193d000-3193e000 ---p 00000000 00:00 0 
3193e000-319be000 rw-p 00000000 00:00 0          [stack:4818]
319be000-319bf000 ---p 00000000 00:00 0 
319bf000-31a47000 rw-p 00000000 00:00 0          [stack:4817]
31a47000-31aff000 rw-p 00000000 00:00 0 
31aff000-31d07000 rw-p 00000000 00:00 0 
31d07000-31dbf000 rw-p 00000000 00:00 0 
31dbf000-330c0000 rw-p 00000000 00:00 0 
330c0000-4a0c0000 rw-p 00000000 00:00 0 
4a0c0000-aa0c0000 rw-p 00000000 00:00 0 
aa0c9000-aa0d2000 rw-p 00000000 00:00 0 
aa0d2000-aa3c9000 rw-p 00000000 00:00 0 
aa3c9000-aa609000 rwxp 00000000 00:00 0 
aa609000-b63c9000 rw-p 00000000 00:00 0 
b63c9000-b63df000 r-xp 00000000 08:03 274885     /lib/i386-linux-gnu/libnsl-2.15.so
b63df000-b63e0000 r--p 00015000 08:03 274885     /lib/i386-linux-gnu/libnsl-2.15.so
b63e0000-b63e1000 rw-p 00016000 08:03 274885     /lib/i386-linux-gnu/libnsl-2.15.so
b63e1000-b63e3000 rw-p 00000000 00:00 0 
b63e3000-b63ea000 r-xp 00000000 08:03 276809     /lib/i386-linux-gnu/libnss_compat-2.15.so
b63ea000-b63eb000 r--p 00006000 08:03 276809     /lib/i386-linux-gnu/libnss_compat-2.15.so
b63eb000-b63ec000 rw-p 00007000 08:03 276809     /lib/i386-linux-gnu/libnss_compat-2.15.so
b6400000-b64fc000 rw-p 00000000 00:00 0 
b64fc000-b6500000 ---p 00000000 00:00 0 
b6515000-b6516000 ---p 00000000 00:00 0 
b6516000-b6596000 rw-p 00000000 00:00 0          [stack:4819]
b6596000-b659e000 r-xp 00000000 08:03 1340757    /usr/lib/jvm/java-7-openjdk-i386/jre/lib/i386/libzip.so
b659e000-b659f000 r--p 00007000 08:03 1340757    /usr/lib/jvm/java-7-openjdk-i386/jre/lib/i386/libzip.so
b659f000-b65a0000 rw-p 00008000 08:03 1340757    /usr/lib/jvm/java-7-openjdk-i386/jre/lib/i386/libzip.so
b65a0000-b65a8000 rw-s 00000000 08:03 1177916    /tmp/hsperfdata_allen/4810
b65a8000-b65b3000 r-xp 00000000 08:03 276806     /lib/i386-linux-gnu/libnss_files-2.15.so
b65b3000-b65b4000 r--p 0000a000 08:03 276806     /lib/i386-linux-gnu/libnss_files-2.15.so
b65b4000-b65b5000 rw-p 0000b000 08:03 276806     /lib/i386-linux-gnu/libnss_files-2.15.so
b65b5000-b65bf000 r-xp 00000000 08:03 276813     /lib/i386-linux-gnu/libnss_nis-2.15.so
b65bf000-b65c0000 r--p 00009000 08:03 276813     /lib/i386-linux-gnu/libnss_nis-2.15.so
b65c0000-b65c1000 rw-p 0000a000 08:03 276813     /lib/i386-linux-gnu/libnss_nis-2.15.so
b65c1000-b65e8000 r-xp 00000000 08:03 1340743    /usr/lib/jvm/java-7-openjdk-i386/jre/lib/i386/libjava.so
b65e8000-b65e9000 r--p 00026000 08:03 1340743    /usr/lib/jvm/java-7-openjdk-i386/jre/lib/i386/libjava.so
b65e9000-b65ea000 rw-p 00027000 08:03 1340743    /usr/lib/jvm/java-7-openjdk-i386/jre/lib/i386/libjava.so
b65ea000-b65f1000 r-xp 00000000 08:03 276812     /lib/i386-linux-gnu/librt-2.15.so
b65f1000-b65f2000 r--p 00006000 08:03 276812     /lib/i386-linux-gnu/librt-2.15.so
b65f2000-b65f3000 rw-p 00007000 08:03 276812     /lib/i386-linux-gnu/librt-2.15.so
b65f3000-b65f6000 ---p 00000000 00:00 0 
b65f6000-b6644000 rw-p 00000000 00:00 0          [stack:4816]
b6644000-b6660000 r-xp 00000000 08:03 262351     /lib/i386-linux-gnu/libgcc_s.so.1
b6660000-b6661000 r--p 0001b000 08:03 262351     /lib/i386-linux-gnu/libgcc_s.so.1
b6661000-b6662000 rw-p 0001c000 08:03 262351     /lib/i386-linux-gnu/libgcc_s.so.1
b6662000-b668c000 r-xp 00000000 08:03 276808     /lib/i386-linux-gnu/libm-2.15.so
b668c000-b668d000 r--p 00029000 08:03 276808     /lib/i386-linux-gnu/libm-2.15.so
b668d000-b668e000 rw-p 0002a000 08:03 276808     /lib/i386-linux-gnu/libm-2.15.so
b668e000-b676a000 r-xp 00000000 08:03 1313565    /usr/lib/i386-linux-gnu/libstdc++.so.6.0.17
b676a000-b676b000 ---p 000dc000 08:03 1313565    /usr/lib/i386-linux-gnu/libstdc++.so.6.0.17
b676b000-b676f000 r--p 000dc000 08:03 1313565    /usr/lib/i386-linux-gnu/libstdc++.so.6.0.17
b676f000-b6770000 rw-p 000e0000 08:03 1313565    /usr/lib/i386-linux-gnu/libstdc++.so.6.0.17
b6770000-b6777000 rw-p 00000000 00:00 0 
b6777000-b7066000 r-xp 00000000 08:03 1349108    /usr/lib/jvm/java-7-openjdk-i386/jre/lib/i386/server/libjvm.so
b7066000-b70ad000 r--p 008ee000 08:03 1349108    /usr/lib/jvm/java-7-openjdk-i386/jre/lib/i386/server/libjvm.so
b70ad000-b70c1000 rw-p 00935000 08:03 1349108    /usr/lib/jvm/java-7-openjdk-i386/jre/lib/i386/server/libjvm.so
b70c1000-b74df000 rw-p 00000000 00:00 0 
b74df000-b74f6000 r-xp 00000000 08:03 262460     /lib/i386-linux-gnu/libz.so.1.2.7
b74f6000-b74f7000 r--p 00016000 08:03 262460     /lib/i386-linux-gnu/libz.so.1.2.7
b74f7000-b74f8000 rw-p 00017000 08:03 262460     /lib/i386-linux-gnu/libz.so.1.2.7
b74f8000-b750f000 r-xp 00000000 08:03 276807     /lib/i386-linux-gnu/libpthread-2.15.so
b750f000-b7510000 r--p 00016000 08:03 276807     /lib/i386-linux-gnu/libpthread-2.15.so
b7510000-b7511000 rw-p 00017000 08:03 276807     /lib/i386-linux-gnu/libpthread-2.15.so
b7511000-b7513000 rw-p 00000000 00:00 0 
b7513000-b7516000 r-xp 00000000 08:03 275465     /lib/i386-linux-gnu/libdl-2.15.so
b7516000-b7517000 r--p 00002000 08:03 275465     /lib/i386-linux-gnu/libdl-2.15.so
b7517000-b7518000 rw-p 00003000 08:03 275465     /lib/i386-linux-gnu/libdl-2.15.so
b7518000-b76bb000 r-xp 00000000 08:03 274889     /lib/i386-linux-gnu/libc-2.15.so
b76bb000-b76bc000 ---p 001a3000 08:03 274889     /lib/i386-linux-gnu/libc-2.15.so
b76bc000-b76be000 r--p 001a3000 08:03 274889     /lib/i386-linux-gnu/libc-2.15.so
b76be000-b76bf000 rw-p 001a5000 08:03 274889     /lib/i386-linux-gnu/libc-2.15.so
b76bf000-b76c3000 rw-p 00000000 00:00 0 
b76c4000-b76c6000 rw-p 00000000 00:00 0 
b76c6000-b76c7000 r--p 00000000 00:00 0 
b76c7000-b76d4000 r-xp 00000000 08:03 1340756    /usr/lib/jvm/java-7-openjdk-i386/jre/lib/i386/libverify.so
b76d4000-b76d5000 ---p 0000d000 08:03 1340756    /usr/lib/jvm/java-7-openjdk-i386/jre/lib/i386/libverify.so
b76d5000-b76d6000 r--p 0000d000 08:03 1340756    /usr/lib/jvm/java-7-openjdk-i386/jre/lib/i386/libverify.so
b76d6000-b76d7000 rw-p 0000e000 08:03 1340756    /usr/lib/jvm/java-7-openjdk-i386/jre/lib/i386/libverify.so
b76d7000-b76e4000 r-xp 00000000 08:03 1340745    /usr/lib/jvm/java-7-openjdk-i386/jre/lib/i386/jli/libjli.so
b76e4000-b76e5000 r--p 0000c000 08:03 1340745    /usr/lib/jvm/java-7-openjdk-i386/jre/lib/i386/jli/libjli.so
b76e5000-b76e6000 rw-p 0000d000 08:03 1340745    /usr/lib/jvm/java-7-openjdk-i386/jre/lib/i386/jli/libjli.so
b76e6000-b76e8000 rw-p 00000000 00:00 0 
b76e8000-b76e9000 r-xp 00000000 00:00 0          [vdso]
b76e9000-b7709000 r-xp 00000000 08:03 276811     /lib/i386-linux-gnu/ld-2.15.so
b7709000-b770a000 r--p 0001f000 08:03 276811     /lib/i386-linux-gnu/ld-2.15.so
b770a000-b770b000 rw-p 00020000 08:03 276811     /lib/i386-linux-gnu/ld-2.15.so
bfbfe000-bfc1f000 rw-p 00000000 00:00 0          [stack]

VM Arguments:
jvm_args: -Xms1536m -Xmx1536m -XX:MaxPermSize=384m -XX:ReservedCodeCacheSize=192m 
java_command: /usr/lib/sbt/sbt-launch.jar
Launcher Type: SUN_STANDARD

Environment Variables:
JAVA_HOME=/opt/java
JRE_HOME=/opt/java/jre
CLASSPATH=.:/opt/java/lib:/opt/java/jre/lib:/opt/scala/lib
PATH=/usr/local/heroku/bin:/home/allen/bin:/usr/lib/lightdm/lightdm:/usr/local/sbin:/usr/local/bin:/usr/sbin:/usr/bin:/sbin:/bin:/usr/games:/usr/local/games:/opt/java/bin:/opt/scala/bin:.
SHELL=/bin/bash
DISPLAY=:0

Signal Handlers:
SIGSEGV: [libjvm.so+0x7564a0], sa_mask[0]=0x7ffbfeff, sa_flags=0x10000004
SIGBUS: [libjvm.so+0x7564a0], sa_mask[0]=0x7ffbfeff, sa_flags=0x10000004
SIGFPE: [libjvm.so+0x5f2c10], sa_mask[0]=0x7ffbfeff, sa_flags=0x10000004
SIGPIPE: [libjvm.so+0x5f2c10], sa_mask[0]=0x7ffbfeff, sa_flags=0x10000004
SIGXFSZ: [libjvm.so+0x5f2c10], sa_mask[0]=0x7ffbfeff, sa_flags=0x10000004
SIGILL: [libjvm.so+0x5f2c10], sa_mask[0]=0x7ffbfeff, sa_flags=0x10000004
SIGUSR1: SIG_DFL, sa_mask[0]=0x00000000, sa_flags=0x00000000
SIGUSR2: [libjvm.so+0x5f2ac0], sa_mask[0]=0x00000000, sa_flags=0x10000004
SIGHUP: [libjvm.so+0x5f3050], sa_mask[0]=0x7ffbfeff, sa_flags=0x10000004
SIGINT: [libjvm.so+0x5f3050], sa_mask[0]=0x7ffbfeff, sa_flags=0x10000004
SIGTERM: [libjvm.so+0x5f3050], sa_mask[0]=0x7ffbfeff, sa_flags=0x10000004
SIGQUIT: SIG_DFL, sa_mask[0]=0x00000000, sa_flags=0x00000000


---------------  S Y S T E M  ---------------

OS:Ubuntu 12.10 (quantal)
uname:Linux 3.5.0-36-generic #57-Ubuntu SMP Wed Jun 19 15:11:05 UTC 2013 i686
libc:glibc 2.15 NPTL 2.15 
rlimit: STACK 8192k, CORE 0k, NPROC 15930, NOFILE 4096, AS infinity
load average:0.55 0.21 0.66

/proc/meminfo:
MemTotal:        2054688 kB
MemFree:          965484 kB
Buffers:           33552 kB
Cached:           540948 kB
SwapCached:         5540 kB
Active:           356192 kB
Inactive:         624028 kB
Active(anon):     143784 kB
Inactive(anon):   398916 kB
Active(file):     212408 kB
Inactive(file):   225112 kB
Unevictable:       31108 kB
Mlocked:           31108 kB
HighTotal:       1173064 kB
HighFree:         472836 kB
LowTotal:         881624 kB
LowFree:          492648 kB
SwapTotal:       3905532 kB
SwapFree:        3809968 kB
Dirty:               152 kB
Writeback:             0 kB
AnonPages:        431768 kB
Mapped:            98408 kB
Shmem:            131168 kB
Slab:              39468 kB
SReclaimable:      21580 kB
SUnreclaim:        17888 kB
KernelStack:        4120 kB
PageTables:        11300 kB
NFS_Unstable:          0 kB
Bounce:                0 kB
WritebackTmp:          0 kB
CommitLimit:     4932876 kB
Committed_AS:    5509720 kB
VmallocTotal:     122880 kB
VmallocUsed:       11368 kB
VmallocChunk:     105052 kB
HardwareCorrupted:     0 kB
AnonHugePages:         0 kB
HugePages_Total:       0
HugePages_Free:        0
HugePages_Rsvd:        0
HugePages_Surp:        0
Hugepagesize:       2048 kB
DirectMap4k:       10232 kB
DirectMap2M:      903168 kB


CPU:total 4 (2 cores per cpu, 2 threads per core) family 6 model 28 stepping 10, cmov, cx8, fxsr, mmx, sse, sse2, sse3, ssse3, ht, tsc

/proc/cpuinfo:
processor	: 0
vendor_id	: GenuineIntel
cpu family	: 6
model		: 28
model name	: Intel(R) Atom(TM) CPU D525   @ 1.80GHz
stepping	: 10
microcode	: 0x107
cpu MHz		: 1795.324
cache size	: 512 KB
physical id	: 0
siblings	: 4
core id		: 0
cpu cores	: 2
apicid		: 0
initial apicid	: 0
fdiv_bug	: no
hlt_bug		: no
f00f_bug	: no
coma_bug	: no
fpu		: yes
fpu_exception	: yes
cpuid level	: 10
wp		: yes
flags		: fpu vme de pse tsc msr pae mce cx8 apic sep mtrr pge mca cmov pat pse36 clflush dts acpi mmx fxsr sse sse2 ss ht tm pbe nx lm constant_tsc arch_perfmon pebs bts aperfmperf pni dtes64 monitor ds_cpl tm2 ssse3 cx16 xtpr pdcm movbe lahf_lm dtherm
bogomips	: 3590.64
clflush size	: 64
cache_alignment	: 64
address sizes	: 36 bits physical, 48 bits virtual
power management:

processor	: 1
vendor_id	: GenuineIntel
cpu family	: 6
model		: 28
model name	: Intel(R) Atom(TM) CPU D525   @ 1.80GHz
stepping	: 10
microcode	: 0x107
cpu MHz		: 1795.324
cache size	: 512 KB
physical id	: 0
siblings	: 4
core id		: 1
cpu cores	: 2
apicid		: 2
initial apicid	: 2
fdiv_bug	: no
hlt_bug		: no
f00f_bug	: no
coma_bug	: no
fpu		: yes
fpu_exception	: yes
cpuid level	: 10
wp		: yes
flags		: fpu vme de pse tsc msr pae mce cx8 apic sep mtrr pge mca cmov pat pse36 clflush dts acpi mmx fxsr sse sse2 ss ht tm pbe nx lm constant_tsc arch_perfmon pebs bts aperfmperf pni dtes64 monitor ds_cpl tm2 ssse3 cx16 xtpr pdcm movbe lahf_lm dtherm
bogomips	: 3590.64
clflush size	: 64
cache_alignment	: 64
address sizes	: 36 bits physical, 48 bits virtual
power management:

processor	: 2
vendor_id	: GenuineIntel
cpu family	: 6
model		: 28
model name	: Intel(R) Atom(TM) CPU D525   @ 1.80GHz
stepping	: 10
microcode	: 0x107
cpu MHz		: 1795.324
cache size	: 512 KB
physical id	: 0
siblings	: 4
core id		: 0
cpu cores	: 2
apicid		: 1
initial apicid	: 1
fdiv_bug	: no
hlt_bug		: no
f00f_bug	: no
coma_bug	: no
fpu		: yes
fpu_exception	: yes
cpuid level	: 10
wp		: yes
flags		: fpu vme de pse tsc msr pae mce cx8 apic sep mtrr pge mca cmov pat pse36 clflush dts acpi mmx fxsr sse sse2 ss ht tm pbe nx lm constant_tsc arch_perfmon pebs bts aperfmperf pni dtes64 monitor ds_cpl tm2 ssse3 cx16 xtpr pdcm movbe lahf_lm dtherm
bogomips	: 3590.64
clflush size	: 64
cache_alignment	: 64
address sizes	: 36 bits physical, 48 bits virtual
power management:

processor	: 3
vendor_id	: GenuineIntel
cpu family	: 6
model		: 28
model name	: Intel(R) Atom(TM) CPU D525   @ 1.80GHz
stepping	: 10
microcode	: 0x107
cpu MHz		: 1795.324
cache size	: 512 KB
physical id	: 0
siblings	: 4
core id		: 1
cpu cores	: 2
apicid		: 3
initial apicid	: 3
fdiv_bug	: no
hlt_bug		: no
f00f_bug	: no
coma_bug	: no
fpu		: yes
fpu_exception	: yes
cpuid level	: 10
wp		: yes
flags		: fpu vme de pse tsc msr pae mce cx8 apic sep mtrr pge mca cmov pat pse36 clflush dts acpi mmx fxsr sse sse2 ss ht tm pbe nx lm constant_tsc arch_perfmon pebs bts aperfmperf pni dtes64 monitor ds_cpl tm2 ssse3 cx16 xtpr pdcm movbe lahf_lm dtherm
bogomips	: 3590.64
clflush size	: 64
cache_alignment	: 64
address sizes	: 36 bits physical, 48 bits virtual
power management:



Memory: 4k page, physical 2054688k(965484k free), swap 3905532k(3809968k free)

vm_info: OpenJDK Server VM (23.7-b01) for linux-x86 JRE (1.7.0_25-b30), built on Jul  3 2013 13:57:54 by "buildd" with gcc 4.7.2

time: Sat Jul 20 17:05:14 2013
elapsed time: 0 seconds

