#
# A fatal error has been detected by the Java Runtime Environment:
#
#  SIGSEGV (0xb) at pc=0xb6e59c5e, pid=2819, tid=848296768
#
# JRE version: 7.0_25-b30
# Java VM: OpenJDK Server VM (23.7-b01 mixed mode linux-x86 )
# Problematic frame:
# V  [libjvm.so+0x681c5e]  SharedRuntime::slow_arraycopy_C(oopDesc*, int, oopDesc*, int, int, JavaThread*)+0x4e
#
# Failed to write core dump. Core dumps have been disabled. To enable core dumping, try "ulimit -c unlimited" before starting Java again
#
# If you would like to submit a bug report, please include
# instructions on how to reproduce the bug and visit:
#   https://bugs.launchpad.net/ubuntu/+source/openjdk-7/
#

---------------  T H R E A D  ---------------

Current thread (0x329bd800):  JavaThread "pool-2-thread-1" [_thread_in_vm, id=2846, stack(0x327ff000,0x32900000)]

siginfo:si_signo=SIGSEGV: si_errno=0, si_code=1 (SEGV_MAPERR), si_addr=0x00000008

Registers:
EAX=0x99f14770, EBX=0xb710e000, ECX=0x00000000, EDX=0x994aeda8
ESP=0x328fdf00, EBP=0x00000001, ESI=0x329bd800, EDI=0x00000008
EIP=0xb6e59c5e, EFLAGS=0x00210282, CR2=0x00000008

Top of Stack: (sp=0x328fdf00)
0x328fdf00:   994a9be0 00000020 33eeff34 b75ef5e9
0x328fdf10:   994a9ba4 324be81b 08988250 b6d9ef34
0x328fdf20:   b710e000 b710e000 b6d9ed29 00000000
0x328fdf30:   00001000 00000001 329bd800 b3414ce8
0x328fdf40:   99f14770 00000000 994aeda8 00000000
0x328fdf50:   00000001 329bd800 329bd800 b654cb60
0x328fdf60:   08971498 00000000 00001000 b3529ac8
0x328fdf70:   994aeda8 00000000 00000001 993947a0 

Instructions: (pc=0xb6e59c5e)
0xb6e59c3e:   64 01 00 00 06 00 00 00 0f 84 04 01 00 00 85 c0
0xb6e59c4e:   0f 84 fc 00 00 00 8b 48 04 8b 6c 24 50 8d 79 08
0xb6e59c5e:   8b 49 08 89 6c 24 14 8b 6c 24 4c 89 54 24 0c 8b
0xb6e59c6e:   54 24 44 89 74 24 18 89 44 24 04 89 6c 24 10 89 

Register to memory mapping:

EAX=0x99f14770 is an unknown value
EBX=0xb710e000: <offset 0x936000> in /usr/lib/jvm/java-7-openjdk-i386/jre/lib/i386/server/libjvm.so at 0xb67d8000
ECX=0x00000000 is an unknown value
EDX=0x994aeda8 is an oop
[Lscala.collection.immutable.HashSet; 
 - klass: 'scala/collection/immutable/HashSet'[]
 - length: 1
ESP=0x328fdf00 is pointing into the stack for thread: 0x329bd800
EBP=0x00000001 is an unknown value
ESI=0x329bd800 is a thread
EDI=0x00000008 is an unknown value


Stack: [0x327ff000,0x32900000],  sp=0x328fdf00,  free space=1019k
Native frames: (J=compiled Java code, j=interpreted, Vv=VM code, C=native code)
V  [libjvm.so+0x681c5e]  SharedRuntime::slow_arraycopy_C(oopDesc*, int, oopDesc*, int, int, JavaThread*)+0x4e

Java frames: (J=compiled Java code, j=interpreted, Vv=VM code)
v  ~RuntimeStub::_slow_arraycopy_Java
J  scala.collection.immutable.HashSet$HashTrieSet.updated0(Ljava/lang/Object;II)Lscala/collection/immutable/HashSet;
J  scala.collection.immutable.HashSet$HashTrieSet.updated0(Ljava/lang/Object;II)Lscala/collection/immutable/HashSet;
J  scala.collection.immutable.HashSet.$plus(Ljava/lang/Object;)Lscala/collection/Set;
J  scala.collection.TraversableOnce$$anonfun$foldLeft$1.apply(Ljava/lang/Object;)Ljava/lang/Object;
J  scala.collection.Iterator$class.foreach(Lscala/collection/Iterator;Lscala/Function1;)V
j  scala.collection.Iterator$$anon$19.foreach(Lscala/Function1;)V+2
j  scala.collection.TraversableOnce$class.foldLeft(Lscala/collection/TraversableOnce;Ljava/lang/Object;Lscala/Function2;)Ljava/lang/Object;+25
j  scala.collection.Iterator$$anon$19.foldLeft(Ljava/lang/Object;Lscala/Function2;)Ljava/lang/Object;+3
J  scala.collection.TraversableOnce$class.$div$colon(Lscala/collection/TraversableOnce;Ljava/lang/Object;Lscala/Function2;)Ljava/lang/Object;
j  scala.collection.Iterator$$anon$19.$div$colon(Ljava/lang/Object;Lscala/Function2;)Ljava/lang/Object;+3
j  scala.collection.SetLike$class.$plus$plus(Lscala/collection/SetLike;Lscala/collection/GenTraversableOnce;)Lscala/collection/Set;+25
j  scala.collection.immutable.Set$EmptySet$.$plus$plus(Lscala/collection/GenTraversableOnce;)Lscala/collection/Set;+2
j  scala.collection.TraversableOnce$class.toSet(Lscala/collection/TraversableOnce;)Lscala/collection/immutable/Set;+18
j  scala.collection.Iterator$$anon$19.toSet()Lscala/collection/immutable/Set;+1
j  sbt.inc.Locate$.jarDefinesClass(Ljava/io/File;)Lscala/Function1;+39
j  sbt.inc.Locate$.definesClass(Ljava/io/File;)Lscala/Function1;+34
j  sbt.Defaults$$anonfun$globalCore$12.apply(Ljava/io/File;)Lscala/Function1;+4
j  sbt.Defaults$$anonfun$globalCore$12.apply(Ljava/lang/Object;)Ljava/lang/Object;+5
j  sbt.inc.FileValueCache0$FileCache.update(Lsbt/inc/Stamp;)Ljava/lang/Object;+11
j  sbt.inc.FileValueCache0$FileCache.get()Ljava/lang/Object;+104
j  sbt.inc.FileValueCache0$$anonfun$get$1.apply(Ljava/io/File;)Ljava/lang/Object;+38
j  sbt.inc.FileValueCache0$$anonfun$get$1.apply(Ljava/lang/Object;)Ljava/lang/Object;+5
j  sbt.inc.Locate$$anonfun$2.apply(Ljava/io/File;)Lscala/Tuple2;+10
j  sbt.inc.Locate$$anonfun$2.apply(Ljava/lang/Object;)Ljava/lang/Object;+5
j  scala.collection.immutable.Stream$$anonfun$map$1.apply()Lscala/collection/immutable/Stream;+76
j  scala.collection.immutable.Stream$$anonfun$map$1.apply()Ljava/lang/Object;+1
j  scala.collection.immutable.Stream$Cons.tail()Lscala/collection/immutable/Stream;+29
j  scala.collection.immutable.Stream$Cons.tail()Ljava/lang/Object;+1
j  scala.collection.immutable.Stream.collect(Lscala/PartialFunction;Lscala/collection/generic/CanBuildFrom;)Ljava/lang/Object;+49
j  sbt.inc.Locate$$anonfun$entry$1.apply(Ljava/lang/String;)Lscala/Option;+19
j  sbt.inc.Locate$$anonfun$entry$1.apply(Ljava/lang/Object;)Ljava/lang/Object;+5
j  sbt.inc.Incremental$$anonfun$externalBinaryModified$1$$anonfun$apply$2.apply(Ljava/lang/String;)Lscala/Option;+8
j  sbt.inc.Incremental$$anonfun$externalBinaryModified$1$$anonfun$apply$2.apply(Ljava/lang/Object;)Ljava/lang/Object;+5
j  scala.Option.flatMap(Lscala/Function1;)Lscala/Option;+18
j  sbt.inc.Incremental$$anonfun$externalBinaryModified$1.apply(Ljava/io/File;)Z+41
j  sbt.inc.Incremental$$anonfun$externalBinaryModified$1.apply(Ljava/lang/Object;)Ljava/lang/Object;+5
J  scala.collection.TraversableLike$$anonfun$filter$1.apply(Ljava/lang/Object;)Ljava/lang/Object;
j  scala.collection.MapLike$DefaultKeySet$$anonfun$foreach$2.apply(Lscala/Tuple2;)Ljava/lang/Object;+14
j  scala.collection.MapLike$DefaultKeySet$$anonfun$foreach$2.apply(Ljava/lang/Object;)Ljava/lang/Object;+5
j  scala.collection.immutable.HashMap$HashMap1.foreach(Lscala/Function1;)V+5
j  scala.collection.immutable.HashMap$HashTrieMap.foreach(Lscala/Function1;)V+18
j  scala.collection.MapLike$DefaultKeySet.foreach(Lscala/Function1;)V+29
j  scala.collection.TraversableLike$class.filter(Lscala/collection/TraversableLike;Lscala/Function1;)Ljava/lang/Object;+18
j  scala.collection.MapLike$DefaultKeySet.filter(Lscala/Function1;)Ljava/lang/Object;+2
j  sbt.inc.Incremental$.changedInitial(Lscala/Function1;Lscala/collection/immutable/Set;Lsbt/inc/Analysis;Lsbt/inc/ReadStamps;Lscala/Function1;Lscala/math/Equiv;)Lsbt/inc/InitialChanges;+103
j  sbt.inc.Incremental$.compile(Lscala/collection/immutable/Set;Lscala/Function1;Lsbt/inc/Analysis;Lsbt/inc/ReadStamps;Lscala/Function1;Lscala/Function2;Lsbt/Logger;Lscala/math/Equiv;)Lscala/Tuple2;+10
j  sbt.inc.IncrementalCompile$.apply(Lscala/collection/immutable/Set;Lscala/Function1;Lscala/Function3;Lsbt/inc/Analysis;Lscala/Function1;Ljava/io/File;Lsbt/Logger;)Lscala/Tuple2;+78
j  sbt.compiler.AggressiveCompile.compile2(Lsbt/compiler/CompileConfiguration;Lsbt/Logger;Lscala/math/Equiv;)Lscala/Tuple2;+232
j  sbt.compiler.AggressiveCompile.compile1(Lscala/collection/Seq;Lscala/collection/Seq;Lsbt/CompileSetup;Lsbt/inc/AnalysisStore;Lscala/Function1;Lscala/Function1;Lsbt/compiler/AnalyzingCompiler;Lxsbti/compile/JavaCompiler;IZLxsbti/compile/GlobalsCache;Lsbt/Logger;)Lsbt/inc/Analysis;+124
j  sbt.compiler.AggressiveCompile.apply(Lsbt/compiler/AnalyzingCompiler;Lxsbti/compile/JavaCompiler;Lscala/collection/Seq;Lscala/collection/Seq;Ljava/io/File;Lxsbti/compile/GlobalsCache;Lscala/collection/Seq;Lscala/collection/Seq;Lscala/Function1;Lscala/Function1;ILxsbti/compile/CompileOrder;ZLsbt/Logger;)Lsbt/inc/Analysis;+57
j  sbt.Compiler$.apply(Lsbt/Compiler$Inputs;Lsbt/Logger;)Lsbt/inc/Analysis;+108
j  sbt.Defaults$$anonfun$compileTask$1.apply(Lsbt/Compiler$Inputs;Lsbt/std/TaskStreams;)Lsbt/inc/Analysis;+10
j  sbt.Defaults$$anonfun$compileTask$1.apply(Ljava/lang/Object;Ljava/lang/Object;)Ljava/lang/Object;+9
j  sbt.Scoped$$anonfun$hf2$1.apply(Lsbt/HCons;)Ljava/lang/Object;+70
j  sbt.Scoped$$anonfun$hf2$1.apply(Ljava/lang/Object;)Ljava/lang/Object;+5
j  scala.Function1$$anonfun$compose$1.apply(Ljava/lang/Object;)Ljava/lang/Object;+14
j  sbt.Scoped$Reduced$$anonfun$combine$1$$anonfun$apply$12.apply(Lsbt/KList;)Ljava/lang/Object;+24
j  sbt.Scoped$Reduced$$anonfun$combine$1$$anonfun$apply$12.apply(Ljava/lang/Object;)Ljava/lang/Object;+5
j  sbt.$tilde$greater$$anonfun$$u2219$1.apply(Ljava/lang/Object;)Ljava/lang/Object;+13
j  sbt.std.Transform$$anon$5.work(Lsbt/KList;Lscala/collection/Seq;)Lscala/Either;+5
j  sbt.Execute$$anonfun$submit$1$$anonfun$apply$1.apply()Lscala/Either;+21
j  sbt.Execute$$anonfun$submit$1$$anonfun$apply$1.apply()Ljava/lang/Object;+1
j  sbt.ErrorHandling$.wideConvert(Lscala/Function0;)Lscala/Either;+7
j  sbt.Execute.work(Ljava/lang/Object;Lscala/Function0;Lsbt/CompletionService;)Lsbt/Completed;+4
j  sbt.Execute$$anonfun$submit$1.apply()Lsbt/Completed;+20
j  sbt.Execute$$anonfun$submit$1.apply()Ljava/lang/Object;+1
j  sbt.ConcurrentRestrictions$$anon$4$$anonfun$1.apply()Ljava/lang/Object;+6
j  sbt.CompletionService$$anon$2.call()Ljava/lang/Object;+4
j  java.util.concurrent.FutureTask$Sync.innerRun()V+29
j  java.util.concurrent.FutureTask.run()V+4
j  java.util.concurrent.Executors$RunnableAdapter.call()Ljava/lang/Object;+4
j  java.util.concurrent.FutureTask$Sync.innerRun()V+29
j  java.util.concurrent.FutureTask.run()V+4
j  java.util.concurrent.ThreadPoolExecutor.runWorker(Ljava/util/concurrent/ThreadPoolExecutor$Worker;)V+95
j  java.util.concurrent.ThreadPoolExecutor$Worker.run()V+5
j  java.lang.Thread.run()V+11
v  ~StubRoutines::call_stub

---------------  P R O C E S S  ---------------

Java Threads: ( => current thread )
  0x35110000 JavaThread "Keep-Alive-Timer" daemon [_thread_blocked, id=2854, stack(0x324fc000,0x325fd000)]
  0x34e05c00 JavaThread "pool-2-thread-6" [_thread_blocked, id=2851, stack(0x33337000,0x33438000)]
  0x08947400 JavaThread "pool-2-thread-5" [_thread_blocked, id=2850, stack(0x33438000,0x33539000)]
  0x329dd800 JavaThread "pool-2-thread-4" [_thread_blocked, id=2849, stack(0x32eff000,0x33000000)]
  0x329df800 JavaThread "pool-2-thread-3" [_thread_blocked, id=2848, stack(0x326fe000,0x327ff000)]
  0x329bb400 JavaThread "pool-2-thread-2" [_thread_blocked, id=2847, stack(0x325fd000,0x326fe000)]
=>0x329bd800 JavaThread "pool-2-thread-1" [_thread_in_vm, id=2846, stack(0x327ff000,0x32900000)]
  0x32daf000 JavaThread "process reaper" daemon [_thread_blocked, id=2835, stack(0x3a90c000,0x3a91d000)]
  0x34803000 JavaThread "Service Thread" daemon [_thread_blocked, id=2831, stack(0x345fe000,0x346ff000)]
  0x34801400 JavaThread "C2 CompilerThread1" daemon [_thread_blocked, id=2830, stack(0x3494c000,0x349cd000)]
  0x353ff400 JavaThread "C2 CompilerThread0" daemon [_thread_blocked, id=2829, stack(0x34f7e000,0x34fff000)]
  0x353fd800 JavaThread "Signal Dispatcher" daemon [_thread_blocked, id=2828, stack(0x346ff000,0x34800000)]
  0x353b9000 JavaThread "Finalizer" daemon [_thread_blocked, id=2827, stack(0x34cff000,0x34e00000)]
  0x353b7400 JavaThread "Reference Handler" daemon [_thread_blocked, id=2826, stack(0x34fff000,0x35100000)]
  0xb6406800 JavaThread "main" [_thread_blocked, id=2820, stack(0xb65a4000,0xb66a5000)]

Other Threads:
  0x353b0c00 VMThread [stack: 0x3527f000,0x35300000] [id=2825]
  0x34805000 WatcherThread [stack: 0x3457d000,0x345fe000] [id=2832]

VM state:not at safepoint (normal execution)

VM Mutex/Monitor currently owned by a thread: None

Heap
 PSYoungGen      total 152896K, used 138181K [0x93300000, 0x9dda0000, 0xb3300000)
  eden space 131072K, 96% used [0x93300000,0x9af09b10,0x9b300000)
  from space 21824K, 51% used [0x9b300000,0x9bde7c08,0x9c850000)
  to   space 14144K, 0% used [0x9cfd0000,0x9cfd0000,0x9dda0000)
 ParOldGen       total 349568K, used 88K [0x53300000, 0x68860000, 0x93300000)
  object space 349568K, 0% used [0x53300000,0x53316010,0x68860000)
 PSPermGen       total 22016K, used 21991K [0x3b300000, 0x3c880000, 0x53300000)
  object space 22016K, 99% used [0x3b300000,0x3c879c20,0x3c880000)

Card table byte_map: [0x3af3f000,0x3b300000] byte_map_base: 0x3ad65800

Polling page: 0xb7727000

Code Cache  [0xb33c9000, 0xb36d1000, 0xb63c9000)
 total_blobs=1404 nmethods=1248 adapters=107 free_code_cache=46088Kb largest_free_block=47159552

Compilation events (10 events):
Event: 49.523 Thread 0x34801400 nmethod 1296 0xb36bac88 code [0xb36bad60, 0xb36badb0]
Event: 49.539 Thread 0x353ff400 nmethod 1291 0xb36c0cc8 code [0xb36c0e80, 0xb36c148c]
Event: 49.851 Thread 0x34801400 1297             scala.collection.Iterator$$anon$19::next (19 bytes)
Event: 49.853 Thread 0x353ff400 1298             java.util.zip.ZipFile::getZipEntry (235 bytes)
Event: 49.902 Thread 0x353ff400 nmethod 1298 0xb36c9748 code [0xb36c99c0, 0xb36ca40c]
Event: 49.902 Thread 0x353ff400 1299             java.util.zip.ZipCoder::toString (190 bytes)
Event: 49.924 Thread 0x34801400 nmethod 1297 0xb36cb3c8 code [0xb36cb6e0, 0xb36cc540]
Event: 49.924 Thread 0x34801400 1300             java.util.zip.ZipCoder::decoder (35 bytes)
Event: 49.927 Thread 0x34801400 nmethod 1300 0xb36bda48 code [0xb36bdb60, 0xb36bdc70]
Event: 49.940 Thread 0x353ff400 nmethod 1299 0xb36bc908 code [0xb36bcae0, 0xb36bd1c8]

GC Heap History (10 events):
Event: 10.443 GC heap before
{Heap before GC invocations=1 (full 0):
 PSYoungGen      total 152896K, used 131072K [0x93300000, 0x9dda0000, 0xb3300000)
  eden space 131072K, 100% used [0x93300000,0x9b300000,0x9b300000)
  from space 21824K, 0% used [0x9c850000,0x9c850000,0x9dda0000)
  to   space 21824K, 0% used [0x9b300000,0x9b300000,0x9c850000)
 ParOldGen       total 349568K, used 0K [0x53300000, 0x68860000, 0x93300000)
  object space 349568K, 0% used [0x53300000,0x53300000,0x68860000)
 PSPermGen       total 16384K, used 12859K [0x3b300000, 0x3c300000, 0x53300000)
  object space 16384K, 78% used [0x3b300000,0x3bf8ee30,0x3c300000)
Event: 10.481 GC heap after
Heap after GC invocations=1 (full 0):
 PSYoungGen      total 152896K, used 10372K [0x93300000, 0x9dda0000, 0xb3300000)
  eden space 131072K, 0% used [0x93300000,0x93300000,0x9b300000)
  from space 21824K, 47% used [0x9b300000,0x9bd213f8,0x9c850000)
  to   space 21824K, 0% used [0x9c850000,0x9c850000,0x9dda0000)
 ParOldGen       total 349568K, used 72K [0x53300000, 0x68860000, 0x93300000)
  object space 349568K, 0% used [0x53300000,0x53312010,0x68860000)
 PSPermGen       total 16384K, used 12859K [0x3b300000, 0x3c300000, 0x53300000)
  object space 16384K, 78% used [0x3b300000,0x3bf8ee30,0x3c300000)
}
Event: 23.531 GC heap before
{Heap before GC invocations=2 (full 0):
 PSYoungGen      total 152896K, used 141444K [0x93300000, 0x9dda0000, 0xb3300000)
  eden space 131072K, 100% used [0x93300000,0x9b300000,0x9b300000)
  from space 21824K, 47% used [0x9b300000,0x9bd213f8,0x9c850000)
  to   space 21824K, 0% used [0x9c850000,0x9c850000,0x9dda0000)
 ParOldGen       total 349568K, used 72K [0x53300000, 0x68860000, 0x93300000)
  object space 349568K, 0% used [0x53300000,0x53312010,0x68860000)
 PSPermGen       total 20992K, used 20982K [0x3b300000, 0x3c780000, 0x53300000)
  object space 20992K, 99% used [0x3b300000,0x3c77d938,0x3c780000)
Event: 23.590 GC heap after
Heap after GC invocations=2 (full 0):
 PSYoungGen      total 152896K, used 14631K [0x93300000, 0x9dda0000, 0xb3300000)
  eden space 131072K, 0% used [0x93300000,0x93300000,0x9b300000)
  from space 21824K, 67% used [0x9c850000,0x9d699d18,0x9dda0000)
  to   space 21824K, 0% used [0x9b300000,0x9b300000,0x9c850000)
 ParOldGen       total 349568K, used 76K [0x53300000, 0x68860000, 0x93300000)
  object space 349568K, 0% used [0x53300000,0x53313010,0x68860000)
 PSPermGen       total 20992K, used 20982K [0x3b300000, 0x3c780000, 0x53300000)
  object space 20992K, 99% used [0x3b300000,0x3c77d938,0x3c780000)
}
Event: 35.438 GC heap before
{Heap before GC invocations=3 (full 0):
 PSYoungGen      total 152896K, used 145703K [0x93300000, 0x9dda0000, 0xb3300000)
  eden space 131072K, 100% used [0x93300000,0x9b300000,0x9b300000)
  from space 21824K, 67% used [0x9c850000,0x9d699d18,0x9dda0000)
  to   space 21824K, 0% used [0x9b300000,0x9b300000,0x9c850000)
 ParOldGen       total 349568K, used 76K [0x53300000, 0x68860000, 0x93300000)
  object space 349568K, 0% used [0x53300000,0x53313010,0x68860000)
 PSPermGen       total 21120K, used 21089K [0x3b300000, 0x3c7a0000, 0x53300000)
  object space 21120K, 99% used [0x3b300000,0x3c7985e0,0x3c7a0000)
Event: 35.492 GC heap after
Heap after GC invocations=3 (full 0):
 PSYoungGen      total 152896K, used 8875K [0x93300000, 0x9dda0000, 0xb3300000)
  eden space 131072K, 0% used [0x93300000,0x93300000,0x9b300000)
  from space 21824K, 40% used [0x9b300000,0x9bbaaf40,0x9c850000)
  to   space 21824K, 0% used [0x9c850000,0x9c850000,0x9dda0000)
 ParOldGen       total 349568K, used 80K [0x53300000, 0x68860000, 0x93300000)
  object space 349568K, 0% used [0x53300000,0x53314010,0x68860000)
 PSPermGen       total 21120K, used 21089K [0x3b300000, 0x3c7a0000, 0x53300000)
  object space 21120K, 99% used [0x3b300000,0x3c7985e0,0x3c7a0000)
}
Event: 39.207 GC heap before
{Heap before GC invocations=4 (full 0):
 PSYoungGen      total 152896K, used 139947K [0x93300000, 0x9dda0000, 0xb3300000)
  eden space 131072K, 100% used [0x93300000,0x9b300000,0x9b300000)
  from space 21824K, 40% used [0x9b300000,0x9bbaaf40,0x9c850000)
  to   space 21824K, 0% used [0x9c850000,0x9c850000,0x9dda0000)
 ParOldGen       total 349568K, used 80K [0x53300000, 0x68860000, 0x93300000)
  object space 349568K, 0% used [0x53300000,0x53314010,0x68860000)
 PSPermGen       total 21120K, used 21116K [0x3b300000, 0x3c7a0000, 0x53300000)
  object space 21120K, 99% used [0x3b300000,0x3c79f3a0,0x3c7a0000)
Event: 39.279 GC heap after
Heap after GC invocations=4 (full 0):
 PSYoungGen      total 152896K, used 11098K [0x93300000, 0x9dda0000, 0xb3300000)
  eden space 131072K, 0% used [0x93300000,0x93300000,0x9b300000)
  from space 21824K, 50% used [0x9c850000,0x9d326a70,0x9dda0000)
  to   space 21824K, 0% used [0x9b300000,0x9b300000,0x9c850000)
 ParOldGen       total 349568K, used 84K [0x53300000, 0x68860000, 0x93300000)
  object space 349568K, 0% used [0x53300000,0x53315010,0x68860000)
 PSPermGen       total 21120K, used 21116K [0x3b300000, 0x3c7a0000, 0x53300000)
  object space 21120K, 99% used [0x3b300000,0x3c79f3a0,0x3c7a0000)
}
Event: 45.903 GC heap before
{Heap before GC invocations=5 (full 0):
 PSYoungGen      total 152896K, used 142170K [0x93300000, 0x9dda0000, 0xb3300000)
  eden space 131072K, 100% used [0x93300000,0x9b300000,0x9b300000)
  from space 21824K, 50% used [0x9c850000,0x9d326a70,0x9dda0000)
  to   space 21824K, 0% used [0x9b300000,0x9b300000,0x9c850000)
 ParOldGen       total 349568K, used 84K [0x53300000, 0x68860000, 0x93300000)
  object space 349568K, 0% used [0x53300000,0x53315010,0x68860000)
 PSPermGen       total 21248K, used 21171K [0x3b300000, 0x3c7c0000, 0x53300000)
  object space 21248K, 99% used [0x3b300000,0x3c7acc30,0x3c7c0000)
Event: 45.944 GC heap after
Heap after GC invocations=5 (full 0):
 PSYoungGen      total 152896K, used 11167K [0x93300000, 0x9dda0000, 0xb3300000)
  eden space 131072K, 0% used [0x93300000,0x93300000,0x9b300000)
  from space 21824K, 51% used [0x9b300000,0x9bde7c08,0x9c850000)
  to   space 14144K, 0% used [0x9cfd0000,0x9cfd0000,0x9dda0000)
 ParOldGen       total 349568K, used 88K [0x53300000, 0x68860000, 0x93300000)
  object space 349568K, 0% used [0x53300000,0x53316010,0x68860000)
 PSPermGen       total 21248K, used 21171K [0x3b300000, 0x3c7c0000, 0x53300000)
  object space 21248K, 99% used [0x3b300000,0x3c7acc30,0x3c7c0000)
}

Deoptimization events (10 events):
Event: 48.527 Thread 0x329bb400 Uncommon trap -83 fr.pc 0xb351b674
Event: 48.624 Thread 0x329bd800 Uncommon trap -34 fr.pc 0xb35c159c
Event: 48.624 Thread 0x329bd800 Uncommon trap -34 fr.pc 0xb35c159c
Event: 48.624 Thread 0x329bd800 Uncommon trap -34 fr.pc 0xb35c159c
Event: 48.645 Thread 0x329bd800 Uncommon trap -83 fr.pc 0xb366ed98
Event: 48.751 Thread 0x329bd800 Uncommon trap -83 fr.pc 0xb345dbbc
Event: 49.540 Thread 0x329bd800 Uncommon trap -83 fr.pc 0xb36c2c68
Event: 49.542 Thread 0x329bd800 Uncommon trap -83 fr.pc 0xb36be624
Event: 49.544 Thread 0x329bd800 Uncommon trap -83 fr.pc 0xb36c11e0
Event: 49.553 Thread 0x329bd800 Uncommon trap -83 fr.pc 0xb36bc638

Internal exceptions (10 events):
Event: 49.660 Thread 0x329bd800 Threw 0x97d20d68 at /build/buildd/openjdk-7-7u25-2.3.10/build/openjdk/hotspot/src/share/vm/prims/jvm.cpp:1235
Event: 49.660 Thread 0x329bd800 Threw 0x97d21cd0 at /build/buildd/openjdk-7-7u25-2.3.10/build/openjdk/hotspot/src/share/vm/prims/jvm.cpp:1235
Event: 49.662 Thread 0x329bd800 Threw 0x97d28fc0 at /build/buildd/openjdk-7-7u25-2.3.10/build/openjdk/hotspot/src/share/vm/prims/jvm.cpp:1235
Event: 49.662 Thread 0x329bd800 Threw 0x97d29610 at /build/buildd/openjdk-7-7u25-2.3.10/build/openjdk/hotspot/src/share/vm/prims/jvm.cpp:1235
Event: 49.662 Thread 0x329bd800 Threw 0x97d29e70 at /build/buildd/openjdk-7-7u25-2.3.10/build/openjdk/hotspot/src/share/vm/prims/jvm.cpp:1235
Event: 49.662 Thread 0x329bd800 Threw 0x97d2a850 at /build/buildd/openjdk-7-7u25-2.3.10/build/openjdk/hotspot/src/share/vm/prims/jvm.cpp:1235
Event: 49.664 Thread 0x329bd800 Threw 0x97d2efa8 at /build/buildd/openjdk-7-7u25-2.3.10/build/openjdk/hotspot/src/share/vm/prims/jvm.cpp:1235
Event: 49.664 Thread 0x329bd800 Threw 0x97d2f610 at /build/buildd/openjdk-7-7u25-2.3.10/build/openjdk/hotspot/src/share/vm/prims/jvm.cpp:1235
Event: 49.664 Thread 0x329bd800 Threw 0x97d2fe88 at /build/buildd/openjdk-7-7u25-2.3.10/build/openjdk/hotspot/src/share/vm/prims/jvm.cpp:1235
Event: 49.664 Thread 0x329bd800 Threw 0x97d308b0 at /build/buildd/openjdk-7-7u25-2.3.10/build/openjdk/hotspot/src/share/vm/prims/jvm.cpp:1235

Events (10 events):
Event: 49.645 loading class 0x08984c00
Event: 49.645 loading class 0x08984c00 done
Event: 49.647 loading class 0x08984c88
Event: 49.647 loading class 0x08984c88 done
Event: 49.659 loading class 0x08988b80
Event: 49.659 loading class 0x08988b80 done
Event: 49.661 loading class 0x089711b8
Event: 49.662 loading class 0x089711b8 done
Event: 49.663 loading class 0x089851e8
Event: 49.663 loading class 0x089851e8 done


Dynamic libraries:
08048000-08049000 r-xp 00000000 08:03 1340733    /usr/lib/jvm/java-7-openjdk-i386/jre/bin/java
08049000-0804a000 r--p 00000000 08:03 1340733    /usr/lib/jvm/java-7-openjdk-i386/jre/bin/java
0804a000-0804b000 rw-p 00001000 08:03 1340733    /usr/lib/jvm/java-7-openjdk-i386/jre/bin/java
08935000-089dc000 rw-p 00000000 00:00 0          [heap]
311b6000-31300000 rw-p 00000000 00:00 0 
31300000-313e1000 rw-p 00000000 00:00 0 
313e1000-31400000 ---p 00000000 00:00 0 
31400000-314ce000 rw-p 00000000 00:00 0 
314ce000-31500000 ---p 00000000 00:00 0 
31500000-315fc000 rw-p 00000000 00:00 0 
315fc000-31600000 ---p 00000000 00:00 0 
31600000-316ff000 rw-p 00000000 00:00 0 
316ff000-31700000 ---p 00000000 00:00 0 
31700000-317fe000 rw-p 00000000 00:00 0 
317fe000-31800000 ---p 00000000 00:00 0 
31900000-319fe000 rw-p 00000000 00:00 0 
319fe000-31a00000 ---p 00000000 00:00 0 
31a00000-31aa8000 rw-p 00000000 00:00 0 
31aa8000-31b00000 ---p 00000000 00:00 0 
31b00000-31bc5000 rw-p 00000000 00:00 0 
31bc5000-31c00000 ---p 00000000 00:00 0 
31c65000-31d00000 rw-p 00000000 00:00 0 
31d00000-31df0000 rw-p 00000000 00:00 0 
31df0000-31e00000 ---p 00000000 00:00 0 
31e00000-31ee7000 rw-p 00000000 00:00 0 
31ee7000-31f00000 ---p 00000000 00:00 0 
31f00000-31ffa000 rw-p 00000000 00:00 0 
31ffa000-32000000 ---p 00000000 00:00 0 
32000000-320f5000 rw-p 00000000 00:00 0 
320f5000-32100000 ---p 00000000 00:00 0 
32100000-322ed000 rw-p 00000000 00:00 0 
322ed000-32300000 ---p 00000000 00:00 0 
32300000-323b0000 rw-p 00000000 00:00 0 
323b0000-32400000 ---p 00000000 00:00 0 
32435000-324fc000 r--s 00a25000 08:03 159298     /opt/play-2.1.2/framework/sbt/boot/scala-2.9.2/lib/scala-compiler.jar
324fc000-324ff000 ---p 00000000 00:00 0 
324ff000-325fd000 rw-p 00000000 00:00 0          [stack:2854]
325fd000-32600000 ---p 00000000 00:00 0 
32600000-326fe000 rw-p 00000000 00:00 0          [stack:2847]
326fe000-32701000 ---p 00000000 00:00 0 
32701000-327ff000 rw-p 00000000 00:00 0          [stack:2848]
327ff000-32802000 ---p 00000000 00:00 0 
32802000-32900000 rw-p 00000000 00:00 0          [stack:2846]
32900000-329f9000 rw-p 00000000 00:00 0 
329f9000-32a00000 ---p 00000000 00:00 0 
32a00000-32aff000 rw-p 00000000 00:00 0 
32aff000-32b00000 ---p 00000000 00:00 0 
32b00000-32d00000 rw-p 00000000 00:00 0 
32d00000-32e00000 rw-p 00000000 00:00 0 
32e11000-32e8f000 r--s 007f5000 08:03 159300     /opt/play-2.1.2/framework/sbt/boot/scala-2.9.2/lib/scala-library.jar
32eff000-32f02000 ---p 00000000 00:00 0 
32f02000-33000000 rw-p 00000000 00:00 0          [stack:2849]
33000000-330fd000 rw-p 00000000 00:00 0 
330fd000-33100000 ---p 00000000 00:00 0 
33100000-3315f000 rw-p 00000000 00:00 0 
3315f000-33200000 ---p 00000000 00:00 0 
33200000-332fb000 rw-p 00000000 00:00 0 
332fb000-33300000 ---p 00000000 00:00 0 
33337000-3333a000 ---p 00000000 00:00 0 
3333a000-33438000 rw-p 00000000 00:00 0          [stack:2851]
33438000-3343b000 ---p 00000000 00:00 0 
3343b000-33539000 rw-p 00000000 00:00 0          [stack:2850]
33539000-33600000 r--s 00a25000 08:03 159298     /opt/play-2.1.2/framework/sbt/boot/scala-2.9.2/lib/scala-compiler.jar
33600000-33700000 rw-p 00000000 00:00 0 
33700000-337f8000 rw-p 00000000 00:00 0 
337f8000-33800000 ---p 00000000 00:00 0 
33800000-338fa000 rw-p 00000000 00:00 0 
338fa000-33900000 ---p 00000000 00:00 0 
33900000-339fd000 rw-p 00000000 00:00 0 
339fd000-33a00000 ---p 00000000 00:00 0 
33a00000-33afd000 rw-p 00000000 00:00 0 
33afd000-33b00000 ---p 00000000 00:00 0 
33b00000-33bb8000 rw-p 00000000 00:00 0 
33bb8000-33c00000 ---p 00000000 00:00 0 
33c00000-33cfd000 rw-p 00000000 00:00 0 
33cfd000-33d00000 ---p 00000000 00:00 0 
33d00000-33dfb000 rw-p 00000000 00:00 0 
33dfb000-33e00000 ---p 00000000 00:00 0 
33e00000-33efb000 rw-p 00000000 00:00 0 
33efb000-33f00000 ---p 00000000 00:00 0 
33f00000-33ff5000 rw-p 00000000 00:00 0 
33ff5000-34000000 ---p 00000000 00:00 0 
34000000-340fe000 rw-p 00000000 00:00 0 
340fe000-34100000 ---p 00000000 00:00 0 
34155000-3424f000 r-xp 00000000 08:03 272352     /lib/i386-linux-gnu/libglib-2.0.so.0.3400.1
3424f000-34250000 r--p 000f9000 08:03 272352     /lib/i386-linux-gnu/libglib-2.0.so.0.3400.1
34250000-34251000 rw-p 000fa000 08:03 272352     /lib/i386-linux-gnu/libglib-2.0.so.0.3400.1
34251000-3429f000 r-xp 00000000 08:03 1308548    /usr/lib/i386-linux-gnu/libgobject-2.0.so.0.3400.1
3429f000-342a0000 r--p 0004d000 08:03 1308548    /usr/lib/i386-linux-gnu/libgobject-2.0.so.0.3400.1
342a0000-342a1000 rw-p 0004e000 08:03 1308548    /usr/lib/i386-linux-gnu/libgobject-2.0.so.0.3400.1
342a1000-343fc000 r-xp 00000000 08:03 1308524    /usr/lib/i386-linux-gnu/libgio-2.0.so.0.3400.1
343fc000-343fe000 r--p 0015b000 08:03 1308524    /usr/lib/i386-linux-gnu/libgio-2.0.so.0.3400.1
343fe000-343ff000 rw-p 0015d000 08:03 1308524    /usr/lib/i386-linux-gnu/libgio-2.0.so.0.3400.1
343ff000-34400000 rw-p 00000000 00:00 0 
34400000-34500000 rw-p 00000000 00:00 0 
3457d000-3457e000 ---p 00000000 00:00 0 
3457e000-345fe000 rw-p 00000000 00:00 0          [stack:2832]
345fe000-34601000 ---p 00000000 00:00 0 
34601000-346ff000 rw-p 00000000 00:00 0          [stack:2831]
346ff000-34702000 ---p 00000000 00:00 0 
34702000-34800000 rw-p 00000000 00:00 0          [stack:2828]
34800000-348ff000 rw-p 00000000 00:00 0 
348ff000-34900000 ---p 00000000 00:00 0 
3494c000-3494f000 ---p 00000000 00:00 0 
3494f000-349cd000 rw-p 00000000 00:00 0          [stack:2830]
349cd000-34aff000 r--p 004a5000 08:03 1316961    /usr/lib/locale/locale-archive
34aff000-34cff000 r--p 00000000 08:03 1316961    /usr/lib/locale/locale-archive
34cff000-34d02000 ---p 00000000 00:00 0 
34d02000-34e00000 rw-p 00000000 00:00 0          [stack:2827]
34e00000-34e21000 rw-p 00000000 00:00 0 
34e21000-34f00000 ---p 00000000 00:00 0 
34f7e000-34f81000 ---p 00000000 00:00 0 
34f81000-34fff000 rw-p 00000000 00:00 0          [stack:2829]
34fff000-35002000 ---p 00000000 00:00 0 
35002000-35100000 rw-p 00000000 00:00 0          [stack:2826]
35100000-351fd000 rw-p 00000000 00:00 0 
351fd000-35200000 ---p 00000000 00:00 0 
3527f000-35280000 ---p 00000000 00:00 0 
35280000-35300000 rw-p 00000000 00:00 0          [stack:2825]
35300000-35400000 rw-p 00000000 00:00 0 
3544b000-35493000 rw-p 00000000 00:00 0 
35493000-35640000 r--s 01cec000 08:03 1349124    /usr/lib/jvm/java-7-openjdk-i386/jre/lib/rt.jar
35640000-3a500000 rw-p 00000000 00:00 0 
3a500000-3a5ed000 rw-p 00000000 00:00 0 
3a5ed000-3a600000 ---p 00000000 00:00 0 
3a614000-3a619000 r-xp 00000000 08:03 275463     /lib/i386-linux-gnu/libnss_dns-2.15.so
3a619000-3a61a000 r--p 00004000 08:03 275463     /lib/i386-linux-gnu/libnss_dns-2.15.so
3a61a000-3a61b000 rw-p 00005000 08:03 275463     /lib/i386-linux-gnu/libnss_dns-2.15.so
3a61b000-3a61d000 r-xp 00000000 08:03 261671     /lib/libnss_mdns4_minimal.so.2
3a61d000-3a61e000 r--p 00001000 08:03 261671     /lib/libnss_mdns4_minimal.so.2
3a61e000-3a61f000 rw-p 00002000 08:03 261671     /lib/libnss_mdns4_minimal.so.2
3a633000-3a636000 r--s 00008000 08:03 159439     /opt/play-2.1.2/framework/sbt/boot/scala-2.9.2/org.scala-sbt/sbt/0.12.2/xsbti/interface-0.12.2.jar
3a636000-3a63d000 r--s 0004f000 08:03 159455     /opt/play-2.1.2/framework/sbt/boot/scala-2.9.2/org.scala-sbt/sbt/0.12.2/completion-0.12.2.jar
3a63d000-3a63f000 r--s 00013000 08:03 159445     /opt/play-2.1.2/framework/sbt/boot/scala-2.9.2/org.scala-sbt/sbt/0.12.2/testing-0.12.2.jar
3a63f000-3a641000 r--s 0000a000 08:03 159433     /opt/play-2.1.2/framework/sbt/boot/scala-2.9.2/org.scala-sbt/sbt/0.12.2/compiler-integration-0.12.2.jar
3a641000-3a643000 r--s 00002000 08:03 159462     /opt/play-2.1.2/framework/sbt/boot/scala-2.9.2/org.scala-sbt/sbt/0.12.2/control-0.12.2.jar
3a643000-3a658000 r--s 00114000 08:03 159457     /opt/play-2.1.2/framework/sbt/boot/scala-2.9.2/org.scala-sbt/sbt/0.12.2/ivy-2.3.0-rc1.jar
3a658000-3a65a000 r--s 00000000 08:03 159469     /opt/play-2.1.2/framework/sbt/boot/scala-2.9.2/org.scala-sbt/sbt/0.12.2/test-interface-0.5.jar
3a65a000-3a65d000 r--s 0001e000 08:03 159466     /opt/play-2.1.2/framework/sbt/boot/scala-2.9.2/org.scala-sbt/sbt/0.12.2/compile-0.12.2.jar
3a65d000-3a660000 r--s 00022000 08:03 159471     /opt/play-2.1.2/framework/sbt/boot/scala-2.9.2/org.scala-sbt/sbt/0.12.2/sbinary_2.9.0-0.4.0.jar
3a660000-3a662000 r--s 00015000 08:03 159446     /opt/play-2.1.2/framework/sbt/boot/scala-2.9.2/org.scala-sbt/sbt/0.12.2/jline-1.0.jar
3a662000-3a665000 r--s 00011000 08:03 159472     /opt/play-2.1.2/framework/sbt/boot/scala-2.9.2/org.scala-sbt/sbt/0.12.2/classfile-0.12.2.jar
3a665000-3a66d000 r--s 0004d000 08:03 159459     /opt/play-2.1.2/framework/sbt/boot/scala-2.9.2/org.scala-sbt/sbt/0.12.2/api-0.12.2.jar
3a66d000-3a673000 r--s 0003b000 08:03 159447     /opt/play-2.1.2/framework/sbt/boot/scala-2.9.2/org.scala-sbt/sbt/0.12.2/io-0.12.2.jar
3a673000-3a675000 r--s 00001000 08:03 159437     /opt/play-2.1.2/framework/sbt/boot/scala-2.9.2/org.scala-sbt/sbt/0.12.2/compiler-ivy-integration-0.12.2.jar
3a675000-3a679000 r--s 0001c000 08:03 159456     /opt/play-2.1.2/framework/sbt/boot/scala-2.9.2/org.scala-sbt/sbt/0.12.2/persist-0.12.2.jar
3a679000-3a67c000 r--s 0001a000 08:03 159453     /opt/play-2.1.2/framework/sbt/boot/scala-2.9.2/org.scala-sbt/sbt/0.12.2/process-0.12.2.jar
3a67c000-3a67f000 r--s 0001b000 08:03 159463     /opt/play-2.1.2/framework/sbt/boot/scala-2.9.2/org.scala-sbt/sbt/0.12.2/tasks-0.12.2.jar
3a67f000-3a680000 ---p 00000000 00:00 0 
3a680000-3a700000 rw-p 00000000 00:00 0          [stack:2824]
3a700000-3a721000 rw-p 00000000 00:00 0 
3a721000-3a800000 ---p 00000000 00:00 0 
3a800000-3a821000 rw-p 00000000 00:00 0 
3a821000-3a900000 ---p 00000000 00:00 0 
3a901000-3a903000 r--s 00013000 08:03 159434     /opt/play-2.1.2/framework/sbt/boot/scala-2.9.2/org.scala-sbt/sbt/0.12.2/classpath-0.12.2.jar
3a903000-3a907000 r--s 00029000 08:03 159468     /opt/play-2.1.2/framework/sbt/boot/scala-2.9.2/org.scala-sbt/sbt/0.12.2/incremental-compiler-0.12.2.jar
3a907000-3a909000 r--s 00009000 08:03 159438     /opt/play-2.1.2/framework/sbt/boot/scala-2.9.2/org.scala-sbt/sbt/0.12.2/tracking-0.12.2.jar
3a909000-3a90c000 r--s 00019000 08:03 159467     /opt/play-2.1.2/framework/sbt/boot/scala-2.9.2/org.scala-sbt/sbt/0.12.2/cache-0.12.2.jar
3a90c000-3a90f000 ---p 00000000 00:00 0 
3a90f000-3a91d000 rw-p 00000000 00:00 0          [stack:2835]
3a91d000-3a940000 r--s 001cc000 08:03 159454     /opt/play-2.1.2/framework/sbt/boot/scala-2.9.2/org.scala-sbt/sbt/0.12.2/main-0.12.2.jar
3a940000-3a942000 r--s 00008000 08:03 159444     /opt/play-2.1.2/framework/sbt/boot/scala-2.9.2/org.scala-sbt/sbt/0.12.2/commons-logging-1.0.4.jar
3a942000-3a947000 r--s 00041000 08:03 159442     /opt/play-2.1.2/framework/sbt/boot/scala-2.9.2/org.scala-sbt/sbt/0.12.2/actions-0.12.2.jar
3a947000-3a952000 r--s 00090000 08:03 159452     /opt/play-2.1.2/framework/sbt/boot/scala-2.9.2/org.scala-sbt/sbt/0.12.2/ivy-0.12.2.jar
3a952000-3a953000 r--s 00002000 08:03 159448     /opt/play-2.1.2/framework/sbt/boot/scala-2.9.2/org.scala-sbt/sbt/0.12.2/test-agent-0.12.2.jar
3a953000-3a956000 r--s 00014000 08:03 159464     /opt/play-2.1.2/framework/sbt/boot/scala-2.9.2/org.scala-sbt/sbt/0.12.2/run-0.12.2.jar
3a956000-3a959000 r--s 0001c000 08:03 159461     /opt/play-2.1.2/framework/sbt/boot/scala-2.9.2/org.scala-sbt/sbt/0.12.2/task-system-0.12.2.jar
3a959000-3a95c000 r--s 00017000 08:03 159443     /opt/play-2.1.2/framework/sbt/boot/scala-2.9.2/org.scala-sbt/sbt/0.12.2/logging-0.12.2.jar
3a95c000-3a960000 r--s 0002e000 08:03 159470     /opt/play-2.1.2/framework/sbt/boot/scala-2.9.2/org.scala-sbt/sbt/0.12.2/command-0.12.2.jar
3a960000-3a962000 r--s 00006000 08:03 159450     /opt/play-2.1.2/framework/sbt/boot/scala-2.9.2/org.scala-sbt/sbt/0.12.2/commons-codec-1.2.jar
3a962000-3a964000 r--s 00001000 08:03 159435     /opt/play-2.1.2/framework/sbt/boot/scala-2.9.2/org.scala-sbt/sbt/0.12.2/launcher-interface-0.12.2.jar
3a964000-3a96a000 r--s 00044000 08:03 159436     /opt/play-2.1.2/framework/sbt/boot/scala-2.9.2/org.scala-sbt/sbt/0.12.2/collections-0.12.2.jar
3a96a000-3a96e000 r--s 00034000 08:03 159449     /opt/play-2.1.2/framework/sbt/boot/scala-2.9.2/org.scala-sbt/sbt/0.12.2/jsch-0.1.46.jar
3a96e000-3a974000 r--s 00045000 08:03 159440     /opt/play-2.1.2/framework/sbt/boot/scala-2.9.2/org.scala-sbt/sbt/0.12.2/commons-httpclient-3.1.jar
3a974000-3a977000 r--s 00024000 08:03 159299     /opt/play-2.1.2/framework/sbt/boot/scala-2.9.2/lib/jline.jar
3a977000-3a97a000 r--s 00018000 08:03 159301     /opt/play-2.1.2/framework/sbt/boot/scala-2.9.2/lib/jansi.jar
3a97a000-3a97f000 r--s 0004c000 08:03 1310129    /usr/lib/jvm/java-7-openjdk-common/jre/lib/jsse.jar
3a97f000-3a980000 ---p 00000000 00:00 0 
3a980000-3aa00000 rw-p 00000000 00:00 0          [stack:2823]
3aa00000-3aa21000 rw-p 00000000 00:00 0 
3aa21000-3ab00000 ---p 00000000 00:00 0 
3ab00000-3ab3e000 r-xp 00000000 08:03 262413     /lib/i386-linux-gnu/libpcre.so.3.13.1
3ab3e000-3ab3f000 r--p 0003d000 08:03 262413     /lib/i386-linux-gnu/libpcre.so.3.13.1
3ab3f000-3ab40000 rw-p 0003e000 08:03 262413     /lib/i386-linux-gnu/libpcre.so.3.13.1
3ab40000-3ab45000 r-xp 00000000 08:03 1313120    /usr/lib/i386-linux-gnu/libffi.so.6.0.0
3ab45000-3ab46000 r--p 00005000 08:03 1313120    /usr/lib/i386-linux-gnu/libffi.so.6.0.0
3ab46000-3ab47000 rw-p 00006000 08:03 1313120    /usr/lib/i386-linux-gnu/libffi.so.6.0.0
3ab47000-3ab5a000 r-xp 00000000 08:03 276641     /lib/i386-linux-gnu/libresolv-2.15.so
3ab5a000-3ab5b000 r--p 00013000 08:03 276641     /lib/i386-linux-gnu/libresolv-2.15.so
3ab5b000-3ab5c000 rw-p 00014000 08:03 276641     /lib/i386-linux-gnu/libresolv-2.15.so
3ab5c000-3ab5e000 rw-p 00000000 00:00 0 
3ab5e000-3ab7b000 r-xp 00000000 08:03 262432     /lib/i386-linux-gnu/libselinux.so.1
3ab7b000-3ab7c000 r--p 0001c000 08:03 262432     /lib/i386-linux-gnu/libselinux.so.1
3ab7c000-3ab7d000 rw-p 0001d000 08:03 262432     /lib/i386-linux-gnu/libselinux.so.1
3ab7d000-3ab7e000 ---p 00000000 00:00 0 
3ab7e000-3abfe000 rw-p 00000000 00:00 0          [stack:2822]
3abfe000-3abff000 ---p 00000000 00:00 0 
3abff000-3ac8a000 rw-p 00000000 00:00 0          [stack:2821]
3ac8a000-3ad3f000 rw-p 00000000 00:00 0 
3ad3f000-3adea000 rw-p 00000000 00:00 0 
3adea000-3af3f000 rw-p 00000000 00:00 0 
3af3f000-3af4a000 rw-p 00000000 00:00 0 
3af4a000-3afff000 rw-p 00000000 00:00 0 
3afff000-3b0aa000 rw-p 00000000 00:00 0 
3b0aa000-3b1ff000 rw-p 00000000 00:00 0 
3b1ff000-3b255000 rw-p 00000000 00:00 0 
3b255000-3b2ff000 rw-p 00000000 00:00 0 
3b2ff000-3c880000 rw-p 00000000 00:00 0 
3c880000-53300000 rw-p 00000000 00:00 0 
53300000-68860000 rw-p 00000000 00:00 0 
68860000-93300000 rw-p 00000000 00:00 0 
93300000-9dda0000 rw-p 00000000 00:00 0 
9dda0000-b3300000 rw-p 00000000 00:00 0 
b3300000-b3309000 r--s 000bc000 08:03 1314681    /usr/lib/jvm/java-7-openjdk-common/jre/lib/resources.jar
b3309000-b3316000 rw-p 00000000 00:00 0 
b3316000-b33c9000 rw-p 00000000 00:00 0 
b33c9000-b36d1000 rwxp 00000000 00:00 0 
b36d1000-b63c9000 rw-p 00000000 00:00 0 
b63c9000-b63df000 r-xp 00000000 08:03 274885     /lib/i386-linux-gnu/libnsl-2.15.so
b63df000-b63e0000 r--p 00015000 08:03 274885     /lib/i386-linux-gnu/libnsl-2.15.so
b63e0000-b63e1000 rw-p 00016000 08:03 274885     /lib/i386-linux-gnu/libnsl-2.15.so
b63e1000-b63e3000 rw-p 00000000 00:00 0 
b63e3000-b63ea000 r-xp 00000000 08:03 276809     /lib/i386-linux-gnu/libnss_compat-2.15.so
b63ea000-b63eb000 r--p 00006000 08:03 276809     /lib/i386-linux-gnu/libnss_compat-2.15.so
b63eb000-b63ec000 rw-p 00007000 08:03 276809     /lib/i386-linux-gnu/libnss_compat-2.15.so
b63ec000-b63ed000 rw-p 00000000 00:00 0 
b63ed000-b63fe000 r-xp 00000000 08:03 1340754    /usr/lib/jvm/java-7-openjdk-i386/jre/lib/i386/libnio.so
b63fe000-b63ff000 r--p 00010000 08:03 1340754    /usr/lib/jvm/java-7-openjdk-i386/jre/lib/i386/libnio.so
b63ff000-b6400000 rw-p 00011000 08:03 1340754    /usr/lib/jvm/java-7-openjdk-i386/jre/lib/i386/libnio.so
b6400000-b64fc000 rw-p 00000000 00:00 0 
b64fc000-b6500000 ---p 00000000 00:00 0 
b6500000-b6503000 r-xp 00000000 08:03 1308543    /usr/lib/i386-linux-gnu/libgmodule-2.0.so.0.3400.1
b6503000-b6504000 r--p 00002000 08:03 1308543    /usr/lib/i386-linux-gnu/libgmodule-2.0.so.0.3400.1
b6504000-b6505000 rw-p 00003000 08:03 1308543    /usr/lib/i386-linux-gnu/libgmodule-2.0.so.0.3400.1
b6505000-b651b000 r-xp 00000000 08:03 1340762    /usr/lib/jvm/java-7-openjdk-i386/jre/lib/i386/libnet.so
b651b000-b651c000 r--p 00015000 08:03 1340762    /usr/lib/jvm/java-7-openjdk-i386/jre/lib/i386/libnet.so
b651c000-b651d000 rw-p 00016000 08:03 1340762    /usr/lib/jvm/java-7-openjdk-i386/jre/lib/i386/libnet.so
b651d000-b6520000 r--s 000cf000 08:03 139385     /opt/play-2.1.2/framework/sbt/boot/other/net.java.dev.jna/jna/3.2.3/jna-3.2.3.jar
b6520000-b6536000 r--s 000f8000 08:03 162684     /opt/play-2.1.2/framework/sbt/sbt-launch.jar
b6536000-b6538000 r--s 00006000 08:03 1700729    /usr/share/java/java-atk-wrapper.jar
b6538000-b653b000 r--s 00032000 08:03 1314661    /usr/lib/jvm/java-7-openjdk-common/jre/lib/ext/sunjce_provider.jar
b653b000-b653f000 r--s 00085000 08:03 1314583    /usr/lib/jvm/java-7-openjdk-common/jre/lib/ext/localedata.jar
b653f000-b6541000 r--s 00012000 08:03 1314643    /usr/lib/jvm/java-7-openjdk-common/jre/lib/ext/zipfs.jar
b6541000-b6544000 r--s 0003c000 08:03 1314663    /usr/lib/jvm/java-7-openjdk-common/jre/lib/ext/sunpkcs11.jar
b6544000-b6547000 r--s 0000f000 08:03 1311855    /usr/lib/jvm/java-7-openjdk-common/jre/lib/ext/pulse-java.jar
b6547000-b654f000 r-xp 00000000 08:03 1340757    /usr/lib/jvm/java-7-openjdk-i386/jre/lib/i386/libzip.so
b654f000-b6550000 r--p 00007000 08:03 1340757    /usr/lib/jvm/java-7-openjdk-i386/jre/lib/i386/libzip.so
b6550000-b6551000 rw-p 00008000 08:03 1340757    /usr/lib/jvm/java-7-openjdk-i386/jre/lib/i386/libzip.so
b6551000-b6559000 rw-s 00000000 08:03 1177675    /tmp/hsperfdata_allen/2819
b6559000-b6564000 r-xp 00000000 08:03 276806     /lib/i386-linux-gnu/libnss_files-2.15.so
b6564000-b6565000 r--p 0000a000 08:03 276806     /lib/i386-linux-gnu/libnss_files-2.15.so
b6565000-b6566000 rw-p 0000b000 08:03 276806     /lib/i386-linux-gnu/libnss_files-2.15.so
b6566000-b6570000 r-xp 00000000 08:03 276813     /lib/i386-linux-gnu/libnss_nis-2.15.so
b6570000-b6571000 r--p 00009000 08:03 276813     /lib/i386-linux-gnu/libnss_nis-2.15.so
b6571000-b6572000 rw-p 0000a000 08:03 276813     /lib/i386-linux-gnu/libnss_nis-2.15.so
b6572000-b6599000 r-xp 00000000 08:03 1340743    /usr/lib/jvm/java-7-openjdk-i386/jre/lib/i386/libjava.so
b6599000-b659a000 r--p 00026000 08:03 1340743    /usr/lib/jvm/java-7-openjdk-i386/jre/lib/i386/libjava.so
b659a000-b659b000 rw-p 00027000 08:03 1340743    /usr/lib/jvm/java-7-openjdk-i386/jre/lib/i386/libjava.so
b659b000-b65a2000 r-xp 00000000 08:03 276812     /lib/i386-linux-gnu/librt-2.15.so
b65a2000-b65a3000 r--p 00006000 08:03 276812     /lib/i386-linux-gnu/librt-2.15.so
b65a3000-b65a4000 rw-p 00007000 08:03 276812     /lib/i386-linux-gnu/librt-2.15.so
b65a4000-b65a7000 ---p 00000000 00:00 0 
b65a7000-b66a5000 rw-p 00000000 00:00 0          [stack:2820]
b66a5000-b66c1000 r-xp 00000000 08:03 262351     /lib/i386-linux-gnu/libgcc_s.so.1
b66c1000-b66c2000 r--p 0001b000 08:03 262351     /lib/i386-linux-gnu/libgcc_s.so.1
b66c2000-b66c3000 rw-p 0001c000 08:03 262351     /lib/i386-linux-gnu/libgcc_s.so.1
b66c3000-b66ed000 r-xp 00000000 08:03 276808     /lib/i386-linux-gnu/libm-2.15.so
b66ed000-b66ee000 r--p 00029000 08:03 276808     /lib/i386-linux-gnu/libm-2.15.so
b66ee000-b66ef000 rw-p 0002a000 08:03 276808     /lib/i386-linux-gnu/libm-2.15.so
b66ef000-b67cb000 r-xp 00000000 08:03 1313565    /usr/lib/i386-linux-gnu/libstdc++.so.6.0.17
b67cb000-b67cc000 ---p 000dc000 08:03 1313565    /usr/lib/i386-linux-gnu/libstdc++.so.6.0.17
b67cc000-b67d0000 r--p 000dc000 08:03 1313565    /usr/lib/i386-linux-gnu/libstdc++.so.6.0.17
b67d0000-b67d1000 rw-p 000e0000 08:03 1313565    /usr/lib/i386-linux-gnu/libstdc++.so.6.0.17
b67d1000-b67d8000 rw-p 00000000 00:00 0 
b67d8000-b70c7000 r-xp 00000000 08:03 1349108    /usr/lib/jvm/java-7-openjdk-i386/jre/lib/i386/server/libjvm.so
b70c7000-b710e000 r--p 008ee000 08:03 1349108    /usr/lib/jvm/java-7-openjdk-i386/jre/lib/i386/server/libjvm.so
b710e000-b7122000 rw-p 00935000 08:03 1349108    /usr/lib/jvm/java-7-openjdk-i386/jre/lib/i386/server/libjvm.so
b7122000-b7540000 rw-p 00000000 00:00 0 
b7540000-b7557000 r-xp 00000000 08:03 262460     /lib/i386-linux-gnu/libz.so.1.2.7
b7557000-b7558000 r--p 00016000 08:03 262460     /lib/i386-linux-gnu/libz.so.1.2.7
b7558000-b7559000 rw-p 00017000 08:03 262460     /lib/i386-linux-gnu/libz.so.1.2.7
b7559000-b7570000 r-xp 00000000 08:03 276807     /lib/i386-linux-gnu/libpthread-2.15.so
b7570000-b7571000 r--p 00016000 08:03 276807     /lib/i386-linux-gnu/libpthread-2.15.so
b7571000-b7572000 rw-p 00017000 08:03 276807     /lib/i386-linux-gnu/libpthread-2.15.so
b7572000-b7574000 rw-p 00000000 00:00 0 
b7574000-b7577000 r-xp 00000000 08:03 275465     /lib/i386-linux-gnu/libdl-2.15.so
b7577000-b7578000 r--p 00002000 08:03 275465     /lib/i386-linux-gnu/libdl-2.15.so
b7578000-b7579000 rw-p 00003000 08:03 275465     /lib/i386-linux-gnu/libdl-2.15.so
b7579000-b771c000 r-xp 00000000 08:03 274889     /lib/i386-linux-gnu/libc-2.15.so
b771c000-b771d000 ---p 001a3000 08:03 274889     /lib/i386-linux-gnu/libc-2.15.so
b771d000-b771f000 r--p 001a3000 08:03 274889     /lib/i386-linux-gnu/libc-2.15.so
b771f000-b7720000 rw-p 001a5000 08:03 274889     /lib/i386-linux-gnu/libc-2.15.so
b7720000-b7724000 rw-p 00000000 00:00 0 
b7724000-b7725000 r--s 00004000 08:03 159460     /opt/play-2.1.2/framework/sbt/boot/scala-2.9.2/org.scala-sbt/sbt/0.12.2/sbt-0.12.2.jar
b7725000-b7726000 r--s 00002000 08:03 1310130    /usr/lib/jvm/java-7-openjdk-common/jre/lib/ext/dnsns.jar
b7726000-b7727000 rw-p 00000000 00:00 0 
b7727000-b7728000 r--p 00000000 00:00 0 
b7728000-b7735000 r-xp 00000000 08:03 1340756    /usr/lib/jvm/java-7-openjdk-i386/jre/lib/i386/libverify.so
b7735000-b7736000 ---p 0000d000 08:03 1340756    /usr/lib/jvm/java-7-openjdk-i386/jre/lib/i386/libverify.so
b7736000-b7737000 r--p 0000d000 08:03 1340756    /usr/lib/jvm/java-7-openjdk-i386/jre/lib/i386/libverify.so
b7737000-b7738000 rw-p 0000e000 08:03 1340756    /usr/lib/jvm/java-7-openjdk-i386/jre/lib/i386/libverify.so
b7738000-b7745000 r-xp 00000000 08:03 1340745    /usr/lib/jvm/java-7-openjdk-i386/jre/lib/i386/jli/libjli.so
b7745000-b7746000 r--p 0000c000 08:03 1340745    /usr/lib/jvm/java-7-openjdk-i386/jre/lib/i386/jli/libjli.so
b7746000-b7747000 rw-p 0000d000 08:03 1340745    /usr/lib/jvm/java-7-openjdk-i386/jre/lib/i386/jli/libjli.so
b7747000-b7749000 rw-p 00000000 00:00 0 
b7749000-b774a000 r-xp 00000000 00:00 0          [vdso]
b774a000-b776a000 r-xp 00000000 08:03 276811     /lib/i386-linux-gnu/ld-2.15.so
b776a000-b776b000 r--p 0001f000 08:03 276811     /lib/i386-linux-gnu/ld-2.15.so
b776b000-b776c000 rw-p 00020000 08:03 276811     /lib/i386-linux-gnu/ld-2.15.so
bff38000-bff59000 rw-p 00000000 00:00 0          [stack]

VM Arguments:
jvm_args: -Xms512M -Xmx1536M -Xss1M -XX:+CMSClassUnloadingEnabled -XX:MaxPermSize=384M -Dfile.encoding=UTF-8 -Dplay.version=2.1.2 -Dsbt.ivy.home=/opt/play/framework/../repository -Dplay.home=/opt/play/framework -Dsbt.boot.properties=/opt/play/framework/sbt/sbt.boot.properties 
java_command: /opt/play/framework/sbt/sbt-launch.jar run
Launcher Type: SUN_STANDARD

Environment Variables:
JAVA_HOME=/opt/java
JRE_HOME=/opt/java/jre
CLASSPATH=.:/opt/java/lib:/opt/java/jre/lib:/opt/scala/lib
PATH=/usr/local/heroku/bin:/home/allen/bin:/usr/lib/lightdm/lightdm:/usr/local/sbin:/usr/local/bin:/usr/sbin:/usr/bin:/sbin:/bin:/usr/games:/usr/local/games:/opt/java/bin:/opt/scala/bin:.
SHELL=/bin/bash
DISPLAY=:0

Signal Handlers:
SIGSEGV: [libjvm.so+0x7564a0], sa_mask[0]=0x7ffbfeff, sa_flags=0x10000004
SIGBUS: [libjvm.so+0x7564a0], sa_mask[0]=0x7ffbfeff, sa_flags=0x10000004
SIGFPE: [libjvm.so+0x5f2c10], sa_mask[0]=0x7ffbfeff, sa_flags=0x10000004
SIGPIPE: [libjvm.so+0x5f2c10], sa_mask[0]=0x7ffbfeff, sa_flags=0x10000004
SIGXFSZ: [libjvm.so+0x5f2c10], sa_mask[0]=0x7ffbfeff, sa_flags=0x10000004
SIGILL: [libjvm.so+0x5f2c10], sa_mask[0]=0x7ffbfeff, sa_flags=0x10000004
SIGUSR1: SIG_DFL, sa_mask[0]=0x00000000, sa_flags=0x00000000
SIGUSR2: [libjvm.so+0x5f2ac0], sa_mask[0]=0x00000000, sa_flags=0x10000004
SIGHUP: [libjvm.so+0x5f3050], sa_mask[0]=0x7ffbfeff, sa_flags=0x10000004
SIGINT: [libjvm.so+0x5f3050], sa_mask[0]=0x7ffbfeff, sa_flags=0x10000004
SIGTERM: [libjvm.so+0x5f3050], sa_mask[0]=0x7ffbfeff, sa_flags=0x10000004
SIGQUIT: [libjvm.so+0x5f3050], sa_mask[0]=0x7ffbfeff, sa_flags=0x10000004


---------------  S Y S T E M  ---------------

OS:Ubuntu 12.10 (quantal)
uname:Linux 3.5.0-36-generic #57-Ubuntu SMP Wed Jun 19 15:11:05 UTC 2013 i686
libc:glibc 2.15 NPTL 2.15 
rlimit: STACK 8192k, CORE 0k, NPROC 15930, NOFILE 4096, AS infinity
load average:2.22 1.64 0.82

/proc/meminfo:
MemTotal:        2054688 kB
MemFree:          570556 kB
Buffers:          118216 kB
Cached:           787180 kB
SwapCached:            0 kB
Active:           702076 kB
Inactive:         680076 kB
Active(anon):     483816 kB
Inactive(anon):   164440 kB
Active(file):     218260 kB
Inactive(file):   515636 kB
Unevictable:       31200 kB
Mlocked:           31200 kB
HighTotal:       1173064 kB
HighFree:          14904 kB
LowTotal:         881624 kB
LowFree:          555652 kB
SwapTotal:       3905532 kB
SwapFree:        3905532 kB
Dirty:              2528 kB
Writeback:             0 kB
AnonPages:        508104 kB
Mapped:           102644 kB
Shmem:            165716 kB
Slab:              36992 kB
SReclaimable:      21936 kB
SUnreclaim:        15056 kB
KernelStack:        3792 kB
PageTables:         8260 kB
NFS_Unstable:          0 kB
Bounce:                0 kB
WritebackTmp:          0 kB
CommitLimit:     4932876 kB
Committed_AS:    3749456 kB
VmallocTotal:     122880 kB
VmallocUsed:       11356 kB
VmallocChunk:     109360 kB
HardwareCorrupted:     0 kB
AnonHugePages:         0 kB
HugePages_Total:       0
HugePages_Free:        0
HugePages_Rsvd:        0
HugePages_Surp:        0
Hugepagesize:       2048 kB
DirectMap4k:       10232 kB
DirectMap2M:      903168 kB


CPU:total 4 (2 cores per cpu, 2 threads per core) family 6 model 28 stepping 10, cmov, cx8, fxsr, mmx, sse, sse2, sse3, ssse3, ht, tsc

/proc/cpuinfo:
processor	: 0
vendor_id	: GenuineIntel
cpu family	: 6
model		: 28
model name	: Intel(R) Atom(TM) CPU D525   @ 1.80GHz
stepping	: 10
microcode	: 0x107
cpu MHz		: 1795.531
cache size	: 512 KB
physical id	: 0
siblings	: 4
core id		: 0
cpu cores	: 2
apicid		: 0
initial apicid	: 0
fdiv_bug	: no
hlt_bug		: no
f00f_bug	: no
coma_bug	: no
fpu		: yes
fpu_exception	: yes
cpuid level	: 10
wp		: yes
flags		: fpu vme de pse tsc msr pae mce cx8 apic sep mtrr pge mca cmov pat pse36 clflush dts acpi mmx fxsr sse sse2 ss ht tm pbe nx lm constant_tsc arch_perfmon pebs bts aperfmperf pni dtes64 monitor ds_cpl tm2 ssse3 cx16 xtpr pdcm movbe lahf_lm dtherm
bogomips	: 3591.06
clflush size	: 64
cache_alignment	: 64
address sizes	: 36 bits physical, 48 bits virtual
power management:

processor	: 1
vendor_id	: GenuineIntel
cpu family	: 6
model		: 28
model name	: Intel(R) Atom(TM) CPU D525   @ 1.80GHz
stepping	: 10
microcode	: 0x107
cpu MHz		: 1795.531
cache size	: 512 KB
physical id	: 0
siblings	: 4
core id		: 1
cpu cores	: 2
apicid		: 2
initial apicid	: 2
fdiv_bug	: no
hlt_bug		: no
f00f_bug	: no
coma_bug	: no
fpu		: yes
fpu_exception	: yes
cpuid level	: 10
wp		: yes
flags		: fpu vme de pse tsc msr pae mce cx8 apic sep mtrr pge mca cmov pat pse36 clflush dts acpi mmx fxsr sse sse2 ss ht tm pbe nx lm constant_tsc arch_perfmon pebs bts aperfmperf pni dtes64 monitor ds_cpl tm2 ssse3 cx16 xtpr pdcm movbe lahf_lm dtherm
bogomips	: 3591.06
clflush size	: 64
cache_alignment	: 64
address sizes	: 36 bits physical, 48 bits virtual
power management:

processor	: 2
vendor_id	: GenuineIntel
cpu family	: 6
model		: 28
model name	: Intel(R) Atom(TM) CPU D525   @ 1.80GHz
stepping	: 10
microcode	: 0x107
cpu MHz		: 1795.531
cache size	: 512 KB
physical id	: 0
siblings	: 4
core id		: 0
cpu cores	: 2
apicid		: 1
initial apicid	: 1
fdiv_bug	: no
hlt_bug		: no
f00f_bug	: no
coma_bug	: no
fpu		: yes
fpu_exception	: yes
cpuid level	: 10
wp		: yes
flags		: fpu vme de pse tsc msr pae mce cx8 apic sep mtrr pge mca cmov pat pse36 clflush dts acpi mmx fxsr sse sse2 ss ht tm pbe nx lm constant_tsc arch_perfmon pebs bts aperfmperf pni dtes64 monitor ds_cpl tm2 ssse3 cx16 xtpr pdcm movbe lahf_lm dtherm
bogomips	: 3591.06
clflush size	: 64
cache_alignment	: 64
address sizes	: 36 bits physical, 48 bits virtual
power management:

processor	: 3
vendor_id	: GenuineIntel
cpu family	: 6
model		: 28
model name	: Intel(R) Atom(TM) CPU D525   @ 1.80GHz
stepping	: 10
microcode	: 0x107
cpu MHz		: 1795.531
cache size	: 512 KB
physical id	: 0
siblings	: 4
core id		: 1
cpu cores	: 2
apicid		: 3
initial apicid	: 3
fdiv_bug	: no
hlt_bug		: no
f00f_bug	: no
coma_bug	: no
fpu		: yes
fpu_exception	: yes
cpuid level	: 10
wp		: yes
flags		: fpu vme de pse tsc msr pae mce cx8 apic sep mtrr pge mca cmov pat pse36 clflush dts acpi mmx fxsr sse sse2 ss ht tm pbe nx lm constant_tsc arch_perfmon pebs bts aperfmperf pni dtes64 monitor ds_cpl tm2 ssse3 cx16 xtpr pdcm movbe lahf_lm dtherm
bogomips	: 3591.06
clflush size	: 64
cache_alignment	: 64
address sizes	: 36 bits physical, 48 bits virtual
power management:



Memory: 4k page, physical 2054688k(570556k free), swap 3905532k(3905532k free)

vm_info: OpenJDK Server VM (23.7-b01) for linux-x86 JRE (1.7.0_25-b30), built on Jul  3 2013 13:57:54 by "buildd" with gcc 4.7.2

time: Sat Jul 20 17:37:28 2013
elapsed time: 50 seconds

