#
# A fatal error has been detected by the Java Runtime Environment:
#
#  Internal Error (signature.cpp:53), pid=4793, tid=3060636480
#  fatal error: expecting (
#
# JRE version: 7.0_25-b30
# Java VM: OpenJDK Server VM (23.7-b01 mixed mode linux-x86 )
# Failed to write core dump. Core dumps have been disabled. To enable core dumping, try "ulimit -c unlimited" before starting Java again
#
# If you would like to submit a bug report, please include
# instructions on how to reproduce the bug and visit:
#   https://bugs.launchpad.net/ubuntu/+source/openjdk-7/
#

---------------  T H R E A D  ---------------

Current thread (0xb6506800):  JavaThread "main" [_thread_in_vm, id=4799, stack(0xb6689000,0xb66da000)]

Stack: [0xb6689000,0xb66da000]
[error occurred during error reporting (printing stack bounds), id 0xb]


[error occurred during error reporting (printing native stack), id 0xb]

Java frames: (J=compiled Java code, j=interpreted, Vv=VM code)
j  java.io.File.exists()Z+20
j  java.lang.ClassLoader$3.run()Ljava/lang/Object;+4
v  ~StubRoutines::call_stub
j  java.security.AccessController.doPrivileged(Ljava/security/PrivilegedAction;)Ljava/lang/Object;+0
j  java.lang.ClassLoader.loadLibrary1(Ljava/lang/Class;Ljava/io/File;)Z+8
j  java.lang.ClassLoader.loadLibrary0(Ljava/lang/Class;Ljava/io/File;)Z+2
j  java.lang.ClassLoader.loadLibrary(Ljava/lang/Class;Ljava/lang/String;Z)V+217
j  java.lang.Runtime.loadLibrary0(Ljava/lang/Class;Ljava/lang/String;)V+54
j  java.lang.System.loadLibrary(Ljava/lang/String;)V+7
j  java.lang.System.initializeSystemClass()V+127
v  ~StubRoutines::call_stub

---------------  P R O C E S S  ---------------

Java Threads: ( => current thread )
  0x2c2b8c00 JavaThread "Finalizer" daemon [_thread_blocked, id=4806, stack(0x31a2c000,0x31a7d000)]
  0x2c2b7000 JavaThread "Reference Handler" daemon [_thread_blocked, id=4805, stack(0x2c12e000,0x2c17f000)]
=>0xb6506800 JavaThread "main" [_thread_in_vm, id=4799, stack(0xb6689000,0xb66da000)]

Other Threads:
  0x2c2b0800 VMThread [stack: 0x2c17f000,0x2c200000] [id=4804]

VM state:not at safepoint (normal execution)

VM Mutex/Monitor currently owned by a thread: None

Heap
 PSYoungGen      total 458752K, used 7864K [0x8a200000, 0xaa200000, 0xaa200000)
  eden space 393216K, 2% used [0x8a200000,0x8a9ae1b8,0xa2200000)
  from space 65536K, 0% used [0xa6200000,0xa6200000,0xaa200000)
  to   space 65536K, 0% used [0xa2200000,0xa2200000,0xa6200000)
 ParOldGen       total 1048576K, used 0K [0x4a200000, 0x8a200000, 0x8a200000)
  object space 1048576K, 0% used [0x4a200000,0x4a200000,0x8a200000)
 PSPermGen       total 16384K, used 1223K [0x32200000, 0x33200000, 0x4a200000)
  object space 16384K, 7% used [0x32200000,0x32331ed0,0x33200000)

Card table byte_map: [0x31e3f000,0x32200000] byte_map_base: 0x31cae000

Polling page: 0xb775c000

Code Cache  [0xaa500000, 0xaa740000, 0xb6500000)
 total_blobs=83 nmethods=0 adapters=59 free_code_cache=196323Kb largest_free_block=201035520

Compilation events (0 events):
No events

GC Heap History (0 events):
No events

Deoptimization events (0 events):
No events

Internal exceptions (1 events):
Event: 0.096 Thread 0xb6506800 Threw 0x8a205fe8 at /build/buildd/openjdk-7-7u25-2.3.10/build/openjdk/hotspot/src/share/vm/prims/jni.cpp:3994

Events (10 events):
Event: 0.159 loading class 0x2c2e3188
Event: 0.159 loading class 0x2c2e3188 done
Event: 0.159 loading class 0x2c2e3468
Event: 0.159 loading class 0x2c2e3620
Event: 0.160 loading class 0x2c2e3620 done
Event: 0.160 loading class 0x2c2e3468 done
Event: 0.160 loading class 0x2c2e3898
Event: 0.160 loading class 0x2c2e3898 done
Event: 0.161 loading class 0xb655c080
Event: 0.162 loading class 0xb655c080 done


Dynamic libraries:
08048000-08049000 r-xp 00000000 08:03 1340733    /usr/lib/jvm/java-7-openjdk-i386/jre/bin/java
08049000-0804a000 r--p 00000000 08:03 1340733    /usr/lib/jvm/java-7-openjdk-i386/jre/bin/java
0804a000-0804b000 rw-p 00001000 08:03 1340733    /usr/lib/jvm/java-7-openjdk-i386/jre/bin/java
082d3000-082f4000 rw-p 00000000 00:00 0          [heap]
2bace000-2bc00000 r--p 004a5000 08:03 1316961    /usr/lib/locale/locale-archive
2bc00000-2be00000 r--p 00000000 08:03 1316961    /usr/lib/locale/locale-archive
2be00000-2be21000 rw-p 00000000 00:00 0 
2be21000-2bf00000 ---p 00000000 00:00 0 
2c000000-2c021000 rw-p 00000000 00:00 0 
2c021000-2c100000 ---p 00000000 00:00 0 
2c12e000-2c131000 ---p 00000000 00:00 0 
2c131000-2c17f000 rw-p 00000000 00:00 0          [stack:4805]
2c17f000-2c180000 ---p 00000000 00:00 0 
2c180000-2c200000 rw-p 00000000 00:00 0          [stack:4804]
2c200000-2c2ee000 rw-p 00000000 00:00 0 
2c2ee000-2c300000 ---p 00000000 00:00 0 
2c34b000-2c393000 rw-p 00000000 00:00 0 
2c393000-2c540000 r--s 01cec000 08:03 1349124    /usr/lib/jvm/java-7-openjdk-i386/jre/lib/rt.jar
2c540000-31400000 rw-p 00000000 00:00 0 
31400000-31421000 rw-p 00000000 00:00 0 
31421000-31500000 ---p 00000000 00:00 0 
3157f000-31580000 ---p 00000000 00:00 0 
31580000-31600000 rw-p 00000000 00:00 0          [stack:4803]
31600000-31621000 rw-p 00000000 00:00 0 
31621000-31700000 ---p 00000000 00:00 0 
31700000-31721000 rw-p 00000000 00:00 0 
31721000-31800000 ---p 00000000 00:00 0 
3187f000-31880000 ---p 00000000 00:00 0 
31880000-31900000 rw-p 00000000 00:00 0          [stack:4802]
31900000-31921000 rw-p 00000000 00:00 0 
31921000-31a00000 ---p 00000000 00:00 0 
31a2c000-31a2f000 ---p 00000000 00:00 0 
31a2f000-31a7d000 rw-p 00000000 00:00 0          [stack:4806]
31a7d000-31a7e000 ---p 00000000 00:00 0 
31a7e000-31afe000 rw-p 00000000 00:00 0          [stack:4801]
31afe000-31aff000 ---p 00000000 00:00 0 
31aff000-31b87000 rw-p 00000000 00:00 0          [stack:4800]
31b87000-31c3f000 rw-p 00000000 00:00 0 
31c3f000-31e47000 rw-p 00000000 00:00 0 
31e47000-31eff000 rw-p 00000000 00:00 0 
31eff000-33200000 rw-p 00000000 00:00 0 
33200000-4a200000 rw-p 00000000 00:00 0 
4a200000-aa209000 rw-p 00000000 00:00 0 
aa209000-aa500000 rw-p 00000000 00:00 0 
aa500000-aa740000 rwxp 00000000 00:00 0 
aa740000-b65fc000 rw-p 00000000 00:00 0 
b65fc000-b6600000 ---p 00000000 00:00 0 
b6607000-b6612000 r-xp 00000000 08:03 276806     /lib/i386-linux-gnu/libnss_files-2.15.so
b6612000-b6613000 r--p 0000a000 08:03 276806     /lib/i386-linux-gnu/libnss_files-2.15.so
b6613000-b6614000 rw-p 0000b000 08:03 276806     /lib/i386-linux-gnu/libnss_files-2.15.so
b6614000-b661e000 r-xp 00000000 08:03 276813     /lib/i386-linux-gnu/libnss_nis-2.15.so
b661e000-b661f000 r--p 00009000 08:03 276813     /lib/i386-linux-gnu/libnss_nis-2.15.so
b661f000-b6620000 rw-p 0000a000 08:03 276813     /lib/i386-linux-gnu/libnss_nis-2.15.so
b6620000-b6636000 r-xp 00000000 08:03 274885     /lib/i386-linux-gnu/libnsl-2.15.so
b6636000-b6637000 r--p 00015000 08:03 274885     /lib/i386-linux-gnu/libnsl-2.15.so
b6637000-b6638000 rw-p 00016000 08:03 274885     /lib/i386-linux-gnu/libnsl-2.15.so
b6638000-b663a000 rw-p 00000000 00:00 0 
b663a000-b6641000 r-xp 00000000 08:03 276809     /lib/i386-linux-gnu/libnss_compat-2.15.so
b6641000-b6642000 r--p 00006000 08:03 276809     /lib/i386-linux-gnu/libnss_compat-2.15.so
b6642000-b6643000 rw-p 00007000 08:03 276809     /lib/i386-linux-gnu/libnss_compat-2.15.so
b6645000-b664d000 r-xp 00000000 08:03 1340757    /usr/lib/jvm/java-7-openjdk-i386/jre/lib/i386/libzip.so
b664d000-b664e000 r--p 00007000 08:03 1340757    /usr/lib/jvm/java-7-openjdk-i386/jre/lib/i386/libzip.so
b664e000-b664f000 rw-p 00008000 08:03 1340757    /usr/lib/jvm/java-7-openjdk-i386/jre/lib/i386/libzip.so
b664f000-b6657000 rw-s 00000000 08:03 1177916    /tmp/hsperfdata_allen/4793
b6657000-b667e000 r-xp 00000000 08:03 1340743    /usr/lib/jvm/java-7-openjdk-i386/jre/lib/i386/libjava.so
b667e000-b667f000 r--p 00026000 08:03 1340743    /usr/lib/jvm/java-7-openjdk-i386/jre/lib/i386/libjava.so
b667f000-b6680000 rw-p 00027000 08:03 1340743    /usr/lib/jvm/java-7-openjdk-i386/jre/lib/i386/libjava.so
b6680000-b6687000 r-xp 00000000 08:03 276812     /lib/i386-linux-gnu/librt-2.15.so
b6687000-b6688000 r--p 00006000 08:03 276812     /lib/i386-linux-gnu/librt-2.15.so
b6688000-b6689000 rw-p 00007000 08:03 276812     /lib/i386-linux-gnu/librt-2.15.so
b6689000-b668c000 ---p 00000000 00:00 0 
b668c000-b66da000 rw-p 00000000 00:00 0          [stack:4799]
b66da000-b66f6000 r-xp 00000000 08:03 262351     /lib/i386-linux-gnu/libgcc_s.so.1
b66f6000-b66f7000 r--p 0001b000 08:03 262351     /lib/i386-linux-gnu/libgcc_s.so.1
b66f7000-b66f8000 rw-p 0001c000 08:03 262351     /lib/i386-linux-gnu/libgcc_s.so.1
b66f8000-b6722000 r-xp 00000000 08:03 276808     /lib/i386-linux-gnu/libm-2.15.so
b6722000-b6723000 r--p 00029000 08:03 276808     /lib/i386-linux-gnu/libm-2.15.so
b6723000-b6724000 rw-p 0002a000 08:03 276808     /lib/i386-linux-gnu/libm-2.15.so
b6724000-b6800000 r-xp 00000000 08:03 1313565    /usr/lib/i386-linux-gnu/libstdc++.so.6.0.17
b6800000-b6801000 ---p 000dc000 08:03 1313565    /usr/lib/i386-linux-gnu/libstdc++.so.6.0.17
b6801000-b6805000 r--p 000dc000 08:03 1313565    /usr/lib/i386-linux-gnu/libstdc++.so.6.0.17
b6805000-b6806000 rw-p 000e0000 08:03 1313565    /usr/lib/i386-linux-gnu/libstdc++.so.6.0.17
b6806000-b680d000 rw-p 00000000 00:00 0 
b680d000-b70fc000 r-xp 00000000 08:03 1349108    /usr/lib/jvm/java-7-openjdk-i386/jre/lib/i386/server/libjvm.so
b70fc000-b7143000 r--p 008ee000 08:03 1349108    /usr/lib/jvm/java-7-openjdk-i386/jre/lib/i386/server/libjvm.so
b7143000-b7157000 rw-p 00935000 08:03 1349108    /usr/lib/jvm/java-7-openjdk-i386/jre/lib/i386/server/libjvm.so
b7157000-b7575000 rw-p 00000000 00:00 0 
b7575000-b758c000 r-xp 00000000 08:03 262460     /lib/i386-linux-gnu/libz.so.1.2.7
b758c000-b758d000 r--p 00016000 08:03 262460     /lib/i386-linux-gnu/libz.so.1.2.7
b758d000-b758e000 rw-p 00017000 08:03 262460     /lib/i386-linux-gnu/libz.so.1.2.7
b758e000-b75a5000 r-xp 00000000 08:03 276807     /lib/i386-linux-gnu/libpthread-2.15.so
b75a5000-b75a6000 r--p 00016000 08:03 276807     /lib/i386-linux-gnu/libpthread-2.15.so
b75a6000-b75a7000 rw-p 00017000 08:03 276807     /lib/i386-linux-gnu/libpthread-2.15.so
b75a7000-b75a9000 rw-p 00000000 00:00 0 
b75a9000-b75ac000 r-xp 00000000 08:03 275465     /lib/i386-linux-gnu/libdl-2.15.so
b75ac000-b75ad000 r--p 00002000 08:03 275465     /lib/i386-linux-gnu/libdl-2.15.so
b75ad000-b75ae000 rw-p 00003000 08:03 275465     /lib/i386-linux-gnu/libdl-2.15.so
b75ae000-b7751000 r-xp 00000000 08:03 274889     /lib/i386-linux-gnu/libc-2.15.so
b7751000-b7752000 ---p 001a3000 08:03 274889     /lib/i386-linux-gnu/libc-2.15.so
b7752000-b7754000 r--p 001a3000 08:03 274889     /lib/i386-linux-gnu/libc-2.15.so
b7754000-b7755000 rw-p 001a5000 08:03 274889     /lib/i386-linux-gnu/libc-2.15.so
b7755000-b7759000 rw-p 00000000 00:00 0 
b775b000-b775c000 rw-p 00000000 00:00 0 
b775c000-b775d000 r--p 00000000 00:00 0 
b775d000-b776a000 r-xp 00000000 08:03 1340756    /usr/lib/jvm/java-7-openjdk-i386/jre/lib/i386/libverify.so
b776a000-b776b000 ---p 0000d000 08:03 1340756    /usr/lib/jvm/java-7-openjdk-i386/jre/lib/i386/libverify.so
b776b000-b776c000 r--p 0000d000 08:03 1340756    /usr/lib/jvm/java-7-openjdk-i386/jre/lib/i386/libverify.so
b776c000-b776d000 rw-p 0000e000 08:03 1340756    /usr/lib/jvm/java-7-openjdk-i386/jre/lib/i386/libverify.so
b776d000-b777a000 r-xp 00000000 08:03 1340745    /usr/lib/jvm/java-7-openjdk-i386/jre/lib/i386/jli/libjli.so
b777a000-b777b000 r--p 0000c000 08:03 1340745    /usr/lib/jvm/java-7-openjdk-i386/jre/lib/i386/jli/libjli.so
b777b000-b777c000 rw-p 0000d000 08:03 1340745    /usr/lib/jvm/java-7-openjdk-i386/jre/lib/i386/jli/libjli.so
b777c000-b777e000 rw-p 00000000 00:00 0 
b777e000-b777f000 r-xp 00000000 00:00 0          [vdso]
b777f000-b779f000 r-xp 00000000 08:03 276811     /lib/i386-linux-gnu/ld-2.15.so
b779f000-b77a0000 r--p 0001f000 08:03 276811     /lib/i386-linux-gnu/ld-2.15.so
b77a0000-b77a1000 rw-p 00020000 08:03 276811     /lib/i386-linux-gnu/ld-2.15.so
bfc54000-bfc75000 rw-p 00000000 00:00 0          [stack]

VM Arguments:
jvm_args: -Xms1536m -Xmx1536m -XX:MaxPermSize=384m -XX:ReservedCodeCacheSize=192m 
java_command: /usr/lib/sbt/sbt-launch.jar
Launcher Type: SUN_STANDARD

Environment Variables:
JAVA_HOME=/opt/java
JRE_HOME=/opt/java/jre
CLASSPATH=.:/opt/java/lib:/opt/java/jre/lib:/opt/scala/lib
PATH=/usr/local/heroku/bin:/home/allen/bin:/usr/lib/lightdm/lightdm:/usr/local/sbin:/usr/local/bin:/usr/sbin:/usr/bin:/sbin:/bin:/usr/games:/usr/local/games:/opt/java/bin:/opt/scala/bin:.
SHELL=/bin/bash
DISPLAY=:0

Signal Handlers:
SIGSEGV: [libjvm.so+0x7564a0], sa_mask[0]=0x7ffbfeff, sa_flags=0x10000004
SIGBUS: [libjvm.so+0x7564a0], sa_mask[0]=0x7ffbfeff, sa_flags=0x10000004
SIGFPE: [libjvm.so+0x5f2c10], sa_mask[0]=0x7ffbfeff, sa_flags=0x10000004
SIGPIPE: [libjvm.so+0x5f2c10], sa_mask[0]=0x7ffbfeff, sa_flags=0x10000004
SIGXFSZ: [libjvm.so+0x5f2c10], sa_mask[0]=0x7ffbfeff, sa_flags=0x10000004
SIGILL: [libjvm.so+0x5f2c10], sa_mask[0]=0x7ffbfeff, sa_flags=0x10000004
SIGUSR1: SIG_DFL, sa_mask[0]=0x00000000, sa_flags=0x00000000
SIGUSR2: [libjvm.so+0x5f2ac0], sa_mask[0]=0x00000000, sa_flags=0x10000004
SIGHUP: SIG_DFL, sa_mask[0]=0x00000000, sa_flags=0x00000000
SIGINT: SIG_DFL, sa_mask[0]=0x00000000, sa_flags=0x00000000
SIGTERM: SIG_DFL, sa_mask[0]=0x00000000, sa_flags=0x00000000
SIGQUIT: SIG_DFL, sa_mask[0]=0x00000000, sa_flags=0x00000000


---------------  S Y S T E M  ---------------

OS:Ubuntu 12.10 (quantal)
uname:Linux 3.5.0-36-generic #57-Ubuntu SMP Wed Jun 19 15:11:05 UTC 2013 i686
libc:glibc 2.15 NPTL 2.15 
rlimit: STACK 8192k, CORE 0k, NPROC 15930, NOFILE 4096, AS infinity
load average:0.34 0.16 0.65

/proc/meminfo:
MemTotal:        2054688 kB
MemFree:          966476 kB
Buffers:           33544 kB
Cached:           541664 kB
SwapCached:         5540 kB
Active:           354068 kB
Inactive:         624748 kB
Active(anon):     141676 kB
Inactive(anon):   399772 kB
Active(file):     212392 kB
Inactive(file):   224976 kB
Unevictable:       31108 kB
Mlocked:           31108 kB
HighTotal:       1173064 kB
HighFree:         473704 kB
LowTotal:         881624 kB
LowFree:          492772 kB
SwapTotal:       3905532 kB
SwapFree:        3809968 kB
Dirty:                64 kB
Writeback:             0 kB
AnonPages:        429576 kB
Mapped:            98408 kB
Shmem:            132048 kB
Slab:              39468 kB
SReclaimable:      21580 kB
SUnreclaim:        17888 kB
KernelStack:        4120 kB
PageTables:        11116 kB
NFS_Unstable:          0 kB
Bounce:                0 kB
WritebackTmp:          0 kB
CommitLimit:     4932876 kB
Committed_AS:    5508688 kB
VmallocTotal:     122880 kB
VmallocUsed:       11368 kB
VmallocChunk:     105052 kB
HardwareCorrupted:     0 kB
AnonHugePages:         0 kB
HugePages_Total:       0
HugePages_Free:        0
HugePages_Rsvd:        0
HugePages_Surp:        0
Hugepagesize:       2048 kB
DirectMap4k:       10232 kB
DirectMap2M:      903168 kB


CPU:total 4 (2 cores per cpu, 2 threads per core) family 6 model 28 stepping 10, cmov, cx8, fxsr, mmx, sse, sse2, sse3, ssse3, ht, tsc

/proc/cpuinfo:
processor	: 0
vendor_id	: GenuineIntel
cpu family	: 6
model		: 28
model name	: Intel(R) Atom(TM) CPU D525   @ 1.80GHz
stepping	: 10
microcode	: 0x107
cpu MHz		: 1795.324
cache size	: 512 KB
physical id	: 0
siblings	: 4
core id		: 0
cpu cores	: 2
apicid		: 0
initial apicid	: 0
fdiv_bug	: no
hlt_bug		: no
f00f_bug	: no
coma_bug	: no
fpu		: yes
fpu_exception	: yes
cpuid level	: 10
wp		: yes
flags		: fpu vme de pse tsc msr pae mce cx8 apic sep mtrr pge mca cmov pat pse36 clflush dts acpi mmx fxsr sse sse2 ss ht tm pbe nx lm constant_tsc arch_perfmon pebs bts aperfmperf pni dtes64 monitor ds_cpl tm2 ssse3 cx16 xtpr pdcm movbe lahf_lm dtherm
bogomips	: 3590.64
clflush size	: 64
cache_alignment	: 64
address sizes	: 36 bits physical, 48 bits virtual
power management:

processor	: 1
vendor_id	: GenuineIntel
cpu family	: 6
model		: 28
model name	: Intel(R) Atom(TM) CPU D525   @ 1.80GHz
stepping	: 10
microcode	: 0x107
cpu MHz		: 1795.324
cache size	: 512 KB
physical id	: 0
siblings	: 4
core id		: 1
cpu cores	: 2
apicid		: 2
initial apicid	: 2
fdiv_bug	: no
hlt_bug		: no
f00f_bug	: no
coma_bug	: no
fpu		: yes
fpu_exception	: yes
cpuid level	: 10
wp		: yes
flags		: fpu vme de pse tsc msr pae mce cx8 apic sep mtrr pge mca cmov pat pse36 clflush dts acpi mmx fxsr sse sse2 ss ht tm pbe nx lm constant_tsc arch_perfmon pebs bts aperfmperf pni dtes64 monitor ds_cpl tm2 ssse3 cx16 xtpr pdcm movbe lahf_lm dtherm
bogomips	: 3590.64
clflush size	: 64
cache_alignment	: 64
address sizes	: 36 bits physical, 48 bits virtual
power management:

processor	: 2
vendor_id	: GenuineIntel
cpu family	: 6
model		: 28
model name	: Intel(R) Atom(TM) CPU D525   @ 1.80GHz
stepping	: 10
microcode	: 0x107
cpu MHz		: 1795.324
cache size	: 512 KB
physical id	: 0
siblings	: 4
core id		: 0
cpu cores	: 2
apicid		: 1
initial apicid	: 1
fdiv_bug	: no
hlt_bug		: no
f00f_bug	: no
coma_bug	: no
fpu		: yes
fpu_exception	: yes
cpuid level	: 10
wp		: yes
flags		: fpu vme de pse tsc msr pae mce cx8 apic sep mtrr pge mca cmov pat pse36 clflush dts acpi mmx fxsr sse sse2 ss ht tm pbe nx lm constant_tsc arch_perfmon pebs bts aperfmperf pni dtes64 monitor ds_cpl tm2 ssse3 cx16 xtpr pdcm movbe lahf_lm dtherm
bogomips	: 3590.64
clflush size	: 64
cache_alignment	: 64
address sizes	: 36 bits physical, 48 bits virtual
power management:

processor	: 3
vendor_id	: GenuineIntel
cpu family	: 6
model		: 28
model name	: Intel(R) Atom(TM) CPU D525   @ 1.80GHz
stepping	: 10
microcode	: 0x107
cpu MHz		: 1795.324
cache size	: 512 KB
physical id	: 0
siblings	: 4
core id		: 1
cpu cores	: 2
apicid		: 3
initial apicid	: 3
fdiv_bug	: no
hlt_bug		: no
f00f_bug	: no
coma_bug	: no
fpu		: yes
fpu_exception	: yes
cpuid level	: 10
wp		: yes
flags		: fpu vme de pse tsc msr pae mce cx8 apic sep mtrr pge mca cmov pat pse36 clflush dts acpi mmx fxsr sse sse2 ss ht tm pbe nx lm constant_tsc arch_perfmon pebs bts aperfmperf pni dtes64 monitor ds_cpl tm2 ssse3 cx16 xtpr pdcm movbe lahf_lm dtherm
bogomips	: 3590.64
clflush size	: 64
cache_alignment	: 64
address sizes	: 36 bits physical, 48 bits virtual
power management:



Memory: 4k page, physical 2054688k(966476k free), swap 3905532k(3809968k free)

vm_info: OpenJDK Server VM (23.7-b01) for linux-x86 JRE (1.7.0_25-b30), built on Jul  3 2013 13:57:54 by "buildd" with gcc 4.7.2

time: Sat Jul 20 17:05:10 2013
elapsed time: 0 seconds

