#
# A fatal error has been detected by the Java Runtime Environment:
#
#  SIGSEGV (0xb) at pc=0xb6ee3feb, pid=4762, tid=3060890432
#
# JRE version: 7.0_25-b30
# Java VM: OpenJDK Server VM (23.7-b01 mixed mode linux-x86 )
# Problematic frame:
# V  [libjvm.so+0x698feb]  SignatureIterator::iterate_parameters()+0x3b
#
# Failed to write core dump. Core dumps have been disabled. To enable core dumping, try "ulimit -c unlimited" before starting Java again
#
# If you would like to submit a bug report, please include
# instructions on how to reproduce the bug and visit:
#   https://bugs.launchpad.net/ubuntu/+source/openjdk-7/
#

---------------  T H R E A D  ---------------

Current thread (0xb6506800):  JavaThread "main" [_thread_in_vm, id=4763, stack(0xb6617000,0xb6718000)]

siginfo:si_signo=SIGSEGV: si_errno=0, si_code=1 (SEGV_MAPERR), si_addr=0x0c630116

Registers:
EAX=0x00000000, EBX=0xb7181000, ECX=0xb7181000, EDX=0x0c63010c
ESP=0xb671659c, EBP=0xb6506800, ESI=0xb67166e0, EDI=0x0c63010c
EIP=0xb6ee3feb, EFLAGS=0x00210246, CR2=0x0c630116

Top of Stack: (sp=0xb671659c)
0xb671659c:   b671659c 3b547208 b67165c8 3b54b298
0xb67165ac:   3ba392fc 3b547230 00000000 b67165c4
0xb67165bc:   b67165ec b3493487 00000000 94fc52c0
0xb67165cc:   b67165cc 3b5461c0 b6716600 3b54b7b8
0xb67165dc:   3ba3a4dc 3b546208 00000000 b67165fc
0xb67165ec:   b6716624 b34936fb 00000001 00000000
0xb67165fc:   00000001 00000000 b6716604 3b548d32
0xb671660c:   b6716634 3b54b298 3ba393c4 3b548d88 

Instructions: (pc=0xb6ee3feb)
0xb6ee3fcb:   65 a1 14 00 00 00 89 84 24 1c 01 00 00 31 c0 8b
0xb6ee3fdb:   56 04 c7 46 08 00 00 00 00 c7 46 0c 00 00 00 00
0xb6ee3feb:   80 7a 0a 28 0f 84 93 00 00 00 8d 83 88 d6 e7 ff
0xb6ee3ffb:   8d 7c 24 1c 89 44 24 04 c7 44 24 08 28 00 00 00 

Register to memory mapping:

EAX=0x00000000 is an unknown value
EBX=0xb7181000: <offset 0x936000> in /usr/lib/jvm/java-7-openjdk-i386/jre/lib/i386/server/libjvm.so at 0xb684b000
ECX=0xb7181000: <offset 0x936000> in /usr/lib/jvm/java-7-openjdk-i386/jre/lib/i386/server/libjvm.so at 0xb684b000
EDX=0x0c63010c is an unknown value
ESP=0xb671659c is pointing into the stack for thread: 0xb6506800
EBP=0xb6506800 is a thread
ESI=0xb67166e0 is pointing into the stack for thread: 0xb6506800
EDI=0x0c63010c is an unknown value


Stack: [0xb6617000,0xb6718000],  sp=0xb671659c,  free space=1021k
Native frames: (J=compiled Java code, j=interpreted, Vv=VM code, C=native code)
V  [libjvm.so+0x698feb]  SignatureIterator::iterate_parameters()+0x3b

Java frames: (J=compiled Java code, j=interpreted, Vv=VM code)

[error occurred during error reporting (printing Java stack), id 0xb]


---------------  P R O C E S S  ---------------

Java Threads: ( => current thread )
  0x340c8c00 JavaThread "process reaper" daemon [_thread_blocked, id=4778, stack(0x3a70b000,0x3a71c000)]
  0x34903000 JavaThread "Service Thread" daemon [_thread_blocked, id=4774, stack(0x346fe000,0x347ff000)]
  0x34901400 JavaThread "C2 CompilerThread1" daemon [_thread_blocked, id=4773, stack(0x34a4c000,0x34acd000)]
  0x354ff400 JavaThread "C2 CompilerThread0" daemon [_thread_blocked, id=4772, stack(0x3507e000,0x350ff000)]
  0x354fd800 JavaThread "Signal Dispatcher" daemon [_thread_blocked, id=4771, stack(0x347ff000,0x34900000)]
  0x354b9000 JavaThread "Finalizer" daemon [_thread_blocked, id=4770, stack(0x34dff000,0x34f00000)]
  0x354b7400 JavaThread "Reference Handler" daemon [_thread_blocked, id=4769, stack(0x350ff000,0x35200000)]
=>0xb6506800 JavaThread "main" [_thread_in_vm, id=4763, stack(0xb6617000,0xb6718000)]

Other Threads:
  0x354b0c00 VMThread [stack: 0x3537f000,0x35400000] [id=4768]
  0x34905000 WatcherThread [stack: 0x3467d000,0x346fe000] [id=4775]

VM state:not at safepoint (normal execution)

VM Mutex/Monitor currently owned by a thread: None

Heap
 PSYoungGen      total 152896K, used 28994K [0x933d0000, 0x9de70000, 0xb33d0000)
  eden space 131072K, 22% used [0x933d0000,0x95020b48,0x9b3d0000)
  from space 21824K, 0% used [0x9c920000,0x9c920000,0x9de70000)
  to   space 21824K, 0% used [0x9b3d0000,0x9b3d0000,0x9c920000)
 ParOldGen       total 349568K, used 0K [0x533d0000, 0x68930000, 0x933d0000)
  object space 349568K, 0% used [0x533d0000,0x533d0000,0x68930000)
 PSPermGen       total 16384K, used 8385K [0x3b3d0000, 0x3c3d0000, 0x533d0000)
  object space 16384K, 51% used [0x3b3d0000,0x3bc005a8,0x3c3d0000)

Card table byte_map: [0x3b00f000,0x3b3d0000] byte_map_base: 0x3ae35180

Polling page: 0xb779a000

Code Cache  [0xb3490000, 0xb36d0000, 0xb6490000)
 total_blobs=184 nmethods=41 adapters=96 free_code_cache=48754Kb largest_free_block=49904512

Compilation events (10 events):
Event: 2.833 Thread 0x354ff400 nmethod 35 0xb34ed0c8 code [0xb34ed2a0, 0xb34eda54]
Event: 2.833 Thread 0x354ff400   37   !         java.util.zip.ZipFile::getEntry (86 bytes)
Event: 2.847 Thread 0x34901400 nmethod 36 0xb34ebf08 code [0xb34ec0e0, 0xb34ec894]
Event: 2.847 Thread 0x34901400   38   !         sun.misc.URLClassPath$JarLoader::ensureOpen (32 bytes)
Event: 2.852 Thread 0x34901400 nmethod 38 0xb34ee748 code [0xb34ee860, 0xb34ee95c]
Event: 2.852 Thread 0x34901400   39             java.lang.String::<init> (67 bytes)
Event: 2.857 Thread 0x354ff400 nmethod 37 0xb34eb048 code [0xb34eb220, 0xb34eb874]
Event: 2.857 Thread 0x354ff400   41   !         sun.misc.URLClassPath$JarLoader::getResource (91 bytes)
Event: 2.860 Thread 0x34901400 nmethod 39 0xb34e9288 code [0xb34e93a0, 0xb34e9610]
Event: 2.879 Thread 0x354ff400 nmethod 41 0xb34ef8c8 code [0xb34efa40, 0xb34efe0c]

GC Heap History (0 events):
No events

Deoptimization events (1 events):
Event: 3.071 Thread 0xb6506800 Uncommon trap -83 fr.pc 0xb34efc6c

Internal exceptions (10 events):
Event: 3.072 Thread 0xb6506800 Threw 0x94fb3260 at /build/buildd/openjdk-7-7u25-2.3.10/build/openjdk/hotspot/src/share/vm/prims/jvm.cpp:1235
Event: 3.072 Thread 0xb6506800 Threw 0x94fb3470 at /build/buildd/openjdk-7-7u25-2.3.10/build/openjdk/hotspot/src/share/vm/prims/jvm.cpp:1235
Event: 3.073 Thread 0xb6506800 Threw 0x94fb5310 at /build/buildd/openjdk-7-7u25-2.3.10/build/openjdk/hotspot/src/share/vm/prims/jvm.cpp:1235
Event: 3.073 Thread 0xb6506800 Threw 0x94fb5520 at /build/buildd/openjdk-7-7u25-2.3.10/build/openjdk/hotspot/src/share/vm/prims/jvm.cpp:1235
Event: 3.073 Thread 0xb6506800 Threw 0x94fb6008 at /build/buildd/openjdk-7-7u25-2.3.10/build/openjdk/hotspot/src/share/vm/prims/jvm.cpp:1235
Event: 3.073 Thread 0xb6506800 Threw 0x94fb6218 at /build/buildd/openjdk-7-7u25-2.3.10/build/openjdk/hotspot/src/share/vm/prims/jvm.cpp:1235
Event: 3.073 Thread 0xb6506800 Threw 0x94fb7380 at /build/buildd/openjdk-7-7u25-2.3.10/build/openjdk/hotspot/src/share/vm/prims/jvm.cpp:1235
Event: 3.073 Thread 0xb6506800 Threw 0x94fb7590 at /build/buildd/openjdk-7-7u25-2.3.10/build/openjdk/hotspot/src/share/vm/prims/jvm.cpp:1235
Event: 3.074 Thread 0xb6506800 Threw 0x94fb7ff8 at /build/buildd/openjdk-7-7u25-2.3.10/build/openjdk/hotspot/src/share/vm/prims/jvm.cpp:1235
Event: 3.074 Thread 0xb6506800 Threw 0x94fb8208 at /build/buildd/openjdk-7-7u25-2.3.10/build/openjdk/hotspot/src/share/vm/prims/jvm.cpp:1235

Events (10 events):
Event: 3.098 loading class 0x33d78468
Event: 3.098 loading class 0x33d78468 done
Event: 3.099 loading class 0x33d78d18
Event: 3.100 loading class 0x33d7f6d0
Event: 3.100 loading class 0x354f2b90
Event: 3.100 loading class 0x354f2b90 done
Event: 3.100 loading class 0x33d7f6d0 done
Event: 3.100 loading class 0x33d78d18 done
Event: 3.101 loading class 0x33d7f848
Event: 3.101 loading class 0x33d7f848 done


Dynamic libraries:
08048000-08049000 r-xp 00000000 08:03 1340733    /usr/lib/jvm/java-7-openjdk-i386/jre/bin/java
08049000-0804a000 r--p 00000000 08:03 1340733    /usr/lib/jvm/java-7-openjdk-i386/jre/bin/java
0804a000-0804b000 rw-p 00001000 08:03 1340733    /usr/lib/jvm/java-7-openjdk-i386/jre/bin/java
08098000-080b9000 rw-p 00000000 00:00 0          [heap]
336b6000-33800000 rw-p 00000000 00:00 0 
33800000-33858000 rw-p 00000000 00:00 0 
33858000-33900000 ---p 00000000 00:00 0 
339f7000-33a00000 r--s 000bc000 08:03 1314681    /usr/lib/jvm/java-7-openjdk-common/jre/lib/resources.jar
33a00000-33a5d000 rw-p 00000000 00:00 0 
33a5d000-33b00000 ---p 00000000 00:00 0 
33b60000-33bfb000 rw-p 00000000 00:00 0 
33bfb000-33c00000 r--s 0004c000 08:03 1310129    /usr/lib/jvm/java-7-openjdk-common/jre/lib/jsse.jar
33c00000-33cfe000 rw-p 00000000 00:00 0 
33cfe000-33d00000 ---p 00000000 00:00 0 
33d00000-33d8a000 rw-p 00000000 00:00 0 
33d8a000-33e00000 ---p 00000000 00:00 0 
33e00000-33eff000 rw-p 00000000 00:00 0 
33eff000-33f00000 ---p 00000000 00:00 0 
33f00000-33ffc000 rw-p 00000000 00:00 0 
33ffc000-34000000 ---p 00000000 00:00 0 
34000000-34100000 rw-p 00000000 00:00 0 
3418e000-34255000 r--s 00a25000 08:03 1057739    /opt/play-2.1.2/framework/sbt/boot/scala-2.9.2/lib/scala-compiler.jar
34255000-3434f000 r-xp 00000000 08:03 272352     /lib/i386-linux-gnu/libglib-2.0.so.0.3400.1
3434f000-34350000 r--p 000f9000 08:03 272352     /lib/i386-linux-gnu/libglib-2.0.so.0.3400.1
34350000-34351000 rw-p 000fa000 08:03 272352     /lib/i386-linux-gnu/libglib-2.0.so.0.3400.1
34351000-3439f000 r-xp 00000000 08:03 1308548    /usr/lib/i386-linux-gnu/libgobject-2.0.so.0.3400.1
3439f000-343a0000 r--p 0004d000 08:03 1308548    /usr/lib/i386-linux-gnu/libgobject-2.0.so.0.3400.1
343a0000-343a1000 rw-p 0004e000 08:03 1308548    /usr/lib/i386-linux-gnu/libgobject-2.0.so.0.3400.1
343a1000-344fc000 r-xp 00000000 08:03 1308524    /usr/lib/i386-linux-gnu/libgio-2.0.so.0.3400.1
344fc000-344fe000 r--p 0015b000 08:03 1308524    /usr/lib/i386-linux-gnu/libgio-2.0.so.0.3400.1
344fe000-344ff000 rw-p 0015d000 08:03 1308524    /usr/lib/i386-linux-gnu/libgio-2.0.so.0.3400.1
344ff000-34500000 rw-p 00000000 00:00 0 
34500000-345fb000 rw-p 00000000 00:00 0 
345fb000-34600000 ---p 00000000 00:00 0 
3467d000-3467e000 ---p 00000000 00:00 0 
3467e000-346fe000 rw-p 00000000 00:00 0          [stack:4775]
346fe000-34701000 ---p 00000000 00:00 0 
34701000-347ff000 rw-p 00000000 00:00 0          [stack:4774]
347ff000-34802000 ---p 00000000 00:00 0 
34802000-34900000 rw-p 00000000 00:00 0          [stack:4771]
34900000-349fb000 rw-p 00000000 00:00 0 
349fb000-34a00000 ---p 00000000 00:00 0 
34a4c000-34a4f000 ---p 00000000 00:00 0 
34a4f000-34acd000 rw-p 00000000 00:00 0          [stack:4773]
34acd000-34bff000 r--p 004a5000 08:03 1316961    /usr/lib/locale/locale-archive
34bff000-34dff000 r--p 00000000 08:03 1316961    /usr/lib/locale/locale-archive
34dff000-34e02000 ---p 00000000 00:00 0 
34e02000-34f00000 rw-p 00000000 00:00 0          [stack:4770]
34f00000-34f21000 rw-p 00000000 00:00 0 
34f21000-35000000 ---p 00000000 00:00 0 
3507b000-3507e000 r--s 00008000 08:03 1057698    /opt/play-2.1.2/framework/sbt/boot/scala-2.9.2/org.scala-sbt/sbt/0.12.2/xsbti/interface-0.12.2.jar
3507e000-35081000 ---p 00000000 00:00 0 
35081000-350ff000 rw-p 00000000 00:00 0          [stack:4772]
350ff000-35102000 ---p 00000000 00:00 0 
35102000-35200000 rw-p 00000000 00:00 0          [stack:4769]
35200000-35300000 rw-p 00000000 00:00 0 
35301000-3537f000 r--s 007f5000 08:03 1057741    /opt/play-2.1.2/framework/sbt/boot/scala-2.9.2/lib/scala-library.jar
3537f000-35380000 ---p 00000000 00:00 0 
35380000-35400000 rw-p 00000000 00:00 0          [stack:4768]
35400000-35500000 rw-p 00000000 00:00 0 
35502000-35509000 r--s 0004f000 08:03 1057714    /opt/play-2.1.2/framework/sbt/boot/scala-2.9.2/org.scala-sbt/sbt/0.12.2/completion-0.12.2.jar
35509000-3550b000 r--s 00013000 08:03 1057704    /opt/play-2.1.2/framework/sbt/boot/scala-2.9.2/org.scala-sbt/sbt/0.12.2/testing-0.12.2.jar
3550b000-3550d000 r--s 0000a000 08:03 1057692    /opt/play-2.1.2/framework/sbt/boot/scala-2.9.2/org.scala-sbt/sbt/0.12.2/compiler-integration-0.12.2.jar
3550d000-3550f000 r--s 00002000 08:03 1057721    /opt/play-2.1.2/framework/sbt/boot/scala-2.9.2/org.scala-sbt/sbt/0.12.2/control-0.12.2.jar
3550f000-35524000 r--s 00114000 08:03 1057716    /opt/play-2.1.2/framework/sbt/boot/scala-2.9.2/org.scala-sbt/sbt/0.12.2/ivy-2.3.0-rc1.jar
35524000-35526000 r--s 00000000 08:03 1057728    /opt/play-2.1.2/framework/sbt/boot/scala-2.9.2/org.scala-sbt/sbt/0.12.2/test-interface-0.5.jar
35526000-35529000 r--s 0001e000 08:03 1057725    /opt/play-2.1.2/framework/sbt/boot/scala-2.9.2/org.scala-sbt/sbt/0.12.2/compile-0.12.2.jar
35529000-3552c000 r--s 00022000 08:03 1057730    /opt/play-2.1.2/framework/sbt/boot/scala-2.9.2/org.scala-sbt/sbt/0.12.2/sbinary_2.9.0-0.4.0.jar
3552c000-3552e000 r--s 00015000 08:03 1057705    /opt/play-2.1.2/framework/sbt/boot/scala-2.9.2/org.scala-sbt/sbt/0.12.2/jline-1.0.jar
3552e000-35531000 r--s 00011000 08:03 1057731    /opt/play-2.1.2/framework/sbt/boot/scala-2.9.2/org.scala-sbt/sbt/0.12.2/classfile-0.12.2.jar
35531000-35539000 r--s 0004d000 08:03 1057718    /opt/play-2.1.2/framework/sbt/boot/scala-2.9.2/org.scala-sbt/sbt/0.12.2/api-0.12.2.jar
35539000-3553f000 r--s 0003b000 08:03 1057706    /opt/play-2.1.2/framework/sbt/boot/scala-2.9.2/org.scala-sbt/sbt/0.12.2/io-0.12.2.jar
3553f000-35541000 r--s 00001000 08:03 1057696    /opt/play-2.1.2/framework/sbt/boot/scala-2.9.2/org.scala-sbt/sbt/0.12.2/compiler-ivy-integration-0.12.2.jar
35541000-35545000 r--s 0001c000 08:03 1057715    /opt/play-2.1.2/framework/sbt/boot/scala-2.9.2/org.scala-sbt/sbt/0.12.2/persist-0.12.2.jar
35545000-35548000 r--s 0001a000 08:03 1057712    /opt/play-2.1.2/framework/sbt/boot/scala-2.9.2/org.scala-sbt/sbt/0.12.2/process-0.12.2.jar
35548000-3554b000 r--s 0001b000 08:03 1057722    /opt/play-2.1.2/framework/sbt/boot/scala-2.9.2/org.scala-sbt/sbt/0.12.2/tasks-0.12.2.jar
3554b000-35593000 rw-p 00000000 00:00 0 
35593000-35740000 r--s 01cec000 08:03 1349124    /usr/lib/jvm/java-7-openjdk-i386/jre/lib/rt.jar
35740000-3a600000 rw-p 00000000 00:00 0 
3a600000-3a6f9000 rw-p 00000000 00:00 0 
3a6f9000-3a700000 ---p 00000000 00:00 0 
3a700000-3a702000 r--s 00013000 08:03 1057693    /opt/play-2.1.2/framework/sbt/boot/scala-2.9.2/org.scala-sbt/sbt/0.12.2/classpath-0.12.2.jar
3a702000-3a706000 r--s 00029000 08:03 1057727    /opt/play-2.1.2/framework/sbt/boot/scala-2.9.2/org.scala-sbt/sbt/0.12.2/incremental-compiler-0.12.2.jar
3a706000-3a708000 r--s 00009000 08:03 1057697    /opt/play-2.1.2/framework/sbt/boot/scala-2.9.2/org.scala-sbt/sbt/0.12.2/tracking-0.12.2.jar
3a708000-3a70b000 r--s 00019000 08:03 1057726    /opt/play-2.1.2/framework/sbt/boot/scala-2.9.2/org.scala-sbt/sbt/0.12.2/cache-0.12.2.jar
3a70b000-3a70e000 ---p 00000000 00:00 0 
3a70e000-3a71c000 rw-p 00000000 00:00 0          [stack:4778]
3a71c000-3a73f000 r--s 001cc000 08:03 1057713    /opt/play-2.1.2/framework/sbt/boot/scala-2.9.2/org.scala-sbt/sbt/0.12.2/main-0.12.2.jar
3a73f000-3a77d000 r-xp 00000000 08:03 262413     /lib/i386-linux-gnu/libpcre.so.3.13.1
3a77d000-3a77e000 r--p 0003d000 08:03 262413     /lib/i386-linux-gnu/libpcre.so.3.13.1
3a77e000-3a77f000 rw-p 0003e000 08:03 262413     /lib/i386-linux-gnu/libpcre.so.3.13.1
3a77f000-3a780000 ---p 00000000 00:00 0 
3a780000-3a800000 rw-p 00000000 00:00 0          [stack:4767]
3a800000-3a821000 rw-p 00000000 00:00 0 
3a821000-3a900000 ---p 00000000 00:00 0 
3a900000-3a921000 rw-p 00000000 00:00 0 
3a921000-3aa00000 ---p 00000000 00:00 0 
3aa01000-3aa03000 r--s 00008000 08:03 1057703    /opt/play-2.1.2/framework/sbt/boot/scala-2.9.2/org.scala-sbt/sbt/0.12.2/commons-logging-1.0.4.jar
3aa03000-3aa08000 r--s 00041000 08:03 1057701    /opt/play-2.1.2/framework/sbt/boot/scala-2.9.2/org.scala-sbt/sbt/0.12.2/actions-0.12.2.jar
3aa08000-3aa13000 r--s 00090000 08:03 1057711    /opt/play-2.1.2/framework/sbt/boot/scala-2.9.2/org.scala-sbt/sbt/0.12.2/ivy-0.12.2.jar
3aa13000-3aa14000 r--s 00002000 08:03 1057707    /opt/play-2.1.2/framework/sbt/boot/scala-2.9.2/org.scala-sbt/sbt/0.12.2/test-agent-0.12.2.jar
3aa14000-3aa17000 r--s 00014000 08:03 1057723    /opt/play-2.1.2/framework/sbt/boot/scala-2.9.2/org.scala-sbt/sbt/0.12.2/run-0.12.2.jar
3aa17000-3aa1a000 r--s 0001c000 08:03 1057720    /opt/play-2.1.2/framework/sbt/boot/scala-2.9.2/org.scala-sbt/sbt/0.12.2/task-system-0.12.2.jar
3aa1a000-3aa1d000 r--s 00017000 08:03 1057702    /opt/play-2.1.2/framework/sbt/boot/scala-2.9.2/org.scala-sbt/sbt/0.12.2/logging-0.12.2.jar
3aa1d000-3aa21000 r--s 0002e000 08:03 1057729    /opt/play-2.1.2/framework/sbt/boot/scala-2.9.2/org.scala-sbt/sbt/0.12.2/command-0.12.2.jar
3aa21000-3aa23000 r--s 00006000 08:03 1057709    /opt/play-2.1.2/framework/sbt/boot/scala-2.9.2/org.scala-sbt/sbt/0.12.2/commons-codec-1.2.jar
3aa23000-3aa25000 r--s 00001000 08:03 1057694    /opt/play-2.1.2/framework/sbt/boot/scala-2.9.2/org.scala-sbt/sbt/0.12.2/launcher-interface-0.12.2.jar
3aa25000-3aa2b000 r--s 00044000 08:03 1057695    /opt/play-2.1.2/framework/sbt/boot/scala-2.9.2/org.scala-sbt/sbt/0.12.2/collections-0.12.2.jar
3aa2b000-3aa2f000 r--s 00034000 08:03 1057708    /opt/play-2.1.2/framework/sbt/boot/scala-2.9.2/org.scala-sbt/sbt/0.12.2/jsch-0.1.46.jar
3aa2f000-3aa35000 r--s 00045000 08:03 1057699    /opt/play-2.1.2/framework/sbt/boot/scala-2.9.2/org.scala-sbt/sbt/0.12.2/commons-httpclient-3.1.jar
3aa35000-3aa48000 r-xp 00000000 08:03 276641     /lib/i386-linux-gnu/libresolv-2.15.so
3aa48000-3aa49000 r--p 00013000 08:03 276641     /lib/i386-linux-gnu/libresolv-2.15.so
3aa49000-3aa4a000 rw-p 00014000 08:03 276641     /lib/i386-linux-gnu/libresolv-2.15.so
3aa4a000-3aa4c000 rw-p 00000000 00:00 0 
3aa4c000-3aa69000 r-xp 00000000 08:03 262432     /lib/i386-linux-gnu/libselinux.so.1
3aa69000-3aa6a000 r--p 0001c000 08:03 262432     /lib/i386-linux-gnu/libselinux.so.1
3aa6a000-3aa6b000 rw-p 0001d000 08:03 262432     /lib/i386-linux-gnu/libselinux.so.1
3aa6b000-3aa6c000 rw-p 00000000 00:00 0 
3aa6c000-3aa7d000 r-xp 00000000 08:03 1340754    /usr/lib/jvm/java-7-openjdk-i386/jre/lib/i386/libnio.so
3aa7d000-3aa7e000 r--p 00010000 08:03 1340754    /usr/lib/jvm/java-7-openjdk-i386/jre/lib/i386/libnio.so
3aa7e000-3aa7f000 rw-p 00011000 08:03 1340754    /usr/lib/jvm/java-7-openjdk-i386/jre/lib/i386/libnio.so
3aa7f000-3aa80000 ---p 00000000 00:00 0 
3aa80000-3ab00000 rw-p 00000000 00:00 0          [stack:4766]
3ab00000-3ab21000 rw-p 00000000 00:00 0 
3ab21000-3ac00000 ---p 00000000 00:00 0 
3ac00000-3ac03000 r--s 00024000 08:03 1057740    /opt/play-2.1.2/framework/sbt/boot/scala-2.9.2/lib/jline.jar
3ac03000-3ac06000 r--s 00018000 08:03 1057742    /opt/play-2.1.2/framework/sbt/boot/scala-2.9.2/lib/jansi.jar
3ac06000-3ac0b000 r-xp 00000000 08:03 1313120    /usr/lib/i386-linux-gnu/libffi.so.6.0.0
3ac0b000-3ac0c000 r--p 00005000 08:03 1313120    /usr/lib/i386-linux-gnu/libffi.so.6.0.0
3ac0c000-3ac0d000 rw-p 00006000 08:03 1313120    /usr/lib/i386-linux-gnu/libffi.so.6.0.0
3ac0d000-3ac10000 r-xp 00000000 08:03 1308543    /usr/lib/i386-linux-gnu/libgmodule-2.0.so.0.3400.1
3ac10000-3ac11000 r--p 00002000 08:03 1308543    /usr/lib/i386-linux-gnu/libgmodule-2.0.so.0.3400.1
3ac11000-3ac12000 rw-p 00003000 08:03 1308543    /usr/lib/i386-linux-gnu/libgmodule-2.0.so.0.3400.1
3ac12000-3ac28000 r-xp 00000000 08:03 1340762    /usr/lib/jvm/java-7-openjdk-i386/jre/lib/i386/libnet.so
3ac28000-3ac29000 r--p 00015000 08:03 1340762    /usr/lib/jvm/java-7-openjdk-i386/jre/lib/i386/libnet.so
3ac29000-3ac2a000 rw-p 00016000 08:03 1340762    /usr/lib/jvm/java-7-openjdk-i386/jre/lib/i386/libnet.so
3ac2a000-3ac2d000 r--s 000cf000 08:03 1057605    /opt/play-2.1.2/framework/sbt/boot/other/net.java.dev.jna/jna/3.2.3/jna-3.2.3.jar
3ac2d000-3ac43000 r--s 000f8000 08:03 1054108    /opt/play-2.1.2/framework/sbt/sbt-launch.jar
3ac43000-3ac46000 r--s 00032000 08:03 1314661    /usr/lib/jvm/java-7-openjdk-common/jre/lib/ext/sunjce_provider.jar
3ac46000-3ac4a000 r--s 00085000 08:03 1314583    /usr/lib/jvm/java-7-openjdk-common/jre/lib/ext/localedata.jar
3ac4a000-3ac4d000 r--s 0003c000 08:03 1314663    /usr/lib/jvm/java-7-openjdk-common/jre/lib/ext/sunpkcs11.jar
3ac4d000-3ac4e000 ---p 00000000 00:00 0 
3ac4e000-3acce000 rw-p 00000000 00:00 0          [stack:4765]
3acce000-3accf000 ---p 00000000 00:00 0 
3accf000-3ad57000 rw-p 00000000 00:00 0          [stack:4764]
3ad57000-3ae0f000 rw-p 00000000 00:00 0 
3ae0f000-3aeba000 rw-p 00000000 00:00 0 
3aeba000-3b00f000 rw-p 00000000 00:00 0 
3b00f000-3b017000 rw-p 00000000 00:00 0 
3b017000-3b0cf000 rw-p 00000000 00:00 0 
3b0cf000-3b17a000 rw-p 00000000 00:00 0 
3b17a000-3b2cf000 rw-p 00000000 00:00 0 
3b2cf000-3b325000 rw-p 00000000 00:00 0 
3b325000-3b3cf000 rw-p 00000000 00:00 0 
3b3cf000-3c3d0000 rw-p 00000000 00:00 0 
3c3d0000-533d0000 rw-p 00000000 00:00 0 
533d0000-68930000 rw-p 00000000 00:00 0 
68930000-933d0000 rw-p 00000000 00:00 0 
933d0000-9de70000 rw-p 00000000 00:00 0 
9de70000-b33d0000 rw-p 00000000 00:00 0 
b33d0000-b33d9000 rw-p 00000000 00:00 0 
b33d9000-b3490000 rw-p 00000000 00:00 0 
b3490000-b36d0000 rwxp 00000000 00:00 0 
b36d0000-b6490000 rw-p 00000000 00:00 0 
b6490000-b649b000 r-xp 00000000 08:03 276806     /lib/i386-linux-gnu/libnss_files-2.15.so
b649b000-b649c000 r--p 0000a000 08:03 276806     /lib/i386-linux-gnu/libnss_files-2.15.so
b649c000-b649d000 rw-p 0000b000 08:03 276806     /lib/i386-linux-gnu/libnss_files-2.15.so
b649d000-b64a7000 r-xp 00000000 08:03 276813     /lib/i386-linux-gnu/libnss_nis-2.15.so
b64a7000-b64a8000 r--p 00009000 08:03 276813     /lib/i386-linux-gnu/libnss_nis-2.15.so
b64a8000-b64a9000 rw-p 0000a000 08:03 276813     /lib/i386-linux-gnu/libnss_nis-2.15.so
b64a9000-b64bf000 r-xp 00000000 08:03 274885     /lib/i386-linux-gnu/libnsl-2.15.so
b64bf000-b64c0000 r--p 00015000 08:03 274885     /lib/i386-linux-gnu/libnsl-2.15.so
b64c0000-b64c1000 rw-p 00016000 08:03 274885     /lib/i386-linux-gnu/libnsl-2.15.so
b64c1000-b64c3000 rw-p 00000000 00:00 0 
b64c3000-b64c5000 r--s 00006000 08:03 1700729    /usr/share/java/java-atk-wrapper.jar
b64c5000-b64cd000 r-xp 00000000 08:03 1340757    /usr/lib/jvm/java-7-openjdk-i386/jre/lib/i386/libzip.so
b64cd000-b64ce000 r--p 00007000 08:03 1340757    /usr/lib/jvm/java-7-openjdk-i386/jre/lib/i386/libzip.so
b64ce000-b64cf000 rw-p 00008000 08:03 1340757    /usr/lib/jvm/java-7-openjdk-i386/jre/lib/i386/libzip.so
b64cf000-b64d7000 rw-s 00000000 08:03 1177916    /tmp/hsperfdata_allen/4762
b64d7000-b64fe000 r-xp 00000000 08:03 1340743    /usr/lib/jvm/java-7-openjdk-i386/jre/lib/i386/libjava.so
b64fe000-b64ff000 r--p 00026000 08:03 1340743    /usr/lib/jvm/java-7-openjdk-i386/jre/lib/i386/libjava.so
b64ff000-b6500000 rw-p 00027000 08:03 1340743    /usr/lib/jvm/java-7-openjdk-i386/jre/lib/i386/libjava.so
b6500000-b65fc000 rw-p 00000000 00:00 0 
b65fc000-b6600000 ---p 00000000 00:00 0 
b6600000-b6601000 r--s 00004000 08:03 1057719    /opt/play-2.1.2/framework/sbt/boot/scala-2.9.2/org.scala-sbt/sbt/0.12.2/sbt-0.12.2.jar
b6601000-b6602000 r--s 00002000 08:03 1310130    /usr/lib/jvm/java-7-openjdk-common/jre/lib/ext/dnsns.jar
b6602000-b6605000 r--s 0000f000 08:03 1311855    /usr/lib/jvm/java-7-openjdk-common/jre/lib/ext/pulse-java.jar
b6605000-b660c000 r-xp 00000000 08:03 276809     /lib/i386-linux-gnu/libnss_compat-2.15.so
b660c000-b660d000 r--p 00006000 08:03 276809     /lib/i386-linux-gnu/libnss_compat-2.15.so
b660d000-b660e000 rw-p 00007000 08:03 276809     /lib/i386-linux-gnu/libnss_compat-2.15.so
b660e000-b6615000 r-xp 00000000 08:03 276812     /lib/i386-linux-gnu/librt-2.15.so
b6615000-b6616000 r--p 00006000 08:03 276812     /lib/i386-linux-gnu/librt-2.15.so
b6616000-b6617000 rw-p 00007000 08:03 276812     /lib/i386-linux-gnu/librt-2.15.so
b6617000-b661a000 ---p 00000000 00:00 0 
b661a000-b6718000 rw-p 00000000 00:00 0          [stack:4763]
b6718000-b6734000 r-xp 00000000 08:03 262351     /lib/i386-linux-gnu/libgcc_s.so.1
b6734000-b6735000 r--p 0001b000 08:03 262351     /lib/i386-linux-gnu/libgcc_s.so.1
b6735000-b6736000 rw-p 0001c000 08:03 262351     /lib/i386-linux-gnu/libgcc_s.so.1
b6736000-b6760000 r-xp 00000000 08:03 276808     /lib/i386-linux-gnu/libm-2.15.so
b6760000-b6761000 r--p 00029000 08:03 276808     /lib/i386-linux-gnu/libm-2.15.so
b6761000-b6762000 rw-p 0002a000 08:03 276808     /lib/i386-linux-gnu/libm-2.15.so
b6762000-b683e000 r-xp 00000000 08:03 1313565    /usr/lib/i386-linux-gnu/libstdc++.so.6.0.17
b683e000-b683f000 ---p 000dc000 08:03 1313565    /usr/lib/i386-linux-gnu/libstdc++.so.6.0.17
b683f000-b6843000 r--p 000dc000 08:03 1313565    /usr/lib/i386-linux-gnu/libstdc++.so.6.0.17
b6843000-b6844000 rw-p 000e0000 08:03 1313565    /usr/lib/i386-linux-gnu/libstdc++.so.6.0.17
b6844000-b684b000 rw-p 00000000 00:00 0 
b684b000-b713a000 r-xp 00000000 08:03 1349108    /usr/lib/jvm/java-7-openjdk-i386/jre/lib/i386/server/libjvm.so
b713a000-b7181000 r--p 008ee000 08:03 1349108    /usr/lib/jvm/java-7-openjdk-i386/jre/lib/i386/server/libjvm.so
b7181000-b7195000 rw-p 00935000 08:03 1349108    /usr/lib/jvm/java-7-openjdk-i386/jre/lib/i386/server/libjvm.so
b7195000-b75b3000 rw-p 00000000 00:00 0 
b75b3000-b75ca000 r-xp 00000000 08:03 262460     /lib/i386-linux-gnu/libz.so.1.2.7
b75ca000-b75cb000 r--p 00016000 08:03 262460     /lib/i386-linux-gnu/libz.so.1.2.7
b75cb000-b75cc000 rw-p 00017000 08:03 262460     /lib/i386-linux-gnu/libz.so.1.2.7
b75cc000-b75e3000 r-xp 00000000 08:03 276807     /lib/i386-linux-gnu/libpthread-2.15.so
b75e3000-b75e4000 r--p 00016000 08:03 276807     /lib/i386-linux-gnu/libpthread-2.15.so
b75e4000-b75e5000 rw-p 00017000 08:03 276807     /lib/i386-linux-gnu/libpthread-2.15.so
b75e5000-b75e7000 rw-p 00000000 00:00 0 
b75e7000-b75ea000 r-xp 00000000 08:03 275465     /lib/i386-linux-gnu/libdl-2.15.so
b75ea000-b75eb000 r--p 00002000 08:03 275465     /lib/i386-linux-gnu/libdl-2.15.so
b75eb000-b75ec000 rw-p 00003000 08:03 275465     /lib/i386-linux-gnu/libdl-2.15.so
b75ec000-b778f000 r-xp 00000000 08:03 274889     /lib/i386-linux-gnu/libc-2.15.so
b778f000-b7790000 ---p 001a3000 08:03 274889     /lib/i386-linux-gnu/libc-2.15.so
b7790000-b7792000 r--p 001a3000 08:03 274889     /lib/i386-linux-gnu/libc-2.15.so
b7792000-b7793000 rw-p 001a5000 08:03 274889     /lib/i386-linux-gnu/libc-2.15.so
b7793000-b7797000 rw-p 00000000 00:00 0 
b7797000-b7799000 r--s 00012000 08:03 1314643    /usr/lib/jvm/java-7-openjdk-common/jre/lib/ext/zipfs.jar
b7799000-b779a000 rw-p 00000000 00:00 0 
b779a000-b779b000 r--p 00000000 00:00 0 
b779b000-b77a8000 r-xp 00000000 08:03 1340756    /usr/lib/jvm/java-7-openjdk-i386/jre/lib/i386/libverify.so
b77a8000-b77a9000 ---p 0000d000 08:03 1340756    /usr/lib/jvm/java-7-openjdk-i386/jre/lib/i386/libverify.so
b77a9000-b77aa000 r--p 0000d000 08:03 1340756    /usr/lib/jvm/java-7-openjdk-i386/jre/lib/i386/libverify.so
b77aa000-b77ab000 rw-p 0000e000 08:03 1340756    /usr/lib/jvm/java-7-openjdk-i386/jre/lib/i386/libverify.so
b77ab000-b77b8000 r-xp 00000000 08:03 1340745    /usr/lib/jvm/java-7-openjdk-i386/jre/lib/i386/jli/libjli.so
b77b8000-b77b9000 r--p 0000c000 08:03 1340745    /usr/lib/jvm/java-7-openjdk-i386/jre/lib/i386/jli/libjli.so
b77b9000-b77ba000 rw-p 0000d000 08:03 1340745    /usr/lib/jvm/java-7-openjdk-i386/jre/lib/i386/jli/libjli.so
b77ba000-b77bc000 rw-p 00000000 00:00 0 
b77bc000-b77bd000 r-xp 00000000 00:00 0          [vdso]
b77bd000-b77dd000 r-xp 00000000 08:03 276811     /lib/i386-linux-gnu/ld-2.15.so
b77dd000-b77de000 r--p 0001f000 08:03 276811     /lib/i386-linux-gnu/ld-2.15.so
b77de000-b77df000 rw-p 00020000 08:03 276811     /lib/i386-linux-gnu/ld-2.15.so
bfa99000-bfaba000 rw-p 00000000 00:00 0          [stack]

VM Arguments:
jvm_args: -Xms512M -Xmx1536M -Xss1M -XX:+CMSClassUnloadingEnabled -XX:MaxPermSize=384M -Dfile.encoding=UTF-8 -Dplay.version=2.1.2 -Dsbt.ivy.home=/opt/play/framework/../repository -Dplay.home=/opt/play/framework -Dsbt.boot.properties=/opt/play/framework/sbt/sbt.boot.properties 
java_command: /opt/play/framework/sbt/sbt-launch.jar run
Launcher Type: SUN_STANDARD

Environment Variables:
JAVA_HOME=/opt/java
JRE_HOME=/opt/java/jre
CLASSPATH=.:/opt/java/lib:/opt/java/jre/lib:/opt/scala/lib
PATH=/usr/local/heroku/bin:/home/allen/bin:/usr/lib/lightdm/lightdm:/usr/local/sbin:/usr/local/bin:/usr/sbin:/usr/bin:/sbin:/bin:/usr/games:/usr/local/games:/opt/java/bin:/opt/scala/bin:.
SHELL=/bin/bash
DISPLAY=:0

Signal Handlers:
SIGSEGV: [libjvm.so+0x7564a0], sa_mask[0]=0x7ffbfeff, sa_flags=0x10000004
SIGBUS: [libjvm.so+0x7564a0], sa_mask[0]=0x7ffbfeff, sa_flags=0x10000004
SIGFPE: [libjvm.so+0x5f2c10], sa_mask[0]=0x7ffbfeff, sa_flags=0x10000004
SIGPIPE: [libjvm.so+0x5f2c10], sa_mask[0]=0x7ffbfeff, sa_flags=0x10000004
SIGXFSZ: [libjvm.so+0x5f2c10], sa_mask[0]=0x7ffbfeff, sa_flags=0x10000004
SIGILL: [libjvm.so+0x5f2c10], sa_mask[0]=0x7ffbfeff, sa_flags=0x10000004
SIGUSR1: SIG_DFL, sa_mask[0]=0x00000000, sa_flags=0x00000000
SIGUSR2: [libjvm.so+0x5f2ac0], sa_mask[0]=0x00000000, sa_flags=0x10000004
SIGHUP: [libjvm.so+0x5f3050], sa_mask[0]=0x7ffbfeff, sa_flags=0x10000004
SIGINT: [libjvm.so+0x5f3050], sa_mask[0]=0x7ffbfeff, sa_flags=0x10000004
SIGTERM: [libjvm.so+0x5f3050], sa_mask[0]=0x7ffbfeff, sa_flags=0x10000004
SIGQUIT: [libjvm.so+0x5f3050], sa_mask[0]=0x7ffbfeff, sa_flags=0x10000004


---------------  S Y S T E M  ---------------

OS:Ubuntu 12.10 (quantal)
uname:Linux 3.5.0-36-generic #57-Ubuntu SMP Wed Jun 19 15:11:05 UTC 2013 i686
libc:glibc 2.15 NPTL 2.15 
rlimit: STACK 8192k, CORE 0k, NPROC 15930, NOFILE 4096, AS infinity
load average:0.35 0.16 0.66

/proc/meminfo:
MemTotal:        2054688 kB
MemFree:          929372 kB
Buffers:           33516 kB
Cached:           538480 kB
SwapCached:         5540 kB
Active:           394940 kB
Inactive:         621588 kB
Active(anon):     182544 kB
Inactive(anon):   396632 kB
Active(file):     212396 kB
Inactive(file):   224956 kB
Unevictable:       31108 kB
Mlocked:           31108 kB
HighTotal:       1173064 kB
HighFree:         436752 kB
LowTotal:         881624 kB
LowFree:          492620 kB
SwapTotal:       3905532 kB
SwapFree:        3809968 kB
Dirty:               116 kB
Writeback:             0 kB
AnonPages:        470240 kB
Mapped:           104456 kB
Shmem:            128852 kB
Slab:              39484 kB
SReclaimable:      21580 kB
SUnreclaim:        17904 kB
KernelStack:        4272 kB
PageTables:        11392 kB
NFS_Unstable:          0 kB
Bounce:                0 kB
WritebackTmp:          0 kB
CommitLimit:     4932876 kB
Committed_AS:    4463600 kB
VmallocTotal:     122880 kB
VmallocUsed:       11368 kB
VmallocChunk:     105052 kB
HardwareCorrupted:     0 kB
AnonHugePages:         0 kB
HugePages_Total:       0
HugePages_Free:        0
HugePages_Rsvd:        0
HugePages_Surp:        0
Hugepagesize:       2048 kB
DirectMap4k:       10232 kB
DirectMap2M:      903168 kB


CPU:total 4 (2 cores per cpu, 2 threads per core) family 6 model 28 stepping 10, cmov, cx8, fxsr, mmx, sse, sse2, sse3, ssse3, ht, tsc

/proc/cpuinfo:
processor	: 0
vendor_id	: GenuineIntel
cpu family	: 6
model		: 28
model name	: Intel(R) Atom(TM) CPU D525   @ 1.80GHz
stepping	: 10
microcode	: 0x107
cpu MHz		: 1795.324
cache size	: 512 KB
physical id	: 0
siblings	: 4
core id		: 0
cpu cores	: 2
apicid		: 0
initial apicid	: 0
fdiv_bug	: no
hlt_bug		: no
f00f_bug	: no
coma_bug	: no
fpu		: yes
fpu_exception	: yes
cpuid level	: 10
wp		: yes
flags		: fpu vme de pse tsc msr pae mce cx8 apic sep mtrr pge mca cmov pat pse36 clflush dts acpi mmx fxsr sse sse2 ss ht tm pbe nx lm constant_tsc arch_perfmon pebs bts aperfmperf pni dtes64 monitor ds_cpl tm2 ssse3 cx16 xtpr pdcm movbe lahf_lm dtherm
bogomips	: 3590.64
clflush size	: 64
cache_alignment	: 64
address sizes	: 36 bits physical, 48 bits virtual
power management:

processor	: 1
vendor_id	: GenuineIntel
cpu family	: 6
model		: 28
model name	: Intel(R) Atom(TM) CPU D525   @ 1.80GHz
stepping	: 10
microcode	: 0x107
cpu MHz		: 1795.324
cache size	: 512 KB
physical id	: 0
siblings	: 4
core id		: 1
cpu cores	: 2
apicid		: 2
initial apicid	: 2
fdiv_bug	: no
hlt_bug		: no
f00f_bug	: no
coma_bug	: no
fpu		: yes
fpu_exception	: yes
cpuid level	: 10
wp		: yes
flags		: fpu vme de pse tsc msr pae mce cx8 apic sep mtrr pge mca cmov pat pse36 clflush dts acpi mmx fxsr sse sse2 ss ht tm pbe nx lm constant_tsc arch_perfmon pebs bts aperfmperf pni dtes64 monitor ds_cpl tm2 ssse3 cx16 xtpr pdcm movbe lahf_lm dtherm
bogomips	: 3590.64
clflush size	: 64
cache_alignment	: 64
address sizes	: 36 bits physical, 48 bits virtual
power management:

processor	: 2
vendor_id	: GenuineIntel
cpu family	: 6
model		: 28
model name	: Intel(R) Atom(TM) CPU D525   @ 1.80GHz
stepping	: 10
microcode	: 0x107
cpu MHz		: 1795.324
cache size	: 512 KB
physical id	: 0
siblings	: 4
core id		: 0
cpu cores	: 2
apicid		: 1
initial apicid	: 1
fdiv_bug	: no
hlt_bug		: no
f00f_bug	: no
coma_bug	: no
fpu		: yes
fpu_exception	: yes
cpuid level	: 10
wp		: yes
flags		: fpu vme de pse tsc msr pae mce cx8 apic sep mtrr pge mca cmov pat pse36 clflush dts acpi mmx fxsr sse sse2 ss ht tm pbe nx lm constant_tsc arch_perfmon pebs bts aperfmperf pni dtes64 monitor ds_cpl tm2 ssse3 cx16 xtpr pdcm movbe lahf_lm dtherm
bogomips	: 3590.64
clflush size	: 64
cache_alignment	: 64
address sizes	: 36 bits physical, 48 bits virtual
power management:

processor	: 3
vendor_id	: GenuineIntel
cpu family	: 6
model		: 28
model name	: Intel(R) Atom(TM) CPU D525   @ 1.80GHz
stepping	: 10
microcode	: 0x107
cpu MHz		: 1795.324
cache size	: 512 KB
physical id	: 0
siblings	: 4
core id		: 1
cpu cores	: 2
apicid		: 3
initial apicid	: 3
fdiv_bug	: no
hlt_bug		: no
f00f_bug	: no
coma_bug	: no
fpu		: yes
fpu_exception	: yes
cpuid level	: 10
wp		: yes
flags		: fpu vme de pse tsc msr pae mce cx8 apic sep mtrr pge mca cmov pat pse36 clflush dts acpi mmx fxsr sse sse2 ss ht tm pbe nx lm constant_tsc arch_perfmon pebs bts aperfmperf pni dtes64 monitor ds_cpl tm2 ssse3 cx16 xtpr pdcm movbe lahf_lm dtherm
bogomips	: 3590.64
clflush size	: 64
cache_alignment	: 64
address sizes	: 36 bits physical, 48 bits virtual
power management:



Memory: 4k page, physical 2054688k(928504k free), swap 3905532k(3809968k free)

vm_info: OpenJDK Server VM (23.7-b01) for linux-x86 JRE (1.7.0_25-b30), built on Jul  3 2013 13:57:54 by "buildd" with gcc 4.7.2

time: Sat Jul 20 17:04:57 2013
elapsed time: 3 seconds

